0	14:46:23.036	Compiling 'MACD Sample'
0	14:46:23.037	Compiling 'Moving Average'
0	14:46:27.965	Compiling 'Accelerator'
0	14:46:27.965	Compiling 'Accumulation'
0	14:46:27.965	Compiling 'Alligator'
0	14:46:27.965	Compiling 'ATR'
0	14:46:27.965	Compiling 'Awesome'
0	14:46:27.965	Compiling 'Bands'
0	14:46:27.965	Compiling 'Bears'
0	14:46:27.965	Compiling 'Bulls'
0	14:46:27.965	Compiling 'CCI'
0	14:46:27.965	Compiling 'Custom Moving Averages'
0	14:46:27.965	Compiling 'Heiken Ashi'
0	14:46:27.965	Compiling 'Ichimoku'
0	14:46:27.965	Compiling 'iExposure'
0	14:46:27.965	Compiling 'MACD'
0	14:46:27.965	Compiling 'Momentum'
0	14:46:27.965	Compiling 'OsMA'
0	14:46:27.965	Compiling 'Parabolic'
0	14:46:27.966	Compiling 'RSI'
0	14:46:27.966	Compiling 'Stochastic'
0	14:46:27.966	Compiling 'ZigZag'
0	14:46:27.966	Compiling 'SimplePanel'
0	14:46:44.657	Compiling 'PeriodConverter'
0	14:46:44.657	Compiling 'DLLSampleTester'
0	14:46:44.657	Compiling 'PipeClient'
0	14:46:44.658	Compiling 'PipeClientPure'
0	14:46:47.946	Compiling 'stdlib'
