[2019.02.07 18:28:35 / ea_Exp_1__TrailingStop.mq4:700]
Num (string): 0.12345678
Num (NormalizeDouble, 2): 0.12
Digits() : 3
Point : 0.001

[2019.02.07 18:28:35 / ea_Exp_1__TrailingStop.mq4:719]
OP_BUY : 0
OP_SELL : 1

[2019.02.07 18:28:35 / ea_Exp_1__TrailingStop.mq4:757]
Level_TakeProfit => 124.839 / Level_StopLoss => 124.779
Point = 0.001
Bid = 124.799
MyPoint * 10 * _TheTakeProfit (NormalizeDouble, digits=2) = 0
MyPoint * 10 * _TheStopLoss (NormalizeDouble, digits=2) = 0
_TheTakeProfit = 0.04
_TheStopLoss = 0.02
[2019.02.07 18:28:35 / ea_Exp_1__TrailingStop.mq4:801]
Point (USDJPY) = 0.001

Point (EURJPY) = 0.001

Point (EURUSD) = 0.001

[2019.02.07 18:28:35 / ea_Exp_1__TrailingStop.mq4:840]
show_OrderData()----------------

OrdersTotal : 0

[2019.02.07 18:29:04 / ea_Exp_1__TrailingStop.mq4:136]
new bar (tick = 99) (period = 1 / symbol = EURJPY_)
[2019.02.07 18:29:04 / ea_Exp_1__TrailingStop.mq4:219]
//test_TrailingStop ------------------

[2019.02.07 18:29:04 / ea_Exp_1__TrailingStop.mq4:529]
diff_Latest ==> DOWN (-0.007)

[2019.02.07 18:29:04 / ea_Exp_1__TrailingStop.mq4:570]
(j3 : N : 1) num_Ticket (sell) : 5245345

[2019.02.07 18:29:04 / ea_Exp_1__TrailingStop.mq4:191]
diff_Latest < 0 (-0.007000000000005002) (2019.02.07 11:28)
[2019.02.07 18:30:04 / ea_Exp_1__TrailingStop.mq4:136]
new bar (tick = 369) (period = 1 / symbol = EURJPY_)
[2019.02.07 18:30:04 / ea_Exp_1__TrailingStop.mq4:219]
//test_TrailingStop ------------------

[2019.02.07 18:30:04 / ea_Exp_1__TrailingStop.mq4:241]
OrdersTotal() >= 1 (total =1)

[2019.02.07 18:30:04 / ea_Exp_1__TrailingStop.mq4:301]
Order selected : 5245345
OrderType() = 1 / OP_SELL
OrderOpenPrice() = 124.799
OrderClosePrice() = 124.801
OrderTakeProfit() = 124.77
OrderStopLoss() = 124.83
Close - SL = -0.02899999999999636

[2019.02.07 18:30:04 / ea_Exp_1__TrailingStop.mq4:341]
OrderType ==> sell

[2019.02.07 18:30:04 / ea_Exp_1__TrailingStop.mq4:368]
TrailingStop_Threshold : 124.79

price_Close : 124.801

Close - Threshold : 0.011

cond_Exec_Trailing : false


[2019.02.07 18:30:04 / ea_Exp_1__TrailingStop.mq4:191]
diff_Latest < 0 (-0.01200000000000045) (2019.02.07 11:29)
[2019.02.07 18:31:04 / ea_Exp_1__TrailingStop.mq4:136]
new bar (tick = 529) (period = 1 / symbol = EURJPY_)
[2019.02.07 18:31:04 / ea_Exp_1__TrailingStop.mq4:219]
//test_TrailingStop ------------------

[2019.02.07 18:31:04 / ea_Exp_1__TrailingStop.mq4:241]
OrdersTotal() >= 1 (total =1)

[2019.02.07 18:31:04 / ea_Exp_1__TrailingStop.mq4:301]
Order selected : 5245345
OrderType() = 1 / OP_SELL
OrderOpenPrice() = 124.799
OrderClosePrice() = 124.805
OrderTakeProfit() = 124.77
OrderStopLoss() = 124.83
Close - SL = -0.02499999999999147

[2019.02.07 18:31:04 / ea_Exp_1__TrailingStop.mq4:341]
OrderType ==> sell

[2019.02.07 18:31:04 / ea_Exp_1__TrailingStop.mq4:368]
TrailingStop_Threshold : 124.79

price_Close : 124.805

Close - Threshold : 0.015

cond_Exec_Trailing : false


[2019.02.07 18:31:04 / ea_Exp_1__TrailingStop.mq4:174]
diff_Latest >= 0 (0.005) (2019.02.07 11:30)
[2019.02.07 18:32:03 / ea_Exp_1__TrailingStop.mq4:136]
new bar (tick = 668) (period = 1 / symbol = EURJPY_)
[2019.02.07 18:32:03 / ea_Exp_1__TrailingStop.mq4:219]
//test_TrailingStop ------------------

[2019.02.07 18:32:03 / ea_Exp_1__TrailingStop.mq4:241]
OrdersTotal() >= 1 (total =1)

[2019.02.07 18:32:03 / ea_Exp_1__TrailingStop.mq4:301]
Order selected : 5245345
OrderType() = 1 / OP_SELL
OrderOpenPrice() = 124.799
OrderClosePrice() = 124.808
OrderTakeProfit() = 124.77
OrderStopLoss() = 124.83
Close - SL = -0.02199999999999136

[2019.02.07 18:32:03 / ea_Exp_1__TrailingStop.mq4:341]
OrderType ==> sell

[2019.02.07 18:32:03 / ea_Exp_1__TrailingStop.mq4:368]
TrailingStop_Threshold : 124.79

price_Close : 124.808

Close - Threshold : 0.018

cond_Exec_Trailing : false


[2019.02.07 18:32:03 / ea_Exp_1__TrailingStop.mq4:174]
diff_Latest >= 0 (0.001) (2019.02.07 11:31)
[2019.02.07 18:33:03 / ea_Exp_1__TrailingStop.mq4:136]
new bar (tick = 780) (period = 1 / symbol = EURJPY_)
[2019.02.07 18:33:03 / ea_Exp_1__TrailingStop.mq4:219]
//test_TrailingStop ------------------

[2019.02.07 18:33:03 / ea_Exp_1__TrailingStop.mq4:241]
OrdersTotal() >= 1 (total =1)

[2019.02.07 18:33:03 / ea_Exp_1__TrailingStop.mq4:301]
Order selected : 5245345
OrderType() = 1 / OP_SELL
OrderOpenPrice() = 124.799
OrderClosePrice() = 124.804
OrderTakeProfit() = 124.77
OrderStopLoss() = 124.83
Close - SL = -0.02599999999999625

[2019.02.07 18:33:03 / ea_Exp_1__TrailingStop.mq4:341]
OrderType ==> sell

[2019.02.07 18:33:03 / ea_Exp_1__TrailingStop.mq4:368]
TrailingStop_Threshold : 124.79

price_Close : 124.804

Close - Threshold : 0.014

cond_Exec_Trailing : false


[2019.02.07 18:33:03 / ea_Exp_1__TrailingStop.mq4:191]
diff_Latest < 0 (-0.004000000000004889) (2019.02.07 11:32)
[2019.02.07 18:34:04 / ea_Exp_1__TrailingStop.mq4:136]
new bar (tick = 897) (period = 1 / symbol = EURJPY_)
[2019.02.07 18:34:04 / ea_Exp_1__TrailingStop.mq4:219]
//test_TrailingStop ------------------

[2019.02.07 18:34:04 / ea_Exp_1__TrailingStop.mq4:241]
OrdersTotal() >= 1 (total =1)

[2019.02.07 18:34:04 / ea_Exp_1__TrailingStop.mq4:301]
Order selected : 5245345
OrderType() = 1 / OP_SELL
OrderOpenPrice() = 124.799
OrderClosePrice() = 124.8
OrderTakeProfit() = 124.77
OrderStopLoss() = 124.83
Close - SL = -0.03000000000000114

[2019.02.07 18:34:04 / ea_Exp_1__TrailingStop.mq4:341]
OrderType ==> sell

[2019.02.07 18:34:04 / ea_Exp_1__TrailingStop.mq4:368]
TrailingStop_Threshold : 124.79

price_Close : 124.8

Close - Threshold : 0.01

cond_Exec_Trailing : false


[2019.02.07 18:34:04 / ea_Exp_1__TrailingStop.mq4:191]
diff_Latest < 0 (-0.004000000000004889) (2019.02.07 11:33)
[2019.02.07 18:35:03 / ea_Exp_1__TrailingStop.mq4:136]
new bar (tick = 1075) (period = 1 / symbol = EURJPY_)
[2019.02.07 18:35:03 / ea_Exp_1__TrailingStop.mq4:219]
//test_TrailingStop ------------------

[2019.02.07 18:35:03 / ea_Exp_1__TrailingStop.mq4:241]
OrdersTotal() >= 1 (total =1)

[2019.02.07 18:35:03 / ea_Exp_1__TrailingStop.mq4:301]
Order selected : 5245345
OrderType() = 1 / OP_SELL
OrderOpenPrice() = 124.799
OrderClosePrice() = 124.785
OrderTakeProfit() = 124.77
OrderStopLoss() = 124.83
Close - SL = -0.04500000000000171

[2019.02.07 18:35:03 / ea_Exp_1__TrailingStop.mq4:341]
OrderType ==> sell

[2019.02.07 18:35:03 / ea_Exp_1__TrailingStop.mq4:368]
TrailingStop_Threshold : 124.79

price_Close : 124.785

Close - Threshold : -0.005

cond_Exec_Trailing : true


[2019.02.07 18:35:03 / ea_Exp_1__TrailingStop.mq4:191]
diff_Latest < 0 (-0.01400000000001) (2019.02.07 11:34)
[2019.02.07 18:36:03 / ea_Exp_1__TrailingStop.mq4:136]
new bar (tick = 1165) (period = 1 / symbol = EURJPY_)
[2019.02.07 18:36:03 / ea_Exp_1__TrailingStop.mq4:219]
//test_TrailingStop ------------------

[2019.02.07 18:36:03 / ea_Exp_1__TrailingStop.mq4:241]
OrdersTotal() >= 1 (total =1)

[2019.02.07 18:36:03 / ea_Exp_1__TrailingStop.mq4:301]
Order selected : 5245345
OrderType() = 1 / OP_SELL
OrderOpenPrice() = 124.799
OrderClosePrice() = 124.777
OrderTakeProfit() = 124.77
OrderStopLoss() = 124.83
Close - SL = -0.05299999999999727

[2019.02.07 18:36:03 / ea_Exp_1__TrailingStop.mq4:341]
OrderType ==> sell

[2019.02.07 18:36:03 / ea_Exp_1__TrailingStop.mq4:368]
TrailingStop_Threshold : 124.79

price_Close : 124.777

Close - Threshold : -0.013

cond_Exec_Trailing : true


[2019.02.07 18:36:03 / ea_Exp_1__TrailingStop.mq4:191]
diff_Latest < 0 (-0.009000000000000341) (2019.02.07 11:35)
[2019.02.07 18:37:03 / ea_Exp_1__TrailingStop.mq4:136]
new bar (tick = 1481) (period = 1 / symbol = EURJPY_)
[2019.02.07 18:37:03 / ea_Exp_1__TrailingStop.mq4:219]
//test_TrailingStop ------------------

[2019.02.07 18:37:03 / ea_Exp_1__TrailingStop.mq4:529]
diff_Latest ==> DOWN (-0.042)

[2019.02.07 18:37:04 / ea_Exp_1__TrailingStop.mq4:570]
(j3 : N : 1) num_Ticket (sell) : 5245358

[2019.02.07 18:37:04 / ea_Exp_1__TrailingStop.mq4:191]
diff_Latest < 0 (-0.04200000000000159) (2019.02.07 11:36)
[2019.02.07 18:38:03 / ea_Exp_1__TrailingStop.mq4:136]
new bar (tick = 1788) (period = 1 / symbol = EURJPY_)
[2019.02.07 18:38:03 / ea_Exp_1__TrailingStop.mq4:219]
//test_TrailingStop ------------------

[2019.02.07 18:38:03 / ea_Exp_1__TrailingStop.mq4:241]
OrdersTotal() >= 1 (total =1)

[2019.02.07 18:38:03 / ea_Exp_1__TrailingStop.mq4:301]
Order selected : 5245358
OrderType() = 1 / OP_SELL
OrderOpenPrice() = 124.726
OrderClosePrice() = 124.722
OrderTakeProfit() = 124.696
OrderStopLoss() = 124.756
Close - SL = -0.03400000000000603

[2019.02.07 18:38:03 / ea_Exp_1__TrailingStop.mq4:341]
OrderType ==> sell

[2019.02.07 18:38:03 / ea_Exp_1__TrailingStop.mq4:368]
TrailingStop_Threshold : 124.716

price_Close : 124.722

Close - Threshold : 0.006

cond_Exec_Trailing : false


[2019.02.07 18:38:03 / ea_Exp_1__TrailingStop.mq4:191]
diff_Latest < 0 (-0.01500000000000057) (2019.02.07 11:37)
[2019.02.07 18:39:04 / ea_Exp_1__TrailingStop.mq4:136]
new bar (tick = 2012) (period = 1 / symbol = EURJPY_)
[2019.02.07 18:39:04 / ea_Exp_1__TrailingStop.mq4:219]
//test_TrailingStop ------------------

[2019.02.07 18:39:04 / ea_Exp_1__TrailingStop.mq4:241]
OrdersTotal() >= 1 (total =3)

[2019.02.07 18:39:04 / ea_Exp_1__TrailingStop.mq4:301]
Order selected : 5245358
OrderType() = 1 / OP_SELL
OrderOpenPrice() = 124.726
OrderClosePrice() = 124.722
OrderTakeProfit() = 124.696
OrderStopLoss() = 124.756
Close - SL = -0.03400000000000603

[2019.02.07 18:39:04 / ea_Exp_1__TrailingStop.mq4:341]
OrderType ==> sell

[2019.02.07 18:39:04 / ea_Exp_1__TrailingStop.mq4:368]
TrailingStop_Threshold : 124.716

price_Close : 124.722

Close - Threshold : 0.006

cond_Exec_Trailing : false


[2019.02.07 18:39:04 / ea_Exp_1__TrailingStop.mq4:174]
diff_Latest >= 0 (0.002) (2019.02.07 11:38)
[2019.02.07 18:40:05 / ea_Exp_1__TrailingStop.mq4:136]
new bar (tick = 2116) (period = 1 / symbol = EURJPY_)
[2019.02.07 18:40:05 / ea_Exp_1__TrailingStop.mq4:219]
//test_TrailingStop ------------------

[2019.02.07 18:40:05 / ea_Exp_1__TrailingStop.mq4:241]
OrdersTotal() >= 1 (total =3)

[2019.02.07 18:40:05 / ea_Exp_1__TrailingStop.mq4:301]
Order selected : 5245358
OrderType() = 1 / OP_SELL
OrderOpenPrice() = 124.726
OrderClosePrice() = 124.725
OrderTakeProfit() = 124.696
OrderStopLoss() = 124.756
Close - SL = -0.03100000000000591

[2019.02.07 18:40:05 / ea_Exp_1__TrailingStop.mq4:341]
OrderType ==> sell

[2019.02.07 18:40:05 / ea_Exp_1__TrailingStop.mq4:368]
TrailingStop_Threshold : 124.716

price_Close : 124.725

Close - Threshold : 0.008999999999999999

cond_Exec_Trailing : false


[2019.02.07 18:40:05 / ea_Exp_1__TrailingStop.mq4:174]
diff_Latest >= 0 (0.004) (2019.02.07 11:39)
[2019.02.07 18:41:04 / ea_Exp_1__TrailingStop.mq4:136]
new bar (tick = 2258) (period = 1 / symbol = EURJPY_)
[2019.02.07 18:41:04 / ea_Exp_1__TrailingStop.mq4:219]
//test_TrailingStop ------------------

[2019.02.07 18:41:04 / ea_Exp_1__TrailingStop.mq4:241]
OrdersTotal() >= 1 (total =3)

[2019.02.07 18:41:04 / ea_Exp_1__TrailingStop.mq4:301]
Order selected : 5245358
OrderType() = 1 / OP_SELL
OrderOpenPrice() = 124.726
OrderClosePrice() = 124.73
OrderTakeProfit() = 124.696
OrderStopLoss() = 124.756
Close - SL = -0.02599999999999625

[2019.02.07 18:41:04 / ea_Exp_1__TrailingStop.mq4:341]
OrderType ==> sell

[2019.02.07 18:41:04 / ea_Exp_1__TrailingStop.mq4:368]
TrailingStop_Threshold : 124.716

price_Close : 124.73

Close - Threshold : 0.014

cond_Exec_Trailing : false


[2019.02.07 18:41:04 / ea_Exp_1__TrailingStop.mq4:174]
diff_Latest >= 0 (0.003) (2019.02.07 11:40)
[2019.02.07 18:42:03 / ea_Exp_1__TrailingStop.mq4:136]
new bar (tick = 2411) (period = 1 / symbol = EURJPY_)
[2019.02.07 18:42:03 / ea_Exp_1__TrailingStop.mq4:219]
//test_TrailingStop ------------------

[2019.02.07 18:42:03 / ea_Exp_1__TrailingStop.mq4:241]
OrdersTotal() >= 1 (total =3)

[2019.02.07 18:42:03 / ea_Exp_1__TrailingStop.mq4:301]
Order selected : 5245358
OrderType() = 1 / OP_SELL
OrderOpenPrice() = 124.726
OrderClosePrice() = 124.733
OrderTakeProfit() = 124.696
OrderStopLoss() = 124.756
Close - SL = -0.02299999999999613

[2019.02.07 18:42:03 / ea_Exp_1__TrailingStop.mq4:341]
OrderType ==> sell

[2019.02.07 18:42:03 / ea_Exp_1__TrailingStop.mq4:368]
TrailingStop_Threshold : 124.716

price_Close : 124.733

Close - Threshold : 0.017

cond_Exec_Trailing : false


[2019.02.07 18:42:03 / ea_Exp_1__TrailingStop.mq4:174]
diff_Latest >= 0 (0.005) (2019.02.07 11:41)
[2019.02.07 18:43:04 / ea_Exp_1__TrailingStop.mq4:136]
new bar (tick = 2671) (period = 1 / symbol = EURJPY_)
[2019.02.07 18:43:04 / ea_Exp_1__TrailingStop.mq4:219]
//test_TrailingStop ------------------

[2019.02.07 18:43:04 / ea_Exp_1__TrailingStop.mq4:241]
OrdersTotal() >= 1 (total =3)

[2019.02.07 18:43:04 / ea_Exp_1__TrailingStop.mq4:301]
Order selected : 5245358
OrderType() = 1 / OP_SELL
OrderOpenPrice() = 124.726
OrderClosePrice() = 124.74
OrderTakeProfit() = 124.696
OrderStopLoss() = 124.756
Close - SL = -0.01600000000000534

[2019.02.07 18:43:04 / ea_Exp_1__TrailingStop.mq4:341]
OrderType ==> sell

[2019.02.07 18:43:04 / ea_Exp_1__TrailingStop.mq4:368]
TrailingStop_Threshold : 124.716

price_Close : 124.74

Close - Threshold : 0.024

cond_Exec_Trailing : false


[2019.02.07 18:43:04 / ea_Exp_1__TrailingStop.mq4:174]
diff_Latest >= 0 (0.007) (2019.02.07 11:42)
[2019.02.07 18:44:04 / ea_Exp_1__TrailingStop.mq4:136]
new bar (tick = 2825) (period = 1 / symbol = EURJPY_)
[2019.02.07 18:44:04 / ea_Exp_1__TrailingStop.mq4:219]
//test_TrailingStop ------------------

[2019.02.07 18:44:04 / ea_Exp_1__TrailingStop.mq4:241]
OrdersTotal() >= 1 (total =3)

[2019.02.07 18:44:04 / ea_Exp_1__TrailingStop.mq4:301]
Order selected : 5245358
OrderType() = 1 / OP_SELL
OrderOpenPrice() = 124.726
OrderClosePrice() = 124.734
OrderTakeProfit() = 124.696
OrderStopLoss() = 124.756
Close - SL = -0.02200000000000557

[2019.02.07 18:44:04 / ea_Exp_1__TrailingStop.mq4:341]
OrderType ==> sell

[2019.02.07 18:44:04 / ea_Exp_1__TrailingStop.mq4:368]
TrailingStop_Threshold : 124.716

price_Close : 124.734

Close - Threshold : 0.018

cond_Exec_Trailing : false


[2019.02.07 18:44:04 / ea_Exp_1__TrailingStop.mq4:191]
diff_Latest < 0 (-0.007999999999995566) (2019.02.07 11:43)
[2019.02.07 18:45:03 / ea_Exp_1__TrailingStop.mq4:136]
new bar (tick = 2957) (period = 1 / symbol = EURJPY_)
[2019.02.07 18:45:03 / ea_Exp_1__TrailingStop.mq4:219]
//test_TrailingStop ------------------

[2019.02.07 18:45:03 / ea_Exp_1__TrailingStop.mq4:241]
OrdersTotal() >= 1 (total =2)

[2019.02.07 18:45:03 / ea_Exp_1__TrailingStop.mq4:301]
Order selected : 5245358
OrderType() = 1 / OP_SELL
OrderOpenPrice() = 124.726
OrderClosePrice() = 124.75
OrderTakeProfit() = 124.696
OrderStopLoss() = 124.756
Close - SL = -0.006000000000000227

[2019.02.07 18:45:03 / ea_Exp_1__TrailingStop.mq4:341]
OrderType ==> sell

[2019.02.07 18:45:03 / ea_Exp_1__TrailingStop.mq4:368]
TrailingStop_Threshold : 124.716

price_Close : 124.75

Close - Threshold : 0.034

cond_Exec_Trailing : false


[2019.02.07 18:45:03 / ea_Exp_1__TrailingStop.mq4:174]
diff_Latest >= 0 (0.016) (2019.02.07 11:44)
[2019.02.07 18:46:03 / ea_Exp_1__TrailingStop.mq4:136]
new bar (tick = 3144) (period = 1 / symbol = EURJPY_)
[2019.02.07 18:46:03 / ea_Exp_1__TrailingStop.mq4:219]
//test_TrailingStop ------------------

[2019.02.07 18:46:03 / ea_Exp_1__TrailingStop.mq4:241]
OrdersTotal() >= 1 (total =2)

[2019.02.07 18:46:03 / ea_Exp_1__TrailingStop.mq4:301]
Order selected : 5245358
OrderType() = 1 / OP_SELL
OrderOpenPrice() = 124.726
OrderClosePrice() = 124.745
OrderTakeProfit() = 124.696
OrderStopLoss() = 124.756
Close - SL = -0.01099999999999568

[2019.02.07 18:46:03 / ea_Exp_1__TrailingStop.mq4:341]
OrderType ==> sell

[2019.02.07 18:46:03 / ea_Exp_1__TrailingStop.mq4:368]
TrailingStop_Threshold : 124.716

price_Close : 124.745

Close - Threshold : 0.029

cond_Exec_Trailing : false


[2019.02.07 18:46:03 / ea_Exp_1__TrailingStop.mq4:191]
diff_Latest < 0 (-0.004999999999995453) (2019.02.07 11:45)
[2019.02.07 18:47:04 / ea_Exp_1__TrailingStop.mq4:136]
new bar (tick = 3295) (period = 1 / symbol = EURJPY_)
[2019.02.07 18:47:04 / ea_Exp_1__TrailingStop.mq4:219]
//test_TrailingStop ------------------

[2019.02.07 18:47:04 / ea_Exp_1__TrailingStop.mq4:241]
OrdersTotal() >= 1 (total =1)

[2019.02.07 18:47:04 / ea_Exp_1__TrailingStop.mq4:301]
Order selected : 5245358
OrderType() = 1 / OP_SELL
OrderOpenPrice() = 124.726
OrderClosePrice() = 124.756
OrderTakeProfit() = 124.696
OrderStopLoss() = 124.756
Close - SL = 0

[2019.02.07 18:47:04 / ea_Exp_1__TrailingStop.mq4:341]
OrderType ==> sell

[2019.02.07 18:47:04 / ea_Exp_1__TrailingStop.mq4:368]
TrailingStop_Threshold : 124.716

price_Close : 124.756

Close - Threshold : 0.04

cond_Exec_Trailing : false


[2019.02.07 18:47:04 / ea_Exp_1__TrailingStop.mq4:174]
diff_Latest >= 0 (0.011) (2019.02.07 11:46)
[2019.02.07 18:48:03 / ea_Exp_1__TrailingStop.mq4:136]
new bar (tick = 3428) (period = 1 / symbol = EURJPY_)
[2019.02.07 18:48:03 / ea_Exp_1__TrailingStop.mq4:219]
//test_TrailingStop ------------------

[2019.02.07 18:48:03 / ea_Exp_1__TrailingStop.mq4:241]
OrdersTotal() >= 1 (total =1)

[2019.02.07 18:48:03 / ea_Exp_1__TrailingStop.mq4:301]
Order selected : 5245358
OrderType() = 1 / OP_SELL
OrderOpenPrice() = 124.726
OrderClosePrice() = 124.756
OrderTakeProfit() = 124.696
OrderStopLoss() = 124.756
Close - SL = 0

[2019.02.07 18:48:03 / ea_Exp_1__TrailingStop.mq4:341]
OrderType ==> sell

[2019.02.07 18:48:03 / ea_Exp_1__TrailingStop.mq4:368]
TrailingStop_Threshold : 124.716

price_Close : 124.756

Close - Threshold : 0.04

cond_Exec_Trailing : false


[2019.02.07 18:48:03 / ea_Exp_1__TrailingStop.mq4:191]
diff_Latest < 0 (-0.007000000000005002) (2019.02.07 11:47)
[2019.02.07 18:49:04 / ea_Exp_1__TrailingStop.mq4:136]
new bar (tick = 3546) (period = 1 / symbol = EURJPY_)
[2019.02.07 18:49:04 / ea_Exp_1__TrailingStop.mq4:219]
//test_TrailingStop ------------------

[2019.02.07 18:49:04 / ea_Exp_1__TrailingStop.mq4:241]
OrdersTotal() >= 1 (total =1)

[2019.02.07 18:49:04 / ea_Exp_1__TrailingStop.mq4:301]
Order selected : 5245358
OrderType() = 1 / OP_SELL
OrderOpenPrice() = 124.726
OrderClosePrice() = 124.756
OrderTakeProfit() = 124.696
OrderStopLoss() = 124.756
Close - SL = 0

[2019.02.07 18:49:04 / ea_Exp_1__TrailingStop.mq4:341]
OrderType ==> sell

[2019.02.07 18:49:04 / ea_Exp_1__TrailingStop.mq4:368]
TrailingStop_Threshold : 124.716

price_Close : 124.756

Close - Threshold : 0.04

cond_Exec_Trailing : false


[2019.02.07 18:49:04 / ea_Exp_1__TrailingStop.mq4:174]
diff_Latest >= 0 (0.008999999999999999) (2019.02.07 11:48)
[2019.02.07 18:50:03 / ea_Exp_1__TrailingStop.mq4:136]
new bar (tick = 3651) (period = 1 / symbol = EURJPY_)
[2019.02.07 18:50:03 / ea_Exp_1__TrailingStop.mq4:219]
//test_TrailingStop ------------------

[2019.02.07 18:50:03 / ea_Exp_1__TrailingStop.mq4:241]
OrdersTotal() >= 1 (total =1)

[2019.02.07 18:50:03 / ea_Exp_1__TrailingStop.mq4:301]
Order selected : 5245358
OrderType() = 1 / OP_SELL
OrderOpenPrice() = 124.726
OrderClosePrice() = 124.756
OrderTakeProfit() = 124.696
OrderStopLoss() = 124.756
Close - SL = 0

[2019.02.07 18:50:03 / ea_Exp_1__TrailingStop.mq4:341]
OrderType ==> sell

[2019.02.07 18:50:03 / ea_Exp_1__TrailingStop.mq4:368]
TrailingStop_Threshold : 124.716

price_Close : 124.756

Close - Threshold : 0.04

cond_Exec_Trailing : false


[2019.02.07 18:50:03 / ea_Exp_1__TrailingStop.mq4:174]
diff_Latest >= 0 (0.015) (2019.02.07 11:49)
[2019.02.07 20:42:11 / ea_Exp_1__TrailingStop.mq4:136]
new bar (tick = 3758) (period = 1 / symbol = EURJPY_)
[2019.02.07 20:42:11 / ea_Exp_1__TrailingStop.mq4:219]
//test_TrailingStop ------------------

[2019.02.07 20:42:11 / ea_Exp_1__TrailingStop.mq4:470]
diff_Latest ==> UP (0.001)

[2019.02.07 20:42:11 / ea_Exp_1__TrailingStop.mq4:500]
(j3 : Y : 1) num_Ticket (buy) : 5245598

[2019.02.07 20:42:11 / ea_Exp_1__TrailingStop.mq4:174]
diff_Latest >= 0 (0.001) (2019.02.07 11:50)
[2019.02.07 20:43:03 / ea_Exp_1__TrailingStop.mq4:136]
new bar (tick = 3928) (period = 1 / symbol = EURJPY_)
[2019.02.07 20:43:03 / ea_Exp_1__TrailingStop.mq4:219]
//test_TrailingStop ------------------

[2019.02.07 20:43:03 / ea_Exp_1__TrailingStop.mq4:241]
OrdersTotal() >= 1 (total =1)

[2019.02.07 20:43:03 / ea_Exp_1__TrailingStop.mq4:301]
Order selected : 5245598
OrderType() = 0 / OP_BUY
OrderOpenPrice() = 124.405
OrderClosePrice() = 124.38
OrderTakeProfit() = 124.433
OrderStopLoss() = 124.373
Close - SL = 0.006999999999990791

[2019.02.07 20:43:03 / ea_Exp_1__TrailingStop.mq4:323]
OrderType ==> buy

[2019.02.07 20:43:03 / ea_Exp_1__TrailingStop.mq4:368]
TrailingStop_Threshold : 124.413

price_Close : 124.38

Close - Threshold : -0.033

cond_Exec_Trailing : false


[2019.02.07 20:43:03 / ea_Exp_1__TrailingStop.mq4:191]
diff_Latest < 0 (-0.01100000000000989) (2019.02.07 13:42)
[2019.02.07 20:44:06 / ea_Exp_1__TrailingStop.mq4:136]
new bar (tick = 4137) (period = 1 / symbol = EURJPY_)
[2019.02.07 20:44:06 / ea_Exp_1__TrailingStop.mq4:219]
//test_TrailingStop ------------------

[2019.02.07 20:44:06 / ea_Exp_1__TrailingStop.mq4:241]
OrdersTotal() >= 1 (total =2)

[2019.02.07 20:44:06 / ea_Exp_1__TrailingStop.mq4:301]
Order selected : 5245598
OrderType() = 0 / OP_BUY
OrderOpenPrice() = 124.405
OrderClosePrice() = 124.415
OrderTakeProfit() = 124.433
OrderStopLoss() = 124.373
Close - SL = 0.04200000000000159

[2019.02.07 20:44:06 / ea_Exp_1__TrailingStop.mq4:323]
OrderType ==> buy

[2019.02.07 20:44:06 / ea_Exp_1__TrailingStop.mq4:368]
TrailingStop_Threshold : 124.413

price_Close : 124.415

Close - Threshold : 0.002

cond_Exec_Trailing : true


[2019.02.07 20:44:06 / ea_Exp_1__TrailingStop.mq4:174]
diff_Latest >= 0 (0.035) (2019.02.07 13:43)
[2019.02.07 20:45:03 / ea_Exp_1__TrailingStop.mq4:136]
new bar (tick = 4247) (period = 1 / symbol = EURJPY_)
[2019.02.07 20:45:03 / ea_Exp_1__TrailingStop.mq4:219]
//test_TrailingStop ------------------

[2019.02.07 20:45:03 / ea_Exp_1__TrailingStop.mq4:241]
OrdersTotal() >= 1 (total =2)

[2019.02.07 20:45:03 / ea_Exp_1__TrailingStop.mq4:301]
Order selected : 5245598
OrderType() = 0 / OP_BUY
OrderOpenPrice() = 124.405
OrderClosePrice() = 124.422
OrderTakeProfit() = 124.433
OrderStopLoss() = 124.373
Close - SL = 0.04899999999999238

[2019.02.07 20:45:03 / ea_Exp_1__TrailingStop.mq4:323]
OrderType ==> buy

[2019.02.07 20:45:03 / ea_Exp_1__TrailingStop.mq4:368]
TrailingStop_Threshold : 124.413

price_Close : 124.422

Close - Threshold : 0.008999999999999999

cond_Exec_Trailing : true


[2019.02.07 20:45:03 / ea_Exp_1__TrailingStop.mq4:174]
diff_Latest >= 0 (0.006) (2019.02.07 13:44)
[2019.02.07 20:46:04 / ea_Exp_1__TrailingStop.mq4:136]
new bar (tick = 4383) (period = 1 / symbol = EURJPY_)
[2019.02.07 20:46:04 / ea_Exp_1__TrailingStop.mq4:219]
//test_TrailingStop ------------------

[2019.02.07 20:46:04 / ea_Exp_1__TrailingStop.mq4:470]
diff_Latest ==> UP (0.027)

[2019.02.07 20:46:04 / ea_Exp_1__TrailingStop.mq4:500]
(j3 : Y : 1) num_Ticket (buy) : 5245613

[2019.02.07 20:46:04 / ea_Exp_1__TrailingStop.mq4:174]
diff_Latest >= 0 (0.027) (2019.02.07 13:45)
[2019.02.07 20:47:04 / ea_Exp_1__TrailingStop.mq4:136]
new bar (tick = 4611) (period = 1 / symbol = EURJPY_)
[2019.02.07 20:47:04 / ea_Exp_1__TrailingStop.mq4:219]
//test_TrailingStop ------------------

[2019.02.07 20:47:04 / ea_Exp_1__TrailingStop.mq4:529]
diff_Latest ==> DOWN (-0.020)

[2019.02.07 20:47:04 / ea_Exp_1__TrailingStop.mq4:570]
(j3 : N : 1) num_Ticket (sell) : 5245616

[2019.02.07 20:47:04 / ea_Exp_1__TrailingStop.mq4:191]
diff_Latest < 0 (-0.01999999999999602) (2019.02.07 13:46)
[2019.02.07 20:48:03 / ea_Exp_1__TrailingStop.mq4:136]
new bar (tick = 4944) (period = 1 / symbol = EURJPY_)
[2019.02.07 20:48:03 / ea_Exp_1__TrailingStop.mq4:219]
//test_TrailingStop ------------------

[2019.02.07 20:48:03 / ea_Exp_1__TrailingStop.mq4:241]
OrdersTotal() >= 1 (total =1)

[2019.02.07 20:48:03 / ea_Exp_1__TrailingStop.mq4:301]
Order selected : 5245616
OrderType() = 1 / OP_SELL
OrderOpenPrice() = 124.43
OrderClosePrice() = 124.445
OrderTakeProfit() = 124.403
OrderStopLoss() = 124.463
Close - SL = -0.01800000000000068

[2019.02.07 20:48:03 / ea_Exp_1__TrailingStop.mq4:341]
OrderType ==> sell

[2019.02.07 20:48:03 / ea_Exp_1__TrailingStop.mq4:368]
TrailingStop_Threshold : 124.423

price_Close : 124.445

Close - Threshold : 0.022

cond_Exec_Trailing : false


[2019.02.07 20:48:03 / ea_Exp_1__TrailingStop.mq4:174]
diff_Latest >= 0 (0.003) (2019.02.07 13:47)
[2019.02.07 20:49:04 / ea_Exp_1__TrailingStop.mq4:136]
new bar (tick = 5226) (period = 1 / symbol = EURJPY_)
[2019.02.07 20:49:04 / ea_Exp_1__TrailingStop.mq4:219]
//test_TrailingStop ------------------

[2019.02.07 20:49:04 / ea_Exp_1__TrailingStop.mq4:470]
diff_Latest ==> UP (0.053)

[2019.02.07 20:49:04 / ea_Exp_1__TrailingStop.mq4:500]
(j3 : Y : 1) num_Ticket (buy) : 5245621

[2019.02.07 20:49:04 / ea_Exp_1__TrailingStop.mq4:174]
diff_Latest >= 0 (0.053) (2019.02.07 13:48)
[2019.02.07 20:50:03 / ea_Exp_1__TrailingStop.mq4:136]
new bar (tick = 5454) (period = 1 / symbol = EURJPY_)
[2019.02.07 20:50:03 / ea_Exp_1__TrailingStop.mq4:219]
//test_TrailingStop ------------------

[2019.02.07 20:50:03 / ea_Exp_1__TrailingStop.mq4:529]
diff_Latest ==> DOWN (-0.007)

[2019.02.07 20:50:03 / ea_Exp_1__TrailingStop.mq4:570]
(j3 : N : 1) num_Ticket (sell) : 5245624

[2019.02.07 20:50:03 / ea_Exp_1__TrailingStop.mq4:191]
diff_Latest < 0 (-0.006999999999990791) (2019.02.07 13:49)
[2019.02.07 20:51:03 / ea_Exp_1__TrailingStop.mq4:136]
new bar (tick = 5688) (period = 1 / symbol = EURJPY_)
[2019.02.07 20:51:03 / ea_Exp_1__TrailingStop.mq4:219]
//test_TrailingStop ------------------

[2019.02.07 20:51:03 / ea_Exp_1__TrailingStop.mq4:241]
OrdersTotal() >= 1 (total =1)

[2019.02.07 20:51:03 / ea_Exp_1__TrailingStop.mq4:301]
Order selected : 5245624
OrderType() = 1 / OP_SELL
OrderOpenPrice() = 124.48
OrderClosePrice() = 124.483
OrderTakeProfit() = 124.451
OrderStopLoss() = 124.511
Close - SL = -0.02799999999999159

[2019.02.07 20:51:03 / ea_Exp_1__TrailingStop.mq4:341]
OrderType ==> sell

[2019.02.07 20:51:03 / ea_Exp_1__TrailingStop.mq4:368]
TrailingStop_Threshold : 124.471

price_Close : 124.483

Close - Threshold : 0.012

cond_Exec_Trailing : false


[2019.02.07 20:51:03 / ea_Exp_1__TrailingStop.mq4:191]
diff_Latest < 0 (-0.007999999999995566) (2019.02.07 13:50)
[2019.02.07 20:52:04 / ea_Exp_1__TrailingStop.mq4:136]
new bar (tick = 5852) (period = 1 / symbol = EURJPY_)
[2019.02.07 20:52:04 / ea_Exp_1__TrailingStop.mq4:219]
//test_TrailingStop ------------------

[2019.02.07 20:52:04 / ea_Exp_1__TrailingStop.mq4:241]
OrdersTotal() >= 1 (total =1)

[2019.02.07 20:52:04 / ea_Exp_1__TrailingStop.mq4:301]
Order selected : 5245624
OrderType() = 1 / OP_SELL
OrderOpenPrice() = 124.48
OrderClosePrice() = 124.478
OrderTakeProfit() = 124.451
OrderStopLoss() = 124.511
Close - SL = -0.03300000000000125

[2019.02.07 20:52:04 / ea_Exp_1__TrailingStop.mq4:341]
OrderType ==> sell

[2019.02.07 20:52:04 / ea_Exp_1__TrailingStop.mq4:368]
TrailingStop_Threshold : 124.471

price_Close : 124.478

Close - Threshold : 0.007

cond_Exec_Trailing : false


[2019.02.07 20:52:04 / ea_Exp_1__TrailingStop.mq4:191]
diff_Latest < 0 (-0.006000000000000227) (2019.02.07 13:51)
[2019.02.07 20:53:04 / ea_Exp_1__TrailingStop.mq4:136]
new bar (tick = 6055) (period = 1 / symbol = EURJPY_)
[2019.02.07 20:53:04 / ea_Exp_1__TrailingStop.mq4:219]
//test_TrailingStop ------------------

[2019.02.07 20:53:04 / ea_Exp_1__TrailingStop.mq4:241]
OrdersTotal() >= 1 (total =1)

[2019.02.07 20:53:04 / ea_Exp_1__TrailingStop.mq4:301]
Order selected : 5245624
OrderType() = 1 / OP_SELL
OrderOpenPrice() = 124.48
OrderClosePrice() = 124.453
OrderTakeProfit() = 124.451
OrderStopLoss() = 124.511
Close - SL = -0.05799999999999272

[2019.02.07 20:53:04 / ea_Exp_1__TrailingStop.mq4:341]
OrderType ==> sell

[2019.02.07 20:53:04 / ea_Exp_1__TrailingStop.mq4:368]
TrailingStop_Threshold : 124.471

price_Close : 124.453

Close - Threshold : -0.018

cond_Exec_Trailing : true


[2019.02.07 20:53:04 / ea_Exp_1__TrailingStop.mq4:191]
diff_Latest < 0 (-0.02600000000001046) (2019.02.07 13:52)
[2019.02.07 20:54:04 / ea_Exp_1__TrailingStop.mq4:136]
new bar (tick = 6272) (period = 1 / symbol = EURJPY_)
[2019.02.07 20:54:04 / ea_Exp_1__TrailingStop.mq4:219]
//test_TrailingStop ------------------

[2019.02.07 20:54:04 / ea_Exp_1__TrailingStop.mq4:529]
diff_Latest ==> DOWN (-0.012)

[2019.02.07 20:54:04 / ea_Exp_1__TrailingStop.mq4:570]
(j3 : N : 1) num_Ticket (sell) : 5245631

[2019.02.07 20:54:04 / ea_Exp_1__TrailingStop.mq4:191]
diff_Latest < 0 (-0.01200000000000045) (2019.02.07 13:53)
[2019.02.07 20:55:03 / ea_Exp_1__TrailingStop.mq4:136]
new bar (tick = 6610) (period = 1 / symbol = EURJPY_)
[2019.02.07 20:55:03 / ea_Exp_1__TrailingStop.mq4:219]
//test_TrailingStop ------------------

[2019.02.07 20:55:03 / ea_Exp_1__TrailingStop.mq4:241]
OrdersTotal() >= 1 (total =1)

[2019.02.07 20:55:03 / ea_Exp_1__TrailingStop.mq4:301]
Order selected : 5245631
OrderType() = 1 / OP_SELL
OrderOpenPrice() = 124.429
OrderClosePrice() = 124.422
OrderTakeProfit() = 124.4
OrderStopLoss() = 124.46
Close - SL = -0.0379999999999967

[2019.02.07 20:55:03 / ea_Exp_1__TrailingStop.mq4:341]
OrderType ==> sell

[2019.02.07 20:55:03 / ea_Exp_1__TrailingStop.mq4:368]
TrailingStop_Threshold : 124.42

price_Close : 124.422

Close - Threshold : 0.002

cond_Exec_Trailing : false


[2019.02.07 20:55:03 / ea_Exp_1__TrailingStop.mq4:191]
diff_Latest < 0 (-0.01900000000000546) (2019.02.07 13:54)
[2019.02.07 20:56:03 / ea_Exp_1__TrailingStop.mq4:136]
new bar (tick = 6893) (period = 1 / symbol = EURJPY_)
[2019.02.07 20:56:03 / ea_Exp_1__TrailingStop.mq4:219]
//test_TrailingStop ------------------

[2019.02.07 20:56:03 / ea_Exp_1__TrailingStop.mq4:241]
OrdersTotal() >= 1 (total =1)

[2019.02.07 20:56:03 / ea_Exp_1__TrailingStop.mq4:301]
Order selected : 5245631
OrderType() = 1 / OP_SELL
OrderOpenPrice() = 124.429
OrderClosePrice() = 124.429
OrderTakeProfit() = 124.4
OrderStopLoss() = 124.46
Close - SL = -0.0309999999999917

[2019.02.07 20:56:03 / ea_Exp_1__TrailingStop.mq4:341]
OrderType ==> sell

[2019.02.07 20:56:03 / ea_Exp_1__TrailingStop.mq4:368]
TrailingStop_Threshold : 124.42

price_Close : 124.429

Close - Threshold : 0.008999999999999999

cond_Exec_Trailing : false


[2019.02.07 20:56:03 / ea_Exp_1__TrailingStop.mq4:174]
diff_Latest >= 0 (0.007) (2019.02.07 13:55)
[2019.02.07 20:57:04 / ea_Exp_1__TrailingStop.mq4:136]
new bar (tick = 7115) (period = 1 / symbol = EURJPY_)
[2019.02.07 20:57:04 / ea_Exp_1__TrailingStop.mq4:219]
//test_TrailingStop ------------------

[2019.02.07 20:57:04 / ea_Exp_1__TrailingStop.mq4:529]
diff_Latest ==> DOWN (-0.018)

[2019.02.07 20:57:04 / ea_Exp_1__TrailingStop.mq4:570]
(j3 : N : 1) num_Ticket (sell) : 5245640

[2019.02.07 20:57:04 / ea_Exp_1__TrailingStop.mq4:191]
diff_Latest < 0 (-0.01800000000000068) (2019.02.07 13:56)
[2019.02.07 20:58:03 / ea_Exp_1__TrailingStop.mq4:136]
new bar (tick = 7241) (period = 1 / symbol = EURJPY_)
[2019.02.07 20:58:03 / ea_Exp_1__TrailingStop.mq4:219]
//test_TrailingStop ------------------

[2019.02.07 20:58:03 / ea_Exp_1__TrailingStop.mq4:241]
OrdersTotal() >= 1 (total =1)

[2019.02.07 20:58:03 / ea_Exp_1__TrailingStop.mq4:301]
Order selected : 5245640
OrderType() = 1 / OP_SELL
OrderOpenPrice() = 124.4
OrderClosePrice() = 124.394
OrderTakeProfit() = 124.37
OrderStopLoss() = 124.43
Close - SL = -0.03600000000000136

[2019.02.07 20:58:03 / ea_Exp_1__TrailingStop.mq4:341]
OrderType ==> sell

[2019.02.07 20:58:03 / ea_Exp_1__TrailingStop.mq4:368]
TrailingStop_Threshold : 124.39

price_Close : 124.394

Close - Threshold : 0.004

cond_Exec_Trailing : false


[2019.02.07 20:58:03 / ea_Exp_1__TrailingStop.mq4:191]
diff_Latest < 0 (-0.01699999999999591) (2019.02.07 13:57)
[2019.02.07 20:59:04 / ea_Exp_1__TrailingStop.mq4:136]
new bar (tick = 7380) (period = 1 / symbol = EURJPY_)
[2019.02.07 20:59:04 / ea_Exp_1__TrailingStop.mq4:219]
//test_TrailingStop ------------------

[2019.02.07 20:59:04 / ea_Exp_1__TrailingStop.mq4:241]
OrdersTotal() >= 1 (total =3)

[2019.02.07 20:59:04 / ea_Exp_1__TrailingStop.mq4:301]
Order selected : 5245640
OrderType() = 1 / OP_SELL
OrderOpenPrice() = 124.4
OrderClosePrice() = 124.406
OrderTakeProfit() = 124.37
OrderStopLoss() = 124.43
Close - SL = -0.02400000000000091

[2019.02.07 20:59:04 / ea_Exp_1__TrailingStop.mq4:341]
OrderType ==> sell

[2019.02.07 20:59:04 / ea_Exp_1__TrailingStop.mq4:368]
TrailingStop_Threshold : 124.39

price_Close : 124.406

Close - Threshold : 0.016

cond_Exec_Trailing : false


[2019.02.07 20:59:04 / ea_Exp_1__TrailingStop.mq4:174]
diff_Latest >= 0 (0.01) (2019.02.07 13:58)
[2019.02.07 21:00:04 / ea_Exp_1__TrailingStop.mq4:136]
new bar (tick = 7531) (period = 1 / symbol = EURJPY_)
[2019.02.07 21:00:04 / ea_Exp_1__TrailingStop.mq4:219]
//test_TrailingStop ------------------

[2019.02.07 21:00:04 / ea_Exp_1__TrailingStop.mq4:241]
OrdersTotal() >= 1 (total =2)

[2019.02.07 21:00:04 / ea_Exp_1__TrailingStop.mq4:301]
Order selected : 5245640
OrderType() = 1 / OP_SELL
OrderOpenPrice() = 124.4
OrderClosePrice() = 124.426
OrderTakeProfit() = 124.37
OrderStopLoss() = 124.43
Close - SL = -0.004000000000004889

[2019.02.07 21:00:04 / ea_Exp_1__TrailingStop.mq4:341]
OrderType ==> sell

[2019.02.07 21:00:04 / ea_Exp_1__TrailingStop.mq4:368]
TrailingStop_Threshold : 124.39

price_Close : 124.426

Close - Threshold : 0.036

cond_Exec_Trailing : false


[2019.02.07 21:00:04 / ea_Exp_1__TrailingStop.mq4:174]
diff_Latest >= 0 (0.021) (2019.02.07 13:59)
[2019.02.07 21:01:03 / ea_Exp_1__TrailingStop.mq4:136]
new bar (tick = 7731) (period = 1 / symbol = EURJPY_)
[2019.02.07 21:01:03 / ea_Exp_1__TrailingStop.mq4:219]
//test_TrailingStop ------------------

[2019.02.07 21:01:03 / ea_Exp_1__TrailingStop.mq4:241]
OrdersTotal() >= 1 (total =1)

[2019.02.07 21:01:03 / ea_Exp_1__TrailingStop.mq4:301]
Order selected : 5245640
OrderType() = 1 / OP_SELL
OrderOpenPrice() = 124.4
OrderClosePrice() = 124.43
OrderTakeProfit() = 124.37
OrderStopLoss() = 124.43
Close - SL = 0

[2019.02.07 21:01:03 / ea_Exp_1__TrailingStop.mq4:341]
OrderType ==> sell

[2019.02.07 21:01:03 / ea_Exp_1__TrailingStop.mq4:368]
TrailingStop_Threshold : 124.39

price_Close : 124.43

Close - Threshold : 0.04

cond_Exec_Trailing : false


[2019.02.07 21:01:03 / ea_Exp_1__TrailingStop.mq4:191]
diff_Latest < 0 (-0.009000000000000341) (2019.02.07 14:00)
[2019.02.07 21:02:04 / ea_Exp_1__TrailingStop.mq4:136]
new bar (tick = 8007) (period = 1 / symbol = EURJPY_)
[2019.02.07 21:02:04 / ea_Exp_1__TrailingStop.mq4:219]
//test_TrailingStop ------------------

[2019.02.07 21:02:04 / ea_Exp_1__TrailingStop.mq4:241]
OrdersTotal() >= 1 (total =1)

[2019.02.07 21:02:04 / ea_Exp_1__TrailingStop.mq4:301]
Order selected : 5245640
OrderType() = 1 / OP_SELL
OrderOpenPrice() = 124.4
OrderClosePrice() = 124.43
OrderTakeProfit() = 124.37
OrderStopLoss() = 124.43
Close - SL = 0

[2019.02.07 21:02:04 / ea_Exp_1__TrailingStop.mq4:341]
OrderType ==> sell

[2019.02.07 21:02:04 / ea_Exp_1__TrailingStop.mq4:368]
TrailingStop_Threshold : 124.39

price_Close : 124.43

Close - Threshold : 0.04

cond_Exec_Trailing : false


[2019.02.07 21:02:04 / ea_Exp_1__TrailingStop.mq4:191]
diff_Latest < 0 (-0.006000000000000227) (2019.02.07 14:01)
[2019.02.07 21:03:04 / ea_Exp_1__TrailingStop.mq4:136]
new bar (tick = 8278) (period = 1 / symbol = EURJPY_)
[2019.02.07 21:03:04 / ea_Exp_1__TrailingStop.mq4:219]
//test_TrailingStop ------------------

[2019.02.07 21:03:04 / ea_Exp_1__TrailingStop.mq4:241]
OrdersTotal() >= 1 (total =1)

[2019.02.07 21:03:04 / ea_Exp_1__TrailingStop.mq4:301]
Order selected : 5245640
OrderType() = 1 / OP_SELL
OrderOpenPrice() = 124.4
OrderClosePrice() = 124.43
OrderTakeProfit() = 124.37
OrderStopLoss() = 124.43
Close - SL = 0

[2019.02.07 21:03:04 / ea_Exp_1__TrailingStop.mq4:341]
OrderType ==> sell

[2019.02.07 21:03:04 / ea_Exp_1__TrailingStop.mq4:368]
TrailingStop_Threshold : 124.39

price_Close : 124.43

Close - Threshold : 0.04

cond_Exec_Trailing : false


[2019.02.07 21:03:04 / ea_Exp_1__TrailingStop.mq4:191]
diff_Latest < 0 (-0.004000000000004889) (2019.02.07 14:02)
[2019.02.07 21:04:03 / ea_Exp_1__TrailingStop.mq4:136]
new bar (tick = 8763) (period = 1 / symbol = EURJPY_)
[2019.02.07 21:04:03 / ea_Exp_1__TrailingStop.mq4:219]
//test_TrailingStop ------------------

[2019.02.07 21:04:03 / ea_Exp_1__TrailingStop.mq4:241]
OrdersTotal() >= 1 (total =2)

[2019.02.07 21:04:03 / ea_Exp_1__TrailingStop.mq4:301]
Order selected : 5245640
OrderType() = 1 / OP_SELL
OrderOpenPrice() = 124.4
OrderClosePrice() = 124.43
OrderTakeProfit() = 124.37
OrderStopLoss() = 124.43
Close - SL = 0

[2019.02.07 21:04:03 / ea_Exp_1__TrailingStop.mq4:341]
OrderType ==> sell

[2019.02.07 21:04:03 / ea_Exp_1__TrailingStop.mq4:368]
TrailingStop_Threshold : 124.39

price_Close : 124.43

Close - Threshold : 0.04

cond_Exec_Trailing : false


[2019.02.07 21:04:03 / ea_Exp_1__TrailingStop.mq4:191]
diff_Latest < 0 (-0.008000000000009777) (2019.02.07 14:03)
[2019.02.07 21:05:03 / ea_Exp_1__TrailingStop.mq4:136]
new bar (tick = 9149) (period = 1 / symbol = EURJPY_)
[2019.02.07 21:05:03 / ea_Exp_1__TrailingStop.mq4:219]
//test_TrailingStop ------------------

[2019.02.07 21:05:03 / ea_Exp_1__TrailingStop.mq4:241]
OrdersTotal() >= 1 (total =4)

[2019.02.07 21:05:03 / ea_Exp_1__TrailingStop.mq4:301]
Order selected : 5245640
OrderType() = 1 / OP_SELL
OrderOpenPrice() = 124.4
OrderClosePrice() = 124.43
OrderTakeProfit() = 124.37
OrderStopLoss() = 124.43
Close - SL = 0

[2019.02.07 21:05:03 / ea_Exp_1__TrailingStop.mq4:341]
OrderType ==> sell

[2019.02.07 21:05:03 / ea_Exp_1__TrailingStop.mq4:368]
TrailingStop_Threshold : 124.39

price_Close : 124.43

Close - Threshold : 0.04

cond_Exec_Trailing : false


[2019.02.07 21:05:03 / ea_Exp_1__TrailingStop.mq4:174]
diff_Latest >= 0 (0.004) (2019.02.07 14:04)
[2019.02.07 21:06:03 / ea_Exp_1__TrailingStop.mq4:136]
new bar (tick = 9494) (period = 1 / symbol = EURJPY_)
[2019.02.07 21:06:03 / ea_Exp_1__TrailingStop.mq4:219]
//test_TrailingStop ------------------

[2019.02.07 21:06:03 / ea_Exp_1__TrailingStop.mq4:241]
OrdersTotal() >= 1 (total =3)

[2019.02.07 21:06:03 / ea_Exp_1__TrailingStop.mq4:301]
Order selected : 5245640
OrderType() = 1 / OP_SELL
OrderOpenPrice() = 124.4
OrderClosePrice() = 124.43
OrderTakeProfit() = 124.37
OrderStopLoss() = 124.43
Close - SL = 0

[2019.02.07 21:06:03 / ea_Exp_1__TrailingStop.mq4:341]
OrderType ==> sell

[2019.02.07 21:06:03 / ea_Exp_1__TrailingStop.mq4:368]
TrailingStop_Threshold : 124.39

price_Close : 124.43

Close - Threshold : 0.04

cond_Exec_Trailing : false


[2019.02.07 21:06:03 / ea_Exp_1__TrailingStop.mq4:191]
diff_Latest < 0 (-0.02500000000000568) (2019.02.07 14:05)
[2019.02.07 21:07:04 / ea_Exp_1__TrailingStop.mq4:136]
new bar (tick = 9727) (period = 1 / symbol = EURJPY_)
[2019.02.07 21:07:04 / ea_Exp_1__TrailingStop.mq4:219]
//test_TrailingStop ------------------

[2019.02.07 21:07:04 / ea_Exp_1__TrailingStop.mq4:241]
OrdersTotal() >= 1 (total =2)

[2019.02.07 21:07:04 / ea_Exp_1__TrailingStop.mq4:301]
Order selected : 5245640
OrderType() = 1 / OP_SELL
OrderOpenPrice() = 124.4
OrderClosePrice() = 124.43
OrderTakeProfit() = 124.37
OrderStopLoss() = 124.43
Close - SL = 0

[2019.02.07 21:07:04 / ea_Exp_1__TrailingStop.mq4:341]
OrderType ==> sell

[2019.02.07 21:07:04 / ea_Exp_1__TrailingStop.mq4:368]
TrailingStop_Threshold : 124.39

price_Close : 124.43

Close - Threshold : 0.04

cond_Exec_Trailing : false


[2019.02.07 21:07:04 / ea_Exp_1__TrailingStop.mq4:191]
diff_Latest < 0 (-0.007999999999995566) (2019.02.07 14:06)
[2019.02.07 21:08:04 / ea_Exp_1__TrailingStop.mq4:136]
new bar (tick = 9997) (period = 1 / symbol = EURJPY_)
[2019.02.07 21:08:04 / ea_Exp_1__TrailingStop.mq4:219]
//test_TrailingStop ------------------

[2019.02.07 21:08:04 / ea_Exp_1__TrailingStop.mq4:241]
OrdersTotal() >= 1 (total =4)

[2019.02.07 21:08:04 / ea_Exp_1__TrailingStop.mq4:301]
Order selected : 5245640
OrderType() = 1 / OP_SELL
OrderOpenPrice() = 124.4
OrderClosePrice() = 124.43
OrderTakeProfit() = 124.37
OrderStopLoss() = 124.43
Close - SL = 0

[2019.02.07 21:08:04 / ea_Exp_1__TrailingStop.mq4:341]
OrderType ==> sell

[2019.02.07 21:08:04 / ea_Exp_1__TrailingStop.mq4:368]
TrailingStop_Threshold : 124.39

price_Close : 124.43

Close - Threshold : 0.04

cond_Exec_Trailing : false


[2019.02.07 21:08:04 / ea_Exp_1__TrailingStop.mq4:174]
diff_Latest >= 0 (0.004) (2019.02.07 14:07)
[2019.02.07 21:09:03 / ea_Exp_1__TrailingStop.mq4:136]
new bar (tick = 10314) (period = 1 / symbol = EURJPY_)
[2019.02.07 21:09:03 / ea_Exp_1__TrailingStop.mq4:219]
//test_TrailingStop ------------------

[2019.02.07 21:09:03 / ea_Exp_1__TrailingStop.mq4:241]
OrdersTotal() >= 1 (total =3)

[2019.02.07 21:09:03 / ea_Exp_1__TrailingStop.mq4:301]
Order selected : 5245640
OrderType() = 1 / OP_SELL
OrderOpenPrice() = 124.4
OrderClosePrice() = 124.43
OrderTakeProfit() = 124.37
OrderStopLoss() = 124.43
Close - SL = 0

[2019.02.07 21:09:03 / ea_Exp_1__TrailingStop.mq4:341]
OrderType ==> sell

[2019.02.07 21:09:03 / ea_Exp_1__TrailingStop.mq4:368]
TrailingStop_Threshold : 124.39

price_Close : 124.43

Close - Threshold : 0.04

cond_Exec_Trailing : false


[2019.02.07 21:09:03 / ea_Exp_1__TrailingStop.mq4:174]
diff_Latest >= 0 (0.024) (2019.02.07 14:08)
[2019.02.07 21:10:03 / ea_Exp_1__TrailingStop.mq4:136]
new bar (tick = 10550) (period = 1 / symbol = EURJPY_)
[2019.02.07 21:10:03 / ea_Exp_1__TrailingStop.mq4:219]
//test_TrailingStop ------------------

[2019.02.07 21:10:03 / ea_Exp_1__TrailingStop.mq4:241]
OrdersTotal() >= 1 (total =3)

[2019.02.07 21:10:03 / ea_Exp_1__TrailingStop.mq4:301]
Order selected : 5245640
OrderType() = 1 / OP_SELL
OrderOpenPrice() = 124.4
OrderClosePrice() = 124.43
OrderTakeProfit() = 124.37
OrderStopLoss() = 124.43
Close - SL = 0

[2019.02.07 21:10:03 / ea_Exp_1__TrailingStop.mq4:341]
OrderType ==> sell

[2019.02.07 21:10:03 / ea_Exp_1__TrailingStop.mq4:368]
TrailingStop_Threshold : 124.39

price_Close : 124.43

Close - Threshold : 0.04

cond_Exec_Trailing : false


[2019.02.07 21:10:03 / ea_Exp_1__TrailingStop.mq4:191]
diff_Latest < 0 (-0.01399999999999579) (2019.02.07 14:09)
[2019.02.07 21:11:03 / ea_Exp_1__TrailingStop.mq4:136]
new bar (tick = 10900) (period = 1 / symbol = EURJPY_)
[2019.02.07 21:11:03 / ea_Exp_1__TrailingStop.mq4:219]
//test_TrailingStop ------------------

[2019.02.07 21:11:03 / ea_Exp_1__TrailingStop.mq4:241]
OrdersTotal() >= 1 (total =3)

[2019.02.07 21:11:03 / ea_Exp_1__TrailingStop.mq4:301]
Order selected : 5245640
OrderType() = 1 / OP_SELL
OrderOpenPrice() = 124.4
OrderClosePrice() = 124.43
OrderTakeProfit() = 124.37
OrderStopLoss() = 124.43
Close - SL = 0

[2019.02.07 21:11:03 / ea_Exp_1__TrailingStop.mq4:341]
OrderType ==> sell

[2019.02.07 21:11:03 / ea_Exp_1__TrailingStop.mq4:368]
TrailingStop_Threshold : 124.39

price_Close : 124.43

Close - Threshold : 0.04

cond_Exec_Trailing : false


[2019.02.07 21:11:03 / ea_Exp_1__TrailingStop.mq4:174]
diff_Latest >= 0 (0.003) (2019.02.07 14:10)
[2019.02.07 21:12:04 / ea_Exp_1__TrailingStop.mq4:136]
new bar (tick = 11269) (period = 1 / symbol = EURJPY_)
[2019.02.07 21:12:04 / ea_Exp_1__TrailingStop.mq4:219]
//test_TrailingStop ------------------

[2019.02.07 21:12:04 / ea_Exp_1__TrailingStop.mq4:241]
OrdersTotal() >= 1 (total =2)

[2019.02.07 21:12:04 / ea_Exp_1__TrailingStop.mq4:301]
Order selected : 5245640
OrderType() = 1 / OP_SELL
OrderOpenPrice() = 124.4
OrderClosePrice() = 124.43
OrderTakeProfit() = 124.37
OrderStopLoss() = 124.43
Close - SL = 0

[2019.02.07 21:12:04 / ea_Exp_1__TrailingStop.mq4:341]
OrderType ==> sell

[2019.02.07 21:12:04 / ea_Exp_1__TrailingStop.mq4:368]
TrailingStop_Threshold : 124.39

price_Close : 124.43

Close - Threshold : 0.04

cond_Exec_Trailing : false


[2019.02.07 21:12:04 / ea_Exp_1__TrailingStop.mq4:174]
diff_Latest >= 0 (0.041) (2019.02.07 14:11)
[2019.02.07 21:13:05 / ea_Exp_1__TrailingStop.mq4:136]
new bar (tick = 11610) (period = 1 / symbol = EURJPY_)
[2019.02.07 21:13:05 / ea_Exp_1__TrailingStop.mq4:219]
//test_TrailingStop ------------------

[2019.02.07 21:13:05 / ea_Exp_1__TrailingStop.mq4:241]
OrdersTotal() >= 1 (total =1)

[2019.02.07 21:13:05 / ea_Exp_1__TrailingStop.mq4:301]
Order selected : 5245640
OrderType() = 1 / OP_SELL
OrderOpenPrice() = 124.4
OrderClosePrice() = 124.43
OrderTakeProfit() = 124.37
OrderStopLoss() = 124.43
Close - SL = 0

[2019.02.07 21:13:05 / ea_Exp_1__TrailingStop.mq4:341]
OrderType ==> sell

[2019.02.07 21:13:05 / ea_Exp_1__TrailingStop.mq4:368]
TrailingStop_Threshold : 124.39

price_Close : 124.43

Close - Threshold : 0.04

cond_Exec_Trailing : false


[2019.02.07 21:13:05 / ea_Exp_1__TrailingStop.mq4:174]
diff_Latest >= 0 (0.008) (2019.02.07 14:12)
[2019.02.07 21:14:04 / ea_Exp_1__TrailingStop.mq4:136]
new bar (tick = 12014) (period = 1 / symbol = EURJPY_)
[2019.02.07 21:14:04 / ea_Exp_1__TrailingStop.mq4:219]
//test_TrailingStop ------------------

[2019.02.07 21:14:04 / ea_Exp_1__TrailingStop.mq4:241]
OrdersTotal() >= 1 (total =1)

[2019.02.07 21:14:04 / ea_Exp_1__TrailingStop.mq4:301]
Order selected : 5245640
OrderType() = 1 / OP_SELL
OrderOpenPrice() = 124.4
OrderClosePrice() = 124.43
OrderTakeProfit() = 124.37
OrderStopLoss() = 124.43
Close - SL = 0

[2019.02.07 21:14:04 / ea_Exp_1__TrailingStop.mq4:341]
OrderType ==> sell

[2019.02.07 21:14:04 / ea_Exp_1__TrailingStop.mq4:368]
TrailingStop_Threshold : 124.39

price_Close : 124.43

Close - Threshold : 0.04

cond_Exec_Trailing : false


[2019.02.07 21:14:04 / ea_Exp_1__TrailingStop.mq4:191]
diff_Latest < 0 (-0.04399999999999693) (2019.02.07 14:13)
[2019.02.07 21:15:03 / ea_Exp_1__TrailingStop.mq4:136]
new bar (tick = 12329) (period = 1 / symbol = EURJPY_)
[2019.02.07 21:15:03 / ea_Exp_1__TrailingStop.mq4:219]
//test_TrailingStop ------------------

[2019.02.07 21:15:03 / ea_Exp_1__TrailingStop.mq4:241]
OrdersTotal() >= 1 (total =1)

[2019.02.07 21:15:03 / ea_Exp_1__TrailingStop.mq4:301]
Order selected : 5245640
OrderType() = 1 / OP_SELL
OrderOpenPrice() = 124.4
OrderClosePrice() = 124.43
OrderTakeProfit() = 124.37
OrderStopLoss() = 124.43
Close - SL = 0

[2019.02.07 21:15:03 / ea_Exp_1__TrailingStop.mq4:341]
OrderType ==> sell

[2019.02.07 21:15:03 / ea_Exp_1__TrailingStop.mq4:368]
TrailingStop_Threshold : 124.39

price_Close : 124.43

Close - Threshold : 0.04

cond_Exec_Trailing : false


[2019.02.07 21:15:03 / ea_Exp_1__TrailingStop.mq4:191]
diff_Latest < 0 (-0.006000000000000227) (2019.02.07 14:14)
[2019.02.07 21:16:03 / ea_Exp_1__TrailingStop.mq4:136]
new bar (tick = 12658) (period = 1 / symbol = EURJPY_)
[2019.02.07 21:16:03 / ea_Exp_1__TrailingStop.mq4:219]
//test_TrailingStop ------------------

[2019.02.07 21:16:03 / ea_Exp_1__TrailingStop.mq4:241]
OrdersTotal() >= 1 (total =1)

[2019.02.07 21:16:03 / ea_Exp_1__TrailingStop.mq4:301]
Order selected : 5245640
OrderType() = 1 / OP_SELL
OrderOpenPrice() = 124.4
OrderClosePrice() = 124.43
OrderTakeProfit() = 124.37
OrderStopLoss() = 124.43
Close - SL = 0

[2019.02.07 21:16:03 / ea_Exp_1__TrailingStop.mq4:341]
OrderType ==> sell

[2019.02.07 21:16:03 / ea_Exp_1__TrailingStop.mq4:368]
TrailingStop_Threshold : 124.39

price_Close : 124.43

Close - Threshold : 0.04

cond_Exec_Trailing : false


[2019.02.07 21:16:03 / ea_Exp_1__TrailingStop.mq4:191]
diff_Latest < 0 (-0.01699999999999591) (2019.02.07 14:15)
[2019.02.07 21:17:04 / ea_Exp_1__TrailingStop.mq4:136]
new bar (tick = 12919) (period = 1 / symbol = EURJPY_)
[2019.02.07 21:17:04 / ea_Exp_1__TrailingStop.mq4:219]
//test_TrailingStop ------------------

[2019.02.07 21:17:04 / ea_Exp_1__TrailingStop.mq4:241]
OrdersTotal() >= 1 (total =3)

[2019.02.07 21:17:04 / ea_Exp_1__TrailingStop.mq4:301]
Order selected : 5245640
OrderType() = 1 / OP_SELL
OrderOpenPrice() = 124.4
OrderClosePrice() = 124.43
OrderTakeProfit() = 124.37
OrderStopLoss() = 124.43
Close - SL = 0

[2019.02.07 21:17:04 / ea_Exp_1__TrailingStop.mq4:341]
OrderType ==> sell

[2019.02.07 21:17:04 / ea_Exp_1__TrailingStop.mq4:368]
TrailingStop_Threshold : 124.39

price_Close : 124.43

Close - Threshold : 0.04

cond_Exec_Trailing : false


[2019.02.07 21:17:04 / ea_Exp_1__TrailingStop.mq4:174]
diff_Latest >= 0 (0.025) (2019.02.07 14:16)
[2019.02.07 21:18:03 / ea_Exp_1__TrailingStop.mq4:136]
new bar (tick = 13221) (period = 1 / symbol = EURJPY_)
[2019.02.07 21:18:03 / ea_Exp_1__TrailingStop.mq4:219]
//test_TrailingStop ------------------

[2019.02.07 21:18:03 / ea_Exp_1__TrailingStop.mq4:241]
OrdersTotal() >= 1 (total =2)

[2019.02.07 21:18:03 / ea_Exp_1__TrailingStop.mq4:301]
Order selected : 5245640
OrderType() = 1 / OP_SELL
OrderOpenPrice() = 124.4
OrderClosePrice() = 124.43
OrderTakeProfit() = 124.37
OrderStopLoss() = 124.43
Close - SL = 0

[2019.02.07 21:18:03 / ea_Exp_1__TrailingStop.mq4:341]
OrderType ==> sell

[2019.02.07 21:18:03 / ea_Exp_1__TrailingStop.mq4:368]
TrailingStop_Threshold : 124.39

price_Close : 124.43

Close - Threshold : 0.04

cond_Exec_Trailing : false


[2019.02.07 21:18:03 / ea_Exp_1__TrailingStop.mq4:191]
diff_Latest < 0 (-0.007999999999995566) (2019.02.07 14:17)
[2019.02.07 21:19:03 / ea_Exp_1__TrailingStop.mq4:136]
new bar (tick = 13470) (period = 1 / symbol = EURJPY_)
[2019.02.07 21:19:03 / ea_Exp_1__TrailingStop.mq4:219]
//test_TrailingStop ------------------

[2019.02.07 21:19:03 / ea_Exp_1__TrailingStop.mq4:241]
OrdersTotal() >= 1 (total =2)

[2019.02.07 21:19:03 / ea_Exp_1__TrailingStop.mq4:301]
Order selected : 5245640
OrderType() = 1 / OP_SELL
OrderOpenPrice() = 124.4
OrderClosePrice() = 124.43
OrderTakeProfit() = 124.37
OrderStopLoss() = 124.43
Close - SL = 0

[2019.02.07 21:19:03 / ea_Exp_1__TrailingStop.mq4:341]
OrderType ==> sell

[2019.02.07 21:19:03 / ea_Exp_1__TrailingStop.mq4:368]
TrailingStop_Threshold : 124.39

price_Close : 124.43

Close - Threshold : 0.04

cond_Exec_Trailing : false


[2019.02.07 21:19:03 / ea_Exp_1__TrailingStop.mq4:174]
diff_Latest >= 0 (0.014) (2019.02.07 14:18)
[2019.02.07 21:20:04 / ea_Exp_1__TrailingStop.mq4:136]
new bar (tick = 13707) (period = 1 / symbol = EURJPY_)
[2019.02.07 21:20:04 / ea_Exp_1__TrailingStop.mq4:219]
//test_TrailingStop ------------------

[2019.02.07 21:20:04 / ea_Exp_1__TrailingStop.mq4:241]
OrdersTotal() >= 1 (total =2)

[2019.02.07 21:20:04 / ea_Exp_1__TrailingStop.mq4:301]
Order selected : 5245640
OrderType() = 1 / OP_SELL
OrderOpenPrice() = 124.4
OrderClosePrice() = 124.43
OrderTakeProfit() = 124.37
OrderStopLoss() = 124.43
Close - SL = 0

[2019.02.07 21:20:04 / ea_Exp_1__TrailingStop.mq4:341]
OrderType ==> sell

[2019.02.07 21:20:04 / ea_Exp_1__TrailingStop.mq4:368]
TrailingStop_Threshold : 124.39

price_Close : 124.43

Close - Threshold : 0.04

cond_Exec_Trailing : false


[2019.02.07 21:20:04 / ea_Exp_1__TrailingStop.mq4:174]
diff_Latest >= 0 (0.008) (2019.02.07 14:19)
[2019.02.07 21:21:03 / ea_Exp_1__TrailingStop.mq4:136]
new bar (tick = 14154) (period = 1 / symbol = EURJPY_)
[2019.02.07 21:21:03 / ea_Exp_1__TrailingStop.mq4:219]
//test_TrailingStop ------------------

[2019.02.07 21:21:03 / ea_Exp_1__TrailingStop.mq4:470]
diff_Latest ==> UP (0.052)

[2019.02.07 21:21:03 / ea_Exp_1__TrailingStop.mq4:500]
(j3 : Y : 1) num_Ticket (buy) : 5245723

[2019.02.07 21:21:03 / ea_Exp_1__TrailingStop.mq4:174]
diff_Latest >= 0 (0.052) (2019.02.07 14:20)
[2019.02.07 21:22:03 / ea_Exp_1__TrailingStop.mq4:136]
new bar (tick = 14449) (period = 1 / symbol = EURJPY_)
[2019.02.07 21:22:03 / ea_Exp_1__TrailingStop.mq4:219]
//test_TrailingStop ------------------

[2019.02.07 21:22:03 / ea_Exp_1__TrailingStop.mq4:241]
OrdersTotal() >= 1 (total =1)

[2019.02.07 21:22:03 / ea_Exp_1__TrailingStop.mq4:301]
Order selected : 5245723
OrderType() = 0 / OP_BUY
OrderOpenPrice() = 124.46
OrderClosePrice() = 124.455
OrderTakeProfit() = 124.49
OrderStopLoss() = 124.43
Close - SL = 0.02499999999999147

[2019.02.07 21:22:03 / ea_Exp_1__TrailingStop.mq4:323]
OrderType ==> buy

[2019.02.07 21:22:03 / ea_Exp_1__TrailingStop.mq4:368]
TrailingStop_Threshold : 124.47

price_Close : 124.455

Close - Threshold : -0.015

cond_Exec_Trailing : false


[2019.02.07 21:22:03 / ea_Exp_1__TrailingStop.mq4:174]
diff_Latest >= 0 (0.005) (2019.02.07 14:21)
[2019.02.07 21:23:04 / ea_Exp_1__TrailingStop.mq4:136]
new bar (tick = 14766) (period = 1 / symbol = EURJPY_)
[2019.02.07 21:23:04 / ea_Exp_1__TrailingStop.mq4:219]
//test_TrailingStop ------------------

[2019.02.07 21:23:04 / ea_Exp_1__TrailingStop.mq4:241]
OrdersTotal() >= 1 (total =1)

[2019.02.07 21:23:04 / ea_Exp_1__TrailingStop.mq4:301]
Order selected : 5245723
OrderType() = 0 / OP_BUY
OrderOpenPrice() = 124.46
OrderClosePrice() = 124.46
OrderTakeProfit() = 124.49
OrderStopLoss() = 124.43
Close - SL = 0.02999999999998693

[2019.02.07 21:23:04 / ea_Exp_1__TrailingStop.mq4:323]
OrderType ==> buy

[2019.02.07 21:23:04 / ea_Exp_1__TrailingStop.mq4:368]
TrailingStop_Threshold : 124.47

price_Close : 124.46

Close - Threshold : -0.01

cond_Exec_Trailing : false


[2019.02.07 21:23:04 / ea_Exp_1__TrailingStop.mq4:174]
diff_Latest >= 0 (0.005) (2019.02.07 14:22)
[2019.02.07 21:24:03 / ea_Exp_1__TrailingStop.mq4:136]
new bar (tick = 14998) (period = 1 / symbol = EURJPY_)
[2019.02.07 21:24:03 / ea_Exp_1__TrailingStop.mq4:219]
//test_TrailingStop ------------------

[2019.02.07 21:24:03 / ea_Exp_1__TrailingStop.mq4:241]
OrdersTotal() >= 1 (total =1)

[2019.02.07 21:24:03 / ea_Exp_1__TrailingStop.mq4:301]
Order selected : 5245723
OrderType() = 0 / OP_BUY
OrderOpenPrice() = 124.46
OrderClosePrice() = 124.457
OrderTakeProfit() = 124.49
OrderStopLoss() = 124.43
Close - SL = 0.02699999999998681

[2019.02.07 21:24:03 / ea_Exp_1__TrailingStop.mq4:323]
OrderType ==> buy

[2019.02.07 21:24:03 / ea_Exp_1__TrailingStop.mq4:368]
TrailingStop_Threshold : 124.47

price_Close : 124.457

Close - Threshold : -0.013

cond_Exec_Trailing : false


[2019.02.07 21:24:03 / ea_Exp_1__TrailingStop.mq4:191]
diff_Latest < 0 (-0.003000000000000114) (2019.02.07 14:23)
[2019.02.07 21:25:04 / ea_Exp_1__TrailingStop.mq4:136]
new bar (tick = 15197) (period = 1 / symbol = EURJPY_)
[2019.02.07 21:25:04 / ea_Exp_1__TrailingStop.mq4:219]
//test_TrailingStop ------------------

[2019.02.07 21:25:04 / ea_Exp_1__TrailingStop.mq4:241]
OrdersTotal() >= 1 (total =1)

[2019.02.07 21:25:04 / ea_Exp_1__TrailingStop.mq4:301]
Order selected : 5245723
OrderType() = 0 / OP_BUY
OrderOpenPrice() = 124.46
OrderClosePrice() = 124.444
OrderTakeProfit() = 124.49
OrderStopLoss() = 124.43
Close - SL = 0.01399999999999579

[2019.02.07 21:25:04 / ea_Exp_1__TrailingStop.mq4:323]
OrderType ==> buy

[2019.02.07 21:25:04 / ea_Exp_1__TrailingStop.mq4:368]
TrailingStop_Threshold : 124.47

price_Close : 124.444

Close - Threshold : -0.026

cond_Exec_Trailing : false


[2019.02.07 21:25:04 / ea_Exp_1__TrailingStop.mq4:191]
diff_Latest < 0 (-0.01399999999999579) (2019.02.07 14:24)
[2019.02.07 21:26:04 / ea_Exp_1__TrailingStop.mq4:136]
new bar (tick = 15427) (period = 1 / symbol = EURJPY_)
[2019.02.07 21:26:04 / ea_Exp_1__TrailingStop.mq4:219]
//test_TrailingStop ------------------

[2019.02.07 21:26:04 / ea_Exp_1__TrailingStop.mq4:529]
diff_Latest ==> DOWN (-0.007)

[2019.02.07 21:26:04 / ea_Exp_1__TrailingStop.mq4:570]
(j3 : N : 1) num_Ticket (sell) : 5245732

[2019.02.07 21:26:04 / ea_Exp_1__TrailingStop.mq4:191]
diff_Latest < 0 (-0.006999999999990791) (2019.02.07 14:25)
[2019.02.07 21:27:03 / ea_Exp_1__TrailingStop.mq4:136]
new bar (tick = 15632) (period = 1 / symbol = EURJPY_)
[2019.02.07 21:27:03 / ea_Exp_1__TrailingStop.mq4:219]
//test_TrailingStop ------------------

[2019.02.07 21:27:03 / ea_Exp_1__TrailingStop.mq4:470]
diff_Latest ==> UP (0.018)

[2019.02.07 21:27:04 / ea_Exp_1__TrailingStop.mq4:500]
(j3 : Y : 1) num_Ticket (buy) : 5245735

[2019.02.07 21:27:04 / ea_Exp_1__TrailingStop.mq4:174]
diff_Latest >= 0 (0.018) (2019.02.07 14:26)
[2019.02.07 21:28:04 / ea_Exp_1__TrailingStop.mq4:136]
new bar (tick = 15933) (period = 1 / symbol = EURJPY_)
[2019.02.07 21:28:04 / ea_Exp_1__TrailingStop.mq4:219]
//test_TrailingStop ------------------

[2019.02.07 21:28:04 / ea_Exp_1__TrailingStop.mq4:241]
OrdersTotal() >= 1 (total =1)

[2019.02.07 21:28:04 / ea_Exp_1__TrailingStop.mq4:301]
Order selected : 5245735
OrderType() = 0 / OP_BUY
OrderOpenPrice() = 124.472
OrderClosePrice() = 124.457
OrderTakeProfit() = 124.5
OrderStopLoss() = 124.44
Close - SL = 0.01699999999999591

[2019.02.07 21:28:04 / ea_Exp_1__TrailingStop.mq4:323]
OrderType ==> buy

[2019.02.07 21:28:04 / ea_Exp_1__TrailingStop.mq4:368]
TrailingStop_Threshold : 124.48

price_Close : 124.457

Close - Threshold : -0.023

cond_Exec_Trailing : false


[2019.02.07 21:28:04 / ea_Exp_1__TrailingStop.mq4:191]
diff_Latest < 0 (-0.003000000000000114) (2019.02.07 14:27)
[2019.02.07 21:29:04 / ea_Exp_1__TrailingStop.mq4:136]
new bar (tick = 16179) (period = 1 / symbol = EURJPY_)
[2019.02.07 21:29:04 / ea_Exp_1__TrailingStop.mq4:219]
//test_TrailingStop ------------------

[2019.02.07 21:29:04 / ea_Exp_1__TrailingStop.mq4:529]
diff_Latest ==> DOWN (-0.026)

[2019.02.07 21:29:04 / ea_Exp_1__TrailingStop.mq4:570]
(j3 : N : 1) num_Ticket (sell) : 5245741

[2019.02.07 21:29:04 / ea_Exp_1__TrailingStop.mq4:191]
diff_Latest < 0 (-0.02599999999999625) (2019.02.07 14:28)
[2019.02.07 21:30:03 / ea_Exp_1__TrailingStop.mq4:136]
new bar (tick = 16359) (period = 1 / symbol = EURJPY_)
[2019.02.07 21:30:03 / ea_Exp_1__TrailingStop.mq4:219]
//test_TrailingStop ------------------

[2019.02.07 21:30:03 / ea_Exp_1__TrailingStop.mq4:241]
OrdersTotal() >= 1 (total =1)

[2019.02.07 21:30:03 / ea_Exp_1__TrailingStop.mq4:301]
Order selected : 5245741
OrderType() = 1 / OP_SELL
OrderOpenPrice() = 124.43
OrderClosePrice() = 124.45
OrderTakeProfit() = 124.402
OrderStopLoss() = 124.462
Close - SL = -0.01200000000000045

[2019.02.07 21:30:03 / ea_Exp_1__TrailingStop.mq4:341]
OrderType ==> sell

[2019.02.07 21:30:03 / ea_Exp_1__TrailingStop.mq4:368]
TrailingStop_Threshold : 124.422

price_Close : 124.45

Close - Threshold : 0.028

cond_Exec_Trailing : false


[2019.02.07 21:30:03 / ea_Exp_1__TrailingStop.mq4:174]
diff_Latest >= 0 (0.005) (2019.02.07 14:29)
[2019.02.07 21:31:04 / ea_Exp_1__TrailingStop.mq4:136]
new bar (tick = 16599) (period = 1 / symbol = EURJPY_)
[2019.02.07 21:31:04 / ea_Exp_1__TrailingStop.mq4:219]
//test_TrailingStop ------------------

[2019.02.07 21:31:04 / ea_Exp_1__TrailingStop.mq4:470]
diff_Latest ==> UP (0.010)

[2019.02.07 21:31:04 / ea_Exp_1__TrailingStop.mq4:500]
(j3 : Y : 1) num_Ticket (buy) : 5245749

[2019.02.07 21:31:04 / ea_Exp_1__TrailingStop.mq4:174]
diff_Latest >= 0 (0.01) (2019.02.07 14:30)
[2019.02.07 21:32:04 / ea_Exp_1__TrailingStop.mq4:136]
new bar (tick = 16817) (period = 1 / symbol = EURJPY_)
[2019.02.07 21:32:04 / ea_Exp_1__TrailingStop.mq4:219]
//test_TrailingStop ------------------

[2019.02.07 21:32:04 / ea_Exp_1__TrailingStop.mq4:241]
OrdersTotal() >= 1 (total =1)

[2019.02.07 21:32:04 / ea_Exp_1__TrailingStop.mq4:301]
Order selected : 5245749
OrderType() = 0 / OP_BUY
OrderOpenPrice() = 124.456
OrderClosePrice() = 124.458
OrderTakeProfit() = 124.485
OrderStopLoss() = 124.425
Close - SL = 0.03300000000000125

[2019.02.07 21:32:04 / ea_Exp_1__TrailingStop.mq4:323]
OrderType ==> buy

[2019.02.07 21:32:04 / ea_Exp_1__TrailingStop.mq4:368]
TrailingStop_Threshold : 124.465

price_Close : 124.458

Close - Threshold : -0.007

cond_Exec_Trailing : false


[2019.02.07 21:32:04 / ea_Exp_1__TrailingStop.mq4:174]
diff_Latest >= 0 (0.012) (2019.02.07 14:31)
[2019.02.07 21:33:05 / ea_Exp_1__TrailingStop.mq4:136]
new bar (tick = 17149) (period = 1 / symbol = EURJPY_)
[2019.02.07 21:33:05 / ea_Exp_1__TrailingStop.mq4:219]
//test_TrailingStop ------------------

[2019.02.07 21:33:05 / ea_Exp_1__TrailingStop.mq4:241]
OrdersTotal() >= 1 (total =1)

[2019.02.07 21:33:05 / ea_Exp_1__TrailingStop.mq4:301]
Order selected : 5245749
OrderType() = 0 / OP_BUY
OrderOpenPrice() = 124.456
OrderClosePrice() = 124.455
OrderTakeProfit() = 124.485
OrderStopLoss() = 124.425
Close - SL = 0.03000000000000114

[2019.02.07 21:33:05 / ea_Exp_1__TrailingStop.mq4:323]
OrderType ==> buy

[2019.02.07 21:33:05 / ea_Exp_1__TrailingStop.mq4:368]
TrailingStop_Threshold : 124.465

price_Close : 124.455

Close - Threshold : -0.01

cond_Exec_Trailing : false


[2019.02.07 21:33:05 / ea_Exp_1__TrailingStop.mq4:191]
diff_Latest < 0 (-0.003000000000000114) (2019.02.07 14:32)
[2019.02.07 21:34:08 / ea_Exp_1__TrailingStop.mq4:136]
new bar (tick = 17419) (period = 1 / symbol = EURJPY_)
[2019.02.07 21:34:08 / ea_Exp_1__TrailingStop.mq4:219]
//test_TrailingStop ------------------

[2019.02.07 21:34:08 / ea_Exp_1__TrailingStop.mq4:241]
OrdersTotal() >= 1 (total =1)

[2019.02.07 21:34:08 / ea_Exp_1__TrailingStop.mq4:301]
Order selected : 5245749
OrderType() = 0 / OP_BUY
OrderOpenPrice() = 124.456
OrderClosePrice() = 124.458
OrderTakeProfit() = 124.485
OrderStopLoss() = 124.425
Close - SL = 0.03300000000000125

[2019.02.07 21:34:08 / ea_Exp_1__TrailingStop.mq4:323]
OrderType ==> buy

[2019.02.07 21:34:08 / ea_Exp_1__TrailingStop.mq4:368]
TrailingStop_Threshold : 124.465

price_Close : 124.458

Close - Threshold : -0.007

cond_Exec_Trailing : false


[2019.02.07 21:34:08 / ea_Exp_1__TrailingStop.mq4:174]
diff_Latest >= 0 (0.005) (2019.02.07 14:33)
[2019.02.07 21:35:03 / ea_Exp_1__TrailingStop.mq4:136]
new bar (tick = 17673) (period = 1 / symbol = EURJPY_)
[2019.02.07 21:35:03 / ea_Exp_1__TrailingStop.mq4:219]
//test_TrailingStop ------------------

[2019.02.07 21:35:03 / ea_Exp_1__TrailingStop.mq4:241]
OrdersTotal() >= 1 (total =1)

[2019.02.07 21:35:03 / ea_Exp_1__TrailingStop.mq4:301]
Order selected : 5245749
OrderType() = 0 / OP_BUY
OrderOpenPrice() = 124.456
OrderClosePrice() = 124.452
OrderTakeProfit() = 124.485
OrderStopLoss() = 124.425
Close - SL = 0.02700000000000102

[2019.02.07 21:35:03 / ea_Exp_1__TrailingStop.mq4:323]
OrderType ==> buy

[2019.02.07 21:35:03 / ea_Exp_1__TrailingStop.mq4:368]
TrailingStop_Threshold : 124.465

price_Close : 124.452

Close - Threshold : -0.013

cond_Exec_Trailing : false


[2019.02.07 21:35:03 / ea_Exp_1__TrailingStop.mq4:191]
diff_Latest < 0 (-0.006000000000000227) (2019.02.07 14:34)
[2019.02.07 21:36:03 / ea_Exp_1__TrailingStop.mq4:136]
new bar (tick = 17941) (period = 1 / symbol = EURJPY_)
[2019.02.07 21:36:03 / ea_Exp_1__TrailingStop.mq4:219]
//test_TrailingStop ------------------

[2019.02.07 21:36:03 / ea_Exp_1__TrailingStop.mq4:241]
OrdersTotal() >= 1 (total =1)

[2019.02.07 21:36:03 / ea_Exp_1__TrailingStop.mq4:301]
Order selected : 5245749
OrderType() = 0 / OP_BUY
OrderOpenPrice() = 124.456
OrderClosePrice() = 124.441
OrderTakeProfit() = 124.485
OrderStopLoss() = 124.425
Close - SL = 0.01600000000000534

[2019.02.07 21:36:03 / ea_Exp_1__TrailingStop.mq4:323]
OrderType ==> buy

[2019.02.07 21:36:03 / ea_Exp_1__TrailingStop.mq4:368]
TrailingStop_Threshold : 124.465

price_Close : 124.441

Close - Threshold : -0.024

cond_Exec_Trailing : false


[2019.02.07 21:36:03 / ea_Exp_1__TrailingStop.mq4:191]
diff_Latest < 0 (-0.01099999999999568) (2019.02.07 14:35)
[2019.02.07 21:37:03 / ea_Exp_1__TrailingStop.mq4:136]
new bar (tick = 18221) (period = 1 / symbol = EURJPY_)
[2019.02.07 21:37:03 / ea_Exp_1__TrailingStop.mq4:219]
//test_TrailingStop ------------------

[2019.02.07 21:37:03 / ea_Exp_1__TrailingStop.mq4:241]
OrdersTotal() >= 1 (total =1)

[2019.02.07 21:37:03 / ea_Exp_1__TrailingStop.mq4:301]
Order selected : 5245749
OrderType() = 0 / OP_BUY
OrderOpenPrice() = 124.456
OrderClosePrice() = 124.454
OrderTakeProfit() = 124.485
OrderStopLoss() = 124.425
Close - SL = 0.02899999999999636

[2019.02.07 21:37:03 / ea_Exp_1__TrailingStop.mq4:323]
OrderType ==> buy

[2019.02.07 21:37:03 / ea_Exp_1__TrailingStop.mq4:368]
TrailingStop_Threshold : 124.465

price_Close : 124.454

Close - Threshold : -0.011

cond_Exec_Trailing : false


[2019.02.07 21:37:03 / ea_Exp_1__TrailingStop.mq4:174]
diff_Latest >= 0 (0.014) (2019.02.07 14:36)
[2019.02.07 21:38:03 / ea_Exp_1__TrailingStop.mq4:136]
new bar (tick = 18448) (period = 1 / symbol = EURJPY_)
[2019.02.07 21:38:03 / ea_Exp_1__TrailingStop.mq4:219]
//test_TrailingStop ------------------

[2019.02.07 21:38:03 / ea_Exp_1__TrailingStop.mq4:241]
OrdersTotal() >= 1 (total =1)

[2019.02.07 21:38:03 / ea_Exp_1__TrailingStop.mq4:301]
Order selected : 5245749
OrderType() = 0 / OP_BUY
OrderOpenPrice() = 124.456
OrderClosePrice() = 124.445
OrderTakeProfit() = 124.485
OrderStopLoss() = 124.425
Close - SL = 0.01999999999999602

[2019.02.07 21:38:03 / ea_Exp_1__TrailingStop.mq4:323]
OrderType ==> buy

[2019.02.07 21:38:03 / ea_Exp_1__TrailingStop.mq4:368]
TrailingStop_Threshold : 124.465

price_Close : 124.445

Close - Threshold : -0.02

cond_Exec_Trailing : false


[2019.02.07 21:38:03 / ea_Exp_1__TrailingStop.mq4:191]
diff_Latest < 0 (-0.01000000000000512) (2019.02.07 14:37)
[2019.02.07 21:39:04 / ea_Exp_1__TrailingStop.mq4:136]
new bar (tick = 18584) (period = 1 / symbol = EURJPY_)
[2019.02.07 21:39:04 / ea_Exp_1__TrailingStop.mq4:219]
//test_TrailingStop ------------------

[2019.02.07 21:39:04 / ea_Exp_1__TrailingStop.mq4:241]
OrdersTotal() >= 1 (total =1)

[2019.02.07 21:39:04 / ea_Exp_1__TrailingStop.mq4:301]
Order selected : 5245749
OrderType() = 0 / OP_BUY
OrderOpenPrice() = 124.456
OrderClosePrice() = 124.459
OrderTakeProfit() = 124.485
OrderStopLoss() = 124.425
Close - SL = 0.03400000000000603

[2019.02.07 21:39:04 / ea_Exp_1__TrailingStop.mq4:323]
OrderType ==> buy

[2019.02.07 21:39:04 / ea_Exp_1__TrailingStop.mq4:368]
TrailingStop_Threshold : 124.465

price_Close : 124.459

Close - Threshold : -0.006

cond_Exec_Trailing : false


[2019.02.07 21:39:04 / ea_Exp_1__TrailingStop.mq4:174]
diff_Latest >= 0 (0.015) (2019.02.07 14:38)
[2019.02.07 21:40:05 / ea_Exp_1__TrailingStop.mq4:136]
new bar (tick = 18797) (period = 1 / symbol = EURJPY_)
[2019.02.07 21:40:05 / ea_Exp_1__TrailingStop.mq4:219]
//test_TrailingStop ------------------

[2019.02.07 21:40:05 / ea_Exp_1__TrailingStop.mq4:241]
OrdersTotal() >= 1 (total =1)

[2019.02.07 21:40:05 / ea_Exp_1__TrailingStop.mq4:301]
Order selected : 5245749
OrderType() = 0 / OP_BUY
OrderOpenPrice() = 124.456
OrderClosePrice() = 124.442
OrderTakeProfit() = 124.485
OrderStopLoss() = 124.425
Close - SL = 0.01699999999999591

[2019.02.07 21:40:05 / ea_Exp_1__TrailingStop.mq4:323]
OrderType ==> buy

[2019.02.07 21:40:05 / ea_Exp_1__TrailingStop.mq4:368]
TrailingStop_Threshold : 124.465

price_Close : 124.442

Close - Threshold : -0.023

cond_Exec_Trailing : false


[2019.02.07 21:40:05 / ea_Exp_1__TrailingStop.mq4:191]
diff_Latest < 0 (-0.01800000000000068) (2019.02.07 14:39)
[2019.02.07 21:41:03 / ea_Exp_1__TrailingStop.mq4:136]
new bar (tick = 18956) (period = 1 / symbol = EURJPY_)
[2019.02.07 21:41:03 / ea_Exp_1__TrailingStop.mq4:219]
//test_TrailingStop ------------------

[2019.02.07 21:41:03 / ea_Exp_1__TrailingStop.mq4:241]
OrdersTotal() >= 1 (total =1)

[2019.02.07 21:41:03 / ea_Exp_1__TrailingStop.mq4:301]
Order selected : 5245749
OrderType() = 0 / OP_BUY
OrderOpenPrice() = 124.456
OrderClosePrice() = 124.447
OrderTakeProfit() = 124.485
OrderStopLoss() = 124.425
Close - SL = 0.02200000000000557

[2019.02.07 21:41:03 / ea_Exp_1__TrailingStop.mq4:323]
OrderType ==> buy

[2019.02.07 21:41:03 / ea_Exp_1__TrailingStop.mq4:368]
TrailingStop_Threshold : 124.465

price_Close : 124.447

Close - Threshold : -0.018

cond_Exec_Trailing : false


[2019.02.07 21:41:03 / ea_Exp_1__TrailingStop.mq4:174]
diff_Latest >= 0 (0.006) (2019.02.07 14:40)
[2019.02.07 21:42:03 / ea_Exp_1__TrailingStop.mq4:136]
new bar (tick = 19103) (period = 1 / symbol = EURJPY_)
[2019.02.07 21:42:03 / ea_Exp_1__TrailingStop.mq4:219]
//test_TrailingStop ------------------

[2019.02.07 21:42:03 / ea_Exp_1__TrailingStop.mq4:241]
OrdersTotal() >= 1 (total =1)

[2019.02.07 21:42:03 / ea_Exp_1__TrailingStop.mq4:301]
Order selected : 5245749
OrderType() = 0 / OP_BUY
OrderOpenPrice() = 124.456
OrderClosePrice() = 124.459
OrderTakeProfit() = 124.485
OrderStopLoss() = 124.425
Close - SL = 0.03400000000000603

[2019.02.07 21:42:03 / ea_Exp_1__TrailingStop.mq4:323]
OrderType ==> buy

[2019.02.07 21:42:03 / ea_Exp_1__TrailingStop.mq4:368]
TrailingStop_Threshold : 124.465

price_Close : 124.459

Close - Threshold : -0.006

cond_Exec_Trailing : false


[2019.02.07 21:42:03 / ea_Exp_1__TrailingStop.mq4:174]
diff_Latest >= 0 (0.01) (2019.02.07 14:41)
[2019.02.07 21:43:03 / ea_Exp_1__TrailingStop.mq4:136]
new bar (tick = 19449) (period = 1 / symbol = EURJPY_)
[2019.02.07 21:43:03 / ea_Exp_1__TrailingStop.mq4:219]
//test_TrailingStop ------------------

[2019.02.07 21:43:03 / ea_Exp_1__TrailingStop.mq4:529]
diff_Latest ==> DOWN (-0.039)

[2019.02.07 21:43:03 / ea_Exp_1__TrailingStop.mq4:570]
(j3 : N : 1) num_Ticket (sell) : 5245765

[2019.02.07 21:43:03 / ea_Exp_1__TrailingStop.mq4:191]
diff_Latest < 0 (-0.03899999999998727) (2019.02.07 14:42)
