[2019.02.08 15:38:11 / ea_Exp_1__TrailingStop.mq4:700]
Num (string): 0.12345678
Num (NormalizeDouble, 2): 0.12
Digits() : 3
Point : 0.001

[2019.02.08 15:38:11 / ea_Exp_1__TrailingStop.mq4:719]
OP_BUY : 0
OP_SELL : 1

[2019.02.08 15:38:11 / ea_Exp_1__TrailingStop.mq4:757]
Level_TakeProfit => 124.444 / Level_StopLoss => 124.384
Point = 0.001
Bid = 124.404
MyPoint * 10 * _TheTakeProfit (NormalizeDouble, digits=2) = 0
MyPoint * 10 * _TheStopLoss (NormalizeDouble, digits=2) = 0
_TheTakeProfit = 0.04
_TheStopLoss = 0.02
[2019.02.08 15:38:11 / ea_Exp_1__TrailingStop.mq4:801]
Point (USDJPY) = 0.001

Point (EURJPY) = 0.001

Point (EURUSD) = 0.001

[2019.02.08 15:38:11 / ea_Exp_1__TrailingStop.mq4:840]
show_OrderData()----------------

OrdersTotal : 0

[2019.02.08 15:38:11 / ea_Exp_1__TrailingStop.mq4:700]
Num (string): 0.12345678
Num (NormalizeDouble, 2): 0.12
Digits() : 3
Point : 0.001

[2019.02.08 15:38:11 / ea_Exp_1__TrailingStop.mq4:719]
OP_BUY : 0
OP_SELL : 1

[2019.02.08 15:38:11 / ea_Exp_1__TrailingStop.mq4:757]
Level_TakeProfit => 109.758 / Level_StopLoss => 109.698
Point = 0.001
Bid = 109.718
MyPoint * 10 * _TheTakeProfit (NormalizeDouble, digits=2) = 0
MyPoint * 10 * _TheStopLoss (NormalizeDouble, digits=2) = 0
_TheTakeProfit = 0.04
_TheStopLoss = 0.02
[2019.02.08 15:38:11 / ea_Exp_1__TrailingStop.mq4:801]
Point (USDJPY) = 0.001

Point (EURJPY) = 0.001

Point (EURUSD) = 0.001

[2019.02.08 15:38:11 / ea_Exp_1__TrailingStop.mq4:840]
show_OrderData()----------------

OrdersTotal : 0

[2019.02.08 15:38:11 / ea_Exp_1__TrailingStop.mq4:700]
Num (string): 0.12345678
Num (NormalizeDouble, 2): 0.12
Digits() : 5
Point : 1e-05

[2019.02.08 15:38:11 / ea_Exp_1__TrailingStop.mq4:719]
OP_BUY : 0
OP_SELL : 1

[2019.02.08 15:38:11 / ea_Exp_1__TrailingStop.mq4:757]
Level_TakeProfit => 1.17374 / Level_StopLoss => 1.11374
Point = 1e-05
Bid = 1.13374
MyPoint * 10 * _TheTakeProfit (NormalizeDouble, digits=2) = 0
MyPoint * 10 * _TheStopLoss (NormalizeDouble, digits=2) = 0
_TheTakeProfit = 0.04
_TheStopLoss = 0.02
[2019.02.08 15:38:11 / ea_Exp_1__TrailingStop.mq4:801]
Point (USDJPY) = 1e-05

Point (EURJPY) = 1e-05

Point (EURUSD) = 1e-05

[2019.02.08 15:38:11 / ea_Exp_1__TrailingStop.mq4:840]
show_OrderData()----------------

OrdersTotal : 0

[2019.02.08 15:38:11 / ea_Exp_1__TrailingStop.mq4:700]
Num (string): 0.12345678
Num (NormalizeDouble, 2): 0.12
Digits() : 3
Point : 0.001

[2019.02.08 15:38:11 / ea_Exp_1__TrailingStop.mq4:719]
OP_BUY : 0
OP_SELL : 1

[2019.02.08 15:38:11 / ea_Exp_1__TrailingStop.mq4:757]
Level_TakeProfit => 124.444 / Level_StopLoss => 124.384
Point = 0.001
Bid = 124.404
MyPoint * 10 * _TheTakeProfit (NormalizeDouble, digits=2) = 0
MyPoint * 10 * _TheStopLoss (NormalizeDouble, digits=2) = 0
_TheTakeProfit = 0.04
_TheStopLoss = 0.02
[2019.02.08 15:38:11 / ea_Exp_1__TrailingStop.mq4:801]
Point (USDJPY) = 0.001

Point (EURJPY) = 0.001

Point (EURUSD) = 0.001

[2019.02.08 15:38:11 / ea_Exp_1__TrailingStop.mq4:840]
show_OrderData()----------------

OrdersTotal : 0

[2019.02.08 15:38:11 / ea_Exp_1__TrailingStop.mq4:700]
Num (string): 0.12345678
Num (NormalizeDouble, 2): 0.12
Digits() : 5
Point : 1e-05

[2019.02.08 15:38:11 / ea_Exp_1__TrailingStop.mq4:719]
OP_BUY : 0
OP_SELL : 1

[2019.02.08 15:38:11 / ea_Exp_1__TrailingStop.mq4:757]
Level_TakeProfit => 1.17374 / Level_StopLoss => 1.11374
Point = 1e-05
Bid = 1.13374
MyPoint * 10 * _TheTakeProfit (NormalizeDouble, digits=2) = 0
MyPoint * 10 * _TheStopLoss (NormalizeDouble, digits=2) = 0
_TheTakeProfit = 0.04
_TheStopLoss = 0.02
[2019.02.08 15:38:11 / ea_Exp_1__TrailingStop.mq4:801]
Point (USDJPY) = 1e-05

Point (EURJPY) = 1e-05

Point (EURUSD) = 1e-05

[2019.02.08 15:38:11 / ea_Exp_1__TrailingStop.mq4:840]
show_OrderData()----------------

OrdersTotal : 0

[2019.02.08 15:38:11 / ea_Exp_1__TrailingStop.mq4:700]
Num (string): 0.12345678
Num (NormalizeDouble, 2): 0.12
Digits() : 3
Point : 0.001

[2019.02.08 15:38:11 / ea_Exp_1__TrailingStop.mq4:719]
OP_BUY : 0
OP_SELL : 1

[2019.02.08 15:38:11 / ea_Exp_1__TrailingStop.mq4:757]
Level_TakeProfit => 124.444 / Level_StopLoss => 124.384
Point = 0.001
Bid = 124.404
MyPoint * 10 * _TheTakeProfit (NormalizeDouble, digits=2) = 0
MyPoint * 10 * _TheStopLoss (NormalizeDouble, digits=2) = 0
_TheTakeProfit = 0.04
_TheStopLoss = 0.02
[2019.02.08 15:38:11 / ea_Exp_1__TrailingStop.mq4:801]
Point (USDJPY) = 0.001

Point (EURJPY) = 0.001

Point (EURUSD) = 0.001

[2019.02.08 15:38:11 / ea_Exp_1__TrailingStop.mq4:840]
show_OrderData()----------------

OrdersTotal : 0

[2019.02.08 15:38:11 / ea_Exp_1__TrailingStop.mq4:700]
Num (string): 0.12345678
Num (NormalizeDouble, 2): 0.12
Digits() : 5
Point : 1e-05

[2019.02.08 15:38:11 / ea_Exp_1__TrailingStop.mq4:719]
OP_BUY : 0
OP_SELL : 1

[2019.02.08 15:38:11 / ea_Exp_1__TrailingStop.mq4:757]
Level_TakeProfit => 1.17374 / Level_StopLoss => 1.11374
Point = 1e-05
Bid = 1.13374
MyPoint * 10 * _TheTakeProfit (NormalizeDouble, digits=2) = 0
MyPoint * 10 * _TheStopLoss (NormalizeDouble, digits=2) = 0
_TheTakeProfit = 0.04
_TheStopLoss = 0.02
[2019.02.08 15:38:11 / ea_Exp_1__TrailingStop.mq4:801]
Point (USDJPY) = 1e-05

Point (EURJPY) = 1e-05

Point (EURUSD) = 1e-05

[2019.02.08 15:38:11 / ea_Exp_1__TrailingStop.mq4:840]
show_OrderData()----------------

OrdersTotal : 0

[2019.02.08 15:38:11 / ea_Exp_1__TrailingStop.mq4:700]
Num (string): 0.12345678
Num (NormalizeDouble, 2): 0.12
Digits() : 3
Point : 0.001

[2019.02.08 15:38:11 / ea_Exp_1__TrailingStop.mq4:719]
OP_BUY : 0
OP_SELL : 1

[2019.02.08 15:38:11 / ea_Exp_1__TrailingStop.mq4:757]
Level_TakeProfit => 124.444 / Level_StopLoss => 124.384
Point = 0.001
Bid = 124.404
MyPoint * 10 * _TheTakeProfit (NormalizeDouble, digits=2) = 0
MyPoint * 10 * _TheStopLoss (NormalizeDouble, digits=2) = 0
_TheTakeProfit = 0.04
_TheStopLoss = 0.02
[2019.02.08 15:38:11 / ea_Exp_1__TrailingStop.mq4:801]
Point (USDJPY) = 0.001

Point (EURJPY) = 0.001

Point (EURUSD) = 0.001

[2019.02.08 15:38:11 / ea_Exp_1__TrailingStop.mq4:840]
show_OrderData()----------------

OrdersTotal : 0

[2019.02.08 15:38:11 / ea_Exp_1__TrailingStop.mq4:700]
Num (string): 0.12345678
Num (NormalizeDouble, 2): 0.12
Digits() : 5
Point : 1e-05

[2019.02.08 15:38:11 / ea_Exp_1__TrailingStop.mq4:719]
OP_BUY : 0
OP_SELL : 1

[2019.02.08 15:38:11 / ea_Exp_1__TrailingStop.mq4:757]
Level_TakeProfit => 1.17374 / Level_StopLoss => 1.11374
Point = 1e-05
Bid = 1.13374
MyPoint * 10 * _TheTakeProfit (NormalizeDouble, digits=2) = 0
MyPoint * 10 * _TheStopLoss (NormalizeDouble, digits=2) = 0
_TheTakeProfit = 0.04
_TheStopLoss = 0.02
[2019.02.08 15:38:11 / ea_Exp_1__TrailingStop.mq4:801]
Point (USDJPY) = 1e-05

Point (EURJPY) = 1e-05

Point (EURUSD) = 1e-05

[2019.02.08 15:38:11 / ea_Exp_1__TrailingStop.mq4:840]
show_OrderData()----------------

OrdersTotal : 0

[2019.02.08 15:38:11 / ea_Exp_1__TrailingStop.mq4:700]
Num (string): 0.12345678
Num (NormalizeDouble, 2): 0.12
Digits() : 3
Point : 0.001

[2019.02.08 15:38:11 / ea_Exp_1__TrailingStop.mq4:719]
OP_BUY : 0
OP_SELL : 1

[2019.02.08 15:38:11 / ea_Exp_1__TrailingStop.mq4:757]
Level_TakeProfit => 124.444 / Level_StopLoss => 124.384
Point = 0.001
Bid = 124.404
MyPoint * 10 * _TheTakeProfit (NormalizeDouble, digits=2) = 0
MyPoint * 10 * _TheStopLoss (NormalizeDouble, digits=2) = 0
_TheTakeProfit = 0.04
_TheStopLoss = 0.02
[2019.02.08 15:38:11 / ea_Exp_1__TrailingStop.mq4:801]
Point (USDJPY) = 0.001

Point (EURJPY) = 0.001

Point (EURUSD) = 0.001

[2019.02.08 15:38:11 / ea_Exp_1__TrailingStop.mq4:840]
show_OrderData()----------------

OrdersTotal : 0

[2019.02.08 15:38:11 / ea_Exp_1__TrailingStop.mq4:700]
Num (string): 0.12345678
Num (NormalizeDouble, 2): 0.12
Digits() : 5
Point : 1e-05

[2019.02.08 15:38:11 / ea_Exp_1__TrailingStop.mq4:719]
OP_BUY : 0
OP_SELL : 1

[2019.02.08 15:38:11 / ea_Exp_1__TrailingStop.mq4:757]
Level_TakeProfit => 1.17374 / Level_StopLoss => 1.11374
Point = 1e-05
Bid = 1.13374
MyPoint * 10 * _TheTakeProfit (NormalizeDouble, digits=2) = 0
MyPoint * 10 * _TheStopLoss (NormalizeDouble, digits=2) = 0
_TheTakeProfit = 0.04
_TheStopLoss = 0.02
[2019.02.08 15:38:11 / ea_Exp_1__TrailingStop.mq4:801]
Point (USDJPY) = 1e-05

Point (EURJPY) = 1e-05

Point (EURUSD) = 1e-05

[2019.02.08 15:38:11 / ea_Exp_1__TrailingStop.mq4:840]
show_OrderData()----------------

OrdersTotal : 0

[2019.02.08 15:38:11 / ea_Exp_1__TrailingStop.mq4:700]
Num (string): 0.12345678
Num (NormalizeDouble, 2): 0.12
Digits() : 3
Point : 0.001

[2019.02.08 15:38:11 / ea_Exp_1__TrailingStop.mq4:719]
OP_BUY : 0
OP_SELL : 1

[2019.02.08 15:38:11 / ea_Exp_1__TrailingStop.mq4:757]
Level_TakeProfit => 124.444 / Level_StopLoss => 124.384
Point = 0.001
Bid = 124.404
MyPoint * 10 * _TheTakeProfit (NormalizeDouble, digits=2) = 0
MyPoint * 10 * _TheStopLoss (NormalizeDouble, digits=2) = 0
_TheTakeProfit = 0.04
_TheStopLoss = 0.02
[2019.02.08 15:38:11 / ea_Exp_1__TrailingStop.mq4:801]
Point (USDJPY) = 0.001

Point (EURJPY) = 0.001

Point (EURUSD) = 0.001

[2019.02.08 15:38:11 / ea_Exp_1__TrailingStop.mq4:840]
show_OrderData()----------------

OrdersTotal : 0

[2019.02.08 15:38:11 / ea_Exp_1__TrailingStop.mq4:700]
Num (string): 0.12345678
Num (NormalizeDouble, 2): 0.12
Digits() : 3
Point : 0.001

[2019.02.08 15:38:11 / ea_Exp_1__TrailingStop.mq4:719]
OP_BUY : 0
OP_SELL : 1

[2019.02.08 15:38:11 / ea_Exp_1__TrailingStop.mq4:757]
Level_TakeProfit => 109.758 / Level_StopLoss => 109.698
Point = 0.001
Bid = 109.718
MyPoint * 10 * _TheTakeProfit (NormalizeDouble, digits=2) = 0
MyPoint * 10 * _TheStopLoss (NormalizeDouble, digits=2) = 0
_TheTakeProfit = 0.04
_TheStopLoss = 0.02
[2019.02.08 15:38:12 / ea_Exp_1__TrailingStop.mq4:801]
Point (USDJPY) = 0.001

Point (EURJPY) = 0.001

Point (EURUSD) = 0.001

[2019.02.08 15:38:12 / ea_Exp_1__TrailingStop.mq4:840]
show_OrderData()----------------

OrdersTotal : 0

[2019.02.08 15:38:12 / ea_Exp_1__TrailingStop.mq4:700]
Num (string): 0.12345678
Num (NormalizeDouble, 2): 0.12
Digits() : 3
Point : 0.001

[2019.02.08 15:38:12 / ea_Exp_1__TrailingStop.mq4:719]
OP_BUY : 0
OP_SELL : 1

[2019.02.08 15:38:12 / ea_Exp_1__TrailingStop.mq4:757]
Level_TakeProfit => 124.444 / Level_StopLoss => 124.384
Point = 0.001
Bid = 124.404
MyPoint * 10 * _TheTakeProfit (NormalizeDouble, digits=2) = 0
MyPoint * 10 * _TheStopLoss (NormalizeDouble, digits=2) = 0
_TheTakeProfit = 0.04
_TheStopLoss = 0.02
[2019.02.08 15:38:12 / ea_Exp_1__TrailingStop.mq4:801]
Point (USDJPY) = 0.001

Point (EURJPY) = 0.001

Point (EURUSD) = 0.001

[2019.02.08 15:38:12 / ea_Exp_1__TrailingStop.mq4:840]
show_OrderData()----------------

OrdersTotal : 0

[2019.02.08 15:38:12 / ea_Exp_1__TrailingStop.mq4:700]
Num (string): 0.12345678
Num (NormalizeDouble, 2): 0.12
Digits() : 5
Point : 1e-05

[2019.02.08 15:38:12 / ea_Exp_1__TrailingStop.mq4:719]
OP_BUY : 0
OP_SELL : 1

[2019.02.08 15:38:12 / ea_Exp_1__TrailingStop.mq4:757]
Level_TakeProfit => 1.17374 / Level_StopLoss => 1.11374
Point = 1e-05
Bid = 1.13374
MyPoint * 10 * _TheTakeProfit (NormalizeDouble, digits=2) = 0
MyPoint * 10 * _TheStopLoss (NormalizeDouble, digits=2) = 0
_TheTakeProfit = 0.04
_TheStopLoss = 0.02
[2019.02.08 15:38:12 / ea_Exp_1__TrailingStop.mq4:801]
Point (USDJPY) = 1e-05

Point (EURJPY) = 1e-05

Point (EURUSD) = 1e-05

[2019.02.08 15:38:12 / ea_Exp_1__TrailingStop.mq4:840]
show_OrderData()----------------

OrdersTotal : 0

[2019.02.08 15:38:12 / ea_Exp_1__TrailingStop.mq4:700]
Num (string): 0.12345678
Num (NormalizeDouble, 2): 0.12
Digits() : 3
Point : 0.001

[2019.02.08 15:38:12 / ea_Exp_1__TrailingStop.mq4:719]
OP_BUY : 0
OP_SELL : 1

[2019.02.08 15:38:12 / ea_Exp_1__TrailingStop.mq4:757]
Level_TakeProfit => 124.444 / Level_StopLoss => 124.384
Point = 0.001
Bid = 124.404
MyPoint * 10 * _TheTakeProfit (NormalizeDouble, digits=2) = 0
MyPoint * 10 * _TheStopLoss (NormalizeDouble, digits=2) = 0
_TheTakeProfit = 0.04
_TheStopLoss = 0.02
[2019.02.08 15:38:12 / ea_Exp_1__TrailingStop.mq4:801]
Point (USDJPY) = 0.001

Point (EURJPY) = 0.001

Point (EURUSD) = 0.001

[2019.02.08 15:38:12 / ea_Exp_1__TrailingStop.mq4:840]
show_OrderData()----------------

OrdersTotal : 0

[2019.02.08 15:38:12 / ea_Exp_1__TrailingStop.mq4:700]
Num (string): 0.12345678
Num (NormalizeDouble, 2): 0.12
Digits() : 5
Point : 1e-05

[2019.02.08 15:38:12 / ea_Exp_1__TrailingStop.mq4:719]
OP_BUY : 0
OP_SELL : 1

[2019.02.08 15:38:12 / ea_Exp_1__TrailingStop.mq4:757]
Level_TakeProfit => 1.17374 / Level_StopLoss => 1.11374
Point = 1e-05
Bid = 1.13374
MyPoint * 10 * _TheTakeProfit (NormalizeDouble, digits=2) = 0
MyPoint * 10 * _TheStopLoss (NormalizeDouble, digits=2) = 0
_TheTakeProfit = 0.04
_TheStopLoss = 0.02
[2019.02.08 15:38:12 / ea_Exp_1__TrailingStop.mq4:801]
Point (USDJPY) = 1e-05

Point (EURJPY) = 1e-05

Point (EURUSD) = 1e-05

[2019.02.08 15:38:12 / ea_Exp_1__TrailingStop.mq4:840]
show_OrderData()----------------

OrdersTotal : 0

[2019.02.08 15:38:12 / ea_Exp_1__TrailingStop.mq4:700]
Num (string): 0.12345678
Num (NormalizeDouble, 2): 0.12
Digits() : 3
Point : 0.001

[2019.02.08 15:38:12 / ea_Exp_1__TrailingStop.mq4:719]
OP_BUY : 0
OP_SELL : 1

[2019.02.08 15:38:12 / ea_Exp_1__TrailingStop.mq4:757]
Level_TakeProfit => 124.444 / Level_StopLoss => 124.384
Point = 0.001
Bid = 124.404
MyPoint * 10 * _TheTakeProfit (NormalizeDouble, digits=2) = 0
MyPoint * 10 * _TheStopLoss (NormalizeDouble, digits=2) = 0
_TheTakeProfit = 0.04
_TheStopLoss = 0.02
[2019.02.08 15:38:12 / ea_Exp_1__TrailingStop.mq4:801]
Point (USDJPY) = 0.001

Point (EURJPY) = 0.001

Point (EURUSD) = 0.001

[2019.02.08 15:38:12 / ea_Exp_1__TrailingStop.mq4:840]
show_OrderData()----------------

OrdersTotal : 0

[2019.02.08 15:38:12 / ea_Exp_1__TrailingStop.mq4:700]
Num (string): 0.12345678
Num (NormalizeDouble, 2): 0.12
Digits() : 5
Point : 1e-05

[2019.02.08 15:38:12 / ea_Exp_1__TrailingStop.mq4:719]
OP_BUY : 0
OP_SELL : 1

[2019.02.08 15:38:12 / ea_Exp_1__TrailingStop.mq4:757]
Level_TakeProfit => 1.17374 / Level_StopLoss => 1.11374
Point = 1e-05
Bid = 1.13374
MyPoint * 10 * _TheTakeProfit (NormalizeDouble, digits=2) = 0
MyPoint * 10 * _TheStopLoss (NormalizeDouble, digits=2) = 0
_TheTakeProfit = 0.04
_TheStopLoss = 0.02
[2019.02.08 15:38:12 / ea_Exp_1__TrailingStop.mq4:801]
Point (USDJPY) = 1e-05

Point (EURJPY) = 1e-05

Point (EURUSD) = 1e-05

[2019.02.08 15:38:12 / ea_Exp_1__TrailingStop.mq4:840]
show_OrderData()----------------

OrdersTotal : 0

[2019.02.08 15:38:12 / ea_Exp_1__TrailingStop.mq4:700]
Num (string): 0.12345678
Num (NormalizeDouble, 2): 0.12
Digits() : 3
Point : 0.001

[2019.02.08 15:38:12 / ea_Exp_1__TrailingStop.mq4:719]
OP_BUY : 0
OP_SELL : 1

[2019.02.08 15:38:12 / ea_Exp_1__TrailingStop.mq4:757]
Level_TakeProfit => 124.444 / Level_StopLoss => 124.384
Point = 0.001
Bid = 124.404
MyPoint * 10 * _TheTakeProfit (NormalizeDouble, digits=2) = 0
MyPoint * 10 * _TheStopLoss (NormalizeDouble, digits=2) = 0
_TheTakeProfit = 0.04
_TheStopLoss = 0.02
[2019.02.08 15:38:15 / ea_Exp_1__TrailingStop.mq4:801]
Point (USDJPY) = 0.001

Point (EURJPY) = 0.001

Point (EURUSD) = 0.001

[2019.02.08 15:38:15 / ea_Exp_1__TrailingStop.mq4:840]
show_OrderData()----------------

OrdersTotal : 0

[2019.02.08 15:38:17 / ea_Exp_1__TrailingStop.mq4:700]
Num (string): 0.12345678
Num (NormalizeDouble, 2): 0.12
Digits() : 3
Point : 0.001

[2019.02.08 15:38:17 / ea_Exp_1__TrailingStop.mq4:719]
OP_BUY : 0
OP_SELL : 1

[2019.02.08 15:38:17 / ea_Exp_1__TrailingStop.mq4:757]
Level_TakeProfit => 124.446 / Level_StopLoss => 124.386
Point = 0.001
Bid = 124.406
MyPoint * 10 * _TheTakeProfit (NormalizeDouble, digits=2) = 0
MyPoint * 10 * _TheStopLoss (NormalizeDouble, digits=2) = 0
_TheTakeProfit = 0.04
_TheStopLoss = 0.02
[2019.02.08 15:38:20 / ea_Exp_1__TrailingStop.mq4:801]
Point (USDJPY) = 0.001

Point (EURJPY) = 0.001

Point (EURUSD) = 0.001

[2019.02.08 15:38:20 / ea_Exp_1__TrailingStop.mq4:840]
show_OrderData()----------------

OrdersTotal : 0

[2019.02.08 15:38:22 / ea_Exp_1__TrailingStop.mq4:700]
Num (string): 0.12345678
Num (NormalizeDouble, 2): 0.12
Digits() : 3
Point : 0.001

[2019.02.08 15:38:22 / ea_Exp_1__TrailingStop.mq4:719]
OP_BUY : 0
OP_SELL : 1

[2019.02.08 15:38:22 / ea_Exp_1__TrailingStop.mq4:757]
Level_TakeProfit => 124.447 / Level_StopLoss => 124.387
Point = 0.001
Bid = 124.407
MyPoint * 10 * _TheTakeProfit (NormalizeDouble, digits=2) = 0
MyPoint * 10 * _TheStopLoss (NormalizeDouble, digits=2) = 0
_TheTakeProfit = 0.04
_TheStopLoss = 0.02
[2019.02.08 15:38:27 / ea_Exp_1__TrailingStop.mq4:801]
Point (USDJPY) = 0.001

Point (EURJPY) = 0.001

Point (EURUSD) = 0.001

[2019.02.08 15:38:27 / ea_Exp_1__TrailingStop.mq4:840]
show_OrderData()----------------

OrdersTotal : 0

[2019.02.08 15:38:28 / ea_Exp_1__TrailingStop.mq4:700]
Num (string): 0.12345678
Num (NormalizeDouble, 2): 0.12
Digits() : 3
Point : 0.001

[2019.02.08 15:38:28 / ea_Exp_1__TrailingStop.mq4:719]
OP_BUY : 0
OP_SELL : 1

[2019.02.08 15:38:28 / ea_Exp_1__TrailingStop.mq4:757]
Level_TakeProfit => 124.447 / Level_StopLoss => 124.387
Point = 0.001
Bid = 124.407
MyPoint * 10 * _TheTakeProfit (NormalizeDouble, digits=2) = 0
MyPoint * 10 * _TheStopLoss (NormalizeDouble, digits=2) = 0
_TheTakeProfit = 0.04
_TheStopLoss = 0.02
[2019.02.08 15:38:31 / ea_Exp_1__TrailingStop.mq4:801]
Point (USDJPY) = 0.001

Point (EURJPY) = 0.001

Point (EURUSD) = 0.001

[2019.02.08 15:38:31 / ea_Exp_1__TrailingStop.mq4:840]
show_OrderData()----------------

OrdersTotal : 0

[2019.02.08 15:38:33 / ea_Exp_1__TrailingStop.mq4:700]
Num (string): 0.12345678
Num (NormalizeDouble, 2): 0.12
Digits() : 3
Point : 0.001

[2019.02.08 15:38:33 / ea_Exp_1__TrailingStop.mq4:719]
OP_BUY : 0
OP_SELL : 1

[2019.02.08 15:38:33 / ea_Exp_1__TrailingStop.mq4:757]
Level_TakeProfit => 124.448 / Level_StopLoss => 124.388
Point = 0.001
Bid = 124.408
MyPoint * 10 * _TheTakeProfit (NormalizeDouble, digits=2) = 0
MyPoint * 10 * _TheStopLoss (NormalizeDouble, digits=2) = 0
_TheTakeProfit = 0.04
_TheStopLoss = 0.02
[2019.02.08 15:38:38 / ea_Exp_1__TrailingStop.mq4:801]
Point (USDJPY) = 0.001

Point (EURJPY) = 0.001

Point (EURUSD) = 0.001

[2019.02.08 15:38:38 / ea_Exp_1__TrailingStop.mq4:840]
show_OrderData()----------------

OrdersTotal : 0

[2019.02.08 15:38:39 / ea_Exp_1__TrailingStop.mq4:700]
Num (string): 0.12345678
Num (NormalizeDouble, 2): 0.12
Digits() : 3
Point : 0.001

[2019.02.08 15:38:39 / ea_Exp_1__TrailingStop.mq4:719]
OP_BUY : 0
OP_SELL : 1

[2019.02.08 15:38:39 / ea_Exp_1__TrailingStop.mq4:757]
Level_TakeProfit => 124.447 / Level_StopLoss => 124.387
Point = 0.001
Bid = 124.407
MyPoint * 10 * _TheTakeProfit (NormalizeDouble, digits=2) = 0
MyPoint * 10 * _TheStopLoss (NormalizeDouble, digits=2) = 0
_TheTakeProfit = 0.04
_TheStopLoss = 0.02
[2019.02.08 15:38:42 / ea_Exp_1__TrailingStop.mq4:801]
Point (USDJPY) = 0.001

Point (EURJPY) = 0.001

Point (EURUSD) = 0.001

[2019.02.08 15:38:42 / ea_Exp_1__TrailingStop.mq4:840]
show_OrderData()----------------

OrdersTotal : 0

[2019.02.08 15:38:44 / ea_Exp_1__TrailingStop.mq4:700]
Num (string): 0.12345678
Num (NormalizeDouble, 2): 0.12
Digits() : 3
Point : 0.001

[2019.02.08 15:38:44 / ea_Exp_1__TrailingStop.mq4:719]
OP_BUY : 0
OP_SELL : 1

[2019.02.08 15:38:44 / ea_Exp_1__TrailingStop.mq4:757]
Level_TakeProfit => 124.446 / Level_StopLoss => 124.386
Point = 0.001
Bid = 124.406
MyPoint * 10 * _TheTakeProfit (NormalizeDouble, digits=2) = 0
MyPoint * 10 * _TheStopLoss (NormalizeDouble, digits=2) = 0
_TheTakeProfit = 0.04
_TheStopLoss = 0.02
[2019.02.08 15:38:49 / ea_Exp_1__TrailingStop.mq4:801]
Point (USDJPY) = 0.001

Point (EURJPY) = 0.001

Point (EURUSD) = 0.001

[2019.02.08 15:38:49 / ea_Exp_1__TrailingStop.mq4:840]
show_OrderData()----------------

OrdersTotal : 0

[2019.02.08 15:38:50 / ea_Exp_1__TrailingStop.mq4:700]
Num (string): 0.12345678
Num (NormalizeDouble, 2): 0.12
Digits() : 3
Point : 0.001

[2019.02.08 15:38:50 / ea_Exp_1__TrailingStop.mq4:719]
OP_BUY : 0
OP_SELL : 1

[2019.02.08 15:38:50 / ea_Exp_1__TrailingStop.mq4:757]
Level_TakeProfit => 109.761 / Level_StopLoss => 109.701
Point = 0.001
Bid = 109.721
MyPoint * 10 * _TheTakeProfit (NormalizeDouble, digits=2) = 0
MyPoint * 10 * _TheStopLoss (NormalizeDouble, digits=2) = 0
_TheTakeProfit = 0.04
_TheStopLoss = 0.02
[2019.02.08 15:38:53 / ea_Exp_1__TrailingStop.mq4:801]
Point (USDJPY) = 0.001

Point (EURJPY) = 0.001

Point (EURUSD) = 0.001

[2019.02.08 15:38:53 / ea_Exp_1__TrailingStop.mq4:840]
show_OrderData()----------------

OrdersTotal : 0

[2019.02.08 15:38:55 / ea_Exp_1__TrailingStop.mq4:700]
Num (string): 0.12345678
Num (NormalizeDouble, 2): 0.12
Digits() : 3
Point : 0.001

[2019.02.08 15:38:55 / ea_Exp_1__TrailingStop.mq4:719]
OP_BUY : 0
OP_SELL : 1

[2019.02.08 15:38:55 / ea_Exp_1__TrailingStop.mq4:757]
Level_TakeProfit => 124.448 / Level_StopLoss => 124.388
Point = 0.001
Bid = 124.408
MyPoint * 10 * _TheTakeProfit (NormalizeDouble, digits=2) = 0
MyPoint * 10 * _TheStopLoss (NormalizeDouble, digits=2) = 0
_TheTakeProfit = 0.04
_TheStopLoss = 0.02
[2019.02.08 15:38:58 / ea_Exp_1__TrailingStop.mq4:801]
Point (USDJPY) = 0.001

Point (EURJPY) = 0.001

Point (EURUSD) = 0.001

[2019.02.08 15:38:58 / ea_Exp_1__TrailingStop.mq4:840]
show_OrderData()----------------

OrdersTotal : 0

[2019.02.08 15:39:00 / ea_Exp_1__TrailingStop.mq4:700]
Num (string): 0.12345678
Num (NormalizeDouble, 2): 0.12
Digits() : 5
Point : 1e-05

[2019.02.08 15:39:00 / ea_Exp_1__TrailingStop.mq4:719]
OP_BUY : 0
OP_SELL : 1

[2019.02.08 15:39:00 / ea_Exp_1__TrailingStop.mq4:757]
Level_TakeProfit => 1.17375 / Level_StopLoss => 1.11375
Point = 1e-05
Bid = 1.13375
MyPoint * 10 * _TheTakeProfit (NormalizeDouble, digits=2) = 0
MyPoint * 10 * _TheStopLoss (NormalizeDouble, digits=2) = 0
_TheTakeProfit = 0.04
_TheStopLoss = 0.02
[2019.02.08 15:39:03 / ea_Exp_1__TrailingStop.mq4:801]
Point (USDJPY) = 1e-05

Point (EURJPY) = 1e-05

Point (EURUSD) = 1e-05

[2019.02.08 15:39:03 / ea_Exp_1__TrailingStop.mq4:840]
show_OrderData()----------------

OrdersTotal : 0

[2019.02.08 15:39:05 / ea_Exp_1__TrailingStop.mq4:700]
Num (string): 0.12345678
Num (NormalizeDouble, 2): 0.12
Digits() : 3
Point : 0.001

[2019.02.08 15:39:05 / ea_Exp_1__TrailingStop.mq4:719]
OP_BUY : 0
OP_SELL : 1

[2019.02.08 15:39:05 / ea_Exp_1__TrailingStop.mq4:757]
Level_TakeProfit => 124.442 / Level_StopLoss => 124.382
Point = 0.001
Bid = 124.402
MyPoint * 10 * _TheTakeProfit (NormalizeDouble, digits=2) = 0
MyPoint * 10 * _TheStopLoss (NormalizeDouble, digits=2) = 0
_TheTakeProfit = 0.04
_TheStopLoss = 0.02
[2019.02.08 15:39:08 / ea_Exp_1__TrailingStop.mq4:801]
Point (USDJPY) = 0.001

Point (EURJPY) = 0.001

Point (EURUSD) = 0.001

[2019.02.08 15:39:08 / ea_Exp_1__TrailingStop.mq4:840]
show_OrderData()----------------

OrdersTotal : 0

