[2019.02.05 17:42:17 / ea_Exp_1__TrailingStop.mq4:700]
Num (string): 0.12345678
Num (NormalizeDouble, 2): 0.12
Digits() : 3
Point : 0.001

[2019.02.05 17:42:18 / ea_Exp_1__TrailingStop.mq4:719]
OP_BUY : 0
OP_SELL : 1

[2019.02.05 17:42:18 / ea_Exp_1__TrailingStop.mq4:757]
Level_TakeProfit => 125.459 / Level_StopLoss => 125.399
Point = 0.001
Bid = 125.419
MyPoint * 10 * _TheTakeProfit (NormalizeDouble, digits=2) = 0
MyPoint * 10 * _TheStopLoss (NormalizeDouble, digits=2) = 0
_TheTakeProfit = 0.04
_TheStopLoss = 0.02
[2019.02.05 17:42:18 / ea_Exp_1__TrailingStop.mq4:801]
Point (USDJPY) = 0.001

Point (EURJPY) = 0.001

Point (EURUSD) = 0.001

[2019.02.05 17:42:18 / ea_Exp_1__TrailingStop.mq4:840]
show_OrderData()----------------

OrdersTotal : 0

[2019.02.05 17:43:03 / ea_Exp_1__TrailingStop.mq4:136]
new bar (tick = 91) (period = 1 / symbol = EURJPY_)
[2019.02.05 17:43:03 / ea_Exp_1__TrailingStop.mq4:219]
//test_TrailingStop ------------------

[2019.02.05 17:43:03 / ea_Exp_1__TrailingStop.mq4:529]
diff_Latest ==> DOWN (-0.004)

[2019.02.05 17:43:03 / ea_Exp_1__TrailingStop.mq4:570]
(j3 : N : 1) num_Ticket (sell) : 5240592

[2019.02.05 17:43:03 / ea_Exp_1__TrailingStop.mq4:191]
diff_Latest < 0 (-0.004000000000004889) (2019.02.05 10:42)
[2019.02.05 17:44:01 / ea_Exp_1__TrailingStop.mq4:136]
new bar (tick = 189) (period = 1 / symbol = EURJPY_)
[2019.02.05 17:44:01 / ea_Exp_1__TrailingStop.mq4:219]
//test_TrailingStop ------------------

[2019.02.05 17:44:01 / ea_Exp_1__TrailingStop.mq4:241]
OrdersTotal() >= 1 (total =1)

[2019.02.05 17:44:01 / ea_Exp_1__TrailingStop.mq4:301]
Order selected : 5240592
OrderType() = 1 / OP_SELL
OrderOpenPrice() = 125.424
OrderClosePrice() = 125.438
OrderTakeProfit() = 125.394
OrderStopLoss() = 125.454
Close - SL = -0.01599999999999113

[2019.02.05 17:44:01 / ea_Exp_1__TrailingStop.mq4:341]
OrderType ==> sell

[2019.02.05 17:44:01 / ea_Exp_1__TrailingStop.mq4:368]
TrailingStop_Threshold : 125.414

price_Close : 125.438

Close - Threshold : 0.024

cond_Exec_Trailing : false


[2019.02.05 17:44:01 / ea_Exp_1__TrailingStop.mq4:174]
diff_Latest >= 0 (0.005) (2019.02.05 10:43)
[2019.02.05 17:45:01 / ea_Exp_1__TrailingStop.mq4:136]
new bar (tick = 296) (period = 1 / symbol = EURJPY_)
[2019.02.05 17:45:01 / ea_Exp_1__TrailingStop.mq4:219]
//test_TrailingStop ------------------

[2019.02.05 17:45:01 / ea_Exp_1__TrailingStop.mq4:241]
OrdersTotal() >= 1 (total =1)

[2019.02.05 17:45:01 / ea_Exp_1__TrailingStop.mq4:301]
Order selected : 5240592
OrderType() = 1 / OP_SELL
OrderOpenPrice() = 125.424
OrderClosePrice() = 125.44
OrderTakeProfit() = 125.394
OrderStopLoss() = 125.454
Close - SL = -0.01399999999999579

[2019.02.05 17:45:01 / ea_Exp_1__TrailingStop.mq4:341]
OrderType ==> sell

[2019.02.05 17:45:01 / ea_Exp_1__TrailingStop.mq4:368]
TrailingStop_Threshold : 125.414

price_Close : 125.44

Close - Threshold : 0.026

cond_Exec_Trailing : false


[2019.02.05 17:45:01 / ea_Exp_1__TrailingStop.mq4:191]
diff_Latest < 0 (-0.003000000000000114) (2019.02.05 10:44)
[2019.02.05 17:46:02 / ea_Exp_1__TrailingStop.mq4:136]
new bar (tick = 550) (period = 1 / symbol = EURJPY_)
[2019.02.05 17:46:02 / ea_Exp_1__TrailingStop.mq4:219]
//test_TrailingStop ------------------

[2019.02.05 17:46:02 / ea_Exp_1__TrailingStop.mq4:241]
OrdersTotal() >= 1 (total =1)

[2019.02.05 17:46:02 / ea_Exp_1__TrailingStop.mq4:301]
Order selected : 5240592
OrderType() = 1 / OP_SELL
OrderOpenPrice() = 125.424
OrderClosePrice() = 125.427
OrderTakeProfit() = 125.394
OrderStopLoss() = 125.454
Close - SL = -0.02699999999998681

[2019.02.05 17:46:02 / ea_Exp_1__TrailingStop.mq4:341]
OrderType ==> sell

[2019.02.05 17:46:02 / ea_Exp_1__TrailingStop.mq4:368]
TrailingStop_Threshold : 125.414

price_Close : 125.427

Close - Threshold : 0.013

cond_Exec_Trailing : false


[2019.02.05 17:46:02 / ea_Exp_1__TrailingStop.mq4:191]
diff_Latest < 0 (-0.007999999999995566) (2019.02.05 10:45)
[2019.02.05 17:47:07 / ea_Exp_1__TrailingStop.mq4:136]
new bar (tick = 652) (period = 1 / symbol = EURJPY_)
[2019.02.05 17:47:07 / ea_Exp_1__TrailingStop.mq4:219]
//test_TrailingStop ------------------

[2019.02.05 17:47:07 / ea_Exp_1__TrailingStop.mq4:241]
OrdersTotal() >= 1 (total =1)

[2019.02.05 17:47:07 / ea_Exp_1__TrailingStop.mq4:301]
Order selected : 5240592
OrderType() = 1 / OP_SELL
OrderOpenPrice() = 125.424
OrderClosePrice() = 125.424
OrderTakeProfit() = 125.394
OrderStopLoss() = 125.454
Close - SL = -0.02999999999998693

[2019.02.05 17:47:07 / ea_Exp_1__TrailingStop.mq4:341]
OrderType ==> sell

[2019.02.05 17:47:07 / ea_Exp_1__TrailingStop.mq4:368]
TrailingStop_Threshold : 125.414

price_Close : 125.424

Close - Threshold : 0.01

cond_Exec_Trailing : false


[2019.02.05 17:47:07 / ea_Exp_1__TrailingStop.mq4:191]
diff_Latest < 0 (-0.001000000000004775) (2019.02.05 10:46)
[2019.02.05 17:48:02 / ea_Exp_1__TrailingStop.mq4:136]
new bar (tick = 762) (period = 1 / symbol = EURJPY_)
[2019.02.05 17:48:02 / ea_Exp_1__TrailingStop.mq4:219]
//test_TrailingStop ------------------

[2019.02.05 17:48:02 / ea_Exp_1__TrailingStop.mq4:241]
OrdersTotal() >= 1 (total =1)

[2019.02.05 17:48:02 / ea_Exp_1__TrailingStop.mq4:301]
Order selected : 5240592
OrderType() = 1 / OP_SELL
OrderOpenPrice() = 125.424
OrderClosePrice() = 125.433
OrderTakeProfit() = 125.394
OrderStopLoss() = 125.454
Close - SL = -0.02099999999998658

[2019.02.05 17:48:02 / ea_Exp_1__TrailingStop.mq4:341]
OrderType ==> sell

[2019.02.05 17:48:02 / ea_Exp_1__TrailingStop.mq4:368]
TrailingStop_Threshold : 125.414

price_Close : 125.433

Close - Threshold : 0.019

cond_Exec_Trailing : false


[2019.02.05 17:48:02 / ea_Exp_1__TrailingStop.mq4:174]
diff_Latest >= 0 (0.008) (2019.02.05 10:47)
[2019.02.05 17:49:02 / ea_Exp_1__TrailingStop.mq4:136]
new bar (tick = 898) (period = 1 / symbol = EURJPY_)
[2019.02.05 17:49:02 / ea_Exp_1__TrailingStop.mq4:219]
//test_TrailingStop ------------------

[2019.02.05 17:49:02 / ea_Exp_1__TrailingStop.mq4:241]
OrdersTotal() >= 1 (total =1)

[2019.02.05 17:49:02 / ea_Exp_1__TrailingStop.mq4:301]
Order selected : 5240592
OrderType() = 1 / OP_SELL
OrderOpenPrice() = 125.424
OrderClosePrice() = 125.438
OrderTakeProfit() = 125.394
OrderStopLoss() = 125.454
Close - SL = -0.01599999999999113

[2019.02.05 17:49:02 / ea_Exp_1__TrailingStop.mq4:341]
OrderType ==> sell

[2019.02.05 17:49:02 / ea_Exp_1__TrailingStop.mq4:368]
TrailingStop_Threshold : 125.414

price_Close : 125.438

Close - Threshold : 0.024

cond_Exec_Trailing : false


[2019.02.05 17:49:02 / ea_Exp_1__TrailingStop.mq4:174]
diff_Latest >= 0 (0.006) (2019.02.05 10:48)
[2019.02.05 17:50:01 / ea_Exp_1__TrailingStop.mq4:136]
new bar (tick = 1084) (period = 1 / symbol = EURJPY_)
[2019.02.05 17:50:01 / ea_Exp_1__TrailingStop.mq4:219]
//test_TrailingStop ------------------

[2019.02.05 17:50:01 / ea_Exp_1__TrailingStop.mq4:241]
OrdersTotal() >= 1 (total =1)

[2019.02.05 17:50:01 / ea_Exp_1__TrailingStop.mq4:301]
Order selected : 5240592
OrderType() = 1 / OP_SELL
OrderOpenPrice() = 125.424
OrderClosePrice() = 125.445
OrderTakeProfit() = 125.394
OrderStopLoss() = 125.454
Close - SL = -0.009000000000000341

[2019.02.05 17:50:01 / ea_Exp_1__TrailingStop.mq4:341]
OrderType ==> sell

[2019.02.05 17:50:01 / ea_Exp_1__TrailingStop.mq4:368]
TrailingStop_Threshold : 125.414

price_Close : 125.445

Close - Threshold : 0.031

cond_Exec_Trailing : false


[2019.02.05 17:50:01 / ea_Exp_1__TrailingStop.mq4:174]
diff_Latest >= 0 (0.004) (2019.02.05 10:49)
[2019.02.05 17:51:02 / ea_Exp_1__TrailingStop.mq4:136]
new bar (tick = 1265) (period = 1 / symbol = EURJPY_)
[2019.02.05 17:51:02 / ea_Exp_1__TrailingStop.mq4:219]
//test_TrailingStop ------------------

[2019.02.05 17:51:02 / ea_Exp_1__TrailingStop.mq4:241]
OrdersTotal() >= 1 (total =1)

[2019.02.05 17:51:02 / ea_Exp_1__TrailingStop.mq4:301]
Order selected : 5240592
OrderType() = 1 / OP_SELL
OrderOpenPrice() = 125.424
OrderClosePrice() = 125.433
OrderTakeProfit() = 125.394
OrderStopLoss() = 125.454
Close - SL = -0.02099999999998658

[2019.02.05 17:51:02 / ea_Exp_1__TrailingStop.mq4:341]
OrderType ==> sell

[2019.02.05 17:51:02 / ea_Exp_1__TrailingStop.mq4:368]
TrailingStop_Threshold : 125.414

price_Close : 125.433

Close - Threshold : 0.019

cond_Exec_Trailing : false


[2019.02.05 17:51:02 / ea_Exp_1__TrailingStop.mq4:191]
diff_Latest < 0 (-0.01000000000000512) (2019.02.05 10:50)
[2019.02.05 17:52:01 / ea_Exp_1__TrailingStop.mq4:136]
new bar (tick = 1422) (period = 1 / symbol = EURJPY_)
[2019.02.05 17:52:01 / ea_Exp_1__TrailingStop.mq4:219]
//test_TrailingStop ------------------

[2019.02.05 17:52:01 / ea_Exp_1__TrailingStop.mq4:241]
OrdersTotal() >= 1 (total =1)

[2019.02.05 17:52:01 / ea_Exp_1__TrailingStop.mq4:301]
Order selected : 5240592
OrderType() = 1 / OP_SELL
OrderOpenPrice() = 125.424
OrderClosePrice() = 125.442
OrderTakeProfit() = 125.394
OrderStopLoss() = 125.454
Close - SL = -0.01200000000000045

[2019.02.05 17:52:01 / ea_Exp_1__TrailingStop.mq4:341]
OrderType ==> sell

[2019.02.05 17:52:01 / ea_Exp_1__TrailingStop.mq4:368]
TrailingStop_Threshold : 125.414

price_Close : 125.442

Close - Threshold : 0.028

cond_Exec_Trailing : false


[2019.02.05 17:52:01 / ea_Exp_1__TrailingStop.mq4:174]
diff_Latest >= 0 (0.012) (2019.02.05 10:51)
[2019.02.05 17:53:03 / ea_Exp_1__TrailingStop.mq4:136]
new bar (tick = 1531) (period = 1 / symbol = EURJPY_)
[2019.02.05 17:53:03 / ea_Exp_1__TrailingStop.mq4:219]
//test_TrailingStop ------------------

[2019.02.05 17:53:03 / ea_Exp_1__TrailingStop.mq4:241]
OrdersTotal() >= 1 (total =1)

[2019.02.05 17:53:03 / ea_Exp_1__TrailingStop.mq4:301]
Order selected : 5240592
OrderType() = 1 / OP_SELL
OrderOpenPrice() = 125.424
OrderClosePrice() = 125.437
OrderTakeProfit() = 125.394
OrderStopLoss() = 125.454
Close - SL = -0.01699999999999591

[2019.02.05 17:53:03 / ea_Exp_1__TrailingStop.mq4:341]
OrderType ==> sell

[2019.02.05 17:53:03 / ea_Exp_1__TrailingStop.mq4:368]
TrailingStop_Threshold : 125.414

price_Close : 125.437

Close - Threshold : 0.023

cond_Exec_Trailing : false


[2019.02.05 17:53:03 / ea_Exp_1__TrailingStop.mq4:191]
diff_Latest < 0 (-0.009000000000000341) (2019.02.05 10:52)
[2019.02.05 17:54:02 / ea_Exp_1__TrailingStop.mq4:136]
new bar (tick = 1697) (period = 1 / symbol = EURJPY_)
[2019.02.05 17:54:02 / ea_Exp_1__TrailingStop.mq4:219]
//test_TrailingStop ------------------

[2019.02.05 17:54:02 / ea_Exp_1__TrailingStop.mq4:470]
diff_Latest ==> UP (0.016)

[2019.02.05 17:54:02 / ea_Exp_1__TrailingStop.mq4:500]
(j3 : Y : 1) num_Ticket (buy) : 5240605

[2019.02.05 17:54:02 / ea_Exp_1__TrailingStop.mq4:174]
diff_Latest >= 0 (0.016) (2019.02.05 10:53)
[2019.02.05 17:55:01 / ea_Exp_1__TrailingStop.mq4:136]
new bar (tick = 1890) (period = 1 / symbol = EURJPY_)
[2019.02.05 17:55:01 / ea_Exp_1__TrailingStop.mq4:219]
//test_TrailingStop ------------------

[2019.02.05 17:55:01 / ea_Exp_1__TrailingStop.mq4:241]
OrdersTotal() >= 1 (total =1)

[2019.02.05 17:55:01 / ea_Exp_1__TrailingStop.mq4:301]
Order selected : 5240605
OrderType() = 0 / OP_BUY
OrderOpenPrice() = 125.45
OrderClosePrice() = 125.44
OrderTakeProfit() = 125.48
OrderStopLoss() = 125.42
Close - SL = 0.01999999999999602

[2019.02.05 17:55:01 / ea_Exp_1__TrailingStop.mq4:323]
OrderType ==> buy

[2019.02.05 17:55:01 / ea_Exp_1__TrailingStop.mq4:368]
TrailingStop_Threshold : 125.46

price_Close : 125.44

Close - Threshold : -0.02

cond_Exec_Trailing : false


[2019.02.05 17:55:01 / ea_Exp_1__TrailingStop.mq4:191]
diff_Latest < 0 (-0.000999999999990564) (2019.02.05 10:54)
[2019.02.05 17:56:01 / ea_Exp_1__TrailingStop.mq4:136]
new bar (tick = 2081) (period = 1 / symbol = EURJPY_)
[2019.02.05 17:56:01 / ea_Exp_1__TrailingStop.mq4:219]
//test_TrailingStop ------------------

[2019.02.05 17:56:01 / ea_Exp_1__TrailingStop.mq4:241]
OrdersTotal() >= 1 (total =1)

[2019.02.05 17:56:01 / ea_Exp_1__TrailingStop.mq4:301]
Order selected : 5240605
OrderType() = 0 / OP_BUY
OrderOpenPrice() = 125.45
OrderClosePrice() = 125.438
OrderTakeProfit() = 125.48
OrderStopLoss() = 125.42
Close - SL = 0.01800000000000068

[2019.02.05 17:56:01 / ea_Exp_1__TrailingStop.mq4:323]
OrderType ==> buy

[2019.02.05 17:56:01 / ea_Exp_1__TrailingStop.mq4:368]
TrailingStop_Threshold : 125.46

price_Close : 125.438

Close - Threshold : -0.022

cond_Exec_Trailing : false


[2019.02.05 17:56:01 / ea_Exp_1__TrailingStop.mq4:191]
diff_Latest < 0 (-0.003000000000000114) (2019.02.05 10:55)
[2019.02.05 17:57:02 / ea_Exp_1__TrailingStop.mq4:136]
new bar (tick = 2202) (period = 1 / symbol = EURJPY_)
[2019.02.05 17:57:02 / ea_Exp_1__TrailingStop.mq4:219]
//test_TrailingStop ------------------

[2019.02.05 17:57:02 / ea_Exp_1__TrailingStop.mq4:241]
OrdersTotal() >= 1 (total =1)

[2019.02.05 17:57:02 / ea_Exp_1__TrailingStop.mq4:301]
Order selected : 5240605
OrderType() = 0 / OP_BUY
OrderOpenPrice() = 125.45
OrderClosePrice() = 125.445
OrderTakeProfit() = 125.48
OrderStopLoss() = 125.42
Close - SL = 0.02499999999999147

[2019.02.05 17:57:02 / ea_Exp_1__TrailingStop.mq4:323]
OrderType ==> buy

[2019.02.05 17:57:02 / ea_Exp_1__TrailingStop.mq4:368]
TrailingStop_Threshold : 125.46

price_Close : 125.445

Close - Threshold : -0.015

cond_Exec_Trailing : false


[2019.02.05 17:57:02 / ea_Exp_1__TrailingStop.mq4:174]
diff_Latest >= 0 (0.008) (2019.02.05 10:56)
[2019.02.05 17:58:01 / ea_Exp_1__TrailingStop.mq4:136]
new bar (tick = 2319) (period = 1 / symbol = EURJPY_)
[2019.02.05 17:58:01 / ea_Exp_1__TrailingStop.mq4:219]
//test_TrailingStop ------------------

[2019.02.05 17:58:01 / ea_Exp_1__TrailingStop.mq4:241]
OrdersTotal() >= 1 (total =1)

[2019.02.05 17:58:01 / ea_Exp_1__TrailingStop.mq4:301]
Order selected : 5240605
OrderType() = 0 / OP_BUY
OrderOpenPrice() = 125.45
OrderClosePrice() = 125.44
OrderTakeProfit() = 125.48
OrderStopLoss() = 125.42
Close - SL = 0.01999999999999602

[2019.02.05 17:58:01 / ea_Exp_1__TrailingStop.mq4:323]
OrderType ==> buy

[2019.02.05 17:58:01 / ea_Exp_1__TrailingStop.mq4:368]
TrailingStop_Threshold : 125.46

price_Close : 125.44

Close - Threshold : -0.02

cond_Exec_Trailing : false


[2019.02.05 17:58:01 / ea_Exp_1__TrailingStop.mq4:191]
diff_Latest < 0 (-0.004999999999995453) (2019.02.05 10:57)
[2019.02.05 17:59:01 / ea_Exp_1__TrailingStop.mq4:136]
new bar (tick = 2540) (period = 1 / symbol = EURJPY_)
[2019.02.05 17:59:01 / ea_Exp_1__TrailingStop.mq4:219]
//test_TrailingStop ------------------

[2019.02.05 17:59:01 / ea_Exp_1__TrailingStop.mq4:529]
diff_Latest ==> DOWN (-0.030)

[2019.02.05 17:59:01 / ea_Exp_1__TrailingStop.mq4:570]
(j3 : N : 1) num_Ticket (sell) : 5240617

[2019.02.05 17:59:01 / ea_Exp_1__TrailingStop.mq4:191]
diff_Latest < 0 (-0.03000000000000114) (2019.02.05 10:58)
[2019.02.05 18:00:01 / ea_Exp_1__TrailingStop.mq4:136]
new bar (tick = 2674) (period = 1 / symbol = EURJPY_)
[2019.02.05 18:00:01 / ea_Exp_1__TrailingStop.mq4:219]
//test_TrailingStop ------------------

[2019.02.05 18:00:01 / ea_Exp_1__TrailingStop.mq4:241]
OrdersTotal() >= 1 (total =1)

[2019.02.05 18:00:01 / ea_Exp_1__TrailingStop.mq4:301]
Order selected : 5240617
OrderType() = 1 / OP_SELL
OrderOpenPrice() = 125.409
OrderClosePrice() = 125.428
OrderTakeProfit() = 125.379
OrderStopLoss() = 125.439
Close - SL = -0.01099999999999568

[2019.02.05 18:00:01 / ea_Exp_1__TrailingStop.mq4:341]
OrderType ==> sell

[2019.02.05 18:00:01 / ea_Exp_1__TrailingStop.mq4:368]
TrailingStop_Threshold : 125.399

price_Close : 125.428

Close - Threshold : 0.029

cond_Exec_Trailing : false


[2019.02.05 18:00:01 / ea_Exp_1__TrailingStop.mq4:174]
diff_Latest >= 0 (0.008) (2019.02.05 10:59)
[2019.02.05 18:01:01 / ea_Exp_1__TrailingStop.mq4:136]
new bar (tick = 2956) (period = 1 / symbol = EURJPY_)
[2019.02.05 18:01:01 / ea_Exp_1__TrailingStop.mq4:219]
//test_TrailingStop ------------------

[2019.02.05 18:01:01 / ea_Exp_1__TrailingStop.mq4:470]
diff_Latest ==> UP (0.044)

[2019.02.05 18:01:01 / ea_Exp_1__TrailingStop.mq4:500]
(j3 : Y : 1) num_Ticket (buy) : 5240623

[2019.02.05 18:01:01 / ea_Exp_1__TrailingStop.mq4:174]
diff_Latest >= 0 (0.044) (2019.02.05 11:00)
[2019.02.05 18:02:01 / ea_Exp_1__TrailingStop.mq4:136]
new bar (tick = 3192) (period = 1 / symbol = EURJPY_)
[2019.02.05 18:02:01 / ea_Exp_1__TrailingStop.mq4:219]
//test_TrailingStop ------------------

[2019.02.05 18:02:01 / ea_Exp_1__TrailingStop.mq4:241]
OrdersTotal() >= 1 (total =1)

[2019.02.05 18:02:01 / ea_Exp_1__TrailingStop.mq4:301]
Order selected : 5240623
OrderType() = 0 / OP_BUY
OrderOpenPrice() = 125.472
OrderClosePrice() = 125.46
OrderTakeProfit() = 125.501
OrderStopLoss() = 125.441
Close - SL = 0.01899999999999125

[2019.02.05 18:02:01 / ea_Exp_1__TrailingStop.mq4:323]
OrderType ==> buy

[2019.02.05 18:02:01 / ea_Exp_1__TrailingStop.mq4:368]
TrailingStop_Threshold : 125.481

price_Close : 125.46

Close - Threshold : -0.021

cond_Exec_Trailing : false


[2019.02.05 18:02:01 / ea_Exp_1__TrailingStop.mq4:191]
diff_Latest < 0 (-0.003000000000000114) (2019.02.05 11:01)
[2019.02.05 18:03:02 / ea_Exp_1__TrailingStop.mq4:136]
new bar (tick = 3425) (period = 1 / symbol = EURJPY_)
[2019.02.05 18:03:02 / ea_Exp_1__TrailingStop.mq4:219]
//test_TrailingStop ------------------

[2019.02.05 18:03:02 / ea_Exp_1__TrailingStop.mq4:241]
OrdersTotal() >= 1 (total =1)

[2019.02.05 18:03:02 / ea_Exp_1__TrailingStop.mq4:301]
Order selected : 5240623
OrderType() = 0 / OP_BUY
OrderOpenPrice() = 125.472
OrderClosePrice() = 125.472
OrderTakeProfit() = 125.501
OrderStopLoss() = 125.441
Close - SL = 0.0309999999999917

[2019.02.05 18:03:02 / ea_Exp_1__TrailingStop.mq4:323]
OrderType ==> buy

[2019.02.05 18:03:02 / ea_Exp_1__TrailingStop.mq4:368]
TrailingStop_Threshold : 125.481

price_Close : 125.472

Close - Threshold : -0.008999999999999999

cond_Exec_Trailing : false


[2019.02.05 18:03:02 / ea_Exp_1__TrailingStop.mq4:174]
diff_Latest >= 0 (0.013) (2019.02.05 11:02)
[2019.02.05 18:04:01 / ea_Exp_1__TrailingStop.mq4:136]
new bar (tick = 3531) (period = 1 / symbol = EURJPY_)
[2019.02.05 18:04:01 / ea_Exp_1__TrailingStop.mq4:219]
//test_TrailingStop ------------------

[2019.02.05 18:04:01 / ea_Exp_1__TrailingStop.mq4:241]
OrdersTotal() >= 1 (total =1)

[2019.02.05 18:04:01 / ea_Exp_1__TrailingStop.mq4:301]
Order selected : 5240623
OrderType() = 0 / OP_BUY
OrderOpenPrice() = 125.472
OrderClosePrice() = 125.476
OrderTakeProfit() = 125.501
OrderStopLoss() = 125.441
Close - SL = 0.03499999999999659

[2019.02.05 18:04:01 / ea_Exp_1__TrailingStop.mq4:323]
OrderType ==> buy

[2019.02.05 18:04:01 / ea_Exp_1__TrailingStop.mq4:368]
TrailingStop_Threshold : 125.481

price_Close : 125.476

Close - Threshold : -0.005

cond_Exec_Trailing : false


[2019.02.05 18:04:01 / ea_Exp_1__TrailingStop.mq4:174]
diff_Latest >= 0 (0.004) (2019.02.05 11:03)
[2019.02.05 18:05:01 / ea_Exp_1__TrailingStop.mq4:136]
new bar (tick = 3699) (period = 1 / symbol = EURJPY_)
[2019.02.05 18:05:01 / ea_Exp_1__TrailingStop.mq4:219]
//test_TrailingStop ------------------

[2019.02.05 18:05:01 / ea_Exp_1__TrailingStop.mq4:241]
OrdersTotal() >= 1 (total =1)

[2019.02.05 18:05:01 / ea_Exp_1__TrailingStop.mq4:301]
Order selected : 5240623
OrderType() = 0 / OP_BUY
OrderOpenPrice() = 125.472
OrderClosePrice() = 125.477
OrderTakeProfit() = 125.501
OrderStopLoss() = 125.441
Close - SL = 0.03600000000000136

[2019.02.05 18:05:01 / ea_Exp_1__TrailingStop.mq4:323]
OrderType ==> buy

[2019.02.05 18:05:01 / ea_Exp_1__TrailingStop.mq4:368]
TrailingStop_Threshold : 125.481

price_Close : 125.477

Close - Threshold : -0.004

cond_Exec_Trailing : false


[2019.02.05 18:05:01 / ea_Exp_1__TrailingStop.mq4:174]
diff_Latest >= 0 (0.001) (2019.02.05 11:04)
[2019.02.05 18:06:01 / ea_Exp_1__TrailingStop.mq4:136]
new bar (tick = 3820) (period = 1 / symbol = EURJPY_)
[2019.02.05 18:06:01 / ea_Exp_1__TrailingStop.mq4:219]
//test_TrailingStop ------------------

[2019.02.05 18:06:01 / ea_Exp_1__TrailingStop.mq4:241]
OrdersTotal() >= 1 (total =1)

[2019.02.05 18:06:01 / ea_Exp_1__TrailingStop.mq4:301]
Order selected : 5240623
OrderType() = 0 / OP_BUY
OrderOpenPrice() = 125.472
OrderClosePrice() = 125.491
OrderTakeProfit() = 125.501
OrderStopLoss() = 125.441
Close - SL = 0.04999999999999716

[2019.02.05 18:06:01 / ea_Exp_1__TrailingStop.mq4:323]
OrderType ==> buy

[2019.02.05 18:06:01 / ea_Exp_1__TrailingStop.mq4:368]
TrailingStop_Threshold : 125.481

price_Close : 125.491

Close - Threshold : 0.01

cond_Exec_Trailing : true


[2019.02.05 18:06:01 / ea_Exp_1__TrailingStop.mq4:174]
diff_Latest >= 0 (0.014) (2019.02.05 11:05)
[2019.02.05 18:07:01 / ea_Exp_1__TrailingStop.mq4:136]
new bar (tick = 4021) (period = 1 / symbol = EURJPY_)
[2019.02.05 18:07:01 / ea_Exp_1__TrailingStop.mq4:219]
//test_TrailingStop ------------------

[2019.02.05 18:07:01 / ea_Exp_1__TrailingStop.mq4:470]
diff_Latest ==> UP (0.015)

[2019.02.05 18:07:01 / ea_Exp_1__TrailingStop.mq4:500]
(j3 : Y : 1) num_Ticket (buy) : 5240643

[2019.02.05 18:07:01 / ea_Exp_1__TrailingStop.mq4:174]
diff_Latest >= 0 (0.015) (2019.02.05 11:06)
[2019.02.05 18:08:01 / ea_Exp_1__TrailingStop.mq4:136]
new bar (tick = 4179) (period = 1 / symbol = EURJPY_)
[2019.02.05 18:08:01 / ea_Exp_1__TrailingStop.mq4:219]
//test_TrailingStop ------------------

[2019.02.05 18:08:01 / ea_Exp_1__TrailingStop.mq4:241]
OrdersTotal() >= 1 (total =1)

[2019.02.05 18:08:01 / ea_Exp_1__TrailingStop.mq4:301]
Order selected : 5240643
OrderType() = 0 / OP_BUY
OrderOpenPrice() = 125.515
OrderClosePrice() = 125.526
OrderTakeProfit() = 125.545
OrderStopLoss() = 125.485
Close - SL = 0.04099999999999682

[2019.02.05 18:08:01 / ea_Exp_1__TrailingStop.mq4:323]
OrderType ==> buy

[2019.02.05 18:08:01 / ea_Exp_1__TrailingStop.mq4:368]
TrailingStop_Threshold : 125.525

price_Close : 125.526

Close - Threshold : 0.001

cond_Exec_Trailing : true


[2019.02.05 18:08:01 / ea_Exp_1__TrailingStop.mq4:174]
diff_Latest >= 0 (0.02) (2019.02.05 11:07)
[2019.02.05 18:09:01 / ea_Exp_1__TrailingStop.mq4:136]
new bar (tick = 4486) (period = 1 / symbol = EURJPY_)
[2019.02.05 18:09:01 / ea_Exp_1__TrailingStop.mq4:219]
//test_TrailingStop ------------------

[2019.02.05 18:09:01 / ea_Exp_1__TrailingStop.mq4:241]
OrdersTotal() >= 1 (total =1)

[2019.02.05 18:09:01 / ea_Exp_1__TrailingStop.mq4:301]
Order selected : 5240643
OrderType() = 0 / OP_BUY
OrderOpenPrice() = 125.515
OrderClosePrice() = 125.497
OrderTakeProfit() = 125.545
OrderStopLoss() = 125.485
Close - SL = 0.01200000000000045

[2019.02.05 18:09:01 / ea_Exp_1__TrailingStop.mq4:323]
OrderType ==> buy

[2019.02.05 18:09:01 / ea_Exp_1__TrailingStop.mq4:368]
TrailingStop_Threshold : 125.525

price_Close : 125.497

Close - Threshold : -0.028

cond_Exec_Trailing : false


[2019.02.05 18:09:01 / ea_Exp_1__TrailingStop.mq4:191]
diff_Latest < 0 (-0.02899999999999636) (2019.02.05 11:08)
[2019.02.05 18:10:01 / ea_Exp_1__TrailingStop.mq4:136]
new bar (tick = 4732) (period = 1 / symbol = EURJPY_)
[2019.02.05 18:10:01 / ea_Exp_1__TrailingStop.mq4:219]
//test_TrailingStop ------------------

[2019.02.05 18:10:01 / ea_Exp_1__TrailingStop.mq4:241]
OrdersTotal() >= 1 (total =1)

[2019.02.05 18:10:01 / ea_Exp_1__TrailingStop.mq4:301]
Order selected : 5240643
OrderType() = 0 / OP_BUY
OrderOpenPrice() = 125.515
OrderClosePrice() = 125.532
OrderTakeProfit() = 125.545
OrderStopLoss() = 125.485
Close - SL = 0.04699999999999704

[2019.02.05 18:10:01 / ea_Exp_1__TrailingStop.mq4:323]
OrderType ==> buy

[2019.02.05 18:10:01 / ea_Exp_1__TrailingStop.mq4:368]
TrailingStop_Threshold : 125.525

price_Close : 125.532

Close - Threshold : 0.007

cond_Exec_Trailing : true


[2019.02.05 18:10:01 / ea_Exp_1__TrailingStop.mq4:174]
diff_Latest >= 0 (0.034) (2019.02.05 11:09)
[2019.02.05 18:11:01 / ea_Exp_1__TrailingStop.mq4:136]
new bar (tick = 5009) (period = 1 / symbol = EURJPY_)
[2019.02.05 18:11:01 / ea_Exp_1__TrailingStop.mq4:219]
//test_TrailingStop ------------------

[2019.02.05 18:11:01 / ea_Exp_1__TrailingStop.mq4:470]
diff_Latest ==> UP (0.015)

[2019.02.05 18:11:01 / ea_Exp_1__TrailingStop.mq4:500]
(j3 : Y : 1) num_Ticket (buy) : 5240651

[2019.02.05 18:11:01 / ea_Exp_1__TrailingStop.mq4:174]
diff_Latest >= 0 (0.015) (2019.02.05 11:10)
[2019.02.05 18:12:02 / ea_Exp_1__TrailingStop.mq4:136]
new bar (tick = 5383) (period = 1 / symbol = EURJPY_)
[2019.02.05 18:12:02 / ea_Exp_1__TrailingStop.mq4:219]
//test_TrailingStop ------------------

[2019.02.05 18:12:02 / ea_Exp_1__TrailingStop.mq4:470]
diff_Latest ==> UP (0.031)

[2019.02.05 18:12:02 / ea_Exp_1__TrailingStop.mq4:500]
(j3 : Y : 1) num_Ticket (buy) : 5240658

[2019.02.05 18:12:02 / ea_Exp_1__TrailingStop.mq4:174]
diff_Latest >= 0 (0.031) (2019.02.05 11:11)
[2019.02.05 18:13:01 / ea_Exp_1__TrailingStop.mq4:136]
new bar (tick = 5591) (period = 1 / symbol = EURJPY_)
[2019.02.05 18:13:01 / ea_Exp_1__TrailingStop.mq4:219]
//test_TrailingStop ------------------

[2019.02.05 18:13:01 / ea_Exp_1__TrailingStop.mq4:241]
OrdersTotal() >= 1 (total =1)

[2019.02.05 18:13:01 / ea_Exp_1__TrailingStop.mq4:301]
Order selected : 5240658
OrderType() = 0 / OP_BUY
OrderOpenPrice() = 125.593
OrderClosePrice() = 125.59
OrderTakeProfit() = 125.618
OrderStopLoss() = 125.558
Close - SL = 0.03199999999999648

[2019.02.05 18:13:01 / ea_Exp_1__TrailingStop.mq4:323]
OrderType ==> buy

[2019.02.05 18:13:01 / ea_Exp_1__TrailingStop.mq4:368]
TrailingStop_Threshold : 125.598

price_Close : 125.59

Close - Threshold : -0.008

cond_Exec_Trailing : false


[2019.02.05 18:13:01 / ea_Exp_1__TrailingStop.mq4:174]
diff_Latest >= 0 (0.011) (2019.02.05 11:12)
[2019.02.05 18:14:01 / ea_Exp_1__TrailingStop.mq4:136]
new bar (tick = 5826) (period = 1 / symbol = EURJPY_)
[2019.02.05 18:14:01 / ea_Exp_1__TrailingStop.mq4:219]
//test_TrailingStop ------------------

[2019.02.05 18:14:01 / ea_Exp_1__TrailingStop.mq4:241]
OrdersTotal() >= 1 (total =1)

[2019.02.05 18:14:01 / ea_Exp_1__TrailingStop.mq4:301]
Order selected : 5240658
OrderType() = 0 / OP_BUY
OrderOpenPrice() = 125.593
OrderClosePrice() = 125.601
OrderTakeProfit() = 125.618
OrderStopLoss() = 125.558
Close - SL = 0.04299999999999216

[2019.02.05 18:14:01 / ea_Exp_1__TrailingStop.mq4:323]
OrderType ==> buy

[2019.02.05 18:14:01 / ea_Exp_1__TrailingStop.mq4:368]
TrailingStop_Threshold : 125.598

price_Close : 125.601

Close - Threshold : 0.003

cond_Exec_Trailing : true


[2019.02.05 18:14:01 / ea_Exp_1__TrailingStop.mq4:174]
diff_Latest >= 0 (0.012) (2019.02.05 11:13)
[2019.02.05 18:15:02 / ea_Exp_1__TrailingStop.mq4:136]
new bar (tick = 6038) (period = 1 / symbol = EURJPY_)
[2019.02.05 18:15:02 / ea_Exp_1__TrailingStop.mq4:219]
//test_TrailingStop ------------------

[2019.02.05 18:15:02 / ea_Exp_1__TrailingStop.mq4:241]
OrdersTotal() >= 1 (total =1)

[2019.02.05 18:15:02 / ea_Exp_1__TrailingStop.mq4:301]
Order selected : 5240658
OrderType() = 0 / OP_BUY
OrderOpenPrice() = 125.593
OrderClosePrice() = 125.603
OrderTakeProfit() = 125.618
OrderStopLoss() = 125.558
Close - SL = 0.04499999999998749

[2019.02.05 18:15:02 / ea_Exp_1__TrailingStop.mq4:323]
OrderType ==> buy

[2019.02.05 18:15:02 / ea_Exp_1__TrailingStop.mq4:368]
TrailingStop_Threshold : 125.598

price_Close : 125.603

Close - Threshold : 0.005

cond_Exec_Trailing : true


[2019.02.05 18:15:02 / ea_Exp_1__TrailingStop.mq4:174]
diff_Latest >= 0 (0.001) (2019.02.05 11:14)
[2019.02.05 18:16:02 / ea_Exp_1__TrailingStop.mq4:136]
new bar (tick = 6136) (period = 1 / symbol = EURJPY_)
[2019.02.05 18:16:02 / ea_Exp_1__TrailingStop.mq4:219]
//test_TrailingStop ------------------

[2019.02.05 18:16:02 / ea_Exp_1__TrailingStop.mq4:241]
OrdersTotal() >= 1 (total =1)

[2019.02.05 18:16:02 / ea_Exp_1__TrailingStop.mq4:301]
Order selected : 5240658
OrderType() = 0 / OP_BUY
OrderOpenPrice() = 125.593
OrderClosePrice() = 125.589
OrderTakeProfit() = 125.618
OrderStopLoss() = 125.558
Close - SL = 0.0309999999999917

[2019.02.05 18:16:02 / ea_Exp_1__TrailingStop.mq4:323]
OrderType ==> buy

[2019.02.05 18:16:02 / ea_Exp_1__TrailingStop.mq4:368]
TrailingStop_Threshold : 125.598

price_Close : 125.589

Close - Threshold : -0.008999999999999999

cond_Exec_Trailing : false


[2019.02.05 18:16:02 / ea_Exp_1__TrailingStop.mq4:191]
diff_Latest < 0 (-0.01399999999999579) (2019.02.05 11:15)
[2019.02.05 18:17:02 / ea_Exp_1__TrailingStop.mq4:136]
new bar (tick = 6392) (period = 1 / symbol = EURJPY_)
[2019.02.05 18:17:02 / ea_Exp_1__TrailingStop.mq4:219]
//test_TrailingStop ------------------

[2019.02.05 18:17:02 / ea_Exp_1__TrailingStop.mq4:241]
OrdersTotal() >= 1 (total =1)

[2019.02.05 18:17:02 / ea_Exp_1__TrailingStop.mq4:301]
Order selected : 5240658
OrderType() = 0 / OP_BUY
OrderOpenPrice() = 125.593
OrderClosePrice() = 125.597
OrderTakeProfit() = 125.618
OrderStopLoss() = 125.558
Close - SL = 0.03899999999998727

[2019.02.05 18:17:02 / ea_Exp_1__TrailingStop.mq4:323]
OrderType ==> buy

[2019.02.05 18:17:02 / ea_Exp_1__TrailingStop.mq4:368]
TrailingStop_Threshold : 125.598

price_Close : 125.597

Close - Threshold : -0.001

cond_Exec_Trailing : false


[2019.02.05 18:17:02 / ea_Exp_1__TrailingStop.mq4:174]
diff_Latest >= 0 (0.008999999999999999) (2019.02.05 11:16)
[2019.02.05 18:18:01 / ea_Exp_1__TrailingStop.mq4:136]
new bar (tick = 6651) (period = 1 / symbol = EURJPY_)
[2019.02.05 18:18:01 / ea_Exp_1__TrailingStop.mq4:219]
//test_TrailingStop ------------------

[2019.02.05 18:18:01 / ea_Exp_1__TrailingStop.mq4:241]
OrdersTotal() >= 1 (total =1)

[2019.02.05 18:18:01 / ea_Exp_1__TrailingStop.mq4:301]
Order selected : 5240658
OrderType() = 0 / OP_BUY
OrderOpenPrice() = 125.593
OrderClosePrice() = 125.588
OrderTakeProfit() = 125.618
OrderStopLoss() = 125.558
Close - SL = 0.02999999999998693

[2019.02.05 18:18:01 / ea_Exp_1__TrailingStop.mq4:323]
OrderType ==> buy

[2019.02.05 18:18:01 / ea_Exp_1__TrailingStop.mq4:368]
TrailingStop_Threshold : 125.598

price_Close : 125.588

Close - Threshold : -0.01

cond_Exec_Trailing : false


[2019.02.05 18:18:01 / ea_Exp_1__TrailingStop.mq4:191]
diff_Latest < 0 (-0.01000000000000512) (2019.02.05 11:17)
[2019.02.05 18:19:02 / ea_Exp_1__TrailingStop.mq4:136]
new bar (tick = 6923) (period = 1 / symbol = EURJPY_)
[2019.02.05 18:19:02 / ea_Exp_1__TrailingStop.mq4:219]
//test_TrailingStop ------------------

[2019.02.05 18:19:02 / ea_Exp_1__TrailingStop.mq4:241]
OrdersTotal() >= 1 (total =1)

[2019.02.05 18:19:02 / ea_Exp_1__TrailingStop.mq4:301]
Order selected : 5240658
OrderType() = 0 / OP_BUY
OrderOpenPrice() = 125.593
OrderClosePrice() = 125.608
OrderTakeProfit() = 125.618
OrderStopLoss() = 125.558
Close - SL = 0.04999999999999716

[2019.02.05 18:19:02 / ea_Exp_1__TrailingStop.mq4:323]
OrderType ==> buy

[2019.02.05 18:19:02 / ea_Exp_1__TrailingStop.mq4:368]
TrailingStop_Threshold : 125.598

price_Close : 125.608

Close - Threshold : 0.01

cond_Exec_Trailing : true


[2019.02.05 18:19:02 / ea_Exp_1__TrailingStop.mq4:174]
diff_Latest >= 0 (0.02) (2019.02.05 11:18)
[2019.02.05 18:20:02 / ea_Exp_1__TrailingStop.mq4:136]
new bar (tick = 7033) (period = 1 / symbol = EURJPY_)
[2019.02.05 18:20:02 / ea_Exp_1__TrailingStop.mq4:219]
//test_TrailingStop ------------------

[2019.02.05 18:20:02 / ea_Exp_1__TrailingStop.mq4:241]
OrdersTotal() >= 1 (total =1)

[2019.02.05 18:20:02 / ea_Exp_1__TrailingStop.mq4:301]
Order selected : 5240658
OrderType() = 0 / OP_BUY
OrderOpenPrice() = 125.593
OrderClosePrice() = 125.593
OrderTakeProfit() = 125.618
OrderStopLoss() = 125.558
Close - SL = 0.03499999999999659

[2019.02.05 18:20:02 / ea_Exp_1__TrailingStop.mq4:323]
OrderType ==> buy

[2019.02.05 18:20:02 / ea_Exp_1__TrailingStop.mq4:368]
TrailingStop_Threshold : 125.598

price_Close : 125.593

Close - Threshold : -0.005

cond_Exec_Trailing : false


[2019.02.05 18:20:02 / ea_Exp_1__TrailingStop.mq4:191]
diff_Latest < 0 (-0.01500000000000057) (2019.02.05 11:19)
[2019.02.05 18:21:01 / ea_Exp_1__TrailingStop.mq4:136]
new bar (tick = 7252) (period = 1 / symbol = EURJPY_)
[2019.02.05 18:21:01 / ea_Exp_1__TrailingStop.mq4:219]
//test_TrailingStop ------------------

[2019.02.05 18:21:01 / ea_Exp_1__TrailingStop.mq4:241]
OrdersTotal() >= 1 (total =1)

[2019.02.05 18:21:01 / ea_Exp_1__TrailingStop.mq4:301]
Order selected : 5240658
OrderType() = 0 / OP_BUY
OrderOpenPrice() = 125.593
OrderClosePrice() = 125.612
OrderTakeProfit() = 125.618
OrderStopLoss() = 125.558
Close - SL = 0.05399999999998784

[2019.02.05 18:21:01 / ea_Exp_1__TrailingStop.mq4:323]
OrderType ==> buy

[2019.02.05 18:21:01 / ea_Exp_1__TrailingStop.mq4:368]
TrailingStop_Threshold : 125.598

price_Close : 125.612

Close - Threshold : 0.014

cond_Exec_Trailing : true


[2019.02.05 18:21:01 / ea_Exp_1__TrailingStop.mq4:174]
diff_Latest >= 0 (0.019) (2019.02.05 11:20)
[2019.02.05 18:22:02 / ea_Exp_1__TrailingStop.mq4:136]
new bar (tick = 7400) (period = 1 / symbol = EURJPY_)
[2019.02.05 18:22:02 / ea_Exp_1__TrailingStop.mq4:219]
//test_TrailingStop ------------------

[2019.02.05 18:22:02 / ea_Exp_1__TrailingStop.mq4:470]
diff_Latest ==> UP (0.020)

[2019.02.05 18:22:02 / ea_Exp_1__TrailingStop.mq4:500]
(j3 : Y : 1) num_Ticket (buy) : 5240672

[2019.02.05 18:22:02 / ea_Exp_1__TrailingStop.mq4:174]
diff_Latest >= 0 (0.02) (2019.02.05 11:21)
[2019.02.05 18:23:01 / ea_Exp_1__TrailingStop.mq4:136]
new bar (tick = 7632) (period = 1 / symbol = EURJPY_)
[2019.02.05 18:23:01 / ea_Exp_1__TrailingStop.mq4:219]
//test_TrailingStop ------------------

[2019.02.05 18:23:01 / ea_Exp_1__TrailingStop.mq4:241]
OrdersTotal() >= 1 (total =1)

[2019.02.05 18:23:01 / ea_Exp_1__TrailingStop.mq4:301]
Order selected : 5240672
OrderType() = 0 / OP_BUY
OrderOpenPrice() = 125.643
OrderClosePrice() = 125.643
OrderTakeProfit() = 125.672
OrderStopLoss() = 125.612
Close - SL = 0.03100000000000591

[2019.02.05 18:23:01 / ea_Exp_1__TrailingStop.mq4:323]
OrderType ==> buy

[2019.02.05 18:23:01 / ea_Exp_1__TrailingStop.mq4:368]
TrailingStop_Threshold : 125.652

price_Close : 125.643

Close - Threshold : -0.008999999999999999

cond_Exec_Trailing : false


[2019.02.05 18:23:01 / ea_Exp_1__TrailingStop.mq4:174]
diff_Latest >= 0 (0.011) (2019.02.05 11:22)
[2019.02.05 18:24:01 / ea_Exp_1__TrailingStop.mq4:136]
new bar (tick = 7760) (period = 1 / symbol = EURJPY_)
[2019.02.05 18:24:01 / ea_Exp_1__TrailingStop.mq4:219]
//test_TrailingStop ------------------

[2019.02.05 18:24:01 / ea_Exp_1__TrailingStop.mq4:241]
OrdersTotal() >= 1 (total =1)

[2019.02.05 18:24:01 / ea_Exp_1__TrailingStop.mq4:301]
Order selected : 5240672
OrderType() = 0 / OP_BUY
OrderOpenPrice() = 125.643
OrderClosePrice() = 125.639
OrderTakeProfit() = 125.672
OrderStopLoss() = 125.612
Close - SL = 0.02700000000000102

[2019.02.05 18:24:01 / ea_Exp_1__TrailingStop.mq4:323]
OrderType ==> buy

[2019.02.05 18:24:01 / ea_Exp_1__TrailingStop.mq4:368]
TrailingStop_Threshold : 125.652

price_Close : 125.639

Close - Threshold : -0.013

cond_Exec_Trailing : false


[2019.02.05 18:24:01 / ea_Exp_1__TrailingStop.mq4:191]
diff_Latest < 0 (-0.003000000000000114) (2019.02.05 11:23)
[2019.02.05 18:25:01 / ea_Exp_1__TrailingStop.mq4:136]
new bar (tick = 7946) (period = 1 / symbol = EURJPY_)
[2019.02.05 18:25:01 / ea_Exp_1__TrailingStop.mq4:219]
//test_TrailingStop ------------------

[2019.02.05 18:25:01 / ea_Exp_1__TrailingStop.mq4:241]
OrdersTotal() >= 1 (total =1)

[2019.02.05 18:25:01 / ea_Exp_1__TrailingStop.mq4:301]
Order selected : 5240672
OrderType() = 0 / OP_BUY
OrderOpenPrice() = 125.643
OrderClosePrice() = 125.633
OrderTakeProfit() = 125.672
OrderStopLoss() = 125.612
Close - SL = 0.0210000000000008

[2019.02.05 18:25:01 / ea_Exp_1__TrailingStop.mq4:323]
OrderType ==> buy

[2019.02.05 18:25:01 / ea_Exp_1__TrailingStop.mq4:368]
TrailingStop_Threshold : 125.652

price_Close : 125.633

Close - Threshold : -0.019

cond_Exec_Trailing : false


[2019.02.05 18:25:01 / ea_Exp_1__TrailingStop.mq4:191]
diff_Latest < 0 (-0.007000000000005002) (2019.02.05 11:24)
[2019.02.05 18:26:02 / ea_Exp_1__TrailingStop.mq4:136]
new bar (tick = 8090) (period = 1 / symbol = EURJPY_)
[2019.02.05 18:26:02 / ea_Exp_1__TrailingStop.mq4:219]
//test_TrailingStop ------------------

[2019.02.05 18:26:02 / ea_Exp_1__TrailingStop.mq4:241]
OrdersTotal() >= 1 (total =1)

[2019.02.05 18:26:02 / ea_Exp_1__TrailingStop.mq4:301]
Order selected : 5240672
OrderType() = 0 / OP_BUY
OrderOpenPrice() = 125.643
OrderClosePrice() = 125.64
OrderTakeProfit() = 125.672
OrderStopLoss() = 125.612
Close - SL = 0.0280000000000058

[2019.02.05 18:26:02 / ea_Exp_1__TrailingStop.mq4:323]
OrderType ==> buy

[2019.02.05 18:26:02 / ea_Exp_1__TrailingStop.mq4:368]
TrailingStop_Threshold : 125.652

price_Close : 125.64

Close - Threshold : -0.012

cond_Exec_Trailing : false


[2019.02.05 18:26:02 / ea_Exp_1__TrailingStop.mq4:174]
diff_Latest >= 0 (0.006) (2019.02.05 11:25)
