[2019.08.19 13:17:59 / ea_Exp_1__TrailingStop.mq4:700]
Num (string): 0.12345678
Num (NormalizeDouble, 2): 0.12
Digits() : 3
Point : 0.001

[2019.08.19 13:17:59 / ea_Exp_1__TrailingStop.mq4:719]
OP_BUY : 0
OP_SELL : 1

[2019.08.19 13:17:59 / ea_Exp_1__TrailingStop.mq4:757]
Level_TakeProfit => 72.221 / Level_StopLoss => 72.161
Point = 0.001
Bid = 72.181
MyPoint * 10 * _TheTakeProfit (NormalizeDouble, digits=2) = 0
MyPoint * 10 * _TheStopLoss (NormalizeDouble, digits=2) = 0
_TheTakeProfit = 0.04
_TheStopLoss = 0.02
[2019.08.19 13:18:00 / ea_Exp_1__TrailingStop.mq4:801]
Point (USDJPY) = 0.001

Point (EURJPY) = 0.001

Point (EURUSD) = 0.001

[2019.08.19 13:18:00 / ea_Exp_1__TrailingStop.mq4:840]
show_OrderData()----------------

OrdersTotal : 0

[2019.08.19 13:18:00 / ea_Exp_1__TrailingStop.mq4:700]
Num (string): 0.12345678
Num (NormalizeDouble, 2): 0.12
Digits() : 3
Point : 0.001

[2019.08.19 13:18:00 / ea_Exp_1__TrailingStop.mq4:719]
OP_BUY : 0
OP_SELL : 1

[2019.08.19 13:18:00 / ea_Exp_1__TrailingStop.mq4:757]
Level_TakeProfit => 118.004 / Level_StopLoss => 117.944
Point = 0.001
Bid = 117.964
MyPoint * 10 * _TheTakeProfit (NormalizeDouble, digits=2) = 0
MyPoint * 10 * _TheStopLoss (NormalizeDouble, digits=2) = 0
_TheTakeProfit = 0.04
_TheStopLoss = 0.02
[2019.08.19 13:18:00 / ea_Exp_1__TrailingStop.mq4:801]
Point (USDJPY) = 0.001

Point (EURJPY) = 0.001

Point (EURUSD) = 0.001

[2019.08.19 13:18:00 / ea_Exp_1__TrailingStop.mq4:840]
show_OrderData()----------------

OrdersTotal : 0

[2019.08.19 13:18:00 / ea_Exp_1__TrailingStop.mq4:700]
Num (string): 0.12345678
Num (NormalizeDouble, 2): 0.12
Digits() : 5
Point : 1e-05

[2019.08.19 13:18:00 / ea_Exp_1__TrailingStop.mq4:719]
OP_BUY : 0
OP_SELL : 1

[2019.08.19 13:18:00 / ea_Exp_1__TrailingStop.mq4:757]
Level_TakeProfit => 1.14916 / Level_StopLoss => 1.08916
Point = 1e-05
Bid = 1.10916
MyPoint * 10 * _TheTakeProfit (NormalizeDouble, digits=2) = 0
MyPoint * 10 * _TheStopLoss (NormalizeDouble, digits=2) = 0
_TheTakeProfit = 0.04
_TheStopLoss = 0.02
[2019.08.19 13:18:00 / ea_Exp_1__TrailingStop.mq4:801]
Point (USDJPY) = 1e-05

Point (EURJPY) = 1e-05

Point (EURUSD) = 1e-05

[2019.08.19 13:18:00 / ea_Exp_1__TrailingStop.mq4:840]
show_OrderData()----------------

OrdersTotal : 0

[2019.08.19 13:18:00 / ea_Exp_1__TrailingStop.mq4:700]
Num (string): 0.12345678
Num (NormalizeDouble, 2): 0.12
Digits() : 3
Point : 0.001

[2019.08.19 13:18:00 / ea_Exp_1__TrailingStop.mq4:719]
OP_BUY : 0
OP_SELL : 1

[2019.08.19 13:18:00 / ea_Exp_1__TrailingStop.mq4:757]
Level_TakeProfit => 118.004 / Level_StopLoss => 117.944
Point = 0.001
Bid = 117.964
MyPoint * 10 * _TheTakeProfit (NormalizeDouble, digits=2) = 0
MyPoint * 10 * _TheStopLoss (NormalizeDouble, digits=2) = 0
_TheTakeProfit = 0.04
_TheStopLoss = 0.02
[2019.08.19 13:18:00 / ea_Exp_1__TrailingStop.mq4:801]
Point (USDJPY) = 0.001

Point (EURJPY) = 0.001

Point (EURUSD) = 0.001

[2019.08.19 13:18:00 / ea_Exp_1__TrailingStop.mq4:840]
show_OrderData()----------------

OrdersTotal : 0

[2019.08.19 13:18:00 / ea_Exp_1__TrailingStop.mq4:700]
Num (string): 0.12345678
Num (NormalizeDouble, 2): 0.12
Digits() : 3
Point : 0.001

[2019.08.19 13:18:00 / ea_Exp_1__TrailingStop.mq4:719]
OP_BUY : 0
OP_SELL : 1

[2019.08.19 13:18:00 / ea_Exp_1__TrailingStop.mq4:757]
Level_TakeProfit => 106.395 / Level_StopLoss => 106.335
Point = 0.001
Bid = 106.355
MyPoint * 10 * _TheTakeProfit (NormalizeDouble, digits=2) = 0
MyPoint * 10 * _TheStopLoss (NormalizeDouble, digits=2) = 0
_TheTakeProfit = 0.04
_TheStopLoss = 0.02
[2019.08.19 13:18:01 / ea_Exp_1__TrailingStop.mq4:801]
Point (USDJPY) = 0.001

Point (EURJPY) = 0.001

Point (EURUSD) = 0.001

[2019.08.19 13:18:01 / ea_Exp_1__TrailingStop.mq4:840]
show_OrderData()----------------

OrdersTotal : 0

[2019.08.19 13:18:01 / ea_Exp_1__TrailingStop.mq4:700]
Num (string): 0.12345678
Num (NormalizeDouble, 2): 0.12
Digits() : 3
Point : 0.001

[2019.08.19 13:18:01 / ea_Exp_1__TrailingStop.mq4:719]
OP_BUY : 0
OP_SELL : 1

[2019.08.19 13:18:01 / ea_Exp_1__TrailingStop.mq4:757]
Level_TakeProfit => 118.005 / Level_StopLoss => 117.945
Point = 0.001
Bid = 117.965
MyPoint * 10 * _TheTakeProfit (NormalizeDouble, digits=2) = 0
MyPoint * 10 * _TheStopLoss (NormalizeDouble, digits=2) = 0
_TheTakeProfit = 0.04
_TheStopLoss = 0.02
[2019.08.19 13:18:01 / ea_Exp_1__TrailingStop.mq4:801]
Point (USDJPY) = 0.001

Point (EURJPY) = 0.001

Point (EURUSD) = 0.001

[2019.08.19 13:18:01 / ea_Exp_1__TrailingStop.mq4:840]
show_OrderData()----------------

OrdersTotal : 0

[2019.08.19 13:18:01 / ea_Exp_1__TrailingStop.mq4:700]
Num (string): 0.12345678
Num (NormalizeDouble, 2): 0.12
Digits() : 5
Point : 1e-05

[2019.08.19 13:18:01 / ea_Exp_1__TrailingStop.mq4:719]
OP_BUY : 0
OP_SELL : 1

[2019.08.19 13:18:01 / ea_Exp_1__TrailingStop.mq4:757]
Level_TakeProfit => 1.14916 / Level_StopLoss => 1.08916
Point = 1e-05
Bid = 1.10916
MyPoint * 10 * _TheTakeProfit (NormalizeDouble, digits=2) = 0
MyPoint * 10 * _TheStopLoss (NormalizeDouble, digits=2) = 0
_TheTakeProfit = 0.04
_TheStopLoss = 0.02
[2019.08.19 13:18:01 / ea_Exp_1__TrailingStop.mq4:801]
Point (USDJPY) = 1e-05

Point (EURJPY) = 1e-05

Point (EURUSD) = 1e-05

[2019.08.19 13:18:01 / ea_Exp_1__TrailingStop.mq4:840]
show_OrderData()----------------

OrdersTotal : 0

[2019.08.19 13:18:01 / ea_Exp_1__TrailingStop.mq4:700]
Num (string): 0.12345678
Num (NormalizeDouble, 2): 0.12
Digits() : 3
Point : 0.001

[2019.08.19 13:18:01 / ea_Exp_1__TrailingStop.mq4:719]
OP_BUY : 0
OP_SELL : 1

[2019.08.19 13:18:01 / ea_Exp_1__TrailingStop.mq4:757]
Level_TakeProfit => 106.395 / Level_StopLoss => 106.335
Point = 0.001
Bid = 106.355
MyPoint * 10 * _TheTakeProfit (NormalizeDouble, digits=2) = 0
MyPoint * 10 * _TheStopLoss (NormalizeDouble, digits=2) = 0
_TheTakeProfit = 0.04
_TheStopLoss = 0.02
[2019.08.19 13:18:01 / ea_Exp_1__TrailingStop.mq4:801]
Point (USDJPY) = 0.001

Point (EURJPY) = 0.001

Point (EURUSD) = 0.001

[2019.08.19 13:18:01 / ea_Exp_1__TrailingStop.mq4:840]
show_OrderData()----------------

OrdersTotal : 0

[2019.08.19 13:18:01 / ea_Exp_1__TrailingStop.mq4:700]
Num (string): 0.12345678
Num (NormalizeDouble, 2): 0.12
Digits() : 3
Point : 0.001

[2019.08.19 13:18:01 / ea_Exp_1__TrailingStop.mq4:719]
OP_BUY : 0
OP_SELL : 1

[2019.08.19 13:18:01 / ea_Exp_1__TrailingStop.mq4:757]
Level_TakeProfit => 118.005 / Level_StopLoss => 117.945
Point = 0.001
Bid = 117.965
MyPoint * 10 * _TheTakeProfit (NormalizeDouble, digits=2) = 0
MyPoint * 10 * _TheStopLoss (NormalizeDouble, digits=2) = 0
_TheTakeProfit = 0.04
_TheStopLoss = 0.02
[2019.08.19 13:18:01 / ea_Exp_1__TrailingStop.mq4:801]
Point (USDJPY) = 0.001

Point (EURJPY) = 0.001

Point (EURUSD) = 0.001

[2019.08.19 13:18:01 / ea_Exp_1__TrailingStop.mq4:840]
show_OrderData()----------------

OrdersTotal : 0

[2019.08.19 13:18:01 / ea_Exp_1__TrailingStop.mq4:700]
Num (string): 0.12345678
Num (NormalizeDouble, 2): 0.12
Digits() : 5
Point : 1e-05

[2019.08.19 13:18:01 / ea_Exp_1__TrailingStop.mq4:719]
OP_BUY : 0
OP_SELL : 1

[2019.08.19 13:18:01 / ea_Exp_1__TrailingStop.mq4:757]
Level_TakeProfit => 1.14916 / Level_StopLoss => 1.08916
Point = 1e-05
Bid = 1.10916
MyPoint * 10 * _TheTakeProfit (NormalizeDouble, digits=2) = 0
MyPoint * 10 * _TheStopLoss (NormalizeDouble, digits=2) = 0
_TheTakeProfit = 0.04
_TheStopLoss = 0.02
[2019.08.19 13:18:01 / ea_Exp_1__TrailingStop.mq4:801]
Point (USDJPY) = 1e-05

Point (EURJPY) = 1e-05

Point (EURUSD) = 1e-05

[2019.08.19 13:18:01 / ea_Exp_1__TrailingStop.mq4:840]
show_OrderData()----------------

OrdersTotal : 0

[2019.08.19 13:18:01 / ea_Exp_1__TrailingStop.mq4:700]
Num (string): 0.12345678
Num (NormalizeDouble, 2): 0.12
Digits() : 3
Point : 0.001

[2019.08.19 13:18:01 / ea_Exp_1__TrailingStop.mq4:719]
OP_BUY : 0
OP_SELL : 1

[2019.08.19 13:18:01 / ea_Exp_1__TrailingStop.mq4:757]
Level_TakeProfit => 118.005 / Level_StopLoss => 117.945
Point = 0.001
Bid = 117.965
MyPoint * 10 * _TheTakeProfit (NormalizeDouble, digits=2) = 0
MyPoint * 10 * _TheStopLoss (NormalizeDouble, digits=2) = 0
_TheTakeProfit = 0.04
_TheStopLoss = 0.02
[2019.08.19 13:18:01 / ea_Exp_1__TrailingStop.mq4:801]
Point (USDJPY) = 0.001

Point (EURJPY) = 0.001

Point (EURUSD) = 0.001

[2019.08.19 13:18:01 / ea_Exp_1__TrailingStop.mq4:840]
show_OrderData()----------------

OrdersTotal : 0

[2019.08.19 13:18:01 / ea_Exp_1__TrailingStop.mq4:700]
Num (string): 0.12345678
Num (NormalizeDouble, 2): 0.12
Digits() : 3
Point : 0.001

[2019.08.19 13:18:01 / ea_Exp_1__TrailingStop.mq4:719]
OP_BUY : 0
OP_SELL : 1

[2019.08.19 13:18:01 / ea_Exp_1__TrailingStop.mq4:757]
Level_TakeProfit => 106.395 / Level_StopLoss => 106.335
Point = 0.001
Bid = 106.355
MyPoint * 10 * _TheTakeProfit (NormalizeDouble, digits=2) = 0
MyPoint * 10 * _TheStopLoss (NormalizeDouble, digits=2) = 0
_TheTakeProfit = 0.04
_TheStopLoss = 0.02
[2019.08.19 13:18:01 / ea_Exp_1__TrailingStop.mq4:801]
Point (USDJPY) = 0.001

Point (EURJPY) = 0.001

Point (EURUSD) = 0.001

[2019.08.19 13:18:01 / ea_Exp_1__TrailingStop.mq4:840]
show_OrderData()----------------

OrdersTotal : 0

[2019.08.19 13:18:01 / ea_Exp_1__TrailingStop.mq4:700]
Num (string): 0.12345678
Num (NormalizeDouble, 2): 0.12
Digits() : 3
Point : 0.001

[2019.08.19 13:18:01 / ea_Exp_1__TrailingStop.mq4:719]
OP_BUY : 0
OP_SELL : 1

[2019.08.19 13:18:01 / ea_Exp_1__TrailingStop.mq4:757]
Level_TakeProfit => 118.005 / Level_StopLoss => 117.945
Point = 0.001
Bid = 117.965
MyPoint * 10 * _TheTakeProfit (NormalizeDouble, digits=2) = 0
MyPoint * 10 * _TheStopLoss (NormalizeDouble, digits=2) = 0
_TheTakeProfit = 0.04
_TheStopLoss = 0.02
[2019.08.19 13:18:01 / ea_Exp_1__TrailingStop.mq4:801]
Point (USDJPY) = 0.001

Point (EURJPY) = 0.001

Point (EURUSD) = 0.001

[2019.08.19 13:18:01 / ea_Exp_1__TrailingStop.mq4:840]
show_OrderData()----------------

OrdersTotal : 0

[2019.08.19 13:18:01 / ea_Exp_1__TrailingStop.mq4:700]
Num (string): 0.12345678
Num (NormalizeDouble, 2): 0.12
Digits() : 5
Point : 1e-05

[2019.08.19 13:18:01 / ea_Exp_1__TrailingStop.mq4:719]
OP_BUY : 0
OP_SELL : 1

[2019.08.19 13:18:01 / ea_Exp_1__TrailingStop.mq4:757]
Level_TakeProfit => 1.14916 / Level_StopLoss => 1.08916
Point = 1e-05
Bid = 1.10916
MyPoint * 10 * _TheTakeProfit (NormalizeDouble, digits=2) = 0
MyPoint * 10 * _TheStopLoss (NormalizeDouble, digits=2) = 0
_TheTakeProfit = 0.04
_TheStopLoss = 0.02
[2019.08.19 13:18:02 / ea_Exp_1__TrailingStop.mq4:801]
Point (USDJPY) = 1e-05

Point (EURJPY) = 1e-05

Point (EURUSD) = 1e-05

[2019.08.19 13:18:02 / ea_Exp_1__TrailingStop.mq4:840]
show_OrderData()----------------

OrdersTotal : 0

[2019.08.19 13:18:02 / ea_Exp_1__TrailingStop.mq4:700]
Num (string): 0.12345678
Num (NormalizeDouble, 2): 0.12
Digits() : 3
Point : 0.001

[2019.08.19 13:18:02 / ea_Exp_1__TrailingStop.mq4:719]
OP_BUY : 0
OP_SELL : 1

[2019.08.19 13:18:02 / ea_Exp_1__TrailingStop.mq4:757]
Level_TakeProfit => 118.005 / Level_StopLoss => 117.945
Point = 0.001
Bid = 117.965
MyPoint * 10 * _TheTakeProfit (NormalizeDouble, digits=2) = 0
MyPoint * 10 * _TheStopLoss (NormalizeDouble, digits=2) = 0
_TheTakeProfit = 0.04
_TheStopLoss = 0.02
[2019.08.19 13:18:02 / ea_Exp_1__TrailingStop.mq4:801]
Point (USDJPY) = 0.001

Point (EURJPY) = 0.001

Point (EURUSD) = 0.001

[2019.08.19 13:18:02 / ea_Exp_1__TrailingStop.mq4:840]
show_OrderData()----------------

OrdersTotal : 0

[2019.08.19 13:18:02 / ea_Exp_1__TrailingStop.mq4:700]
Num (string): 0.12345678
Num (NormalizeDouble, 2): 0.12
Digits() : 3
Point : 0.001

[2019.08.19 13:18:02 / ea_Exp_1__TrailingStop.mq4:719]
OP_BUY : 0
OP_SELL : 1

[2019.08.19 13:18:02 / ea_Exp_1__TrailingStop.mq4:757]
Level_TakeProfit => 106.395 / Level_StopLoss => 106.335
Point = 0.001
Bid = 106.355
MyPoint * 10 * _TheTakeProfit (NormalizeDouble, digits=2) = 0
MyPoint * 10 * _TheStopLoss (NormalizeDouble, digits=2) = 0
_TheTakeProfit = 0.04
_TheStopLoss = 0.02
[2019.08.19 13:18:02 / ea_Exp_1__TrailingStop.mq4:801]
Point (USDJPY) = 0.001

Point (EURJPY) = 0.001

Point (EURUSD) = 0.001

[2019.08.19 13:18:02 / ea_Exp_1__TrailingStop.mq4:840]
show_OrderData()----------------

OrdersTotal : 0

[2019.08.19 13:18:02 / ea_Exp_1__TrailingStop.mq4:700]
Num (string): 0.12345678
Num (NormalizeDouble, 2): 0.12
Digits() : 5
Point : 1e-05

[2019.08.19 13:18:02 / ea_Exp_1__TrailingStop.mq4:719]
OP_BUY : 0
OP_SELL : 1

[2019.08.19 13:18:02 / ea_Exp_1__TrailingStop.mq4:757]
Level_TakeProfit => 1.14916 / Level_StopLoss => 1.08916
Point = 1e-05
Bid = 1.10916
MyPoint * 10 * _TheTakeProfit (NormalizeDouble, digits=2) = 0
MyPoint * 10 * _TheStopLoss (NormalizeDouble, digits=2) = 0
_TheTakeProfit = 0.04
_TheStopLoss = 0.02
[2019.08.19 13:18:02 / ea_Exp_1__TrailingStop.mq4:801]
Point (USDJPY) = 1e-05

Point (EURJPY) = 1e-05

Point (EURUSD) = 1e-05

[2019.08.19 13:18:02 / ea_Exp_1__TrailingStop.mq4:840]
show_OrderData()----------------

OrdersTotal : 0

[2019.08.19 13:18:02 / ea_Exp_1__TrailingStop.mq4:700]
Num (string): 0.12345678
Num (NormalizeDouble, 2): 0.12
Digits() : 3
Point : 0.001

[2019.08.19 13:18:02 / ea_Exp_1__TrailingStop.mq4:719]
OP_BUY : 0
OP_SELL : 1

[2019.08.19 13:18:02 / ea_Exp_1__TrailingStop.mq4:757]
Level_TakeProfit => 118.005 / Level_StopLoss => 117.945
Point = 0.001
Bid = 117.965
MyPoint * 10 * _TheTakeProfit (NormalizeDouble, digits=2) = 0
MyPoint * 10 * _TheStopLoss (NormalizeDouble, digits=2) = 0
_TheTakeProfit = 0.04
_TheStopLoss = 0.02
[2019.08.19 13:18:02 / ea_Exp_1__TrailingStop.mq4:801]
Point (USDJPY) = 0.001

Point (EURJPY) = 0.001

Point (EURUSD) = 0.001

[2019.08.19 13:18:02 / ea_Exp_1__TrailingStop.mq4:840]
show_OrderData()----------------

OrdersTotal : 0

[2019.08.19 13:18:02 / ea_Exp_1__TrailingStop.mq4:700]
Num (string): 0.12345678
Num (NormalizeDouble, 2): 0.12
Digits() : 5
Point : 1e-05

[2019.08.19 13:18:02 / ea_Exp_1__TrailingStop.mq4:719]
OP_BUY : 0
OP_SELL : 1

[2019.08.19 13:18:02 / ea_Exp_1__TrailingStop.mq4:757]
Level_TakeProfit => 1.14916 / Level_StopLoss => 1.08916
Point = 1e-05
Bid = 1.10916
MyPoint * 10 * _TheTakeProfit (NormalizeDouble, digits=2) = 0
MyPoint * 10 * _TheStopLoss (NormalizeDouble, digits=2) = 0
_TheTakeProfit = 0.04
_TheStopLoss = 0.02
[2019.08.19 13:18:02 / ea_Exp_1__TrailingStop.mq4:801]
Point (USDJPY) = 1e-05

Point (EURJPY) = 1e-05

Point (EURUSD) = 1e-05

[2019.08.19 13:18:02 / ea_Exp_1__TrailingStop.mq4:840]
show_OrderData()----------------

OrdersTotal : 0

[2019.08.19 13:18:02 / ea_Exp_1__TrailingStop.mq4:700]
Num (string): 0.12345678
Num (NormalizeDouble, 2): 0.12
Digits() : 3
Point : 0.001

[2019.08.19 13:18:02 / ea_Exp_1__TrailingStop.mq4:719]
OP_BUY : 0
OP_SELL : 1

[2019.08.19 13:18:02 / ea_Exp_1__TrailingStop.mq4:757]
Level_TakeProfit => 118.005 / Level_StopLoss => 117.945
Point = 0.001
Bid = 117.965
MyPoint * 10 * _TheTakeProfit (NormalizeDouble, digits=2) = 0
MyPoint * 10 * _TheStopLoss (NormalizeDouble, digits=2) = 0
_TheTakeProfit = 0.04
_TheStopLoss = 0.02
[2019.08.19 13:18:02 / ea_Exp_1__TrailingStop.mq4:801]
Point (USDJPY) = 0.001

Point (EURJPY) = 0.001

Point (EURUSD) = 0.001

[2019.08.19 13:18:02 / ea_Exp_1__TrailingStop.mq4:840]
show_OrderData()----------------

OrdersTotal : 0

[2019.08.19 13:18:04 / ea_Exp_1__TrailingStop.mq4:700]
Num (string): 0.12345678
Num (NormalizeDouble, 2): 0.12
Digits() : 3
Point : 0.001

[2019.08.19 13:18:04 / ea_Exp_1__TrailingStop.mq4:719]
OP_BUY : 0
OP_SELL : 1

[2019.08.19 13:18:04 / ea_Exp_1__TrailingStop.mq4:757]
Level_TakeProfit => 118.005 / Level_StopLoss => 117.945
Point = 0.001
Bid = 117.965
MyPoint * 10 * _TheTakeProfit (NormalizeDouble, digits=2) = 0
MyPoint * 10 * _TheStopLoss (NormalizeDouble, digits=2) = 0
_TheTakeProfit = 0.04
_TheStopLoss = 0.02
[2019.08.19 13:18:07 / ea_Exp_1__TrailingStop.mq4:801]
Point (USDJPY) = 0.001

Point (EURJPY) = 0.001

Point (EURUSD) = 0.001

[2019.08.19 13:18:07 / ea_Exp_1__TrailingStop.mq4:840]
show_OrderData()----------------

OrdersTotal : 0

[2019.08.19 13:18:10 / ea_Exp_1__TrailingStop.mq4:700]
Num (string): 0.12345678
Num (NormalizeDouble, 2): 0.12
Digits() : 3
Point : 0.001

[2019.08.19 13:18:10 / ea_Exp_1__TrailingStop.mq4:719]
OP_BUY : 0
OP_SELL : 1

[2019.08.19 13:18:10 / ea_Exp_1__TrailingStop.mq4:757]
Level_TakeProfit => 118.007 / Level_StopLoss => 117.947
Point = 0.001
Bid = 117.967
MyPoint * 10 * _TheTakeProfit (NormalizeDouble, digits=2) = 0
MyPoint * 10 * _TheStopLoss (NormalizeDouble, digits=2) = 0
_TheTakeProfit = 0.04
_TheStopLoss = 0.02
[2019.08.19 13:18:14 / ea_Exp_1__TrailingStop.mq4:801]
Point (USDJPY) = 0.001

Point (EURJPY) = 0.001

Point (EURUSD) = 0.001

[2019.08.19 13:18:14 / ea_Exp_1__TrailingStop.mq4:840]
show_OrderData()----------------

OrdersTotal : 0

[2019.08.19 13:18:16 / ea_Exp_1__TrailingStop.mq4:700]
Num (string): 0.12345678
Num (NormalizeDouble, 2): 0.12
Digits() : 3
Point : 0.001

[2019.08.19 13:18:16 / ea_Exp_1__TrailingStop.mq4:719]
OP_BUY : 0
OP_SELL : 1

[2019.08.19 13:18:16 / ea_Exp_1__TrailingStop.mq4:757]
Level_TakeProfit => 118.007 / Level_StopLoss => 117.947
Point = 0.001
Bid = 117.967
MyPoint * 10 * _TheTakeProfit (NormalizeDouble, digits=2) = 0
MyPoint * 10 * _TheStopLoss (NormalizeDouble, digits=2) = 0
_TheTakeProfit = 0.04
_TheStopLoss = 0.02
[2019.08.19 13:18:19 / ea_Exp_1__TrailingStop.mq4:801]
Point (USDJPY) = 0.001

Point (EURJPY) = 0.001

Point (EURUSD) = 0.001

[2019.08.19 13:18:19 / ea_Exp_1__TrailingStop.mq4:840]
show_OrderData()----------------

OrdersTotal : 0

[2019.08.19 13:18:21 / ea_Exp_1__TrailingStop.mq4:700]
Num (string): 0.12345678
Num (NormalizeDouble, 2): 0.12
Digits() : 3
Point : 0.001

[2019.08.19 13:18:21 / ea_Exp_1__TrailingStop.mq4:719]
OP_BUY : 0
OP_SELL : 1

[2019.08.19 13:18:21 / ea_Exp_1__TrailingStop.mq4:757]
Level_TakeProfit => 118.007 / Level_StopLoss => 117.947
Point = 0.001
Bid = 117.967
MyPoint * 10 * _TheTakeProfit (NormalizeDouble, digits=2) = 0
MyPoint * 10 * _TheStopLoss (NormalizeDouble, digits=2) = 0
_TheTakeProfit = 0.04
_TheStopLoss = 0.02
[2019.08.19 13:18:26 / ea_Exp_1__TrailingStop.mq4:801]
Point (USDJPY) = 0.001

Point (EURJPY) = 0.001

Point (EURUSD) = 0.001

[2019.08.19 13:18:26 / ea_Exp_1__TrailingStop.mq4:840]
show_OrderData()----------------

OrdersTotal : 0

[2019.08.19 13:18:27 / ea_Exp_1__TrailingStop.mq4:700]
Num (string): 0.12345678
Num (NormalizeDouble, 2): 0.12
Digits() : 5
Point : 1e-05

[2019.08.19 13:18:27 / ea_Exp_1__TrailingStop.mq4:719]
OP_BUY : 0
OP_SELL : 1

[2019.08.19 13:18:27 / ea_Exp_1__TrailingStop.mq4:757]
Level_TakeProfit => 1.14916 / Level_StopLoss => 1.08916
Point = 1e-05
Bid = 1.10916
MyPoint * 10 * _TheTakeProfit (NormalizeDouble, digits=2) = 0
MyPoint * 10 * _TheStopLoss (NormalizeDouble, digits=2) = 0
_TheTakeProfit = 0.04
_TheStopLoss = 0.02
[2019.08.19 13:18:30 / ea_Exp_1__TrailingStop.mq4:801]
Point (USDJPY) = 1e-05

Point (EURJPY) = 1e-05

Point (EURUSD) = 1e-05

[2019.08.19 13:18:30 / ea_Exp_1__TrailingStop.mq4:840]
show_OrderData()----------------

OrdersTotal : 0

[2019.08.19 13:18:32 / ea_Exp_1__TrailingStop.mq4:700]
Num (string): 0.12345678
Num (NormalizeDouble, 2): 0.12
Digits() : 3
Point : 0.001

[2019.08.19 13:18:32 / ea_Exp_1__TrailingStop.mq4:719]
OP_BUY : 0
OP_SELL : 1

[2019.08.19 13:18:32 / ea_Exp_1__TrailingStop.mq4:757]
Level_TakeProfit => 118.013 / Level_StopLoss => 117.953
Point = 0.001
Bid = 117.973
MyPoint * 10 * _TheTakeProfit (NormalizeDouble, digits=2) = 0
MyPoint * 10 * _TheStopLoss (NormalizeDouble, digits=2) = 0
_TheTakeProfit = 0.04
_TheStopLoss = 0.02
[2019.08.19 13:18:35 / ea_Exp_1__TrailingStop.mq4:801]
Point (USDJPY) = 0.001

Point (EURJPY) = 0.001

Point (EURUSD) = 0.001

[2019.08.19 13:18:35 / ea_Exp_1__TrailingStop.mq4:840]
show_OrderData()----------------

OrdersTotal : 0

[2019.08.19 13:18:37 / ea_Exp_1__TrailingStop.mq4:700]
Num (string): 0.12345678
Num (NormalizeDouble, 2): 0.12
Digits() : 3
Point : 0.001

[2019.08.19 13:18:37 / ea_Exp_1__TrailingStop.mq4:719]
OP_BUY : 0
OP_SELL : 1

[2019.08.19 13:18:37 / ea_Exp_1__TrailingStop.mq4:757]
Level_TakeProfit => 106.4 / Level_StopLoss => 106.34
Point = 0.001
Bid = 106.36
MyPoint * 10 * _TheTakeProfit (NormalizeDouble, digits=2) = 0
MyPoint * 10 * _TheStopLoss (NormalizeDouble, digits=2) = 0
_TheTakeProfit = 0.04
_TheStopLoss = 0.02
[2019.08.19 13:18:41 / ea_Exp_1__TrailingStop.mq4:801]
Point (USDJPY) = 0.001

Point (EURJPY) = 0.001

Point (EURUSD) = 0.001

[2019.08.19 13:18:41 / ea_Exp_1__TrailingStop.mq4:840]
show_OrderData()----------------

OrdersTotal : 0

[2019.08.19 13:18:43 / ea_Exp_1__TrailingStop.mq4:700]
Num (string): 0.12345678
Num (NormalizeDouble, 2): 0.12
Digits() : 3
Point : 0.001

[2019.08.19 13:18:43 / ea_Exp_1__TrailingStop.mq4:719]
OP_BUY : 0
OP_SELL : 1

[2019.08.19 13:18:43 / ea_Exp_1__TrailingStop.mq4:757]
Level_TakeProfit => 106.401 / Level_StopLoss => 106.341
Point = 0.001
Bid = 106.361
MyPoint * 10 * _TheTakeProfit (NormalizeDouble, digits=2) = 0
MyPoint * 10 * _TheStopLoss (NormalizeDouble, digits=2) = 0
_TheTakeProfit = 0.04
_TheStopLoss = 0.02
[2019.08.19 13:18:47 / ea_Exp_1__TrailingStop.mq4:801]
Point (USDJPY) = 0.001

Point (EURJPY) = 0.001

Point (EURUSD) = 0.001

[2019.08.19 13:18:47 / ea_Exp_1__TrailingStop.mq4:840]
show_OrderData()----------------

OrdersTotal : 0

[2019.08.19 13:18:49 / ea_Exp_1__TrailingStop.mq4:700]
Num (string): 0.12345678
Num (NormalizeDouble, 2): 0.12
Digits() : 3
Point : 0.001

[2019.08.19 13:18:49 / ea_Exp_1__TrailingStop.mq4:719]
OP_BUY : 0
OP_SELL : 1

[2019.08.19 13:18:49 / ea_Exp_1__TrailingStop.mq4:757]
Level_TakeProfit => 106.401 / Level_StopLoss => 106.341
Point = 0.001
Bid = 106.361
MyPoint * 10 * _TheTakeProfit (NormalizeDouble, digits=2) = 0
MyPoint * 10 * _TheStopLoss (NormalizeDouble, digits=2) = 0
_TheTakeProfit = 0.04
_TheStopLoss = 0.02
[2019.08.19 13:18:55 / ea_Exp_1__TrailingStop.mq4:801]
Point (USDJPY) = 0.001

Point (EURJPY) = 0.001

Point (EURUSD) = 0.001

[2019.08.19 13:18:55 / ea_Exp_1__TrailingStop.mq4:840]
show_OrderData()----------------

OrdersTotal : 0

[2019.08.19 13:18:57 / ea_Exp_1__TrailingStop.mq4:700]
Num (string): 0.12345678
Num (NormalizeDouble, 2): 0.12
Digits() : 3
Point : 0.001

[2019.08.19 13:18:57 / ea_Exp_1__TrailingStop.mq4:719]
OP_BUY : 0
OP_SELL : 1

[2019.08.19 13:18:57 / ea_Exp_1__TrailingStop.mq4:757]
Level_TakeProfit => 106.401 / Level_StopLoss => 106.341
Point = 0.001
Bid = 106.361
MyPoint * 10 * _TheTakeProfit (NormalizeDouble, digits=2) = 0
MyPoint * 10 * _TheStopLoss (NormalizeDouble, digits=2) = 0
_TheTakeProfit = 0.04
_TheStopLoss = 0.02
[2019.08.19 13:19:01 / ea_Exp_1__TrailingStop.mq4:801]
Point (USDJPY) = 0.001

Point (EURJPY) = 0.001

Point (EURUSD) = 0.001

[2019.08.19 13:19:01 / ea_Exp_1__TrailingStop.mq4:840]
show_OrderData()----------------

OrdersTotal : 0

[2019.08.19 13:19:03 / ea_Exp_1__TrailingStop.mq4:700]
Num (string): 0.12345678
Num (NormalizeDouble, 2): 0.12
Digits() : 3
Point : 0.001

[2019.08.19 13:19:03 / ea_Exp_1__TrailingStop.mq4:719]
OP_BUY : 0
OP_SELL : 1

[2019.08.19 13:19:03 / ea_Exp_1__TrailingStop.mq4:757]
Level_TakeProfit => 106.401 / Level_StopLoss => 106.341
Point = 0.001
Bid = 106.361
MyPoint * 10 * _TheTakeProfit (NormalizeDouble, digits=2) = 0
MyPoint * 10 * _TheStopLoss (NormalizeDouble, digits=2) = 0
_TheTakeProfit = 0.04
_TheStopLoss = 0.02
[2019.08.19 13:19:07 / ea_Exp_1__TrailingStop.mq4:801]
Point (USDJPY) = 0.001

Point (EURJPY) = 0.001

Point (EURUSD) = 0.001

[2019.08.19 13:19:07 / ea_Exp_1__TrailingStop.mq4:840]
show_OrderData()----------------

OrdersTotal : 0

[2019.08.19 13:19:09 / ea_Exp_1__TrailingStop.mq4:700]
Num (string): 0.12345678
Num (NormalizeDouble, 2): 0.12
Digits() : 3
Point : 0.001

[2019.08.19 13:19:09 / ea_Exp_1__TrailingStop.mq4:719]
OP_BUY : 0
OP_SELL : 1

[2019.08.19 13:19:09 / ea_Exp_1__TrailingStop.mq4:757]
Level_TakeProfit => 106.406 / Level_StopLoss => 106.346
Point = 0.001
Bid = 106.366
MyPoint * 10 * _TheTakeProfit (NormalizeDouble, digits=2) = 0
MyPoint * 10 * _TheStopLoss (NormalizeDouble, digits=2) = 0
_TheTakeProfit = 0.04
_TheStopLoss = 0.02
[2019.08.19 13:19:15 / ea_Exp_1__TrailingStop.mq4:801]
Point (USDJPY) = 0.001

Point (EURJPY) = 0.001

Point (EURUSD) = 0.001

[2019.08.19 13:19:15 / ea_Exp_1__TrailingStop.mq4:840]
show_OrderData()----------------

OrdersTotal : 0

[2019.08.19 13:19:17 / ea_Exp_1__TrailingStop.mq4:700]
Num (string): 0.12345678
Num (NormalizeDouble, 2): 0.12
Digits() : 3
Point : 0.001

[2019.08.19 13:19:17 / ea_Exp_1__TrailingStop.mq4:719]
OP_BUY : 0
OP_SELL : 1

[2019.08.19 13:19:17 / ea_Exp_1__TrailingStop.mq4:757]
Level_TakeProfit => 106.407 / Level_StopLoss => 106.347
Point = 0.001
Bid = 106.367
MyPoint * 10 * _TheTakeProfit (NormalizeDouble, digits=2) = 0
MyPoint * 10 * _TheStopLoss (NormalizeDouble, digits=2) = 0
_TheTakeProfit = 0.04
_TheStopLoss = 0.02
[2019.08.19 13:19:21 / ea_Exp_1__TrailingStop.mq4:801]
Point (USDJPY) = 0.001

Point (EURJPY) = 0.001

Point (EURUSD) = 0.001

[2019.08.19 13:19:21 / ea_Exp_1__TrailingStop.mq4:840]
show_OrderData()----------------

OrdersTotal : 0

[2019.08.19 13:19:23 / ea_Exp_1__TrailingStop.mq4:700]
Num (string): 0.12345678
Num (NormalizeDouble, 2): 0.12
Digits() : 3
Point : 0.001

[2019.08.19 13:19:23 / ea_Exp_1__TrailingStop.mq4:719]
OP_BUY : 0
OP_SELL : 1

[2019.08.19 13:19:23 / ea_Exp_1__TrailingStop.mq4:757]
Level_TakeProfit => 106.406 / Level_StopLoss => 106.346
Point = 0.001
Bid = 106.366
MyPoint * 10 * _TheTakeProfit (NormalizeDouble, digits=2) = 0
MyPoint * 10 * _TheStopLoss (NormalizeDouble, digits=2) = 0
_TheTakeProfit = 0.04
_TheStopLoss = 0.02
[2019.08.19 13:19:27 / ea_Exp_1__TrailingStop.mq4:801]
Point (USDJPY) = 0.001

Point (EURJPY) = 0.001

Point (EURUSD) = 0.001

[2019.08.19 13:19:27 / ea_Exp_1__TrailingStop.mq4:840]
show_OrderData()----------------

OrdersTotal : 0

[2019.08.19 13:19:29 / ea_Exp_1__TrailingStop.mq4:700]
Num (string): 0.12345678
Num (NormalizeDouble, 2): 0.12
Digits() : 3
Point : 0.001

[2019.08.19 13:19:29 / ea_Exp_1__TrailingStop.mq4:719]
OP_BUY : 0
OP_SELL : 1

[2019.08.19 13:19:29 / ea_Exp_1__TrailingStop.mq4:757]
Level_TakeProfit => 106.405 / Level_StopLoss => 106.345
Point = 0.001
Bid = 106.365
MyPoint * 10 * _TheTakeProfit (NormalizeDouble, digits=2) = 0
MyPoint * 10 * _TheStopLoss (NormalizeDouble, digits=2) = 0
_TheTakeProfit = 0.04
_TheStopLoss = 0.02
[2019.08.19 13:19:35 / ea_Exp_1__TrailingStop.mq4:801]
Point (USDJPY) = 0.001

Point (EURJPY) = 0.001

Point (EURUSD) = 0.001

[2019.08.19 13:19:35 / ea_Exp_1__TrailingStop.mq4:840]
show_OrderData()----------------

OrdersTotal : 0

[2019.08.19 13:19:37 / ea_Exp_1__TrailingStop.mq4:700]
Num (string): 0.12345678
Num (NormalizeDouble, 2): 0.12
Digits() : 3
Point : 0.001

[2019.08.19 13:19:37 / ea_Exp_1__TrailingStop.mq4:719]
OP_BUY : 0
OP_SELL : 1

[2019.08.19 13:19:37 / ea_Exp_1__TrailingStop.mq4:757]
Level_TakeProfit => 106.405 / Level_StopLoss => 106.345
Point = 0.001
Bid = 106.365
MyPoint * 10 * _TheTakeProfit (NormalizeDouble, digits=2) = 0
MyPoint * 10 * _TheStopLoss (NormalizeDouble, digits=2) = 0
_TheTakeProfit = 0.04
_TheStopLoss = 0.02
[2019.08.19 13:19:41 / ea_Exp_1__TrailingStop.mq4:801]
Point (USDJPY) = 0.001

Point (EURJPY) = 0.001

Point (EURUSD) = 0.001

[2019.08.19 13:19:41 / ea_Exp_1__TrailingStop.mq4:840]
show_OrderData()----------------

OrdersTotal : 0

[2019.08.19 13:19:43 / ea_Exp_1__TrailingStop.mq4:700]
Num (string): 0.12345678
Num (NormalizeDouble, 2): 0.12
Digits() : 3
Point : 0.001

[2019.08.19 13:19:43 / ea_Exp_1__TrailingStop.mq4:719]
OP_BUY : 0
OP_SELL : 1

[2019.08.19 13:19:43 / ea_Exp_1__TrailingStop.mq4:757]
Level_TakeProfit => 106.405 / Level_StopLoss => 106.345
Point = 0.001
Bid = 106.365
MyPoint * 10 * _TheTakeProfit (NormalizeDouble, digits=2) = 0
MyPoint * 10 * _TheStopLoss (NormalizeDouble, digits=2) = 0
_TheTakeProfit = 0.04
_TheStopLoss = 0.02
[2019.08.19 13:19:47 / ea_Exp_1__TrailingStop.mq4:801]
Point (USDJPY) = 0.001

Point (EURJPY) = 0.001

Point (EURUSD) = 0.001

[2019.08.19 13:19:47 / ea_Exp_1__TrailingStop.mq4:840]
show_OrderData()----------------

OrdersTotal : 0

[2019.08.19 13:19:49 / ea_Exp_1__TrailingStop.mq4:700]
Num (string): 0.12345678
Num (NormalizeDouble, 2): 0.12
Digits() : 3
Point : 0.001

[2019.08.19 13:19:49 / ea_Exp_1__TrailingStop.mq4:719]
OP_BUY : 0
OP_SELL : 1

[2019.08.19 13:19:49 / ea_Exp_1__TrailingStop.mq4:757]
Level_TakeProfit => 106.405 / Level_StopLoss => 106.345
Point = 0.001
Bid = 106.365
MyPoint * 10 * _TheTakeProfit (NormalizeDouble, digits=2) = 0
MyPoint * 10 * _TheStopLoss (NormalizeDouble, digits=2) = 0
_TheTakeProfit = 0.04
_TheStopLoss = 0.02
[2019.08.19 13:19:55 / ea_Exp_1__TrailingStop.mq4:801]
Point (USDJPY) = 0.001

Point (EURJPY) = 0.001

Point (EURUSD) = 0.001

[2019.08.19 13:19:55 / ea_Exp_1__TrailingStop.mq4:840]
show_OrderData()----------------

OrdersTotal : 0

[2019.08.19 13:19:57 / ea_Exp_1__TrailingStop.mq4:700]
Num (string): 0.12345678
Num (NormalizeDouble, 2): 0.12
Digits() : 3
Point : 0.001

[2019.08.19 13:19:57 / ea_Exp_1__TrailingStop.mq4:719]
OP_BUY : 0
OP_SELL : 1

[2019.08.19 13:19:57 / ea_Exp_1__TrailingStop.mq4:757]
Level_TakeProfit => 106.401 / Level_StopLoss => 106.341
Point = 0.001
Bid = 106.361
MyPoint * 10 * _TheTakeProfit (NormalizeDouble, digits=2) = 0
MyPoint * 10 * _TheStopLoss (NormalizeDouble, digits=2) = 0
_TheTakeProfit = 0.04
_TheStopLoss = 0.02
[2019.08.19 13:20:01 / ea_Exp_1__TrailingStop.mq4:801]
Point (USDJPY) = 0.001

Point (EURJPY) = 0.001

Point (EURUSD) = 0.001

[2019.08.19 13:20:01 / ea_Exp_1__TrailingStop.mq4:840]
show_OrderData()----------------

OrdersTotal : 0

[2019.08.19 13:20:03 / ea_Exp_1__TrailingStop.mq4:700]
Num (string): 0.12345678
Num (NormalizeDouble, 2): 0.12
Digits() : 3
Point : 0.001

[2019.08.19 13:20:03 / ea_Exp_1__TrailingStop.mq4:719]
OP_BUY : 0
OP_SELL : 1

[2019.08.19 13:20:03 / ea_Exp_1__TrailingStop.mq4:757]
Level_TakeProfit => 118.01 / Level_StopLoss => 117.95
Point = 0.001
Bid = 117.97
MyPoint * 10 * _TheTakeProfit (NormalizeDouble, digits=2) = 0
MyPoint * 10 * _TheStopLoss (NormalizeDouble, digits=2) = 0
_TheTakeProfit = 0.04
_TheStopLoss = 0.02
[2019.08.19 13:20:06 / ea_Exp_1__TrailingStop.mq4:801]
Point (USDJPY) = 0.001

Point (EURJPY) = 0.001

Point (EURUSD) = 0.001

[2019.08.19 13:20:06 / ea_Exp_1__TrailingStop.mq4:840]
show_OrderData()----------------

OrdersTotal : 0

[2019.08.19 13:20:08 / ea_Exp_1__TrailingStop.mq4:700]
Num (string): 0.12345678
Num (NormalizeDouble, 2): 0.12
Digits() : 3
Point : 0.001

[2019.08.19 13:20:08 / ea_Exp_1__TrailingStop.mq4:719]
OP_BUY : 0
OP_SELL : 1

[2019.08.19 13:20:08 / ea_Exp_1__TrailingStop.mq4:757]
Level_TakeProfit => 106.4 / Level_StopLoss => 106.34
Point = 0.001
Bid = 106.36
MyPoint * 10 * _TheTakeProfit (NormalizeDouble, digits=2) = 0
MyPoint * 10 * _TheStopLoss (NormalizeDouble, digits=2) = 0
_TheTakeProfit = 0.04
_TheStopLoss = 0.02
[2019.08.19 13:20:11 / ea_Exp_1__TrailingStop.mq4:801]
Point (USDJPY) = 0.001

Point (EURJPY) = 0.001

Point (EURUSD) = 0.001

[2019.08.19 13:20:11 / ea_Exp_1__TrailingStop.mq4:840]
show_OrderData()----------------

OrdersTotal : 0

[2019.08.19 13:20:13 / ea_Exp_1__TrailingStop.mq4:700]
Num (string): 0.12345678
Num (NormalizeDouble, 2): 0.12
Digits() : 3
Point : 0.001

[2019.08.19 13:20:13 / ea_Exp_1__TrailingStop.mq4:719]
OP_BUY : 0
OP_SELL : 1

[2019.08.19 13:20:13 / ea_Exp_1__TrailingStop.mq4:757]
Level_TakeProfit => 118.01 / Level_StopLoss => 117.95
Point = 0.001
Bid = 117.97
MyPoint * 10 * _TheTakeProfit (NormalizeDouble, digits=2) = 0
MyPoint * 10 * _TheStopLoss (NormalizeDouble, digits=2) = 0
_TheTakeProfit = 0.04
_TheStopLoss = 0.02
[2019.08.19 13:20:16 / ea_Exp_1__TrailingStop.mq4:801]
Point (USDJPY) = 0.001

Point (EURJPY) = 0.001

Point (EURUSD) = 0.001

[2019.08.19 13:20:16 / ea_Exp_1__TrailingStop.mq4:840]
show_OrderData()----------------

OrdersTotal : 0

[2019.08.19 13:20:18 / ea_Exp_1__TrailingStop.mq4:700]
Num (string): 0.12345678
Num (NormalizeDouble, 2): 0.12
Digits() : 5
Point : 1e-05

[2019.08.19 13:20:18 / ea_Exp_1__TrailingStop.mq4:719]
OP_BUY : 0
OP_SELL : 1

[2019.08.19 13:20:18 / ea_Exp_1__TrailingStop.mq4:757]
Level_TakeProfit => 1.14917 / Level_StopLoss => 1.08917
Point = 1e-05
Bid = 1.10917
MyPoint * 10 * _TheTakeProfit (NormalizeDouble, digits=2) = 0
MyPoint * 10 * _TheStopLoss (NormalizeDouble, digits=2) = 0
_TheTakeProfit = 0.04
_TheStopLoss = 0.02
[2019.08.19 13:20:21 / ea_Exp_1__TrailingStop.mq4:801]
Point (USDJPY) = 1e-05

Point (EURJPY) = 1e-05

Point (EURUSD) = 1e-05

[2019.08.19 13:20:21 / ea_Exp_1__TrailingStop.mq4:840]
show_OrderData()----------------

OrdersTotal : 0

[2019.08.19 13:20:23 / ea_Exp_1__TrailingStop.mq4:700]
Num (string): 0.12345678
Num (NormalizeDouble, 2): 0.12
Digits() : 3
Point : 0.001

[2019.08.19 13:20:23 / ea_Exp_1__TrailingStop.mq4:719]
OP_BUY : 0
OP_SELL : 1

[2019.08.19 13:20:23 / ea_Exp_1__TrailingStop.mq4:757]
Level_TakeProfit => 106.395 / Level_StopLoss => 106.335
Point = 0.001
Bid = 106.355
MyPoint * 10 * _TheTakeProfit (NormalizeDouble, digits=2) = 0
MyPoint * 10 * _TheStopLoss (NormalizeDouble, digits=2) = 0
_TheTakeProfit = 0.04
_TheStopLoss = 0.02
[2019.08.19 13:20:26 / ea_Exp_1__TrailingStop.mq4:801]
Point (USDJPY) = 0.001

Point (EURJPY) = 0.001

Point (EURUSD) = 0.001

[2019.08.19 13:20:26 / ea_Exp_1__TrailingStop.mq4:840]
show_OrderData()----------------

OrdersTotal : 0

[2019.08.19 13:20:28 / ea_Exp_1__TrailingStop.mq4:700]
Num (string): 0.12345678
Num (NormalizeDouble, 2): 0.12
Digits() : 3
Point : 0.001

[2019.08.19 13:20:28 / ea_Exp_1__TrailingStop.mq4:719]
OP_BUY : 0
OP_SELL : 1

[2019.08.19 13:20:28 / ea_Exp_1__TrailingStop.mq4:757]
Level_TakeProfit => 106.395 / Level_StopLoss => 106.335
Point = 0.001
Bid = 106.355
MyPoint * 10 * _TheTakeProfit (NormalizeDouble, digits=2) = 0
MyPoint * 10 * _TheStopLoss (NormalizeDouble, digits=2) = 0
_TheTakeProfit = 0.04
_TheStopLoss = 0.02
[2019.08.19 13:20:33 / ea_Exp_1__TrailingStop.mq4:801]
Point (USDJPY) = 0.001

Point (EURJPY) = 0.001

Point (EURUSD) = 0.001

[2019.08.19 13:20:33 / ea_Exp_1__TrailingStop.mq4:840]
show_OrderData()----------------

OrdersTotal : 0

[2019.08.19 13:20:34 / ea_Exp_1__TrailingStop.mq4:700]
Num (string): 0.12345678
Num (NormalizeDouble, 2): 0.12
Digits() : 5
Point : 1e-05

[2019.08.19 13:20:34 / ea_Exp_1__TrailingStop.mq4:719]
OP_BUY : 0
OP_SELL : 1

[2019.08.19 13:20:34 / ea_Exp_1__TrailingStop.mq4:757]
Level_TakeProfit => 1.14917 / Level_StopLoss => 1.08917
Point = 1e-05
Bid = 1.10917
MyPoint * 10 * _TheTakeProfit (NormalizeDouble, digits=2) = 0
MyPoint * 10 * _TheStopLoss (NormalizeDouble, digits=2) = 0
_TheTakeProfit = 0.04
_TheStopLoss = 0.02
[2019.08.19 13:20:37 / ea_Exp_1__TrailingStop.mq4:801]
Point (USDJPY) = 1e-05

Point (EURJPY) = 1e-05

Point (EURUSD) = 1e-05

[2019.08.19 13:20:37 / ea_Exp_1__TrailingStop.mq4:840]
show_OrderData()----------------

OrdersTotal : 0

[2019.08.19 13:20:39 / ea_Exp_1__TrailingStop.mq4:700]
Num (string): 0.12345678
Num (NormalizeDouble, 2): 0.12
Digits() : 3
Point : 0.001

[2019.08.19 13:20:39 / ea_Exp_1__TrailingStop.mq4:719]
OP_BUY : 0
OP_SELL : 1

[2019.08.19 13:20:39 / ea_Exp_1__TrailingStop.mq4:757]
Level_TakeProfit => 118.009 / Level_StopLoss => 117.949
Point = 0.001
Bid = 117.969
MyPoint * 10 * _TheTakeProfit (NormalizeDouble, digits=2) = 0
MyPoint * 10 * _TheStopLoss (NormalizeDouble, digits=2) = 0
_TheTakeProfit = 0.04
_TheStopLoss = 0.02
[2019.08.19 13:20:42 / ea_Exp_1__TrailingStop.mq4:801]
Point (USDJPY) = 0.001

Point (EURJPY) = 0.001

Point (EURUSD) = 0.001

[2019.08.19 13:20:42 / ea_Exp_1__TrailingStop.mq4:840]
show_OrderData()----------------

OrdersTotal : 0

[2019.08.19 13:20:44 / ea_Exp_1__TrailingStop.mq4:700]
Num (string): 0.12345678
Num (NormalizeDouble, 2): 0.12
Digits() : 3
Point : 0.001

[2019.08.19 13:20:44 / ea_Exp_1__TrailingStop.mq4:719]
OP_BUY : 0
OP_SELL : 1

[2019.08.19 13:20:44 / ea_Exp_1__TrailingStop.mq4:757]
Level_TakeProfit => 106.395 / Level_StopLoss => 106.335
Point = 0.001
Bid = 106.355
MyPoint * 10 * _TheTakeProfit (NormalizeDouble, digits=2) = 0
MyPoint * 10 * _TheStopLoss (NormalizeDouble, digits=2) = 0
_TheTakeProfit = 0.04
_TheStopLoss = 0.02
[2019.08.19 13:20:47 / ea_Exp_1__TrailingStop.mq4:801]
Point (USDJPY) = 0.001

Point (EURJPY) = 0.001

Point (EURUSD) = 0.001

[2019.08.19 13:20:47 / ea_Exp_1__TrailingStop.mq4:840]
show_OrderData()----------------

OrdersTotal : 0

[2019.08.19 13:20:49 / ea_Exp_1__TrailingStop.mq4:700]
Num (string): 0.12345678
Num (NormalizeDouble, 2): 0.12
Digits() : 5
Point : 1e-05

[2019.08.19 13:20:49 / ea_Exp_1__TrailingStop.mq4:719]
OP_BUY : 0
OP_SELL : 1

[2019.08.19 13:20:49 / ea_Exp_1__TrailingStop.mq4:757]
Level_TakeProfit => 1.14917 / Level_StopLoss => 1.08917
Point = 1e-05
Bid = 1.10917
MyPoint * 10 * _TheTakeProfit (NormalizeDouble, digits=2) = 0
MyPoint * 10 * _TheStopLoss (NormalizeDouble, digits=2) = 0
_TheTakeProfit = 0.04
_TheStopLoss = 0.02
[2019.08.19 13:20:52 / ea_Exp_1__TrailingStop.mq4:801]
Point (USDJPY) = 1e-05

Point (EURJPY) = 1e-05

Point (EURUSD) = 1e-05

[2019.08.19 13:20:52 / ea_Exp_1__TrailingStop.mq4:840]
show_OrderData()----------------

OrdersTotal : 0

[2019.08.19 13:20:54 / ea_Exp_1__TrailingStop.mq4:700]
Num (string): 0.12345678
Num (NormalizeDouble, 2): 0.12
Digits() : 5
Point : 1e-05

[2019.08.19 13:20:54 / ea_Exp_1__TrailingStop.mq4:719]
OP_BUY : 0
OP_SELL : 1

[2019.08.19 13:20:54 / ea_Exp_1__TrailingStop.mq4:757]
Level_TakeProfit => 1.14917 / Level_StopLoss => 1.08917
Point = 1e-05
Bid = 1.10917
MyPoint * 10 * _TheTakeProfit (NormalizeDouble, digits=2) = 0
MyPoint * 10 * _TheStopLoss (NormalizeDouble, digits=2) = 0
_TheTakeProfit = 0.04
_TheStopLoss = 0.02
[2019.08.19 13:20:59 / ea_Exp_1__TrailingStop.mq4:801]
Point (USDJPY) = 1e-05

Point (EURJPY) = 1e-05

Point (EURUSD) = 1e-05

[2019.08.19 13:20:59 / ea_Exp_1__TrailingStop.mq4:840]
show_OrderData()----------------

OrdersTotal : 0

[2019.08.19 13:21:00 / ea_Exp_1__TrailingStop.mq4:700]
Num (string): 0.12345678
Num (NormalizeDouble, 2): 0.12
Digits() : 3
Point : 0.001

[2019.08.19 13:21:00 / ea_Exp_1__TrailingStop.mq4:719]
OP_BUY : 0
OP_SELL : 1

[2019.08.19 13:21:00 / ea_Exp_1__TrailingStop.mq4:757]
Level_TakeProfit => 106.395 / Level_StopLoss => 106.335
Point = 0.001
Bid = 106.355
MyPoint * 10 * _TheTakeProfit (NormalizeDouble, digits=2) = 0
MyPoint * 10 * _TheStopLoss (NormalizeDouble, digits=2) = 0
_TheTakeProfit = 0.04
_TheStopLoss = 0.02
[2019.08.19 13:21:03 / ea_Exp_1__TrailingStop.mq4:801]
Point (USDJPY) = 0.001

Point (EURJPY) = 0.001

Point (EURUSD) = 0.001

[2019.08.19 13:21:03 / ea_Exp_1__TrailingStop.mq4:840]
show_OrderData()----------------

OrdersTotal : 0

[2019.08.19 13:21:05 / ea_Exp_1__TrailingStop.mq4:700]
Num (string): 0.12345678
Num (NormalizeDouble, 2): 0.12
Digits() : 3
Point : 0.001

[2019.08.19 13:21:05 / ea_Exp_1__TrailingStop.mq4:719]
OP_BUY : 0
OP_SELL : 1

[2019.08.19 13:21:05 / ea_Exp_1__TrailingStop.mq4:757]
Level_TakeProfit => 118.01 / Level_StopLoss => 117.95
Point = 0.001
Bid = 117.97
MyPoint * 10 * _TheTakeProfit (NormalizeDouble, digits=2) = 0
MyPoint * 10 * _TheStopLoss (NormalizeDouble, digits=2) = 0
_TheTakeProfit = 0.04
_TheStopLoss = 0.02
[2019.08.19 13:21:08 / ea_Exp_1__TrailingStop.mq4:801]
Point (USDJPY) = 0.001

Point (EURJPY) = 0.001

Point (EURUSD) = 0.001

[2019.08.19 13:21:08 / ea_Exp_1__TrailingStop.mq4:840]
show_OrderData()----------------

OrdersTotal : 0

[2019.08.19 13:21:10 / ea_Exp_1__TrailingStop.mq4:700]
Num (string): 0.12345678
Num (NormalizeDouble, 2): 0.12
Digits() : 5
Point : 1e-05

[2019.08.19 13:21:10 / ea_Exp_1__TrailingStop.mq4:719]
OP_BUY : 0
OP_SELL : 1

[2019.08.19 13:21:10 / ea_Exp_1__TrailingStop.mq4:757]
Level_TakeProfit => 1.14917 / Level_StopLoss => 1.08917
Point = 1e-05
Bid = 1.10917
MyPoint * 10 * _TheTakeProfit (NormalizeDouble, digits=2) = 0
MyPoint * 10 * _TheStopLoss (NormalizeDouble, digits=2) = 0
_TheTakeProfit = 0.04
_TheStopLoss = 0.02
[2019.08.19 13:21:13 / ea_Exp_1__TrailingStop.mq4:801]
Point (USDJPY) = 1e-05

Point (EURJPY) = 1e-05

Point (EURUSD) = 1e-05

[2019.08.19 13:21:13 / ea_Exp_1__TrailingStop.mq4:840]
show_OrderData()----------------

OrdersTotal : 0

[2019.08.19 13:21:15 / ea_Exp_1__TrailingStop.mq4:700]
Num (string): 0.12345678
Num (NormalizeDouble, 2): 0.12
Digits() : 3
Point : 0.001

[2019.08.19 13:21:15 / ea_Exp_1__TrailingStop.mq4:719]
OP_BUY : 0
OP_SELL : 1

[2019.08.19 13:21:15 / ea_Exp_1__TrailingStop.mq4:757]
Level_TakeProfit => 118.01 / Level_StopLoss => 117.95
Point = 0.001
Bid = 117.97
MyPoint * 10 * _TheTakeProfit (NormalizeDouble, digits=2) = 0
MyPoint * 10 * _TheStopLoss (NormalizeDouble, digits=2) = 0
_TheTakeProfit = 0.04
_TheStopLoss = 0.02
[2019.08.19 13:21:18 / ea_Exp_1__TrailingStop.mq4:801]
Point (USDJPY) = 0.001

Point (EURJPY) = 0.001

Point (EURUSD) = 0.001

[2019.08.19 13:21:18 / ea_Exp_1__TrailingStop.mq4:840]
show_OrderData()----------------

OrdersTotal : 0

[2019.08.19 13:21:20 / ea_Exp_1__TrailingStop.mq4:700]
Num (string): 0.12345678
Num (NormalizeDouble, 2): 0.12
Digits() : 3
Point : 0.001

[2019.08.19 13:21:20 / ea_Exp_1__TrailingStop.mq4:719]
OP_BUY : 0
OP_SELL : 1

[2019.08.19 13:21:20 / ea_Exp_1__TrailingStop.mq4:757]
Level_TakeProfit => 106.395 / Level_StopLoss => 106.335
Point = 0.001
Bid = 106.355
MyPoint * 10 * _TheTakeProfit (NormalizeDouble, digits=2) = 0
MyPoint * 10 * _TheStopLoss (NormalizeDouble, digits=2) = 0
_TheTakeProfit = 0.04
_TheStopLoss = 0.02
[2019.08.19 13:21:23 / ea_Exp_1__TrailingStop.mq4:801]
Point (USDJPY) = 0.001

Point (EURJPY) = 0.001

Point (EURUSD) = 0.001

[2019.08.19 13:21:23 / ea_Exp_1__TrailingStop.mq4:840]
show_OrderData()----------------

OrdersTotal : 0

[2019.08.19 13:21:25 / ea_Exp_1__TrailingStop.mq4:700]
Num (string): 0.12345678
Num (NormalizeDouble, 2): 0.12
Digits() : 3
Point : 0.001

[2019.08.19 13:21:25 / ea_Exp_1__TrailingStop.mq4:719]
OP_BUY : 0
OP_SELL : 1

[2019.08.19 13:21:25 / ea_Exp_1__TrailingStop.mq4:757]
Level_TakeProfit => 118.01 / Level_StopLoss => 117.95
Point = 0.001
Bid = 117.97
MyPoint * 10 * _TheTakeProfit (NormalizeDouble, digits=2) = 0
MyPoint * 10 * _TheStopLoss (NormalizeDouble, digits=2) = 0
_TheTakeProfit = 0.04
_TheStopLoss = 0.02
[2019.08.19 13:21:28 / ea_Exp_1__TrailingStop.mq4:801]
Point (USDJPY) = 0.001

Point (EURJPY) = 0.001

Point (EURUSD) = 0.001

[2019.08.19 13:21:28 / ea_Exp_1__TrailingStop.mq4:840]
show_OrderData()----------------

OrdersTotal : 0

[2019.08.19 13:21:30 / ea_Exp_1__TrailingStop.mq4:700]
Num (string): 0.12345678
Num (NormalizeDouble, 2): 0.12
Digits() : 5
Point : 1e-05

[2019.08.19 13:21:30 / ea_Exp_1__TrailingStop.mq4:719]
OP_BUY : 0
OP_SELL : 1

[2019.08.19 13:21:30 / ea_Exp_1__TrailingStop.mq4:757]
Level_TakeProfit => 1.14917 / Level_StopLoss => 1.08917
Point = 1e-05
Bid = 1.10917
MyPoint * 10 * _TheTakeProfit (NormalizeDouble, digits=2) = 0
MyPoint * 10 * _TheStopLoss (NormalizeDouble, digits=2) = 0
_TheTakeProfit = 0.04
_TheStopLoss = 0.02
[2019.08.19 13:21:33 / ea_Exp_1__TrailingStop.mq4:801]
Point (USDJPY) = 1e-05

Point (EURJPY) = 1e-05

Point (EURUSD) = 1e-05

[2019.08.19 13:21:33 / ea_Exp_1__TrailingStop.mq4:840]
show_OrderData()----------------

OrdersTotal : 0

[2019.08.19 13:21:35 / ea_Exp_1__TrailingStop.mq4:700]
Num (string): 0.12345678
Num (NormalizeDouble, 2): 0.12
Digits() : 3
Point : 0.001

[2019.08.19 13:21:35 / ea_Exp_1__TrailingStop.mq4:719]
OP_BUY : 0
OP_SELL : 1

[2019.08.19 13:21:35 / ea_Exp_1__TrailingStop.mq4:757]
Level_TakeProfit => 118.01 / Level_StopLoss => 117.95
Point = 0.001
Bid = 117.97
MyPoint * 10 * _TheTakeProfit (NormalizeDouble, digits=2) = 0
MyPoint * 10 * _TheStopLoss (NormalizeDouble, digits=2) = 0
_TheTakeProfit = 0.04
_TheStopLoss = 0.02
[2019.08.19 13:21:38 / ea_Exp_1__TrailingStop.mq4:801]
Point (USDJPY) = 0.001

Point (EURJPY) = 0.001

Point (EURUSD) = 0.001

[2019.08.19 13:21:38 / ea_Exp_1__TrailingStop.mq4:840]
show_OrderData()----------------

OrdersTotal : 0

[2019.08.19 13:21:40 / ea_Exp_1__TrailingStop.mq4:700]
Num (string): 0.12345678
Num (NormalizeDouble, 2): 0.12
Digits() : 3
Point : 0.001

[2019.08.19 13:21:40 / ea_Exp_1__TrailingStop.mq4:719]
OP_BUY : 0
OP_SELL : 1

[2019.08.19 13:21:40 / ea_Exp_1__TrailingStop.mq4:757]
Level_TakeProfit => 106.395 / Level_StopLoss => 106.335
Point = 0.001
Bid = 106.355
MyPoint * 10 * _TheTakeProfit (NormalizeDouble, digits=2) = 0
MyPoint * 10 * _TheStopLoss (NormalizeDouble, digits=2) = 0
_TheTakeProfit = 0.04
_TheStopLoss = 0.02
[2019.08.19 13:21:44 / ea_Exp_1__TrailingStop.mq4:801]
Point (USDJPY) = 0.001

Point (EURJPY) = 0.001

Point (EURUSD) = 0.001

[2019.08.19 13:21:44 / ea_Exp_1__TrailingStop.mq4:840]
show_OrderData()----------------

OrdersTotal : 0

[2019.08.19 13:21:46 / ea_Exp_1__TrailingStop.mq4:700]
Num (string): 0.12345678
Num (NormalizeDouble, 2): 0.12
Digits() : 3
Point : 0.001

[2019.08.19 13:21:46 / ea_Exp_1__TrailingStop.mq4:719]
OP_BUY : 0
OP_SELL : 1

[2019.08.19 13:21:46 / ea_Exp_1__TrailingStop.mq4:757]
Level_TakeProfit => 118.01 / Level_StopLoss => 117.95
Point = 0.001
Bid = 117.97
MyPoint * 10 * _TheTakeProfit (NormalizeDouble, digits=2) = 0
MyPoint * 10 * _TheStopLoss (NormalizeDouble, digits=2) = 0
_TheTakeProfit = 0.04
_TheStopLoss = 0.02
[2019.08.19 13:21:49 / ea_Exp_1__TrailingStop.mq4:801]
Point (USDJPY) = 0.001

Point (EURJPY) = 0.001

Point (EURUSD) = 0.001

[2019.08.19 13:21:49 / ea_Exp_1__TrailingStop.mq4:840]
show_OrderData()----------------

OrdersTotal : 0

[2019.08.19 13:21:51 / ea_Exp_1__TrailingStop.mq4:700]
Num (string): 0.12345678
Num (NormalizeDouble, 2): 0.12
Digits() : 5
Point : 1e-05

[2019.08.19 13:21:51 / ea_Exp_1__TrailingStop.mq4:719]
OP_BUY : 0
OP_SELL : 1

[2019.08.19 13:21:51 / ea_Exp_1__TrailingStop.mq4:757]
Level_TakeProfit => 1.14917 / Level_StopLoss => 1.08917
Point = 1e-05
Bid = 1.10917
MyPoint * 10 * _TheTakeProfit (NormalizeDouble, digits=2) = 0
MyPoint * 10 * _TheStopLoss (NormalizeDouble, digits=2) = 0
_TheTakeProfit = 0.04
_TheStopLoss = 0.02
[2019.08.19 13:21:54 / ea_Exp_1__TrailingStop.mq4:801]
Point (USDJPY) = 1e-05

Point (EURJPY) = 1e-05

Point (EURUSD) = 1e-05

[2019.08.19 13:21:54 / ea_Exp_1__TrailingStop.mq4:840]
show_OrderData()----------------

OrdersTotal : 0

[2019.08.19 13:21:56 / ea_Exp_1__TrailingStop.mq4:700]
Num (string): 0.12345678
Num (NormalizeDouble, 2): 0.12
Digits() : 3
Point : 0.001

[2019.08.19 13:21:56 / ea_Exp_1__TrailingStop.mq4:719]
OP_BUY : 0
OP_SELL : 1

[2019.08.19 13:21:56 / ea_Exp_1__TrailingStop.mq4:757]
Level_TakeProfit => 118.01 / Level_StopLoss => 117.95
Point = 0.001
Bid = 117.97
MyPoint * 10 * _TheTakeProfit (NormalizeDouble, digits=2) = 0
MyPoint * 10 * _TheStopLoss (NormalizeDouble, digits=2) = 0
_TheTakeProfit = 0.04
_TheStopLoss = 0.02
[2019.08.19 13:21:59 / ea_Exp_1__TrailingStop.mq4:801]
Point (USDJPY) = 0.001

Point (EURJPY) = 0.001

Point (EURUSD) = 0.001

[2019.08.19 13:21:59 / ea_Exp_1__TrailingStop.mq4:840]
show_OrderData()----------------

OrdersTotal : 0

[2019.08.19 13:22:01 / ea_Exp_1__TrailingStop.mq4:700]
Num (string): 0.12345678
Num (NormalizeDouble, 2): 0.12
Digits() : 3
Point : 0.001

[2019.08.19 13:22:01 / ea_Exp_1__TrailingStop.mq4:719]
OP_BUY : 0
OP_SELL : 1

[2019.08.19 13:22:01 / ea_Exp_1__TrailingStop.mq4:757]
Level_TakeProfit => 106.395 / Level_StopLoss => 106.335
Point = 0.001
Bid = 106.355
MyPoint * 10 * _TheTakeProfit (NormalizeDouble, digits=2) = 0
MyPoint * 10 * _TheStopLoss (NormalizeDouble, digits=2) = 0
_TheTakeProfit = 0.04
_TheStopLoss = 0.02
[2019.08.19 13:22:04 / ea_Exp_1__TrailingStop.mq4:801]
Point (USDJPY) = 0.001

Point (EURJPY) = 0.001

Point (EURUSD) = 0.001

[2019.08.19 13:22:04 / ea_Exp_1__TrailingStop.mq4:840]
show_OrderData()----------------

OrdersTotal : 0

[2019.08.19 13:22:06 / ea_Exp_1__TrailingStop.mq4:700]
Num (string): 0.12345678
Num (NormalizeDouble, 2): 0.12
Digits() : 5
Point : 1e-05

[2019.08.19 13:22:06 / ea_Exp_1__TrailingStop.mq4:719]
OP_BUY : 0
OP_SELL : 1

[2019.08.19 13:22:06 / ea_Exp_1__TrailingStop.mq4:757]
Level_TakeProfit => 1.14918 / Level_StopLoss => 1.08918
Point = 1e-05
Bid = 1.10918
MyPoint * 10 * _TheTakeProfit (NormalizeDouble, digits=2) = 0
MyPoint * 10 * _TheStopLoss (NormalizeDouble, digits=2) = 0
_TheTakeProfit = 0.04
_TheStopLoss = 0.02
[2019.08.19 13:22:09 / ea_Exp_1__TrailingStop.mq4:801]
Point (USDJPY) = 1e-05

Point (EURJPY) = 1e-05

Point (EURUSD) = 1e-05

[2019.08.19 13:22:09 / ea_Exp_1__TrailingStop.mq4:840]
show_OrderData()----------------

OrdersTotal : 0

[2019.08.19 13:22:11 / ea_Exp_1__TrailingStop.mq4:700]
Num (string): 0.12345678
Num (NormalizeDouble, 2): 0.12
Digits() : 5
Point : 1e-05

[2019.08.19 13:22:11 / ea_Exp_1__TrailingStop.mq4:719]
OP_BUY : 0
OP_SELL : 1

[2019.08.19 13:22:11 / ea_Exp_1__TrailingStop.mq4:757]
Level_TakeProfit => 1.14918 / Level_StopLoss => 1.08918
Point = 1e-05
Bid = 1.10918
MyPoint * 10 * _TheTakeProfit (NormalizeDouble, digits=2) = 0
MyPoint * 10 * _TheStopLoss (NormalizeDouble, digits=2) = 0
_TheTakeProfit = 0.04
_TheStopLoss = 0.02
[2019.08.19 13:22:16 / ea_Exp_1__TrailingStop.mq4:801]
Point (USDJPY) = 1e-05

Point (EURJPY) = 1e-05

Point (EURUSD) = 1e-05

[2019.08.19 13:22:16 / ea_Exp_1__TrailingStop.mq4:840]
show_OrderData()----------------

OrdersTotal : 0

[2019.08.19 13:22:17 / ea_Exp_1__TrailingStop.mq4:700]
Num (string): 0.12345678
Num (NormalizeDouble, 2): 0.12
Digits() : 3
Point : 0.001

[2019.08.19 13:22:17 / ea_Exp_1__TrailingStop.mq4:719]
OP_BUY : 0
OP_SELL : 1

[2019.08.19 13:22:17 / ea_Exp_1__TrailingStop.mq4:757]
Level_TakeProfit => 106.4 / Level_StopLoss => 106.34
Point = 0.001
Bid = 106.36
MyPoint * 10 * _TheTakeProfit (NormalizeDouble, digits=2) = 0
MyPoint * 10 * _TheStopLoss (NormalizeDouble, digits=2) = 0
_TheTakeProfit = 0.04
_TheStopLoss = 0.02
[2019.08.19 13:22:20 / ea_Exp_1__TrailingStop.mq4:801]
Point (USDJPY) = 0.001

Point (EURJPY) = 0.001

Point (EURUSD) = 0.001

[2019.08.19 13:22:20 / ea_Exp_1__TrailingStop.mq4:840]
show_OrderData()----------------

OrdersTotal : 0

[2019.08.19 13:22:22 / ea_Exp_1__TrailingStop.mq4:700]
Num (string): 0.12345678
Num (NormalizeDouble, 2): 0.12
Digits() : 3
Point : 0.001

[2019.08.19 13:22:22 / ea_Exp_1__TrailingStop.mq4:719]
OP_BUY : 0
OP_SELL : 1

[2019.08.19 13:22:22 / ea_Exp_1__TrailingStop.mq4:757]
Level_TakeProfit => 118.013 / Level_StopLoss => 117.953
Point = 0.001
Bid = 117.973
MyPoint * 10 * _TheTakeProfit (NormalizeDouble, digits=2) = 0
MyPoint * 10 * _TheStopLoss (NormalizeDouble, digits=2) = 0
_TheTakeProfit = 0.04
_TheStopLoss = 0.02
[2019.08.19 13:22:25 / ea_Exp_1__TrailingStop.mq4:801]
Point (USDJPY) = 0.001

Point (EURJPY) = 0.001

Point (EURUSD) = 0.001

[2019.08.19 13:22:25 / ea_Exp_1__TrailingStop.mq4:840]
show_OrderData()----------------

OrdersTotal : 0

[2019.08.19 13:22:27 / ea_Exp_1__TrailingStop.mq4:700]
Num (string): 0.12345678
Num (NormalizeDouble, 2): 0.12
Digits() : 5
Point : 1e-05

[2019.08.19 13:22:27 / ea_Exp_1__TrailingStop.mq4:719]
OP_BUY : 0
OP_SELL : 1

[2019.08.19 13:22:27 / ea_Exp_1__TrailingStop.mq4:757]
Level_TakeProfit => 1.14918 / Level_StopLoss => 1.08918
Point = 1e-05
Bid = 1.10918
MyPoint * 10 * _TheTakeProfit (NormalizeDouble, digits=2) = 0
MyPoint * 10 * _TheStopLoss (NormalizeDouble, digits=2) = 0
_TheTakeProfit = 0.04
_TheStopLoss = 0.02
[2019.08.19 13:22:30 / ea_Exp_1__TrailingStop.mq4:801]
Point (USDJPY) = 1e-05

Point (EURJPY) = 1e-05

Point (EURUSD) = 1e-05

[2019.08.19 13:22:30 / ea_Exp_1__TrailingStop.mq4:840]
show_OrderData()----------------

OrdersTotal : 0

[2019.08.19 13:22:32 / ea_Exp_1__TrailingStop.mq4:700]
Num (string): 0.12345678
Num (NormalizeDouble, 2): 0.12
Digits() : 3
Point : 0.001

[2019.08.19 13:22:32 / ea_Exp_1__TrailingStop.mq4:719]
OP_BUY : 0
OP_SELL : 1

[2019.08.19 13:22:32 / ea_Exp_1__TrailingStop.mq4:757]
Level_TakeProfit => 118.014 / Level_StopLoss => 117.954
Point = 0.001
Bid = 117.974
MyPoint * 10 * _TheTakeProfit (NormalizeDouble, digits=2) = 0
MyPoint * 10 * _TheStopLoss (NormalizeDouble, digits=2) = 0
_TheTakeProfit = 0.04
_TheStopLoss = 0.02
[2019.08.19 13:22:35 / ea_Exp_1__TrailingStop.mq4:801]
Point (USDJPY) = 0.001

Point (EURJPY) = 0.001

Point (EURUSD) = 0.001

[2019.08.19 13:22:35 / ea_Exp_1__TrailingStop.mq4:840]
show_OrderData()----------------

OrdersTotal : 0

[2019.08.19 13:22:37 / ea_Exp_1__TrailingStop.mq4:700]
Num (string): 0.12345678
Num (NormalizeDouble, 2): 0.12
Digits() : 3
Point : 0.001

[2019.08.19 13:22:37 / ea_Exp_1__TrailingStop.mq4:719]
OP_BUY : 0
OP_SELL : 1

[2019.08.19 13:22:37 / ea_Exp_1__TrailingStop.mq4:757]
Level_TakeProfit => 118.014 / Level_StopLoss => 117.954
Point = 0.001
Bid = 117.974
MyPoint * 10 * _TheTakeProfit (NormalizeDouble, digits=2) = 0
MyPoint * 10 * _TheStopLoss (NormalizeDouble, digits=2) = 0
_TheTakeProfit = 0.04
_TheStopLoss = 0.02
[2019.08.19 13:22:42 / ea_Exp_1__TrailingStop.mq4:801]
Point (USDJPY) = 0.001

Point (EURJPY) = 0.001

Point (EURUSD) = 0.001

[2019.08.19 13:22:42 / ea_Exp_1__TrailingStop.mq4:840]
show_OrderData()----------------

OrdersTotal : 0

[2019.08.19 13:22:43 / ea_Exp_1__TrailingStop.mq4:700]
Num (string): 0.12345678
Num (NormalizeDouble, 2): 0.12
Digits() : 3
Point : 0.001

[2019.08.19 13:22:43 / ea_Exp_1__TrailingStop.mq4:719]
OP_BUY : 0
OP_SELL : 1

[2019.08.19 13:22:43 / ea_Exp_1__TrailingStop.mq4:757]
Level_TakeProfit => 118.013 / Level_StopLoss => 117.953
Point = 0.001
Bid = 117.973
MyPoint * 10 * _TheTakeProfit (NormalizeDouble, digits=2) = 0
MyPoint * 10 * _TheStopLoss (NormalizeDouble, digits=2) = 0
_TheTakeProfit = 0.04
_TheStopLoss = 0.02
[2019.08.19 13:22:49 / ea_Exp_1__TrailingStop.mq4:801]
Point (USDJPY) = 0.001

Point (EURJPY) = 0.001

Point (EURUSD) = 0.001

[2019.08.19 13:22:49 / ea_Exp_1__TrailingStop.mq4:840]
show_OrderData()----------------

OrdersTotal : 0

[2019.08.19 13:22:51 / ea_Exp_1__TrailingStop.mq4:700]
Num (string): 0.12345678
Num (NormalizeDouble, 2): 0.12
Digits() : 3
Point : 0.001

[2019.08.19 13:22:51 / ea_Exp_1__TrailingStop.mq4:719]
OP_BUY : 0
OP_SELL : 1

[2019.08.19 13:22:51 / ea_Exp_1__TrailingStop.mq4:757]
Level_TakeProfit => 118.014 / Level_StopLoss => 117.954
Point = 0.001
Bid = 117.974
MyPoint * 10 * _TheTakeProfit (NormalizeDouble, digits=2) = 0
MyPoint * 10 * _TheStopLoss (NormalizeDouble, digits=2) = 0
_TheTakeProfit = 0.04
_TheStopLoss = 0.02
[2019.08.19 13:22:54 / ea_Exp_1__TrailingStop.mq4:801]
Point (USDJPY) = 0.001

Point (EURJPY) = 0.001

Point (EURUSD) = 0.001

[2019.08.19 13:22:54 / ea_Exp_1__TrailingStop.mq4:840]
show_OrderData()----------------

OrdersTotal : 0

[2019.08.19 13:22:56 / ea_Exp_1__TrailingStop.mq4:700]
Num (string): 0.12345678
Num (NormalizeDouble, 2): 0.12
Digits() : 3
Point : 0.001

[2019.08.19 13:22:56 / ea_Exp_1__TrailingStop.mq4:719]
OP_BUY : 0
OP_SELL : 1

[2019.08.19 13:22:56 / ea_Exp_1__TrailingStop.mq4:757]
Level_TakeProfit => 118.015 / Level_StopLoss => 117.955
Point = 0.001
Bid = 117.975
MyPoint * 10 * _TheTakeProfit (NormalizeDouble, digits=2) = 0
MyPoint * 10 * _TheStopLoss (NormalizeDouble, digits=2) = 0
_TheTakeProfit = 0.04
_TheStopLoss = 0.02
[2019.08.19 13:23:01 / ea_Exp_1__TrailingStop.mq4:801]
Point (USDJPY) = 0.001

Point (EURJPY) = 0.001

Point (EURUSD) = 0.001

[2019.08.19 13:23:01 / ea_Exp_1__TrailingStop.mq4:840]
show_OrderData()----------------

OrdersTotal : 0

[2019.08.19 13:23:02 / ea_Exp_1__TrailingStop.mq4:700]
Num (string): 0.12345678
Num (NormalizeDouble, 2): 0.12
Digits() : 3
Point : 0.001

[2019.08.19 13:23:02 / ea_Exp_1__TrailingStop.mq4:719]
OP_BUY : 0
OP_SELL : 1

[2019.08.19 13:23:02 / ea_Exp_1__TrailingStop.mq4:757]
Level_TakeProfit => 106.4 / Level_StopLoss => 106.34
Point = 0.001
Bid = 106.36
MyPoint * 10 * _TheTakeProfit (NormalizeDouble, digits=2) = 0
MyPoint * 10 * _TheStopLoss (NormalizeDouble, digits=2) = 0
_TheTakeProfit = 0.04
_TheStopLoss = 0.02
[2019.08.19 13:23:05 / ea_Exp_1__TrailingStop.mq4:801]
Point (USDJPY) = 0.001

Point (EURJPY) = 0.001

Point (EURUSD) = 0.001

[2019.08.19 13:23:05 / ea_Exp_1__TrailingStop.mq4:840]
show_OrderData()----------------

OrdersTotal : 0

[2019.08.19 13:23:07 / ea_Exp_1__TrailingStop.mq4:700]
Num (string): 0.12345678
Num (NormalizeDouble, 2): 0.12
Digits() : 3
Point : 0.001

[2019.08.19 13:23:07 / ea_Exp_1__TrailingStop.mq4:719]
OP_BUY : 0
OP_SELL : 1

[2019.08.19 13:23:07 / ea_Exp_1__TrailingStop.mq4:757]
Level_TakeProfit => 118.015 / Level_StopLoss => 117.955
Point = 0.001
Bid = 117.975
MyPoint * 10 * _TheTakeProfit (NormalizeDouble, digits=2) = 0
MyPoint * 10 * _TheStopLoss (NormalizeDouble, digits=2) = 0
_TheTakeProfit = 0.04
_TheStopLoss = 0.02
[2019.08.19 13:23:10 / ea_Exp_1__TrailingStop.mq4:801]
Point (USDJPY) = 0.001

Point (EURJPY) = 0.001

Point (EURUSD) = 0.001

[2019.08.19 13:23:10 / ea_Exp_1__TrailingStop.mq4:840]
show_OrderData()----------------

OrdersTotal : 0

[2019.08.19 13:23:12 / ea_Exp_1__TrailingStop.mq4:700]
Num (string): 0.12345678
Num (NormalizeDouble, 2): 0.12
Digits() : 5
Point : 1e-05

[2019.08.19 13:23:12 / ea_Exp_1__TrailingStop.mq4:719]
OP_BUY : 0
OP_SELL : 1

[2019.08.19 13:23:12 / ea_Exp_1__TrailingStop.mq4:757]
Level_TakeProfit => 1.14917 / Level_StopLoss => 1.08917
Point = 1e-05
Bid = 1.10917
MyPoint * 10 * _TheTakeProfit (NormalizeDouble, digits=2) = 0
MyPoint * 10 * _TheStopLoss (NormalizeDouble, digits=2) = 0
_TheTakeProfit = 0.04
_TheStopLoss = 0.02
[2019.08.19 13:23:15 / ea_Exp_1__TrailingStop.mq4:801]
Point (USDJPY) = 1e-05

Point (EURJPY) = 1e-05

Point (EURUSD) = 1e-05

[2019.08.19 13:23:15 / ea_Exp_1__TrailingStop.mq4:840]
show_OrderData()----------------

OrdersTotal : 0

[2019.08.19 13:23:17 / ea_Exp_1__TrailingStop.mq4:700]
Num (string): 0.12345678
Num (NormalizeDouble, 2): 0.12
Digits() : 3
Point : 0.001

[2019.08.19 13:23:17 / ea_Exp_1__TrailingStop.mq4:719]
OP_BUY : 0
OP_SELL : 1

[2019.08.19 13:23:17 / ea_Exp_1__TrailingStop.mq4:757]
Level_TakeProfit => 118.015 / Level_StopLoss => 117.955
Point = 0.001
Bid = 117.975
MyPoint * 10 * _TheTakeProfit (NormalizeDouble, digits=2) = 0
MyPoint * 10 * _TheStopLoss (NormalizeDouble, digits=2) = 0
_TheTakeProfit = 0.04
_TheStopLoss = 0.02
[2019.08.19 13:23:20 / ea_Exp_1__TrailingStop.mq4:801]
Point (USDJPY) = 0.001

Point (EURJPY) = 0.001

Point (EURUSD) = 0.001

[2019.08.19 13:23:20 / ea_Exp_1__TrailingStop.mq4:840]
show_OrderData()----------------

OrdersTotal : 0

[2019.08.19 13:23:22 / ea_Exp_1__TrailingStop.mq4:700]
Num (string): 0.12345678
Num (NormalizeDouble, 2): 0.12
Digits() : 3
Point : 0.001

[2019.08.19 13:23:22 / ea_Exp_1__TrailingStop.mq4:719]
OP_BUY : 0
OP_SELL : 1

[2019.08.19 13:23:22 / ea_Exp_1__TrailingStop.mq4:757]
Level_TakeProfit => 106.4 / Level_StopLoss => 106.34
Point = 0.001
Bid = 106.36
MyPoint * 10 * _TheTakeProfit (NormalizeDouble, digits=2) = 0
MyPoint * 10 * _TheStopLoss (NormalizeDouble, digits=2) = 0
_TheTakeProfit = 0.04
_TheStopLoss = 0.02
[2019.08.19 13:23:25 / ea_Exp_1__TrailingStop.mq4:801]
Point (USDJPY) = 0.001

Point (EURJPY) = 0.001

Point (EURUSD) = 0.001

[2019.08.19 13:23:25 / ea_Exp_1__TrailingStop.mq4:840]
show_OrderData()----------------

OrdersTotal : 0

[2019.08.19 13:23:27 / ea_Exp_1__TrailingStop.mq4:700]
Num (string): 0.12345678
Num (NormalizeDouble, 2): 0.12
Digits() : 3
Point : 0.001

[2019.08.19 13:23:27 / ea_Exp_1__TrailingStop.mq4:719]
OP_BUY : 0
OP_SELL : 1

[2019.08.19 13:23:27 / ea_Exp_1__TrailingStop.mq4:757]
Level_TakeProfit => 118.015 / Level_StopLoss => 117.955
Point = 0.001
Bid = 117.975
MyPoint * 10 * _TheTakeProfit (NormalizeDouble, digits=2) = 0
MyPoint * 10 * _TheStopLoss (NormalizeDouble, digits=2) = 0
_TheTakeProfit = 0.04
_TheStopLoss = 0.02
[2019.08.19 13:23:30 / ea_Exp_1__TrailingStop.mq4:801]
Point (USDJPY) = 0.001

Point (EURJPY) = 0.001

Point (EURUSD) = 0.001

[2019.08.19 13:23:30 / ea_Exp_1__TrailingStop.mq4:840]
show_OrderData()----------------

OrdersTotal : 0

[2019.08.19 13:23:32 / ea_Exp_1__TrailingStop.mq4:700]
Num (string): 0.12345678
Num (NormalizeDouble, 2): 0.12
Digits() : 5
Point : 1e-05

[2019.08.19 13:23:32 / ea_Exp_1__TrailingStop.mq4:719]
OP_BUY : 0
OP_SELL : 1

[2019.08.19 13:23:32 / ea_Exp_1__TrailingStop.mq4:757]
Level_TakeProfit => 1.14918 / Level_StopLoss => 1.08918
Point = 1e-05
Bid = 1.10918
MyPoint * 10 * _TheTakeProfit (NormalizeDouble, digits=2) = 0
MyPoint * 10 * _TheStopLoss (NormalizeDouble, digits=2) = 0
_TheTakeProfit = 0.04
_TheStopLoss = 0.02
[2019.08.19 13:23:35 / ea_Exp_1__TrailingStop.mq4:801]
Point (USDJPY) = 1e-05

Point (EURJPY) = 1e-05

Point (EURUSD) = 1e-05

[2019.08.19 13:23:35 / ea_Exp_1__TrailingStop.mq4:840]
show_OrderData()----------------

OrdersTotal : 0

