[2019.02.11 10:02:07 / ea_44_5.3_2_down-down-buy.mq4:357]
Level_TakeProfit => 109.886 / Level_StopLoss => 109.786
Point = 0.001
Bid = 109.816
MyPoint * 10 * _TheTakeProfit = 0.07000000000000001
MyPoint * 10 * _TheStopLoss = 0.03
_TheTakeProfit = 7
_TheStopLoss = 3
[2019.02.11 10:02:07 / ea_44_5.3_2_down-down-buy.mq4:357]
Level_TakeProfit => 124.436 / Level_StopLoss => 124.336
Point = 0.001
Bid = 124.366
MyPoint * 10 * _TheTakeProfit = 0.07000000000000001
MyPoint * 10 * _TheStopLoss = 0.03
_TheTakeProfit = 7
_TheStopLoss = 3
[2019.02.11 10:03:01 / ea_44_5.3_2_down-down-buy.mq4:126]
new bar (tick = 34) (period = 1 / symbol = EURJPY)
[2019.02.11 10:03:01 / lib_ea.mqh:91]
diff_Latest >= 0 (0.01200000000000045) (2019.02.11 03:02)
[2019.02.11 10:03:01 / ea_44_5.3_2_down-down-buy.mq4:148]
detect_DownDown_Buy() => false) (period = 1 / symbol = EURJPY)
[2019.02.11 10:04:01 / ea_44_5.3_2_down-down-buy.mq4:126]
new bar (tick = 93) (period = 1 / symbol = EURJPY)
[2019.02.11 10:04:01 / lib_ea.mqh:131]
price_Close_Latest >= ibands_1S_Plus (close = 124.374) (BB.-1 = 124.3674438080346) (2019.02.11 03:03)
[2019.02.11 10:04:01 / ea_44_5.3_2_down-down-buy.mq4:148]
detect_DownDown_Buy() => false) (period = 1 / symbol = EURJPY)
[2019.02.11 10:04:45 / ea_44_5.3_2_down-down-buy.mq4:357]
Level_TakeProfit => 109.896 / Level_StopLoss => 109.796
Point = 0.001
Bid = 109.826
MyPoint * 10 * _TheTakeProfit = 0.07000000000000001
MyPoint * 10 * _TheStopLoss = 0.03
_TheTakeProfit = 7
_TheStopLoss = 3
[2019.02.11 10:04:45 / ea_44_5.3_2_down-down-buy.mq4:357]
Level_TakeProfit => 124.442 / Level_StopLoss => 124.342
Point = 0.001
Bid = 124.372
MyPoint * 10 * _TheTakeProfit = 0.07000000000000001
MyPoint * 10 * _TheStopLoss = 0.03
_TheTakeProfit = 7
_TheStopLoss = 3
[2019.02.11 10:04:48 / ea_44_5.3_2_down-down-buy.mq4:357]
Level_TakeProfit => 109.896 / Level_StopLoss => 109.796
Point = 0.001
Bid = 109.826
MyPoint * 10 * _TheTakeProfit = 0.07000000000000001
MyPoint * 10 * _TheStopLoss = 0.03
_TheTakeProfit = 7
_TheStopLoss = 3
[2019.02.11 10:04:48 / ea_44_5.3_2_down-down-buy.mq4:357]
Level_TakeProfit => 124.443 / Level_StopLoss => 124.343
Point = 0.001
Bid = 124.373
MyPoint * 10 * _TheTakeProfit = 0.07000000000000001
MyPoint * 10 * _TheStopLoss = 0.03
_TheTakeProfit = 7
_TheStopLoss = 3
[2019.02.11 10:05:01 / ea_44_5.3_2_down-down-buy.mq4:126]
new bar (tick = 148) (period = 1 / symbol = EURJPY)
[2019.02.11 10:05:01 / lib_ea.mqh:131]
price_Close_Latest >= ibands_1S_Plus (close = 124.37) (BB.-1 = 124.3667572245432) (2019.02.11 03:04)
[2019.02.11 10:05:01 / ea_44_5.3_2_down-down-buy.mq4:148]
detect_DownDown_Buy() => false) (period = 1 / symbol = EURJPY)
[2019.02.11 10:06:01 / ea_44_5.3_2_down-down-buy.mq4:126]
new bar (tick = 212) (period = 1 / symbol = EURJPY)
[2019.02.11 10:06:01 / lib_ea.mqh:131]
price_Close_Latest >= ibands_1S_Plus (close = 124.367) (BB.-1 = 124.366322511212) (2019.02.11 03:05)
[2019.02.11 10:06:01 / ea_44_5.3_2_down-down-buy.mq4:148]
detect_DownDown_Buy() => false) (period = 1 / symbol = EURJPY)
[2019.02.11 10:07:06 / ea_44_5.3_2_down-down-buy.mq4:126]
new bar (tick = 258) (period = 1 / symbol = EURJPY)
[2019.02.11 10:07:06 / lib_ea.mqh:91]
diff_Latest >= 0 (0.007999999999995566) (2019.02.11 03:06)
[2019.02.11 10:07:06 / ea_44_5.3_2_down-down-buy.mq4:148]
detect_DownDown_Buy() => false) (period = 1 / symbol = EURJPY)
[2019.02.11 10:07:54 / ea_44_5.3_2_down-down-buy.mq4:357]
Level_TakeProfit => 109.896 / Level_StopLoss => 109.796
Point = 0.001
Bid = 109.826
MyPoint * 10 * _TheTakeProfit = 0.07000000000000001
MyPoint * 10 * _TheStopLoss = 0.03
_TheTakeProfit = 7
_TheStopLoss = 3
[2019.02.11 10:07:54 / ea_44_5.3_2_down-down-buy.mq4:357]
Level_TakeProfit => 124.449 / Level_StopLoss => 124.349
Point = 0.001
Bid = 124.379
MyPoint * 10 * _TheTakeProfit = 0.07000000000000001
MyPoint * 10 * _TheStopLoss = 0.03
_TheTakeProfit = 7
_TheStopLoss = 3
[2019.02.11 10:07:54 / ea_44_5.3_2_down-down-buy.mq4:357]
Level_TakeProfit => 109.896 / Level_StopLoss => 109.796
Point = 0.001
Bid = 109.826
MyPoint * 10 * _TheTakeProfit = 0.07000000000000001
MyPoint * 10 * _TheStopLoss = 0.03
_TheTakeProfit = 7
_TheStopLoss = 3
[2019.02.11 10:07:55 / ea_44_5.3_2_down-down-buy.mq4:357]
Level_TakeProfit => 124.449 / Level_StopLoss => 124.349
Point = 0.001
Bid = 124.379
MyPoint * 10 * _TheTakeProfit = 0.07000000000000001
MyPoint * 10 * _TheStopLoss = 0.03
_TheTakeProfit = 7
_TheStopLoss = 3
[2019.02.11 10:08:02 / ea_44_5.3_2_down-down-buy.mq4:126]
new bar (tick = 306) (period = 1 / symbol = EURJPY)
[2019.02.11 10:08:02 / lib_ea.mqh:91]
diff_Latest >= 0 (0.003000000000000114) (2019.02.11 03:07)
[2019.02.11 10:08:02 / ea_44_5.3_2_down-down-buy.mq4:148]
detect_DownDown_Buy() => false) (period = 1 / symbol = EURJPY)
[2019.02.11 10:08:18 / ea_44_5.3_2_down-down-buy.mq4:357]
Level_TakeProfit => 109.897 / Level_StopLoss => 109.797
Point = 0.001
Bid = 109.827
MyPoint * 10 * _TheTakeProfit = 0.07000000000000001
MyPoint * 10 * _TheStopLoss = 0.03
_TheTakeProfit = 7
_TheStopLoss = 3
[2019.02.11 10:08:18 / ea_44_5.3_2_down-down-buy.mq4:357]
Level_TakeProfit => 124.449 / Level_StopLoss => 124.349
Point = 0.001
Bid = 124.379
MyPoint * 10 * _TheTakeProfit = 0.07000000000000001
MyPoint * 10 * _TheStopLoss = 0.03
_TheTakeProfit = 7
_TheStopLoss = 3
[2019.02.11 10:08:18 / ea_44_5.3_2_down-down-buy.mq4:357]
Level_TakeProfit => 109.897 / Level_StopLoss => 109.797
Point = 0.001
Bid = 109.827
MyPoint * 10 * _TheTakeProfit = 0.07000000000000001
MyPoint * 10 * _TheStopLoss = 0.03
_TheTakeProfit = 7
_TheStopLoss = 3
[2019.02.11 10:08:19 / ea_44_5.3_2_down-down-buy.mq4:357]
Level_TakeProfit => 124.449 / Level_StopLoss => 124.349
Point = 0.001
Bid = 124.379
MyPoint * 10 * _TheTakeProfit = 0.07000000000000001
MyPoint * 10 * _TheStopLoss = 0.03
_TheTakeProfit = 7
_TheStopLoss = 3
[2019.02.11 10:08:36 / ea_44_5.3_2_down-down-buy.mq4:357]
Level_TakeProfit => 109.897 / Level_StopLoss => 109.797
Point = 0.001
Bid = 109.827
MyPoint * 10 * _TheTakeProfit = 0.07000000000000001
MyPoint * 10 * _TheStopLoss = 0.03
_TheTakeProfit = 7
_TheStopLoss = 3
[2019.02.11 10:08:36 / ea_44_5.3_2_down-down-buy.mq4:357]
Level_TakeProfit => 124.446 / Level_StopLoss => 124.346
Point = 0.001
Bid = 124.376
MyPoint * 10 * _TheTakeProfit = 0.07000000000000001
MyPoint * 10 * _TheStopLoss = 0.03
_TheTakeProfit = 7
_TheStopLoss = 3
[2019.02.11 10:08:38 / ea_44_5.3_2_down-down-buy.mq4:357]
Level_TakeProfit => 109.897 / Level_StopLoss => 109.797
Point = 0.001
Bid = 109.827
MyPoint * 10 * _TheTakeProfit = 0.07000000000000001
MyPoint * 10 * _TheStopLoss = 0.03
_TheTakeProfit = 7
_TheStopLoss = 3
[2019.02.11 10:08:38 / ea_44_5.3_2_down-down-buy.mq4:357]
Level_TakeProfit => 124.446 / Level_StopLoss => 124.346
Point = 0.001
Bid = 124.376
MyPoint * 10 * _TheTakeProfit = 0.07000000000000001
MyPoint * 10 * _TheStopLoss = 0.03
_TheTakeProfit = 7
_TheStopLoss = 3
[2019.02.11 10:09:03 / ea_44_5.3_2_down-down-buy.mq4:126]
new bar (tick = 344) (period = 1 / symbol = EURJPY)
[2019.02.11 10:09:03 / lib_ea.mqh:131]
price_Close_Latest >= ibands_1S_Plus (close = 124.378) (BB.-1 = 124.3657796130435) (2019.02.11 03:08)
[2019.02.11 10:09:03 / ea_44_5.3_2_down-down-buy.mq4:148]
detect_DownDown_Buy() => false) (period = 1 / symbol = EURJPY)
[2019.02.11 10:10:01 / ea_44_5.3_2_down-down-buy.mq4:126]
new bar (tick = 377) (period = 1 / symbol = EURJPY)
[2019.02.11 10:10:01 / lib_ea.mqh:91]
diff_Latest >= 0 (0.01000000000000512) (2019.02.11 03:09)
[2019.02.11 10:10:01 / ea_44_5.3_2_down-down-buy.mq4:148]
detect_DownDown_Buy() => false) (period = 1 / symbol = EURJPY)
[2019.02.11 10:10:46 / ea_44_5.3_2_down-down-buy.mq4:357]
Level_TakeProfit => 109.882 / Level_StopLoss => 109.782
Point = 0.001
Bid = 109.812
MyPoint * 10 * _TheTakeProfit = 0.07000000000000001
MyPoint * 10 * _TheStopLoss = 0.03
_TheTakeProfit = 7
_TheStopLoss = 3
[2019.02.11 10:10:46 / ea_44_5.3_2_down-down-buy.mq4:357]
Level_TakeProfit => 124.449 / Level_StopLoss => 124.349
Point = 0.001
Bid = 124.379
MyPoint * 10 * _TheTakeProfit = 0.07000000000000001
MyPoint * 10 * _TheStopLoss = 0.03
_TheTakeProfit = 7
_TheStopLoss = 3
[2019.02.11 10:10:46 / ea_44_5.3_2_down-down-buy.mq4:357]
Level_TakeProfit => 109.882 / Level_StopLoss => 109.782
Point = 0.001
Bid = 109.812
MyPoint * 10 * _TheTakeProfit = 0.07000000000000001
MyPoint * 10 * _TheStopLoss = 0.03
_TheTakeProfit = 7
_TheStopLoss = 3
[2019.02.11 10:10:46 / ea_44_5.3_2_down-down-buy.mq4:357]
Level_TakeProfit => 124.449 / Level_StopLoss => 124.349
Point = 0.001
Bid = 124.379
MyPoint * 10 * _TheTakeProfit = 0.07000000000000001
MyPoint * 10 * _TheStopLoss = 0.03
_TheTakeProfit = 7
_TheStopLoss = 3
[2019.02.11 10:11:05 / ea_44_5.3_2_down-down-buy.mq4:357]
Level_TakeProfit => 109.88 / Level_StopLoss => 109.78
Point = 0.001
Bid = 109.81
MyPoint * 10 * _TheTakeProfit = 0.07000000000000001
MyPoint * 10 * _TheStopLoss = 0.03
_TheTakeProfit = 7
_TheStopLoss = 3
[2019.02.11 10:11:05 / ea_44_5.3_2_down-down-buy.mq4:357]
Level_TakeProfit => 124.45 / Level_StopLoss => 124.35
Point = 0.001
Bid = 124.38
MyPoint * 10 * _TheTakeProfit = 0.07000000000000001
MyPoint * 10 * _TheStopLoss = 0.03
_TheTakeProfit = 7
_TheStopLoss = 3
[2019.02.11 10:11:07 / ea_44_5.3_2_down-down-buy.mq4:357]
Level_TakeProfit => 109.88 / Level_StopLoss => 109.78
Point = 0.001
Bid = 109.81
MyPoint * 10 * _TheTakeProfit = 0.07000000000000001
MyPoint * 10 * _TheStopLoss = 0.03
_TheTakeProfit = 7
_TheStopLoss = 3
[2019.02.11 10:11:07 / ea_44_5.3_2_down-down-buy.mq4:357]
Level_TakeProfit => 124.45 / Level_StopLoss => 124.35
Point = 0.001
Bid = 124.38
MyPoint * 10 * _TheTakeProfit = 0.07000000000000001
MyPoint * 10 * _TheStopLoss = 0.03
_TheTakeProfit = 7
_TheStopLoss = 3
[2019.02.11 10:11:07 / ea_44_5.3_2_down-down-buy.mq4:126]
new bar (tick = 439) (period = 1 / symbol = EURJPY)
[2019.02.11 10:11:07 / lib_ea.mqh:131]
price_Close_Latest >= ibands_1S_Plus (close = 124.377) (BB.-1 = 124.3656255434947) (2019.02.11 03:10)
[2019.02.11 10:11:07 / ea_44_5.3_2_down-down-buy.mq4:148]
detect_DownDown_Buy() => false) (period = 1 / symbol = EURJPY)
[2019.02.11 10:11:19 / ea_44_5.3_2_down-down-buy.mq4:357]
Level_TakeProfit => 109.88 / Level_StopLoss => 109.78
Point = 0.001
Bid = 109.81
MyPoint * 10 * _TheTakeProfit = 0.07000000000000001
MyPoint * 10 * _TheStopLoss = 0.03
_TheTakeProfit = 7
_TheStopLoss = 3
[2019.02.11 10:11:19 / ea_44_5.3_2_down-down-buy.mq4:357]
Level_TakeProfit => 124.451 / Level_StopLoss => 124.351
Point = 0.001
Bid = 124.381
MyPoint * 10 * _TheTakeProfit = 0.07000000000000001
MyPoint * 10 * _TheStopLoss = 0.03
_TheTakeProfit = 7
_TheStopLoss = 3
[2019.02.11 10:11:19 / ea_44_5.3_2_down-down-buy.mq4:357]
Level_TakeProfit => 109.88 / Level_StopLoss => 109.78
Point = 0.001
Bid = 109.81
MyPoint * 10 * _TheTakeProfit = 0.07000000000000001
MyPoint * 10 * _TheStopLoss = 0.03
_TheTakeProfit = 7
_TheStopLoss = 3
[2019.02.11 10:11:20 / ea_44_5.3_2_down-down-buy.mq4:357]
Level_TakeProfit => 124.451 / Level_StopLoss => 124.351
Point = 0.001
Bid = 124.381
MyPoint * 10 * _TheTakeProfit = 0.07000000000000001
MyPoint * 10 * _TheStopLoss = 0.03
_TheTakeProfit = 7
_TheStopLoss = 3
[2019.02.11 10:12:01 / ea_44_5.3_2_down-down-buy.mq4:126]
new bar (tick = 489) (period = 1 / symbol = EURJPY)
[2019.02.11 10:12:01 / lib_ea.mqh:91]
diff_Latest >= 0 (0.01000000000000512) (2019.02.11 03:11)
[2019.02.11 10:12:01 / ea_44_5.3_2_down-down-buy.mq4:148]
detect_DownDown_Buy() => false) (period = 1 / symbol = EURJPY)
[2019.02.11 10:13:01 / ea_44_5.3_2_down-down-buy.mq4:126]
new bar (tick = 554) (period = 1 / symbol = EURJPY)
[2019.02.11 10:13:01 / lib_ea.mqh:131]
price_Close_Latest >= ibands_1S_Plus (close = 124.382) (BB.-1 = 124.3657116289328) (2019.02.11 03:12)
[2019.02.11 10:13:01 / ea_44_5.3_2_down-down-buy.mq4:148]
detect_DownDown_Buy() => false) (period = 1 / symbol = EURJPY)
[2019.02.11 10:14:13 / ea_44_5.3_2_down-down-buy.mq4:126]
new bar (tick = 595) (period = 1 / symbol = EURJPY)
[2019.02.11 10:14:13 / lib_ea.mqh:91]
diff_Latest >= 0 (0.003000000000000114) (2019.02.11 03:13)
[2019.02.11 10:14:13 / ea_44_5.3_2_down-down-buy.mq4:148]
detect_DownDown_Buy() => false) (period = 1 / symbol = EURJPY)
[2019.02.11 10:15:01 / ea_44_5.3_2_down-down-buy.mq4:126]
new bar (tick = 628) (period = 1 / symbol = EURJPY)
[2019.02.11 10:15:01 / lib_ea.mqh:91]
diff_Latest >= 0 (0.001999999999995339) (2019.02.11 03:14)
[2019.02.11 10:15:01 / ea_44_5.3_2_down-down-buy.mq4:148]
detect_DownDown_Buy() => false) (period = 1 / symbol = EURJPY)
[2019.02.11 10:15:18 / ea_44_5.3_2_down-down-buy.mq4:357]
Level_TakeProfit => 1.1333 / Level_StopLoss => 1.1323
Point = 1e-05
Bid = 1.1326
MyPoint * 10 * _TheTakeProfit = 0.0007
MyPoint * 10 * _TheStopLoss = 0.0003
_TheTakeProfit = 7
_TheStopLoss = 3
[2019.02.11 10:15:19 / ea_44_5.3_2_down-down-buy.mq4:357]
Level_TakeProfit => 124.451 / Level_StopLoss => 124.351
Point = 0.001
Bid = 124.381
MyPoint * 10 * _TheTakeProfit = 0.07000000000000001
MyPoint * 10 * _TheStopLoss = 0.03
_TheTakeProfit = 7
_TheStopLoss = 3
[2019.02.11 10:16:01 / ea_44_5.3_2_down-down-buy.mq4:126]
new bar (tick = 725) (period = 1 / symbol = EURJPY)
[2019.02.11 10:16:01 / lib_ea.mqh:131]
price_Close_Latest >= ibands_1S_Plus (close = 124.381) (BB.-1 = 124.3658722019613) (2019.02.11 03:15)
[2019.02.11 10:16:01 / ea_44_5.3_2_down-down-buy.mq4:148]
detect_DownDown_Buy() => false) (period = 1 / symbol = EURJPY)
[2019.02.11 10:17:04 / ea_44_5.3_2_down-down-buy.mq4:126]
new bar (tick = 814) (period = 1 / symbol = EURJPY)
[2019.02.11 10:17:04 / lib_ea.mqh:91]
diff_Latest >= 0 (0.009000000000000341) (2019.02.11 03:16)
[2019.02.11 10:17:04 / ea_44_5.3_2_down-down-buy.mq4:148]
detect_DownDown_Buy() => false) (period = 1 / symbol = EURJPY)
[2019.02.11 10:17:22 / ea_44_5.3_2_down-down-buy.mq4:357]
Level_TakeProfit => 1.13339 / Level_StopLoss => 1.13239
Point = 1e-05
Bid = 1.13269
MyPoint * 10 * _TheTakeProfit = 0.0007
MyPoint * 10 * _TheStopLoss = 0.0003
_TheTakeProfit = 7
_TheStopLoss = 3
[2019.02.11 10:17:23 / ea_44_5.3_2_down-down-buy.mq4:357]
Level_TakeProfit => 124.448 / Level_StopLoss => 124.348
Point = 0.001
Bid = 124.378
MyPoint * 10 * _TheTakeProfit = 0.07000000000000001
MyPoint * 10 * _TheStopLoss = 0.03
_TheTakeProfit = 7
_TheStopLoss = 3
