[2019.02.14 09:00:13 / ea_44_5.3_2_down-down-buy.mq4:357]
Level_TakeProfit => 125.015 / Level_StopLoss => 124.915
Point = 0.001
Bid = 124.945
MyPoint * 10 * _TheTakeProfit = 0.07000000000000001
MyPoint * 10 * _TheStopLoss = 0.03
_TheTakeProfit = 7
_TheStopLoss = 3
[2019.02.14 09:01:03 / ea_44_5.3_2_down-down-buy.mq4:126]
new bar (tick = 59) (period = 1 / symbol = EURJPY)
[2019.02.14 09:01:03 / lib_ea.mqh:91]
diff_Latest >= 0 (0.01299999999999102) (2019.02.14 02:00)
[2019.02.14 09:01:03 / ea_44_5.3_2_down-down-buy.mq4:148]
detect_DownDown_Buy() => false) (period = 1 / symbol = EURJPY)
[2019.02.14 09:02:04 / ea_44_5.3_2_down-down-buy.mq4:126]
new bar (tick = 123) (period = 1 / symbol = EURJPY)
[2019.02.14 09:02:04 / lib_ea.mqh:131]
price_Close_Latest >= ibands_1S_Plus (close = 124.952) (BB.-1 = 124.9418535371965) (2019.02.14 02:01)
[2019.02.14 09:02:04 / ea_44_5.3_2_down-down-buy.mq4:148]
detect_DownDown_Buy() => false) (period = 1 / symbol = EURJPY)
[2019.02.14 09:03:03 / ea_44_5.3_2_down-down-buy.mq4:126]
new bar (tick = 204) (period = 1 / symbol = EURJPY)
[2019.02.14 09:03:03 / lib_ea.mqh:91]
diff_Latest >= 0 (0.02700000000000102) (2019.02.14 02:02)
[2019.02.14 09:03:03 / ea_44_5.3_2_down-down-buy.mq4:148]
detect_DownDown_Buy() => false) (period = 1 / symbol = EURJPY)
[2019.02.14 09:04:03 / ea_44_5.3_2_down-down-buy.mq4:126]
new bar (tick = 280) (period = 1 / symbol = EURJPY)
[2019.02.14 09:04:03 / lib_ea.mqh:91]
diff_Latest >= 0 (0.02799999999999159) (2019.02.14 02:03)
[2019.02.14 09:04:03 / ea_44_5.3_2_down-down-buy.mq4:148]
detect_DownDown_Buy() => false) (period = 1 / symbol = EURJPY)
[2019.02.14 09:05:03 / ea_44_5.3_2_down-down-buy.mq4:126]
new bar (tick = 343) (period = 1 / symbol = EURJPY)
[2019.02.14 09:05:03 / lib_ea.mqh:91]
diff_Latest >= 0 (0.001000000000004775) (2019.02.14 02:04)
[2019.02.14 09:05:03 / ea_44_5.3_2_down-down-buy.mq4:148]
detect_DownDown_Buy() => false) (period = 1 / symbol = EURJPY)
[2019.02.14 09:06:03 / ea_44_5.3_2_down-down-buy.mq4:126]
new bar (tick = 415) (period = 1 / symbol = EURJPY)
[2019.02.14 09:06:03 / lib_ea.mqh:91]
diff_Latest >= 0 (0) (2019.02.14 02:05)
[2019.02.14 09:06:03 / ea_44_5.3_2_down-down-buy.mq4:148]
detect_DownDown_Buy() => false) (period = 1 / symbol = EURJPY)
[2019.02.14 09:07:09 / ea_44_5.3_2_down-down-buy.mq4:126]
new bar (tick = 468) (period = 1 / symbol = EURJPY)
[2019.02.14 09:07:09 / lib_ea.mqh:131]
price_Close_Latest >= ibands_1S_Plus (close = 125.003) (BB.-1 = 124.9473090819011) (2019.02.14 02:06)
[2019.02.14 09:07:09 / ea_44_5.3_2_down-down-buy.mq4:148]
detect_DownDown_Buy() => false) (period = 1 / symbol = EURJPY)
[2019.02.14 09:08:03 / ea_44_5.3_2_down-down-buy.mq4:126]
new bar (tick = 531) (period = 1 / symbol = EURJPY)
[2019.02.14 09:08:03 / lib_ea.mqh:131]
price_Close_Latest >= ibands_1S_Plus (close = 124.987) (BB.-1 = 124.9496063735447) (2019.02.14 02:07)
[2019.02.14 09:08:03 / ea_44_5.3_2_down-down-buy.mq4:148]
detect_DownDown_Buy() => false) (period = 1 / symbol = EURJPY)
[2019.02.14 09:09:05 / ea_44_5.3_2_down-down-buy.mq4:126]
new bar (tick = 613) (period = 1 / symbol = EURJPY)
[2019.02.14 09:09:05 / lib_ea.mqh:91]
diff_Latest >= 0 (0.005000000000009663) (2019.02.14 02:08)
[2019.02.14 09:09:05 / ea_44_5.3_2_down-down-buy.mq4:148]
detect_DownDown_Buy() => false) (period = 1 / symbol = EURJPY)
[2019.02.14 09:10:03 / ea_44_5.3_2_down-down-buy.mq4:126]
new bar (tick = 665) (period = 1 / symbol = EURJPY)
[2019.02.14 09:10:03 / lib_ea.mqh:91]
diff_Latest >= 0 (0.001000000000004775) (2019.02.14 02:09)
[2019.02.14 09:10:03 / ea_44_5.3_2_down-down-buy.mq4:148]
detect_DownDown_Buy() => false) (period = 1 / symbol = EURJPY)
[2019.02.14 09:11:05 / ea_44_5.3_2_down-down-buy.mq4:126]
new bar (tick = 725) (period = 1 / symbol = EURJPY)
[2019.02.14 09:11:05 / lib_ea.mqh:91]
diff_Latest >= 0 (0.009000000000000341) (2019.02.14 02:10)
[2019.02.14 09:11:05 / ea_44_5.3_2_down-down-buy.mq4:148]
detect_DownDown_Buy() => false) (period = 1 / symbol = EURJPY)
[2019.02.14 09:12:03 / ea_44_5.3_2_down-down-buy.mq4:126]
new bar (tick = 767) (period = 1 / symbol = EURJPY)
[2019.02.14 09:12:03 / lib_ea.mqh:91]
diff_Latest >= 0 (0.004000000000004889) (2019.02.14 02:11)
[2019.02.14 09:12:03 / ea_44_5.3_2_down-down-buy.mq4:148]
detect_DownDown_Buy() => false) (period = 1 / symbol = EURJPY)
[2019.02.14 09:13:03 / ea_44_5.3_2_down-down-buy.mq4:126]
new bar (tick = 823) (period = 1 / symbol = EURJPY)
[2019.02.14 09:13:03 / lib_ea.mqh:131]
price_Close_Latest >= ibands_1S_Plus (close = 124.995) (BB.-1 = 124.9587639786661) (2019.02.14 02:12)
[2019.02.14 09:13:03 / ea_44_5.3_2_down-down-buy.mq4:148]
detect_DownDown_Buy() => false) (period = 1 / symbol = EURJPY)
[2019.02.14 09:14:03 / ea_44_5.3_2_down-down-buy.mq4:126]
new bar (tick = 858) (period = 1 / symbol = EURJPY)
[2019.02.14 09:14:03 / lib_ea.mqh:131]
price_Close_Latest >= ibands_1S_Plus (close = 124.986) (BB.-1 = 124.9604356074011) (2019.02.14 02:13)
[2019.02.14 09:14:03 / ea_44_5.3_2_down-down-buy.mq4:148]
detect_DownDown_Buy() => false) (period = 1 / symbol = EURJPY)
[2019.02.14 09:15:03 / ea_44_5.3_2_down-down-buy.mq4:126]
new bar (tick = 922) (period = 1 / symbol = EURJPY)
[2019.02.14 09:15:03 / lib_ea.mqh:91]
diff_Latest >= 0 (0.007999999999995566) (2019.02.14 02:14)
[2019.02.14 09:15:03 / ea_44_5.3_2_down-down-buy.mq4:148]
detect_DownDown_Buy() => false) (period = 1 / symbol = EURJPY)
[2019.02.14 09:16:03 / ea_44_5.3_2_down-down-buy.mq4:126]
new bar (tick = 981) (period = 1 / symbol = EURJPY)
[2019.02.14 09:16:03 / lib_ea.mqh:131]
price_Close_Latest >= ibands_1S_Plus (close = 124.98) (BB.-1 = 124.9646223913404) (2019.02.14 02:15)
[2019.02.14 09:16:03 / ea_44_5.3_2_down-down-buy.mq4:148]
detect_DownDown_Buy() => false) (period = 1 / symbol = EURJPY)
[2019.02.14 09:17:03 / ea_44_5.3_2_down-down-buy.mq4:126]
new bar (tick = 1069) (period = 1 / symbol = EURJPY)
[2019.02.14 09:17:03 / lib_ea.mqh:131]
price_Close_Latest >= ibands_1S_Plus (close = 124.971) (BB.-1 = 124.9661973263943) (2019.02.14 02:16)
[2019.02.14 09:17:03 / ea_44_5.3_2_down-down-buy.mq4:148]
detect_DownDown_Buy() => false) (period = 1 / symbol = EURJPY)
[2019.02.14 09:18:04 / ea_44_5.3_2_down-down-buy.mq4:126]
new bar (tick = 1141) (period = 1 / symbol = EURJPY)
[2019.02.14 09:18:04 / lib_ea.mqh:91]
diff_Latest >= 0 (0.0210000000000008) (2019.02.14 02:17)
[2019.02.14 09:18:04 / ea_44_5.3_2_down-down-buy.mq4:148]
detect_DownDown_Buy() => false) (period = 1 / symbol = EURJPY)
[2019.02.14 09:19:03 / ea_44_5.3_2_down-down-buy.mq4:126]
new bar (tick = 1206) (period = 1 / symbol = EURJPY)
[2019.02.14 09:19:03 / lib_ea.mqh:131]
price_Close_Latest >= ibands_1S_Plus (close = 124.988) (BB.-1 = 124.9728683014368) (2019.02.14 02:18)
[2019.02.14 09:19:03 / ea_44_5.3_2_down-down-buy.mq4:148]
detect_DownDown_Buy() => false) (period = 1 / symbol = EURJPY)
[2019.02.14 09:20:03 / ea_44_5.3_2_down-down-buy.mq4:126]
new bar (tick = 1278) (period = 1 / symbol = EURJPY)
[2019.02.14 09:20:03 / lib_ea.mqh:131]
price_Close_Latest >= ibands_1S_Plus (close = 124.978) (BB.-1 = 124.9754380369899) (2019.02.14 02:19)
[2019.02.14 09:20:03 / ea_44_5.3_2_down-down-buy.mq4:148]
detect_DownDown_Buy() => false) (period = 1 / symbol = EURJPY)
[2019.02.14 09:21:03 / ea_44_5.3_2_down-down-buy.mq4:126]
new bar (tick = 1366) (period = 1 / symbol = EURJPY)
[2019.02.14 09:21:03 / lib_ea.mqh:186]
detect_DownDown_Buy() ==> true (datetime = 2019.02.14 02:20)
[2019.02.14 09:21:03 / ea_44_5.3_2_down-down-buy.mq4:148]
detect_DownDown_Buy() => true) (period = 1 / symbol = EURJPY)
[2019.02.14 09:21:03 / lib_ea.mqh:255][lib_ea.mqh:232] Level_TakeProfit => 125.022 / Level_StopLoss => 124.922
Point = 0.001
Bid = 124.952
MyPoint * 10 * _TheTakeProfit = 0.07000000000000001
MyPoint * 10 * _TheStopLoss = 0.03
_TheTakeProfit = 7
_TheStopLoss = 3
[2019.02.14 09:21:04 / lib_ea.mqh:284]
-------------------------------- [new order : buy_DownDown_Buy]
order id = 13693499
[2019.02.14 09:21:04 / lib_ea.mqh:389][lib_ea.mqh:366] Level_TakeProfit => 124.89 / Level_StopLoss => 124.99
Point = 0.001
Bid = 124.96
MyPoint * 10 * _TheTakeProfit = 0.07000000000000001
MyPoint * 10 * _TheStopLoss = 0.03
_TheTakeProfit = 7
_TheStopLoss = 3
[2019.02.14 09:21:05 / lib_ea.mqh:417]
-------------------------------- [new order : buy_DownDown_Sell]
order id = 13693501
[2019.02.14 09:22:04 / ea_44_5.3_2_down-down-buy.mq4:126]
new bar (tick = 1443) (period = 1 / symbol = EURJPY)
[2019.02.14 09:22:04 / lib_ea.mqh:91]
diff_Latest >= 0 (0.001000000000004775) (2019.02.14 02:21)
[2019.02.14 09:22:04 / ea_44_5.3_2_down-down-buy.mq4:148]
detect_DownDown_Buy() => false) (period = 1 / symbol = EURJPY)
[2019.02.14 09:23:03 / ea_44_5.3_2_down-down-buy.mq4:126]
new bar (tick = 1504) (period = 1 / symbol = EURJPY)
[2019.02.14 09:23:03 / lib_ea.mqh:167]
diff_SecondLatest >= 0 (diff = 0.001000000000004775)(2019.02.14 02:21)
[2019.02.14 09:23:03 / ea_44_5.3_2_down-down-buy.mq4:148]
detect_DownDown_Buy() => false) (period = 1 / symbol = EURJPY)
[2019.02.14 09:24:03 / ea_44_5.3_2_down-down-buy.mq4:126]
new bar (tick = 1650) (period = 1 / symbol = EURJPY)
[2019.02.14 09:24:03 / lib_ea.mqh:186]
detect_DownDown_Buy() ==> true (datetime = 2019.02.14 02:23)
[2019.02.14 09:24:03 / ea_44_5.3_2_down-down-buy.mq4:148]
detect_DownDown_Buy() => true) (period = 1 / symbol = EURJPY)
[2019.02.14 09:24:03 / lib_ea.mqh:255][lib_ea.mqh:232] Level_TakeProfit => 124.956 / Level_StopLoss => 124.856
Point = 0.001
Bid = 124.886
MyPoint * 10 * _TheTakeProfit = 0.07000000000000001
MyPoint * 10 * _TheStopLoss = 0.03
_TheTakeProfit = 7
_TheStopLoss = 3
[2019.02.14 09:24:04 / lib_ea.mqh:284]
-------------------------------- [new order : buy_DownDown_Buy]
order id = 13693572
[2019.02.14 09:24:04 / lib_ea.mqh:389][lib_ea.mqh:366] Level_TakeProfit => 124.823 / Level_StopLoss => 124.923
Point = 0.001
Bid = 124.893
MyPoint * 10 * _TheTakeProfit = 0.07000000000000001
MyPoint * 10 * _TheStopLoss = 0.03
_TheTakeProfit = 7
_TheStopLoss = 3
[2019.02.14 09:24:05 / lib_ea.mqh:417]
-------------------------------- [new order : buy_DownDown_Sell]
order id = 13693575
[2019.02.14 09:25:04 / ea_44_5.3_2_down-down-buy.mq4:126]
new bar (tick = 1735) (period = 1 / symbol = EURJPY)
[2019.02.14 09:25:04 / lib_ea.mqh:186]
detect_DownDown_Buy() ==> true (datetime = 2019.02.14 02:24)
[2019.02.14 09:25:04 / ea_44_5.3_2_down-down-buy.mq4:148]
detect_DownDown_Buy() => true) (period = 1 / symbol = EURJPY)
[2019.02.14 09:25:04 / lib_ea.mqh:255][lib_ea.mqh:232] Level_TakeProfit => 124.949 / Level_StopLoss => 124.849
Point = 0.001
Bid = 124.879
MyPoint * 10 * _TheTakeProfit = 0.07000000000000001
MyPoint * 10 * _TheStopLoss = 0.03
_TheTakeProfit = 7
_TheStopLoss = 3
[2019.02.14 09:25:05 / lib_ea.mqh:284]
-------------------------------- [new order : buy_DownDown_Buy]
order id = 13693598
[2019.02.14 09:25:05 / lib_ea.mqh:389][lib_ea.mqh:366] Level_TakeProfit => 124.816 / Level_StopLoss => 124.916
Point = 0.001
Bid = 124.886
MyPoint * 10 * _TheTakeProfit = 0.07000000000000001
MyPoint * 10 * _TheStopLoss = 0.03
_TheTakeProfit = 7
_TheStopLoss = 3
[2019.02.14 09:25:06 / lib_ea.mqh:417]
-------------------------------- [new order : buy_DownDown_Sell]
order id = 13693602
[2019.02.14 09:26:03 / ea_44_5.3_2_down-down-buy.mq4:126]
new bar (tick = 1838) (period = 1 / symbol = EURJPY)
[2019.02.14 09:26:03 / lib_ea.mqh:91]
diff_Latest >= 0 (0.01500000000000057) (2019.02.14 02:25)
[2019.02.14 09:26:03 / ea_44_5.3_2_down-down-buy.mq4:148]
detect_DownDown_Buy() => false) (period = 1 / symbol = EURJPY)
[2019.02.14 09:27:03 / ea_44_5.3_2_down-down-buy.mq4:126]
new bar (tick = 1938) (period = 1 / symbol = EURJPY)
[2019.02.14 09:27:03 / lib_ea.mqh:167]
diff_SecondLatest >= 0 (diff = 0.01500000000000057)(2019.02.14 02:25)
[2019.02.14 09:27:03 / ea_44_5.3_2_down-down-buy.mq4:148]
detect_DownDown_Buy() => false) (period = 1 / symbol = EURJPY)
[2019.02.14 09:28:03 / ea_44_5.3_2_down-down-buy.mq4:126]
new bar (tick = 2003) (period = 1 / symbol = EURJPY)
[2019.02.14 09:28:03 / lib_ea.mqh:91]
diff_Latest >= 0 (0.01099999999999568) (2019.02.14 02:27)
[2019.02.14 09:28:03 / ea_44_5.3_2_down-down-buy.mq4:148]
detect_DownDown_Buy() => false) (period = 1 / symbol = EURJPY)
[2019.02.14 09:29:03 / ea_44_5.3_2_down-down-buy.mq4:126]
new bar (tick = 2091) (period = 1 / symbol = EURJPY)
[2019.02.14 09:29:03 / lib_ea.mqh:167]
diff_SecondLatest >= 0 (diff = 0.01099999999999568)(2019.02.14 02:27)
[2019.02.14 09:29:03 / ea_44_5.3_2_down-down-buy.mq4:148]
detect_DownDown_Buy() => false) (period = 1 / symbol = EURJPY)
[2019.02.14 09:30:03 / ea_44_5.3_2_down-down-buy.mq4:126]
new bar (tick = 2206) (period = 1 / symbol = EURJPY)
[2019.02.14 09:30:03 / lib_ea.mqh:186]
detect_DownDown_Buy() ==> true (datetime = 2019.02.14 02:29)
[2019.02.14 09:30:03 / ea_44_5.3_2_down-down-buy.mq4:148]
detect_DownDown_Buy() => true) (period = 1 / symbol = EURJPY)
[2019.02.14 09:30:03 / lib_ea.mqh:255][lib_ea.mqh:232] Level_TakeProfit => 124.939 / Level_StopLoss => 124.839
Point = 0.001
Bid = 124.869
MyPoint * 10 * _TheTakeProfit = 0.07000000000000001
MyPoint * 10 * _TheStopLoss = 0.03
_TheTakeProfit = 7
_TheStopLoss = 3
[2019.02.14 09:30:04 / lib_ea.mqh:284]
-------------------------------- [new order : buy_DownDown_Buy]
order id = 13693655
[2019.02.14 09:30:04 / lib_ea.mqh:389][lib_ea.mqh:366] Level_TakeProfit => 124.807 / Level_StopLoss => 124.907
Point = 0.001
Bid = 124.877
MyPoint * 10 * _TheTakeProfit = 0.07000000000000001
MyPoint * 10 * _TheStopLoss = 0.03
_TheTakeProfit = 7
_TheStopLoss = 3
[2019.02.14 09:30:05 / lib_ea.mqh:417]
-------------------------------- [new order : buy_DownDown_Sell]
order id = 13693660
[2019.02.14 09:31:04 / ea_44_5.3_2_down-down-buy.mq4:126]
new bar (tick = 2319) (period = 1 / symbol = EURJPY)
[2019.02.14 09:31:04 / lib_ea.mqh:186]
detect_DownDown_Buy() ==> true (datetime = 2019.02.14 02:30)
[2019.02.14 09:31:04 / ea_44_5.3_2_down-down-buy.mq4:148]
detect_DownDown_Buy() => true) (period = 1 / symbol = EURJPY)
[2019.02.14 09:31:04 / lib_ea.mqh:255][lib_ea.mqh:232] Level_TakeProfit => 124.932 / Level_StopLoss => 124.832
Point = 0.001
Bid = 124.862
MyPoint * 10 * _TheTakeProfit = 0.07000000000000001
MyPoint * 10 * _TheStopLoss = 0.03
_TheTakeProfit = 7
_TheStopLoss = 3
[2019.02.14 09:31:05 / lib_ea.mqh:284]
-------------------------------- [new order : buy_DownDown_Buy]
order id = 13693682
[2019.02.14 09:31:05 / lib_ea.mqh:389][lib_ea.mqh:366] Level_TakeProfit => 124.8 / Level_StopLoss => 124.9
Point = 0.001
Bid = 124.87
MyPoint * 10 * _TheTakeProfit = 0.07000000000000001
MyPoint * 10 * _TheStopLoss = 0.03
_TheTakeProfit = 7
_TheStopLoss = 3
[2019.02.14 09:31:07 / lib_ea.mqh:417]
-------------------------------- [new order : buy_DownDown_Sell]
order id = 13693685
[2019.02.14 09:32:03 / ea_44_5.3_2_down-down-buy.mq4:126]
new bar (tick = 2379) (period = 1 / symbol = EURJPY)
[2019.02.14 09:32:03 / lib_ea.mqh:91]
diff_Latest >= 0 (0.007000000000005002) (2019.02.14 02:31)
[2019.02.14 09:32:03 / ea_44_5.3_2_down-down-buy.mq4:148]
detect_DownDown_Buy() => false) (period = 1 / symbol = EURJPY)
[2019.02.14 09:33:08 / ea_44_5.3_2_down-down-buy.mq4:126]
new bar (tick = 2444) (period = 1 / symbol = EURJPY)
[2019.02.14 09:33:08 / lib_ea.mqh:167]
diff_SecondLatest >= 0 (diff = 0.007000000000005002)(2019.02.14 02:31)
[2019.02.14 09:33:08 / ea_44_5.3_2_down-down-buy.mq4:148]
detect_DownDown_Buy() => false) (period = 1 / symbol = EURJPY)
[2019.02.14 09:34:03 / ea_44_5.3_2_down-down-buy.mq4:126]
new bar (tick = 2525) (period = 1 / symbol = EURJPY)
[2019.02.14 09:34:03 / lib_ea.mqh:91]
diff_Latest >= 0 (0.03300000000000125) (2019.02.14 02:33)
[2019.02.14 09:34:03 / ea_44_5.3_2_down-down-buy.mq4:148]
detect_DownDown_Buy() => false) (period = 1 / symbol = EURJPY)
[2019.02.14 09:35:03 / ea_44_5.3_2_down-down-buy.mq4:126]
new bar (tick = 2606) (period = 1 / symbol = EURJPY)
[2019.02.14 09:35:03 / lib_ea.mqh:91]
diff_Latest >= 0 (0.006999999999990791) (2019.02.14 02:34)
[2019.02.14 09:35:03 / ea_44_5.3_2_down-down-buy.mq4:148]
detect_DownDown_Buy() => false) (period = 1 / symbol = EURJPY)
[2019.02.14 09:36:03 / ea_44_5.3_2_down-down-buy.mq4:126]
new bar (tick = 2690) (period = 1 / symbol = EURJPY)
[2019.02.14 09:36:03 / lib_ea.mqh:91]
diff_Latest >= 0 (0.01300000000000523) (2019.02.14 02:35)
[2019.02.14 09:36:03 / ea_44_5.3_2_down-down-buy.mq4:148]
detect_DownDown_Buy() => false) (period = 1 / symbol = EURJPY)
[2019.02.14 09:37:03 / ea_44_5.3_2_down-down-buy.mq4:126]
new bar (tick = 2744) (period = 1 / symbol = EURJPY)
[2019.02.14 09:37:03 / lib_ea.mqh:91]
diff_Latest >= 0 (0.01800000000000068) (2019.02.14 02:36)
[2019.02.14 09:37:03 / ea_44_5.3_2_down-down-buy.mq4:148]
detect_DownDown_Buy() => false) (period = 1 / symbol = EURJPY)
[2019.02.14 09:38:04 / ea_44_5.3_2_down-down-buy.mq4:126]
new bar (tick = 2820) (period = 1 / symbol = EURJPY)
[2019.02.14 09:38:04 / lib_ea.mqh:91]
diff_Latest >= 0 (0.005000000000009663) (2019.02.14 02:37)
[2019.02.14 09:38:04 / ea_44_5.3_2_down-down-buy.mq4:148]
detect_DownDown_Buy() => false) (period = 1 / symbol = EURJPY)
[2019.02.14 09:39:03 / ea_44_5.3_2_down-down-buy.mq4:126]
new bar (tick = 2887) (period = 1 / symbol = EURJPY)
[2019.02.14 09:39:03 / lib_ea.mqh:91]
diff_Latest >= 0 (0.01200000000000045) (2019.02.14 02:38)
[2019.02.14 09:39:03 / ea_44_5.3_2_down-down-buy.mq4:148]
detect_DownDown_Buy() => false) (period = 1 / symbol = EURJPY)
[2019.02.14 09:40:04 / ea_44_5.3_2_down-down-buy.mq4:126]
new bar (tick = 2938) (period = 1 / symbol = EURJPY)
[2019.02.14 09:40:04 / lib_ea.mqh:131]
price_Close_Latest >= ibands_1S_Plus (close = 124.959) (BB.-1 = 124.874019648603) (2019.02.14 02:39)
[2019.02.14 09:40:04 / ea_44_5.3_2_down-down-buy.mq4:148]
detect_DownDown_Buy() => false) (period = 1 / symbol = EURJPY)
[2019.02.14 09:41:03 / ea_44_5.3_2_down-down-buy.mq4:126]
new bar (tick = 2994) (period = 1 / symbol = EURJPY)
[2019.02.14 09:41:03 / lib_ea.mqh:91]
diff_Latest >= 0 (0) (2019.02.14 02:40)
[2019.02.14 09:41:03 / ea_44_5.3_2_down-down-buy.mq4:148]
detect_DownDown_Buy() => false) (period = 1 / symbol = EURJPY)
[2019.02.14 09:42:04 / ea_44_5.3_2_down-down-buy.mq4:126]
new bar (tick = 3085) (period = 1 / symbol = EURJPY)
[2019.02.14 09:42:04 / lib_ea.mqh:91]
diff_Latest >= 0 (0) (2019.02.14 02:41)
[2019.02.14 09:42:04 / ea_44_5.3_2_down-down-buy.mq4:148]
detect_DownDown_Buy() => false) (period = 1 / symbol = EURJPY)
[2019.02.14 09:43:03 / ea_44_5.3_2_down-down-buy.mq4:126]
new bar (tick = 3175) (period = 1 / symbol = EURJPY)
[2019.02.14 09:43:03 / lib_ea.mqh:131]
price_Close_Latest >= ibands_1S_Plus (close = 124.952) (BB.-1 = 124.8748055714638) (2019.02.14 02:42)
[2019.02.14 09:43:03 / ea_44_5.3_2_down-down-buy.mq4:148]
detect_DownDown_Buy() => false) (period = 1 / symbol = EURJPY)
[2019.02.14 09:44:03 / ea_44_5.3_2_down-down-buy.mq4:126]
new bar (tick = 3244) (period = 1 / symbol = EURJPY)
[2019.02.14 09:44:03 / lib_ea.mqh:131]
price_Close_Latest >= ibands_1S_Plus (close = 124.931) (BB.-1 = 124.8772646038273) (2019.02.14 02:43)
[2019.02.14 09:44:03 / ea_44_5.3_2_down-down-buy.mq4:148]
detect_DownDown_Buy() => false) (period = 1 / symbol = EURJPY)
[2019.02.14 09:45:03 / ea_44_5.3_2_down-down-buy.mq4:126]
new bar (tick = 3310) (period = 1 / symbol = EURJPY)
[2019.02.14 09:45:03 / lib_ea.mqh:131]
price_Close_Latest >= ibands_1S_Plus (close = 124.915) (BB.-1 = 124.8795321831063) (2019.02.14 02:44)
[2019.02.14 09:45:03 / ea_44_5.3_2_down-down-buy.mq4:148]
detect_DownDown_Buy() => false) (period = 1 / symbol = EURJPY)
[2019.02.14 09:46:03 / ea_44_5.3_2_down-down-buy.mq4:126]
new bar (tick = 3377) (period = 1 / symbol = EURJPY)
[2019.02.14 09:46:03 / lib_ea.mqh:91]
diff_Latest >= 0 (0.01500000000000057) (2019.02.14 02:45)
[2019.02.14 09:46:03 / ea_44_5.3_2_down-down-buy.mq4:148]
detect_DownDown_Buy() => false) (period = 1 / symbol = EURJPY)
