[2019.01.30 14:44:37 / ea_Exp_1__TrailingStop.mq4:613]
Num (string): 0.12345678
Num (NormalizeDouble, 2): 0.12
Digits() : 3
Point : 0.001

[2019.01.30 14:44:37 / ea_Exp_1__TrailingStop.mq4:632]
OP_BUY : 0
OP_SELL : 1

[2019.01.30 14:44:37 / ea_Exp_1__TrailingStop.mq4:670]
Level_TakeProfit => 125.129 / Level_StopLoss => 125.029
Point = 0.001
Bid = 125.059
MyPoint * 10 * _TheTakeProfit (NormalizeDouble, digits=2) = 0
MyPoint * 10 * _TheStopLoss (NormalizeDouble, digits=2) = 0
_TheTakeProfit = 0.07000000000000001
_TheStopLoss = 0.03
[2019.01.30 14:44:37 / ea_Exp_1__TrailingStop.mq4:714]
Point (USDJPY) = 0.001

Point (EURJPY) = 0.001

Point (EURUSD) = 0.001

[2019.01.30 14:44:37 / ea_Exp_1__TrailingStop.mq4:753]
show_OrderData()----------------

OrdersTotal : 0

[2019.01.30 14:44:59 / ea_Exp_1__TrailingStop.mq4:132]
new bar (tick = 60) (period = 1 / symbol = EURJPY_)
[2019.01.30 14:44:59 / ea_Exp_1__TrailingStop.mq4:215]
//test_TrailingStop ------------------

[2019.01.30 14:44:59 / ea_Exp_1__TrailingStop.mq4:383]
diff_Latest ==> UP (0.001)

[2019.01.30 14:44:59 / ea_Exp_1__TrailingStop.mq4:413]
(j3 : Y : 1) num_Ticket (buy) : 5226407

[2019.01.30 14:44:59 / ea_Exp_1__TrailingStop.mq4:170]
diff_Latest >= 0 (0.000999999999990564) (2019.01.30 07:44)
[2019.01.30 14:45:59 / ea_Exp_1__TrailingStop.mq4:132]
new bar (tick = 209) (period = 1 / symbol = EURJPY_)
[2019.01.30 14:45:59 / ea_Exp_1__TrailingStop.mq4:215]
//test_TrailingStop ------------------

[2019.01.30 14:45:59 / ea_Exp_1__TrailingStop.mq4:241]
OrdersTotal() >= 1 (total =1)

[2019.01.30 14:45:59 / ea_Exp_1__TrailingStop.mq4:286]
Order selected : 5226407
OrderType() = 0 / OP_BUY
OrderOpenPrice() = 125.08
OrderClosePrice() = 125.069
OrderTakeProfit() = 125.109
OrderStopLoss() = 125.049
Close - SL = 0.01999999999999602

[2019.01.30 14:45:59 / ea_Exp_1__TrailingStop.mq4:170]
diff_Latest >= 0 (0) (2019.01.30 07:45)
[2019.01.30 14:46:59 / ea_Exp_1__TrailingStop.mq4:132]
new bar (tick = 372) (period = 1 / symbol = EURJPY_)
[2019.01.30 14:46:59 / ea_Exp_1__TrailingStop.mq4:215]
//test_TrailingStop ------------------

[2019.01.30 14:46:59 / ea_Exp_1__TrailingStop.mq4:241]
OrdersTotal() >= 1 (total =1)

[2019.01.30 14:46:59 / ea_Exp_1__TrailingStop.mq4:286]
Order selected : 5226407
OrderType() = 0 / OP_BUY
OrderOpenPrice() = 125.08
OrderClosePrice() = 125.075
OrderTakeProfit() = 125.109
OrderStopLoss() = 125.049
Close - SL = 0.02599999999999625

[2019.01.30 14:46:59 / ea_Exp_1__TrailingStop.mq4:170]
diff_Latest >= 0 (0.006000000000000227) (2019.01.30 07:46)
[2019.01.30 14:48:02 / ea_Exp_1__TrailingStop.mq4:132]
new bar (tick = 469) (period = 1 / symbol = EURJPY_)
[2019.01.30 14:48:02 / ea_Exp_1__TrailingStop.mq4:215]
//test_TrailingStop ------------------

[2019.01.30 14:48:02 / ea_Exp_1__TrailingStop.mq4:241]
OrdersTotal() >= 1 (total =1)

[2019.01.30 14:48:02 / ea_Exp_1__TrailingStop.mq4:286]
Order selected : 5226407
OrderType() = 0 / OP_BUY
OrderOpenPrice() = 125.08
OrderClosePrice() = 125.08
OrderTakeProfit() = 125.109
OrderStopLoss() = 125.049
Close - SL = 0.0309999999999917

[2019.01.30 14:48:02 / ea_Exp_1__TrailingStop.mq4:170]
diff_Latest >= 0 (0.006000000000000227) (2019.01.30 07:47)
[2019.01.30 14:48:59 / ea_Exp_1__TrailingStop.mq4:132]
new bar (tick = 594) (period = 1 / symbol = EURJPY_)
[2019.01.30 14:48:59 / ea_Exp_1__TrailingStop.mq4:215]
//test_TrailingStop ------------------

[2019.01.30 14:48:59 / ea_Exp_1__TrailingStop.mq4:241]
OrdersTotal() >= 1 (total =1)

[2019.01.30 14:48:59 / ea_Exp_1__TrailingStop.mq4:286]
Order selected : 5226407
OrderType() = 0 / OP_BUY
OrderOpenPrice() = 125.08
OrderClosePrice() = 125.078
OrderTakeProfit() = 125.109
OrderStopLoss() = 125.049
Close - SL = 0.02899999999999636

[2019.01.30 14:48:59 / ea_Exp_1__TrailingStop.mq4:187]
diff_Latest < 0 (-0.003000000000000114) (2019.01.30 07:48)
[2019.01.30 14:50:02 / ea_Exp_1__TrailingStop.mq4:132]
new bar (tick = 650) (period = 1 / symbol = EURJPY_)
[2019.01.30 14:50:02 / ea_Exp_1__TrailingStop.mq4:215]
//test_TrailingStop ------------------

[2019.01.30 14:50:02 / ea_Exp_1__TrailingStop.mq4:241]
OrdersTotal() >= 1 (total =1)

[2019.01.30 14:50:02 / ea_Exp_1__TrailingStop.mq4:286]
Order selected : 5226407
OrderType() = 0 / OP_BUY
OrderOpenPrice() = 125.08
OrderClosePrice() = 125.07
OrderTakeProfit() = 125.109
OrderStopLoss() = 125.049
Close - SL = 0.02099999999998658

[2019.01.30 14:50:02 / ea_Exp_1__TrailingStop.mq4:187]
diff_Latest < 0 (-0.009000000000000341) (2019.01.30 07:49)
[2019.01.30 14:51:12 / ea_Exp_1__TrailingStop.mq4:132]
new bar (tick = 729) (period = 1 / symbol = EURJPY_)
[2019.01.30 14:51:12 / ea_Exp_1__TrailingStop.mq4:215]
//test_TrailingStop ------------------

[2019.01.30 14:51:12 / ea_Exp_1__TrailingStop.mq4:241]
OrdersTotal() >= 1 (total =1)

[2019.01.30 14:51:12 / ea_Exp_1__TrailingStop.mq4:286]
Order selected : 5226407
OrderType() = 0 / OP_BUY
OrderOpenPrice() = 125.08
OrderClosePrice() = 125.076
OrderTakeProfit() = 125.109
OrderStopLoss() = 125.049
Close - SL = 0.02699999999998681

[2019.01.30 14:51:12 / ea_Exp_1__TrailingStop.mq4:170]
diff_Latest >= 0 (0.006000000000000227) (2019.01.30 07:50)
[2019.01.30 14:52:00 / ea_Exp_1__TrailingStop.mq4:132]
new bar (tick = 761) (period = 1 / symbol = EURJPY_)
[2019.01.30 14:52:00 / ea_Exp_1__TrailingStop.mq4:215]
//test_TrailingStop ------------------

[2019.01.30 14:52:00 / ea_Exp_1__TrailingStop.mq4:241]
OrdersTotal() >= 1 (total =1)

[2019.01.30 14:52:00 / ea_Exp_1__TrailingStop.mq4:286]
Order selected : 5226407
OrderType() = 0 / OP_BUY
OrderOpenPrice() = 125.08
OrderClosePrice() = 125.077
OrderTakeProfit() = 125.109
OrderStopLoss() = 125.049
Close - SL = 0.02799999999999159

[2019.01.30 14:52:00 / ea_Exp_1__TrailingStop.mq4:170]
diff_Latest >= 0 (0.001000000000004775) (2019.01.30 07:51)
[2019.01.30 14:53:01 / ea_Exp_1__TrailingStop.mq4:132]
new bar (tick = 859) (period = 1 / symbol = EURJPY_)
[2019.01.30 14:53:01 / ea_Exp_1__TrailingStop.mq4:215]
//test_TrailingStop ------------------

[2019.01.30 14:53:01 / ea_Exp_1__TrailingStop.mq4:241]
OrdersTotal() >= 1 (total =1)

[2019.01.30 14:53:01 / ea_Exp_1__TrailingStop.mq4:286]
Order selected : 5226407
OrderType() = 0 / OP_BUY
OrderOpenPrice() = 125.08
OrderClosePrice() = 125.057
OrderTakeProfit() = 125.109
OrderStopLoss() = 125.049
Close - SL = 0.007999999999995566

[2019.01.30 14:53:01 / ea_Exp_1__TrailingStop.mq4:187]
diff_Latest < 0 (-0.01900000000000546) (2019.01.30 07:52)
[2019.01.30 14:54:00 / ea_Exp_1__TrailingStop.mq4:132]
new bar (tick = 996) (period = 1 / symbol = EURJPY_)
[2019.01.30 14:54:00 / ea_Exp_1__TrailingStop.mq4:215]
//test_TrailingStop ------------------

[2019.01.30 14:54:00 / ea_Exp_1__TrailingStop.mq4:241]
OrdersTotal() >= 1 (total =1)

[2019.01.30 14:54:00 / ea_Exp_1__TrailingStop.mq4:286]
Order selected : 5226407
OrderType() = 0 / OP_BUY
OrderOpenPrice() = 125.08
OrderClosePrice() = 125.066
OrderTakeProfit() = 125.109
OrderStopLoss() = 125.049
Close - SL = 0.01699999999999591

[2019.01.30 14:54:00 / ea_Exp_1__TrailingStop.mq4:170]
diff_Latest >= 0 (0.00899999999998613) (2019.01.30 07:53)
[2019.01.30 14:54:59 / ea_Exp_1__TrailingStop.mq4:132]
new bar (tick = 1070) (period = 1 / symbol = EURJPY_)
[2019.01.30 14:54:59 / ea_Exp_1__TrailingStop.mq4:215]
//test_TrailingStop ------------------

[2019.01.30 14:54:59 / ea_Exp_1__TrailingStop.mq4:241]
OrdersTotal() >= 1 (total =1)

[2019.01.30 14:54:59 / ea_Exp_1__TrailingStop.mq4:286]
Order selected : 5226407
OrderType() = 0 / OP_BUY
OrderOpenPrice() = 125.08
OrderClosePrice() = 125.069
OrderTakeProfit() = 125.109
OrderStopLoss() = 125.049
Close - SL = 0.01999999999999602

[2019.01.30 14:54:59 / ea_Exp_1__TrailingStop.mq4:170]
diff_Latest >= 0 (0.003000000000000114) (2019.01.30 07:54)
[2019.01.30 14:55:59 / ea_Exp_1__TrailingStop.mq4:132]
new bar (tick = 1136) (period = 1 / symbol = EURJPY_)
[2019.01.30 14:55:59 / ea_Exp_1__TrailingStop.mq4:215]
//test_TrailingStop ------------------

[2019.01.30 14:55:59 / ea_Exp_1__TrailingStop.mq4:241]
OrdersTotal() >= 1 (total =1)

[2019.01.30 14:55:59 / ea_Exp_1__TrailingStop.mq4:286]
Order selected : 5226407
OrderType() = 0 / OP_BUY
OrderOpenPrice() = 125.08
OrderClosePrice() = 125.064
OrderTakeProfit() = 125.109
OrderStopLoss() = 125.049
Close - SL = 0.01499999999998636

[2019.01.30 14:55:59 / ea_Exp_1__TrailingStop.mq4:187]
diff_Latest < 0 (-0.004999999999995453) (2019.01.30 07:55)
[2019.01.30 14:57:01 / ea_Exp_1__TrailingStop.mq4:132]
new bar (tick = 1197) (period = 1 / symbol = EURJPY_)
[2019.01.30 14:57:01 / ea_Exp_1__TrailingStop.mq4:215]
//test_TrailingStop ------------------

[2019.01.30 14:57:01 / ea_Exp_1__TrailingStop.mq4:241]
OrdersTotal() >= 1 (total =1)

[2019.01.30 14:57:01 / ea_Exp_1__TrailingStop.mq4:286]
Order selected : 5226407
OrderType() = 0 / OP_BUY
OrderOpenPrice() = 125.08
OrderClosePrice() = 125.052
OrderTakeProfit() = 125.109
OrderStopLoss() = 125.049
Close - SL = 0.003000000000000114

[2019.01.30 14:57:01 / ea_Exp_1__TrailingStop.mq4:187]
diff_Latest < 0 (-0.009000000000000341) (2019.01.30 07:56)
[2019.01.30 14:58:00 / ea_Exp_1__TrailingStop.mq4:132]
new bar (tick = 1336) (period = 1 / symbol = EURJPY_)
[2019.01.30 14:58:00 / ea_Exp_1__TrailingStop.mq4:215]
//test_TrailingStop ------------------

[2019.01.30 14:58:00 / ea_Exp_1__TrailingStop.mq4:241]
OrdersTotal() >= 1 (total =1)

[2019.01.30 14:58:00 / ea_Exp_1__TrailingStop.mq4:286]
Order selected : 5226407
OrderType() = 0 / OP_BUY
OrderOpenPrice() = 125.08
OrderClosePrice() = 125.059
OrderTakeProfit() = 125.109
OrderStopLoss() = 125.049
Close - SL = 0.009999999999990905

[2019.01.30 14:58:00 / ea_Exp_1__TrailingStop.mq4:170]
diff_Latest >= 0 (0.004999999999995453) (2019.01.30 07:57)
