[2019.02.02 17:06:01 / ea_Exp_1__TrailingStop.mq4:700]
Num (string): 0.12345678
Num (NormalizeDouble, 2): 0.12
Digits() : 3
Point : 0.001

[2019.02.02 17:06:01 / ea_Exp_1__TrailingStop.mq4:719]
OP_BUY : 0
OP_SELL : 1

[2019.02.02 17:06:01 / ea_Exp_1__TrailingStop.mq4:757]
Level_TakeProfit => 125.434 / Level_StopLoss => 125.374
Point = 0.001
Bid = 125.394
MyPoint * 10 * _TheTakeProfit (NormalizeDouble, digits=2) = 0
MyPoint * 10 * _TheStopLoss (NormalizeDouble, digits=2) = 0
_TheTakeProfit = 0.04
_TheStopLoss = 0.02
[2019.02.02 17:06:01 / ea_Exp_1__TrailingStop.mq4:801]
Point (USDJPY) = 0.001

Point (EURJPY) = 0.001

Point (EURUSD) = 0.001

[2019.02.02 17:06:01 / ea_Exp_1__TrailingStop.mq4:840]
show_OrderData()----------------

OrdersTotal : 0

