[2019.01.28 16:00:34 / ea_Exp_1__TrailingStop.mq4:276]
Level_TakeProfit => 124.791 / Level_StopLoss => 124.691
Point = 0.001
Bid = 124.721
MyPoint * 10 * _TheTakeProfit = 0.07000000000000001
MyPoint * 10 * _TheStopLoss = 0.03
_TheTakeProfit = 7
_TheStopLoss = 3
[2019.01.28 16:00:59 / ea_Exp_1__TrailingStop.mq4:123]
new bar (tick = 58) (period = 1 / symbol = EURJPY_)
[2019.01.28 16:00:59 / ea_Exp_1__TrailingStop.mq4:156]
diff_Latest >= 0 (0.00200000000000955) (2019.01.28 09:00)
[2019.01.28 16:01:59 / ea_Exp_1__TrailingStop.mq4:123]
new bar (tick = 244) (period = 1 / symbol = EURJPY_)
[2019.01.28 16:01:59 / ea_Exp_1__TrailingStop.mq4:173]
diff_Latest < 0 (-0.01999999999999602) (2019.01.28 09:01)
[2019.01.28 16:02:58 / ea_Exp_1__TrailingStop.mq4:123]
new bar (tick = 384) (period = 1 / symbol = EURJPY_)
[2019.01.28 16:02:58 / ea_Exp_1__TrailingStop.mq4:156]
diff_Latest >= 0 (0.02200000000000557) (2019.01.28 09:02)
[2019.01.28 16:04:02 / ea_Exp_1__TrailingStop.mq4:123]
new bar (tick = 598) (period = 1 / symbol = EURJPY_)
[2019.01.28 16:04:02 / ea_Exp_1__TrailingStop.mq4:156]
diff_Latest >= 0 (0.006000000000000227) (2019.01.28 09:03)
[2019.01.28 16:04:58 / ea_Exp_1__TrailingStop.mq4:123]
new bar (tick = 716) (period = 1 / symbol = EURJPY_)
[2019.01.28 16:04:58 / ea_Exp_1__TrailingStop.mq4:156]
diff_Latest >= 0 (0) (2019.01.28 09:04)
[2019.01.28 16:06:00 / ea_Exp_1__TrailingStop.mq4:123]
new bar (tick = 963) (period = 1 / symbol = EURJPY_)
[2019.01.28 16:06:00 / ea_Exp_1__TrailingStop.mq4:156]
diff_Latest >= 0 (0.02400000000000091) (2019.01.28 09:05)
[2019.01.28 16:06:59 / ea_Exp_1__TrailingStop.mq4:123]
new bar (tick = 1142) (period = 1 / symbol = EURJPY_)
[2019.01.28 16:06:59 / ea_Exp_1__TrailingStop.mq4:156]
diff_Latest >= 0 (0.003000000000000114) (2019.01.28 09:06)
[2019.01.28 16:07:59 / ea_Exp_1__TrailingStop.mq4:123]
new bar (tick = 1311) (period = 1 / symbol = EURJPY_)
[2019.01.28 16:07:59 / ea_Exp_1__TrailingStop.mq4:156]
diff_Latest >= 0 (0.01900000000000546) (2019.01.28 09:07)
[2019.01.28 16:08:59 / ea_Exp_1__TrailingStop.mq4:123]
new bar (tick = 1400) (period = 1 / symbol = EURJPY_)
[2019.01.28 16:08:59 / ea_Exp_1__TrailingStop.mq4:156]
diff_Latest >= 0 (0.006000000000000227) (2019.01.28 09:08)
[2019.01.28 16:10:01 / ea_Exp_1__TrailingStop.mq4:123]
new bar (tick = 1516) (period = 1 / symbol = EURJPY_)
[2019.01.28 16:10:01 / ea_Exp_1__TrailingStop.mq4:156]
diff_Latest >= 0 (0.006000000000000227) (2019.01.28 09:09)
[2019.01.28 16:10:59 / ea_Exp_1__TrailingStop.mq4:123]
new bar (tick = 1691) (period = 1 / symbol = EURJPY_)
[2019.01.28 16:10:59 / ea_Exp_1__TrailingStop.mq4:173]
diff_Latest < 0 (-0.0210000000000008) (2019.01.28 09:10)
[2019.01.28 16:11:58 / ea_Exp_1__TrailingStop.mq4:123]
new bar (tick = 1797) (period = 1 / symbol = EURJPY_)
[2019.01.28 16:11:58 / ea_Exp_1__TrailingStop.mq4:173]
diff_Latest < 0 (-0.007000000000005002) (2019.01.28 09:11)
