[2019.02.11 08:34:08 / ea_44_5.3_2_down-down-buy.mq4:357]
Level_TakeProfit => 124.437 / Level_StopLoss => 124.337
Point = 0.001
Bid = 124.367
MyPoint * 10 * _TheTakeProfit = 0.07000000000000001
MyPoint * 10 * _TheStopLoss = 0.03
_TheTakeProfit = 7
_TheStopLoss = 3
[2019.02.11 08:35:01 / ea_44_5.3_2_down-down-buy.mq4:126]
new bar (tick = 65) (period = 1 / symbol = EURJPY)
[2019.02.11 08:35:01 / lib_ea.mqh:91]
diff_Latest >= 0 (0.01200000000000045) (2019.02.11 01:34)
[2019.02.11 08:35:01 / ea_44_5.3_2_down-down-buy.mq4:148]
detect_DownDown_Buy() => false) (period = 1 / symbol = EURJPY)
[2019.02.11 08:36:01 / ea_44_5.3_2_down-down-buy.mq4:126]
new bar (tick = 148) (period = 1 / symbol = EURJPY)
[2019.02.11 08:36:01 / lib_ea.mqh:131]
price_Close_Latest >= ibands_1S_Plus (close = 124.372) (BB.-1 = 124.3244733342673) (2019.02.11 01:35)
[2019.02.11 08:36:01 / ea_44_5.3_2_down-down-buy.mq4:148]
detect_DownDown_Buy() => false) (period = 1 / symbol = EURJPY)
[2019.02.11 08:37:03 / ea_44_5.3_2_down-down-buy.mq4:126]
new bar (tick = 190) (period = 1 / symbol = EURJPY)
[2019.02.11 08:37:03 / lib_ea.mqh:91]
diff_Latest >= 0 (0.003000000000000114) (2019.02.11 01:36)
[2019.02.11 08:37:03 / ea_44_5.3_2_down-down-buy.mq4:148]
detect_DownDown_Buy() => false) (period = 1 / symbol = EURJPY)
[2019.02.11 08:38:01 / ea_44_5.3_2_down-down-buy.mq4:126]
new bar (tick = 292) (period = 1 / symbol = EURJPY)
[2019.02.11 08:38:01 / lib_ea.mqh:91]
diff_Latest >= 0 (0.003999999999990678) (2019.02.11 01:37)
[2019.02.11 08:38:01 / ea_44_5.3_2_down-down-buy.mq4:148]
detect_DownDown_Buy() => false) (period = 1 / symbol = EURJPY)
[2019.02.11 08:39:01 / ea_44_5.3_2_down-down-buy.mq4:126]
new bar (tick = 331) (period = 1 / symbol = EURJPY)
[2019.02.11 08:39:01 / lib_ea.mqh:91]
diff_Latest >= 0 (0.01200000000000045) (2019.02.11 01:38)
[2019.02.11 08:39:01 / ea_44_5.3_2_down-down-buy.mq4:148]
detect_DownDown_Buy() => false) (period = 1 / symbol = EURJPY)
[2019.02.11 08:40:01 / ea_44_5.3_2_down-down-buy.mq4:126]
new bar (tick = 385) (period = 1 / symbol = EURJPY)
[2019.02.11 08:40:01 / lib_ea.mqh:131]
price_Close_Latest >= ibands_1S_Plus (close = 124.385) (BB.-1 = 124.3439029572256) (2019.02.11 01:39)
[2019.02.11 08:40:01 / ea_44_5.3_2_down-down-buy.mq4:148]
detect_DownDown_Buy() => false) (period = 1 / symbol = EURJPY)
[2019.02.11 08:41:02 / ea_44_5.3_2_down-down-buy.mq4:126]
new bar (tick = 415) (period = 1 / symbol = EURJPY)
[2019.02.11 08:41:02 / lib_ea.mqh:91]
diff_Latest >= 0 (0.004000000000004889) (2019.02.11 01:40)
[2019.02.11 08:41:02 / ea_44_5.3_2_down-down-buy.mq4:148]
detect_DownDown_Buy() => false) (period = 1 / symbol = EURJPY)
[2019.02.11 08:42:01 / ea_44_5.3_2_down-down-buy.mq4:126]
new bar (tick = 450) (period = 1 / symbol = EURJPY)
[2019.02.11 08:42:01 / lib_ea.mqh:131]
price_Close_Latest >= ibands_1S_Plus (close = 124.377) (BB.-1 = 124.3538350078877) (2019.02.11 01:41)
[2019.02.11 08:42:01 / ea_44_5.3_2_down-down-buy.mq4:148]
detect_DownDown_Buy() => false) (period = 1 / symbol = EURJPY)
[2019.02.11 08:43:02 / ea_44_5.3_2_down-down-buy.mq4:126]
new bar (tick = 492) (period = 1 / symbol = EURJPY)
[2019.02.11 08:43:02 / lib_ea.mqh:91]
diff_Latest >= 0 (0.001000000000004775) (2019.02.11 01:42)
[2019.02.11 08:43:02 / ea_44_5.3_2_down-down-buy.mq4:148]
detect_DownDown_Buy() => false) (period = 1 / symbol = EURJPY)
[2019.02.11 08:44:02 / ea_44_5.3_2_down-down-buy.mq4:126]
new bar (tick = 558) (period = 1 / symbol = EURJPY)
[2019.02.11 08:44:02 / lib_ea.mqh:91]
diff_Latest >= 0 (0.009000000000000341) (2019.02.11 01:43)
[2019.02.11 08:44:02 / ea_44_5.3_2_down-down-buy.mq4:148]
detect_DownDown_Buy() => false) (period = 1 / symbol = EURJPY)
[2019.02.11 08:45:01 / ea_44_5.3_2_down-down-buy.mq4:126]
new bar (tick = 575) (period = 1 / symbol = EURJPY)
[2019.02.11 08:45:01 / lib_ea.mqh:131]
price_Close_Latest >= ibands_1S_Plus (close = 124.384) (BB.-1 = 124.3636988038975) (2019.02.11 01:44)
[2019.02.11 08:45:01 / ea_44_5.3_2_down-down-buy.mq4:148]
detect_DownDown_Buy() => false) (period = 1 / symbol = EURJPY)
[2019.02.11 08:46:01 / ea_44_5.3_2_down-down-buy.mq4:126]
new bar (tick = 597) (period = 1 / symbol = EURJPY)
[2019.02.11 08:46:01 / lib_ea.mqh:91]
diff_Latest >= 0 (0.003000000000000114) (2019.02.11 01:45)
[2019.02.11 08:46:01 / ea_44_5.3_2_down-down-buy.mq4:148]
detect_DownDown_Buy() => false) (period = 1 / symbol = EURJPY)
[2019.02.11 08:47:01 / ea_44_5.3_2_down-down-buy.mq4:126]
new bar (tick = 635) (period = 1 / symbol = EURJPY)
[2019.02.11 08:47:01 / lib_ea.mqh:91]
diff_Latest >= 0 (0.001000000000004775) (2019.02.11 01:46)
[2019.02.11 08:47:01 / ea_44_5.3_2_down-down-buy.mq4:148]
detect_DownDown_Buy() => false) (period = 1 / symbol = EURJPY)
[2019.02.11 08:48:01 / ea_44_5.3_2_down-down-buy.mq4:126]
new bar (tick = 674) (period = 1 / symbol = EURJPY)
[2019.02.11 08:48:01 / lib_ea.mqh:131]
price_Close_Latest >= ibands_1S_Plus (close = 124.377) (BB.-1 = 124.3679976193488) (2019.02.11 01:47)
[2019.02.11 08:48:01 / ea_44_5.3_2_down-down-buy.mq4:148]
detect_DownDown_Buy() => false) (period = 1 / symbol = EURJPY)
[2019.02.11 08:49:01 / ea_44_5.3_2_down-down-buy.mq4:126]
new bar (tick = 711) (period = 1 / symbol = EURJPY)
[2019.02.11 08:49:01 / lib_ea.mqh:91]
diff_Latest >= 0 (0.006000000000000227) (2019.02.11 01:48)
[2019.02.11 08:49:01 / ea_44_5.3_2_down-down-buy.mq4:148]
detect_DownDown_Buy() => false) (period = 1 / symbol = EURJPY)
[2019.02.11 08:50:07 / ea_44_5.3_2_down-down-buy.mq4:126]
new bar (tick = 721) (period = 1 / symbol = EURJPY)
[2019.02.11 08:50:07 / lib_ea.mqh:131]
price_Close_Latest >= ibands_1S_Plus (close = 124.376) (BB.-1 = 124.3692827942256) (2019.02.11 01:49)
[2019.02.11 08:50:07 / ea_44_5.3_2_down-down-buy.mq4:148]
detect_DownDown_Buy() => false) (period = 1 / symbol = EURJPY)
[2019.02.11 08:51:01 / ea_44_5.3_2_down-down-buy.mq4:126]
new bar (tick = 734) (period = 1 / symbol = EURJPY)
[2019.02.11 08:51:01 / lib_ea.mqh:131]
price_Close_Latest >= ibands_1S_Plus (close = 124.374) (BB.-1 = 124.3696258803253) (2019.02.11 01:50)
[2019.02.11 08:51:01 / ea_44_5.3_2_down-down-buy.mq4:148]
detect_DownDown_Buy() => false) (period = 1 / symbol = EURJPY)
[2019.02.11 08:52:01 / ea_44_5.3_2_down-down-buy.mq4:126]
new bar (tick = 772) (period = 1 / symbol = EURJPY)
[2019.02.11 08:52:01 / lib_ea.mqh:186]
detect_DownDown_Buy() ==> true (datetime = 2019.02.11 01:51)
[2019.02.11 08:52:01 / ea_44_5.3_2_down-down-buy.mq4:148]
detect_DownDown_Buy() => true) (period = 1 / symbol = EURJPY)
[2019.02.11 08:52:01 / lib_ea.mqh:255][lib_ea.mqh:232] Level_TakeProfit => 124.431 / Level_StopLoss => 124.331
Point = 0.001
Bid = 124.361
MyPoint * 10 * _TheTakeProfit = 0.07000000000000001
MyPoint * 10 * _TheStopLoss = 0.03
_TheTakeProfit = 7
_TheStopLoss = 3
[2019.02.11 08:52:02 / lib_ea.mqh:284]
-------------------------------- [new order : buy_DownDown_Buy]
order id = 13652013
[2019.02.11 08:52:02 / lib_ea.mqh:389][lib_ea.mqh:366] Level_TakeProfit => 124.297 / Level_StopLoss => 124.397
Point = 0.001
Bid = 124.367
MyPoint * 10 * _TheTakeProfit = 0.07000000000000001
MyPoint * 10 * _TheStopLoss = 0.03
_TheTakeProfit = 7
_TheStopLoss = 3
[2019.02.11 08:52:03 / lib_ea.mqh:417]
-------------------------------- [new order : buy_DownDown_Sell]
order id = 13652014
[2019.02.11 08:53:11 / ea_44_5.3_2_down-down-buy.mq4:126]
new bar (tick = 796) (period = 1 / symbol = EURJPY)
[2019.02.11 08:53:11 / lib_ea.mqh:91]
diff_Latest >= 0 (0.01099999999999568) (2019.02.11 01:52)
[2019.02.11 08:53:11 / ea_44_5.3_2_down-down-buy.mq4:148]
detect_DownDown_Buy() => false) (period = 1 / symbol = EURJPY)
[2019.02.11 08:54:01 / ea_44_5.3_2_down-down-buy.mq4:126]
new bar (tick = 812) (period = 1 / symbol = EURJPY)
[2019.02.11 08:54:01 / lib_ea.mqh:167]
diff_SecondLatest >= 0 (diff = 0.01099999999999568)(2019.02.11 01:52)
[2019.02.11 08:54:01 / ea_44_5.3_2_down-down-buy.mq4:148]
detect_DownDown_Buy() => false) (period = 1 / symbol = EURJPY)
[2019.02.11 08:55:02 / ea_44_5.3_2_down-down-buy.mq4:126]
new bar (tick = 832) (period = 1 / symbol = EURJPY)
[2019.02.11 08:55:02 / lib_ea.mqh:91]
diff_Latest >= 0 (0.01800000000000068) (2019.02.11 01:54)
[2019.02.11 08:55:02 / ea_44_5.3_2_down-down-buy.mq4:148]
detect_DownDown_Buy() => false) (period = 1 / symbol = EURJPY)
[2019.02.11 08:56:04 / ea_44_5.3_2_down-down-buy.mq4:126]
new bar (tick = 867) (period = 1 / symbol = EURJPY)
[2019.02.11 08:56:04 / lib_ea.mqh:167]
diff_SecondLatest >= 0 (diff = 0.01800000000000068)(2019.02.11 01:54)
[2019.02.11 08:56:04 / ea_44_5.3_2_down-down-buy.mq4:148]
detect_DownDown_Buy() => false) (period = 1 / symbol = EURJPY)
[2019.02.11 08:57:17 / ea_44_5.3_2_down-down-buy.mq4:126]
new bar (tick = 882) (period = 1 / symbol = EURJPY)
[2019.02.11 08:57:17 / lib_ea.mqh:91]
diff_Latest >= 0 (0.00200000000000955) (2019.02.11 01:56)
[2019.02.11 08:57:17 / ea_44_5.3_2_down-down-buy.mq4:148]
detect_DownDown_Buy() => false) (period = 1 / symbol = EURJPY)
[2019.02.11 08:58:01 / ea_44_5.3_2_down-down-buy.mq4:126]
new bar (tick = 902) (period = 1 / symbol = EURJPY)
[2019.02.11 08:58:01 / lib_ea.mqh:167]
diff_SecondLatest >= 0 (diff = 0.00200000000000955)(2019.02.11 01:56)
[2019.02.11 08:58:01 / ea_44_5.3_2_down-down-buy.mq4:148]
detect_DownDown_Buy() => false) (period = 1 / symbol = EURJPY)
[2019.02.11 08:59:01 / ea_44_5.3_2_down-down-buy.mq4:126]
new bar (tick = 932) (period = 1 / symbol = EURJPY)
[2019.02.11 08:59:01 / lib_ea.mqh:186]
detect_DownDown_Buy() ==> true (datetime = 2019.02.11 01:58)
[2019.02.11 08:59:01 / ea_44_5.3_2_down-down-buy.mq4:148]
detect_DownDown_Buy() => true) (period = 1 / symbol = EURJPY)
[2019.02.11 08:59:01 / lib_ea.mqh:255][lib_ea.mqh:232] Level_TakeProfit => 124.422 / Level_StopLoss => 124.322
Point = 0.001
Bid = 124.352
MyPoint * 10 * _TheTakeProfit = 0.07000000000000001
MyPoint * 10 * _TheStopLoss = 0.03
_TheTakeProfit = 7
_TheStopLoss = 3
[2019.02.11 08:59:02 / lib_ea.mqh:284]
-------------------------------- [new order : buy_DownDown_Buy]
order id = 13652050
[2019.02.11 08:59:02 / lib_ea.mqh:389][lib_ea.mqh:366] Level_TakeProfit => 124.291 / Level_StopLoss => 124.391
Point = 0.001
Bid = 124.361
MyPoint * 10 * _TheTakeProfit = 0.07000000000000001
MyPoint * 10 * _TheStopLoss = 0.03
_TheTakeProfit = 7
_TheStopLoss = 3
[2019.02.11 08:59:03 / lib_ea.mqh:417]
-------------------------------- [new order : buy_DownDown_Sell]
order id = 13652051
[2019.02.11 09:00:01 / ea_44_5.3_2_down-down-buy.mq4:126]
new bar (tick = 951) (period = 1 / symbol = EURJPY)
[2019.02.11 09:00:01 / lib_ea.mqh:91]
diff_Latest >= 0 (0.000999999999990564) (2019.02.11 01:59)
[2019.02.11 09:00:01 / ea_44_5.3_2_down-down-buy.mq4:148]
detect_DownDown_Buy() => false) (period = 1 / symbol = EURJPY)
[2019.02.11 09:01:01 / ea_44_5.3_2_down-down-buy.mq4:126]
new bar (tick = 1011) (period = 1 / symbol = EURJPY)
[2019.02.11 09:01:01 / lib_ea.mqh:167]
diff_SecondLatest >= 0 (diff = 0.000999999999990564)(2019.02.11 01:59)
[2019.02.11 09:01:01 / ea_44_5.3_2_down-down-buy.mq4:148]
detect_DownDown_Buy() => false) (period = 1 / symbol = EURJPY)
[2019.02.11 09:02:01 / ea_44_5.3_2_down-down-buy.mq4:126]
new bar (tick = 1069) (period = 1 / symbol = EURJPY)
[2019.02.11 09:02:01 / lib_ea.mqh:186]
detect_DownDown_Buy() ==> true (datetime = 2019.02.11 02:01)
[2019.02.11 09:02:01 / ea_44_5.3_2_down-down-buy.mq4:148]
detect_DownDown_Buy() => true) (period = 1 / symbol = EURJPY)
[2019.02.11 09:02:01 / lib_ea.mqh:255][lib_ea.mqh:232] Level_TakeProfit => 124.408 / Level_StopLoss => 124.308
Point = 0.001
Bid = 124.338
MyPoint * 10 * _TheTakeProfit = 0.07000000000000001
MyPoint * 10 * _TheStopLoss = 0.03
_TheTakeProfit = 7
_TheStopLoss = 3
[2019.02.11 09:02:01 / lib_ea.mqh:284]
-------------------------------- [new order : buy_DownDown_Buy]
order id = 13652079
[2019.02.11 09:02:01 / lib_ea.mqh:389][lib_ea.mqh:366] Level_TakeProfit => 124.276 / Level_StopLoss => 124.376
Point = 0.001
Bid = 124.346
MyPoint * 10 * _TheTakeProfit = 0.07000000000000001
MyPoint * 10 * _TheStopLoss = 0.03
_TheTakeProfit = 7
_TheStopLoss = 3
[2019.02.11 09:02:02 / lib_ea.mqh:417]
-------------------------------- [new order : buy_DownDown_Sell]
order id = 13652081
[2019.02.11 09:03:03 / ea_44_5.3_2_down-down-buy.mq4:126]
new bar (tick = 1169) (period = 1 / symbol = EURJPY)
[2019.02.11 09:03:03 / lib_ea.mqh:91]
diff_Latest >= 0 (0.009000000000000341) (2019.02.11 02:02)
[2019.02.11 09:03:03 / ea_44_5.3_2_down-down-buy.mq4:148]
detect_DownDown_Buy() => false) (period = 1 / symbol = EURJPY)
[2019.02.11 09:04:01 / ea_44_5.3_2_down-down-buy.mq4:126]
new bar (tick = 1224) (period = 1 / symbol = EURJPY)
[2019.02.11 09:04:01 / lib_ea.mqh:91]
diff_Latest >= 0 (0.006000000000000227) (2019.02.11 02:03)
[2019.02.11 09:04:01 / ea_44_5.3_2_down-down-buy.mq4:148]
detect_DownDown_Buy() => false) (period = 1 / symbol = EURJPY)
[2019.02.11 09:05:01 / ea_44_5.3_2_down-down-buy.mq4:126]
new bar (tick = 1273) (period = 1 / symbol = EURJPY)
[2019.02.11 09:05:01 / lib_ea.mqh:167]
diff_SecondLatest >= 0 (diff = 0.006000000000000227)(2019.02.11 02:03)
[2019.02.11 09:05:01 / ea_44_5.3_2_down-down-buy.mq4:148]
detect_DownDown_Buy() => false) (period = 1 / symbol = EURJPY)
[2019.02.11 09:06:01 / ea_44_5.3_2_down-down-buy.mq4:126]
new bar (tick = 1333) (period = 1 / symbol = EURJPY)
[2019.02.11 09:06:01 / lib_ea.mqh:91]
diff_Latest >= 0 (0.01600000000000534) (2019.02.11 02:05)
[2019.02.11 09:06:01 / ea_44_5.3_2_down-down-buy.mq4:148]
detect_DownDown_Buy() => false) (period = 1 / symbol = EURJPY)
[2019.02.11 09:07:01 / ea_44_5.3_2_down-down-buy.mq4:126]
new bar (tick = 1384) (period = 1 / symbol = EURJPY)
[2019.02.11 09:07:01 / lib_ea.mqh:91]
diff_Latest >= 0 (0.009000000000000341) (2019.02.11 02:06)
[2019.02.11 09:07:01 / ea_44_5.3_2_down-down-buy.mq4:148]
detect_DownDown_Buy() => false) (period = 1 / symbol = EURJPY)
[2019.02.11 09:08:01 / ea_44_5.3_2_down-down-buy.mq4:126]
new bar (tick = 1423) (period = 1 / symbol = EURJPY)
[2019.02.11 09:08:01 / lib_ea.mqh:91]
diff_Latest >= 0 (0.007000000000005002) (2019.02.11 02:07)
[2019.02.11 09:08:01 / ea_44_5.3_2_down-down-buy.mq4:148]
detect_DownDown_Buy() => false) (period = 1 / symbol = EURJPY)
[2019.02.11 09:09:01 / ea_44_5.3_2_down-down-buy.mq4:126]
new bar (tick = 1522) (period = 1 / symbol = EURJPY)
[2019.02.11 09:09:01 / lib_ea.mqh:131]
price_Close_Latest >= ibands_1S_Plus (close = 124.365) (BB.-1 = 124.3484616310829) (2019.02.11 02:08)
[2019.02.11 09:09:01 / ea_44_5.3_2_down-down-buy.mq4:148]
detect_DownDown_Buy() => false) (period = 1 / symbol = EURJPY)
[2019.02.11 09:10:02 / ea_44_5.3_2_down-down-buy.mq4:126]
new bar (tick = 1581) (period = 1 / symbol = EURJPY)
[2019.02.11 09:10:02 / lib_ea.mqh:91]
diff_Latest >= 0 (0.004000000000004889) (2019.02.11 02:09)
[2019.02.11 09:10:02 / ea_44_5.3_2_down-down-buy.mq4:148]
detect_DownDown_Buy() => false) (period = 1 / symbol = EURJPY)
[2019.02.11 09:11:01 / ea_44_5.3_2_down-down-buy.mq4:126]
new bar (tick = 1640) (period = 1 / symbol = EURJPY)
[2019.02.11 09:11:01 / lib_ea.mqh:131]
price_Close_Latest >= ibands_1S_Plus (close = 124.357) (BB.-1 = 124.3480316228084) (2019.02.11 02:10)
[2019.02.11 09:11:01 / ea_44_5.3_2_down-down-buy.mq4:148]
detect_DownDown_Buy() => false) (period = 1 / symbol = EURJPY)
[2019.02.11 09:12:05 / ea_44_5.3_2_down-down-buy.mq4:126]
new bar (tick = 1677) (period = 1 / symbol = EURJPY)
[2019.02.11 09:12:05 / lib_ea.mqh:131]
price_Close_Latest >= ibands_1S_Plus (close = 124.353) (BB.-1 = 124.3475544768578) (2019.02.11 02:11)
[2019.02.11 09:12:05 / ea_44_5.3_2_down-down-buy.mq4:148]
detect_DownDown_Buy() => false) (period = 1 / symbol = EURJPY)
[2019.02.11 09:13:01 / ea_44_5.3_2_down-down-buy.mq4:126]
new bar (tick = 1700) (period = 1 / symbol = EURJPY)
[2019.02.11 09:13:01 / lib_ea.mqh:91]
diff_Latest >= 0 (0.01299999999999102) (2019.02.11 02:12)
[2019.02.11 09:13:01 / ea_44_5.3_2_down-down-buy.mq4:148]
detect_DownDown_Buy() => false) (period = 1 / symbol = EURJPY)
[2019.02.11 09:14:03 / ea_44_5.3_2_down-down-buy.mq4:126]
new bar (tick = 1757) (period = 1 / symbol = EURJPY)
[2019.02.11 09:14:03 / lib_ea.mqh:91]
diff_Latest >= 0 (0.003000000000000114) (2019.02.11 02:13)
[2019.02.11 09:14:03 / ea_44_5.3_2_down-down-buy.mq4:148]
detect_DownDown_Buy() => false) (period = 1 / symbol = EURJPY)
[2019.02.11 09:15:03 / ea_44_5.3_2_down-down-buy.mq4:126]
new bar (tick = 1794) (period = 1 / symbol = EURJPY)
[2019.02.11 09:15:03 / lib_ea.mqh:91]
diff_Latest >= 0 (0.003999999999990678) (2019.02.11 02:14)
[2019.02.11 09:15:03 / ea_44_5.3_2_down-down-buy.mq4:148]
detect_DownDown_Buy() => false) (period = 1 / symbol = EURJPY)
[2019.02.11 09:16:02 / ea_44_5.3_2_down-down-buy.mq4:126]
new bar (tick = 1818) (period = 1 / symbol = EURJPY)
[2019.02.11 09:16:02 / lib_ea.mqh:131]
price_Close_Latest >= ibands_1S_Plus (close = 124.357) (BB.-1 = 124.3477788779188) (2019.02.11 02:15)
[2019.02.11 09:16:02 / ea_44_5.3_2_down-down-buy.mq4:148]
detect_DownDown_Buy() => false) (period = 1 / symbol = EURJPY)
[2019.02.11 09:17:07 / ea_44_5.3_2_down-down-buy.mq4:126]
new bar (tick = 1845) (period = 1 / symbol = EURJPY)
[2019.02.11 09:17:07 / lib_ea.mqh:186]
detect_DownDown_Buy() ==> true (datetime = 2019.02.11 02:16)
[2019.02.11 09:17:07 / ea_44_5.3_2_down-down-buy.mq4:148]
detect_DownDown_Buy() => true) (period = 1 / symbol = EURJPY)
[2019.02.11 09:17:07 / lib_ea.mqh:255][lib_ea.mqh:232] Level_TakeProfit => 124.416 / Level_StopLoss => 124.316
Point = 0.001
Bid = 124.346
MyPoint * 10 * _TheTakeProfit = 0.07000000000000001
MyPoint * 10 * _TheStopLoss = 0.03
_TheTakeProfit = 7
_TheStopLoss = 3
[2019.02.11 09:17:08 / lib_ea.mqh:284]
-------------------------------- [new order : buy_DownDown_Buy]
order id = 13652153
[2019.02.11 09:17:08 / lib_ea.mqh:389][lib_ea.mqh:366] Level_TakeProfit => 124.284 / Level_StopLoss => 124.384
Point = 0.001
Bid = 124.354
MyPoint * 10 * _TheTakeProfit = 0.07000000000000001
MyPoint * 10 * _TheStopLoss = 0.03
_TheTakeProfit = 7
_TheStopLoss = 3
[2019.02.11 09:17:09 / lib_ea.mqh:417]
-------------------------------- [new order : buy_DownDown_Sell]
order id = 13652154
[2019.02.11 09:18:03 / ea_44_5.3_2_down-down-buy.mq4:126]
new bar (tick = 1855) (period = 1 / symbol = EURJPY)
[2019.02.11 09:18:03 / lib_ea.mqh:91]
diff_Latest >= 0 (0.000999999999990564) (2019.02.11 02:17)
[2019.02.11 09:18:03 / ea_44_5.3_2_down-down-buy.mq4:148]
detect_DownDown_Buy() => false) (period = 1 / symbol = EURJPY)
[2019.02.11 09:19:07 / ea_44_5.3_2_down-down-buy.mq4:126]
new bar (tick = 1868) (period = 1 / symbol = EURJPY)
[2019.02.11 09:19:07 / lib_ea.mqh:91]
diff_Latest >= 0 (0.003999999999990678) (2019.02.11 02:18)
[2019.02.11 09:19:07 / ea_44_5.3_2_down-down-buy.mq4:148]
detect_DownDown_Buy() => false) (period = 1 / symbol = EURJPY)
[2019.02.11 09:20:04 / ea_44_5.3_2_down-down-buy.mq4:126]
new bar (tick = 1888) (period = 1 / symbol = EURJPY)
[2019.02.11 09:20:04 / lib_ea.mqh:131]
price_Close_Latest >= ibands_1S_Plus (close = 124.348) (BB.-1 = 124.3451811488393) (2019.02.11 02:19)
[2019.02.11 09:20:04 / ea_44_5.3_2_down-down-buy.mq4:148]
detect_DownDown_Buy() => false) (period = 1 / symbol = EURJPY)
[2019.02.11 09:21:02 / ea_44_5.3_2_down-down-buy.mq4:126]
new bar (tick = 1913) (period = 1 / symbol = EURJPY)
[2019.02.11 09:21:02 / lib_ea.mqh:91]
diff_Latest >= 0 (0.005000000000009663) (2019.02.11 02:20)
[2019.02.11 09:21:02 / ea_44_5.3_2_down-down-buy.mq4:148]
detect_DownDown_Buy() => false) (period = 1 / symbol = EURJPY)
[2019.02.11 09:22:02 / ea_44_5.3_2_down-down-buy.mq4:126]
new bar (tick = 1934) (period = 1 / symbol = EURJPY)
[2019.02.11 09:22:02 / lib_ea.mqh:91]
diff_Latest >= 0 (0.001000000000004775) (2019.02.11 02:21)
[2019.02.11 09:22:02 / ea_44_5.3_2_down-down-buy.mq4:148]
detect_DownDown_Buy() => false) (period = 1 / symbol = EURJPY)
[2019.02.11 09:23:01 / ea_44_5.3_2_down-down-buy.mq4:126]
new bar (tick = 1991) (period = 1 / symbol = EURJPY)
[2019.02.11 09:23:01 / lib_ea.mqh:91]
diff_Latest >= 0 (0.01099999999999568) (2019.02.11 02:22)
[2019.02.11 09:23:01 / ea_44_5.3_2_down-down-buy.mq4:148]
detect_DownDown_Buy() => false) (period = 1 / symbol = EURJPY)
[2019.02.11 09:24:01 / ea_44_5.3_2_down-down-buy.mq4:126]
new bar (tick = 2058) (period = 1 / symbol = EURJPY)
[2019.02.11 09:24:01 / lib_ea.mqh:91]
diff_Latest >= 0 (0.01299999999999102) (2019.02.11 02:23)
[2019.02.11 09:24:01 / ea_44_5.3_2_down-down-buy.mq4:148]
detect_DownDown_Buy() => false) (period = 1 / symbol = EURJPY)
[2019.02.11 09:25:01 / ea_44_5.3_2_down-down-buy.mq4:126]
new bar (tick = 2116) (period = 1 / symbol = EURJPY)
[2019.02.11 09:25:01 / lib_ea.mqh:131]
price_Close_Latest >= ibands_1S_Plus (close = 124.373) (BB.-1 = 124.3509858686727) (2019.02.11 02:24)
[2019.02.11 09:25:01 / ea_44_5.3_2_down-down-buy.mq4:148]
detect_DownDown_Buy() => false) (period = 1 / symbol = EURJPY)
[2019.02.11 09:26:04 / ea_44_5.3_2_down-down-buy.mq4:126]
new bar (tick = 2149) (period = 1 / symbol = EURJPY)
[2019.02.11 09:26:04 / lib_ea.mqh:131]
price_Close_Latest >= ibands_1S_Plus (close = 124.37) (BB.-1 = 124.351487818328) (2019.02.11 02:25)
[2019.02.11 09:26:04 / ea_44_5.3_2_down-down-buy.mq4:148]
detect_DownDown_Buy() => false) (period = 1 / symbol = EURJPY)
[2019.02.11 09:27:01 / ea_44_5.3_2_down-down-buy.mq4:126]
new bar (tick = 2158) (period = 1 / symbol = EURJPY)
[2019.02.11 09:27:01 / lib_ea.mqh:91]
diff_Latest >= 0 (0) (2019.02.11 02:26)
[2019.02.11 09:27:01 / ea_44_5.3_2_down-down-buy.mq4:148]
detect_DownDown_Buy() => false) (period = 1 / symbol = EURJPY)
[2019.02.11 09:28:01 / ea_44_5.3_2_down-down-buy.mq4:126]
new bar (tick = 2194) (period = 1 / symbol = EURJPY)
[2019.02.11 09:28:01 / lib_ea.mqh:91]
diff_Latest >= 0 (0.006000000000000227) (2019.02.11 02:27)
[2019.02.11 09:28:01 / ea_44_5.3_2_down-down-buy.mq4:148]
detect_DownDown_Buy() => false) (period = 1 / symbol = EURJPY)
[2019.02.11 09:29:02 / ea_44_5.3_2_down-down-buy.mq4:126]
new bar (tick = 2247) (period = 1 / symbol = EURJPY)
[2019.02.11 09:29:02 / lib_ea.mqh:131]
price_Close_Latest >= ibands_1S_Plus (close = 124.36) (BB.-1 = 124.3513198753615) (2019.02.11 02:28)
[2019.02.11 09:29:02 / ea_44_5.3_2_down-down-buy.mq4:148]
detect_DownDown_Buy() => false) (period = 1 / symbol = EURJPY)
[2019.02.11 09:30:01 / ea_44_5.3_2_down-down-buy.mq4:126]
new bar (tick = 2292) (period = 1 / symbol = EURJPY)
[2019.02.11 09:30:01 / lib_ea.mqh:91]
diff_Latest >= 0 (0.01300000000000523) (2019.02.11 02:29)
[2019.02.11 09:30:01 / ea_44_5.3_2_down-down-buy.mq4:148]
detect_DownDown_Buy() => false) (period = 1 / symbol = EURJPY)
[2019.02.11 09:31:01 / ea_44_5.3_2_down-down-buy.mq4:126]
new bar (tick = 2318) (period = 1 / symbol = EURJPY)
[2019.02.11 09:31:01 / lib_ea.mqh:91]
diff_Latest >= 0 (0.003000000000000114) (2019.02.11 02:30)
[2019.02.11 09:31:01 / ea_44_5.3_2_down-down-buy.mq4:148]
detect_DownDown_Buy() => false) (period = 1 / symbol = EURJPY)
[2019.02.11 09:32:01 / ea_44_5.3_2_down-down-buy.mq4:126]
new bar (tick = 2331) (period = 1 / symbol = EURJPY)
[2019.02.11 09:32:01 / lib_ea.mqh:91]
diff_Latest >= 0 (0) (2019.02.11 02:31)
[2019.02.11 09:32:01 / ea_44_5.3_2_down-down-buy.mq4:148]
detect_DownDown_Buy() => false) (period = 1 / symbol = EURJPY)
[2019.02.11 09:33:01 / ea_44_5.3_2_down-down-buy.mq4:126]
new bar (tick = 2385) (period = 1 / symbol = EURJPY)
[2019.02.11 09:33:01 / lib_ea.mqh:91]
diff_Latest >= 0 (0.004000000000004889) (2019.02.11 02:32)
[2019.02.11 09:33:01 / ea_44_5.3_2_down-down-buy.mq4:148]
detect_DownDown_Buy() => false) (period = 1 / symbol = EURJPY)
[2019.02.11 09:34:01 / ea_44_5.3_2_down-down-buy.mq4:126]
new bar (tick = 2403) (period = 1 / symbol = EURJPY)
[2019.02.11 09:34:01 / lib_ea.mqh:91]
diff_Latest >= 0 (0.009000000000000341) (2019.02.11 02:33)
[2019.02.11 09:34:01 / ea_44_5.3_2_down-down-buy.mq4:148]
detect_DownDown_Buy() => false) (period = 1 / symbol = EURJPY)
[2019.02.11 09:35:05 / ea_44_5.3_2_down-down-buy.mq4:126]
new bar (tick = 2452) (period = 1 / symbol = EURJPY)
[2019.02.11 09:35:05 / lib_ea.mqh:131]
price_Close_Latest >= ibands_1S_Plus (close = 124.381) (BB.-1 = 124.353137163326) (2019.02.11 02:34)
[2019.02.11 09:35:05 / ea_44_5.3_2_down-down-buy.mq4:148]
detect_DownDown_Buy() => false) (period = 1 / symbol = EURJPY)
[2019.02.11 09:36:02 / ea_44_5.3_2_down-down-buy.mq4:126]
new bar (tick = 2480) (period = 1 / symbol = EURJPY)
[2019.02.11 09:36:02 / lib_ea.mqh:91]
diff_Latest >= 0 (0.000999999999990564) (2019.02.11 02:35)
[2019.02.11 09:36:02 / ea_44_5.3_2_down-down-buy.mq4:148]
detect_DownDown_Buy() => false) (period = 1 / symbol = EURJPY)
[2019.02.11 09:37:01 / ea_44_5.3_2_down-down-buy.mq4:126]
new bar (tick = 2513) (period = 1 / symbol = EURJPY)
[2019.02.11 09:37:01 / lib_ea.mqh:131]
price_Close_Latest >= ibands_1S_Plus (close = 124.374) (BB.-1 = 124.3565080273444) (2019.02.11 02:36)
[2019.02.11 09:37:01 / ea_44_5.3_2_down-down-buy.mq4:148]
detect_DownDown_Buy() => false) (period = 1 / symbol = EURJPY)
[2019.02.11 09:38:07 / ea_44_5.3_2_down-down-buy.mq4:126]
new bar (tick = 2553) (period = 1 / symbol = EURJPY)
[2019.02.11 09:38:07 / lib_ea.mqh:91]
diff_Latest >= 0 (0.007000000000005002) (2019.02.11 02:37)
[2019.02.11 09:38:07 / ea_44_5.3_2_down-down-buy.mq4:148]
detect_DownDown_Buy() => false) (period = 1 / symbol = EURJPY)
[2019.02.11 09:39:02 / ea_44_5.3_2_down-down-buy.mq4:126]
new bar (tick = 2582) (period = 1 / symbol = EURJPY)
[2019.02.11 09:39:02 / lib_ea.mqh:131]
price_Close_Latest >= ibands_1S_Plus (close = 124.381) (BB.-1 = 124.3613505924349) (2019.02.11 02:38)
[2019.02.11 09:39:02 / ea_44_5.3_2_down-down-buy.mq4:148]
detect_DownDown_Buy() => false) (period = 1 / symbol = EURJPY)
[2019.02.11 09:40:02 / ea_44_5.3_2_down-down-buy.mq4:126]
new bar (tick = 2624) (period = 1 / symbol = EURJPY)
[2019.02.11 09:40:02 / lib_ea.mqh:131]
price_Close_Latest >= ibands_1S_Plus (close = 124.367) (BB.-1 = 124.3637380572873) (2019.02.11 02:39)
[2019.02.11 09:40:02 / ea_44_5.3_2_down-down-buy.mq4:148]
detect_DownDown_Buy() => false) (period = 1 / symbol = EURJPY)
[2019.02.11 09:41:01 / ea_44_5.3_2_down-down-buy.mq4:126]
new bar (tick = 2678) (period = 1 / symbol = EURJPY)
[2019.02.11 09:41:01 / lib_ea.mqh:186]
detect_DownDown_Buy() ==> true (datetime = 2019.02.11 02:40)
[2019.02.11 09:41:01 / ea_44_5.3_2_down-down-buy.mq4:148]
detect_DownDown_Buy() => true) (period = 1 / symbol = EURJPY)
[2019.02.11 09:41:01 / lib_ea.mqh:255][lib_ea.mqh:232] Level_TakeProfit => 124.435 / Level_StopLoss => 124.335
Point = 0.001
Bid = 124.365
MyPoint * 10 * _TheTakeProfit = 0.07000000000000001
MyPoint * 10 * _TheStopLoss = 0.03
_TheTakeProfit = 7
_TheStopLoss = 3
[2019.02.11 09:41:02 / lib_ea.mqh:284]
-------------------------------- [new order : buy_DownDown_Buy]
order id = 13652265
[2019.02.11 09:41:02 / lib_ea.mqh:389][lib_ea.mqh:366] Level_TakeProfit => 124.302 / Level_StopLoss => 124.402
Point = 0.001
Bid = 124.372
MyPoint * 10 * _TheTakeProfit = 0.07000000000000001
MyPoint * 10 * _TheStopLoss = 0.03
_TheTakeProfit = 7
_TheStopLoss = 3
[2019.02.11 09:41:03 / lib_ea.mqh:417]
-------------------------------- [new order : buy_DownDown_Sell]
order id = 13652268
[2019.02.11 09:42:01 / ea_44_5.3_2_down-down-buy.mq4:126]
new bar (tick = 2722) (period = 1 / symbol = EURJPY)
[2019.02.11 09:42:01 / lib_ea.mqh:91]
diff_Latest >= 0 (0.009000000000000341) (2019.02.11 02:41)
[2019.02.11 09:42:01 / ea_44_5.3_2_down-down-buy.mq4:148]
detect_DownDown_Buy() => false) (period = 1 / symbol = EURJPY)
[2019.02.11 09:43:04 / ea_44_5.3_2_down-down-buy.mq4:126]
new bar (tick = 2780) (period = 1 / symbol = EURJPY)
[2019.02.11 09:43:04 / lib_ea.mqh:91]
diff_Latest >= 0 (0.001999999999995339) (2019.02.11 02:42)
[2019.02.11 09:43:04 / ea_44_5.3_2_down-down-buy.mq4:148]
detect_DownDown_Buy() => false) (period = 1 / symbol = EURJPY)
[2019.02.11 09:44:01 / ea_44_5.3_2_down-down-buy.mq4:126]
new bar (tick = 2850) (period = 1 / symbol = EURJPY)
[2019.02.11 09:44:01 / lib_ea.mqh:91]
diff_Latest >= 0 (0.01099999999999568) (2019.02.11 02:43)
[2019.02.11 09:44:01 / ea_44_5.3_2_down-down-buy.mq4:148]
detect_DownDown_Buy() => false) (period = 1 / symbol = EURJPY)
[2019.02.11 09:45:03 / ea_44_5.3_2_down-down-buy.mq4:126]
new bar (tick = 2901) (period = 1 / symbol = EURJPY)
[2019.02.11 09:45:03 / lib_ea.mqh:131]
price_Close_Latest >= ibands_1S_Plus (close = 124.381) (BB.-1 = 124.3687148427811) (2019.02.11 02:44)
[2019.02.11 09:45:03 / ea_44_5.3_2_down-down-buy.mq4:148]
detect_DownDown_Buy() => false) (period = 1 / symbol = EURJPY)
[2019.02.11 09:46:01 / ea_44_5.3_2_down-down-buy.mq4:126]
new bar (tick = 2933) (period = 1 / symbol = EURJPY)
[2019.02.11 09:46:01 / lib_ea.mqh:131]
price_Close_Latest >= ibands_1S_Plus (close = 124.372) (BB.-1 = 124.3688842830087) (2019.02.11 02:45)
[2019.02.11 09:46:01 / ea_44_5.3_2_down-down-buy.mq4:148]
detect_DownDown_Buy() => false) (period = 1 / symbol = EURJPY)
[2019.02.11 09:47:01 / ea_44_5.3_2_down-down-buy.mq4:126]
new bar (tick = 2973) (period = 1 / symbol = EURJPY)
[2019.02.11 09:47:01 / lib_ea.mqh:91]
diff_Latest >= 0 (0.01700000000001012) (2019.02.11 02:46)
[2019.02.11 09:47:01 / ea_44_5.3_2_down-down-buy.mq4:148]
detect_DownDown_Buy() => false) (period = 1 / symbol = EURJPY)
[2019.02.11 09:48:02 / ea_44_5.3_2_down-down-buy.mq4:126]
new bar (tick = 3030) (period = 1 / symbol = EURJPY)
[2019.02.11 09:48:02 / lib_ea.mqh:91]
diff_Latest >= 0 (0.004999999999995453) (2019.02.11 02:47)
[2019.02.11 09:48:02 / ea_44_5.3_2_down-down-buy.mq4:148]
detect_DownDown_Buy() => false) (period = 1 / symbol = EURJPY)
