[2019.02.06 12:32:08 / ea_Exp_1__TrailingStop.mq4:700]
Num (string): 0.12345678
Num (NormalizeDouble, 2): 0.12
Digits() : 3
Point : 0.001

[2019.02.06 12:32:08 / ea_Exp_1__TrailingStop.mq4:719]
OP_BUY : 0
OP_SELL : 1

[2019.02.06 12:32:08 / ea_Exp_1__TrailingStop.mq4:757]
Level_TakeProfit => 125.178 / Level_StopLoss => 125.118
Point = 0.001
Bid = 125.138
MyPoint * 10 * _TheTakeProfit (NormalizeDouble, digits=2) = 0
MyPoint * 10 * _TheStopLoss (NormalizeDouble, digits=2) = 0
_TheTakeProfit = 0.04
_TheStopLoss = 0.02
[2019.02.06 12:32:08 / ea_Exp_1__TrailingStop.mq4:801]
Point (USDJPY) = 0.001

Point (EURJPY) = 0.001

Point (EURUSD) = 0.001

[2019.02.06 12:32:08 / ea_Exp_1__TrailingStop.mq4:840]
show_OrderData()----------------

OrdersTotal : 0

[2019.02.06 12:33:03 / ea_Exp_1__TrailingStop.mq4:136]
new bar (tick = 91) (period = 1 / symbol = EURJPY_)
[2019.02.06 12:33:03 / ea_Exp_1__TrailingStop.mq4:219]
//test_TrailingStop ------------------

[2019.02.06 12:33:03 / ea_Exp_1__TrailingStop.mq4:470]
diff_Latest ==> UP (0.001)

[2019.02.06 12:33:03 / ea_Exp_1__TrailingStop.mq4:500]
(j3 : Y : 1) num_Ticket (buy) : 5242439

[2019.02.06 12:33:03 / ea_Exp_1__TrailingStop.mq4:174]
diff_Latest >= 0 (0.001) (2019.02.06 05:32)
[2019.02.06 12:34:04 / ea_Exp_1__TrailingStop.mq4:136]
new bar (tick = 146) (period = 1 / symbol = EURJPY_)
[2019.02.06 12:34:04 / ea_Exp_1__TrailingStop.mq4:219]
//test_TrailingStop ------------------

[2019.02.06 12:34:04 / ea_Exp_1__TrailingStop.mq4:241]
OrdersTotal() >= 1 (total =1)

[2019.02.06 12:34:04 / ea_Exp_1__TrailingStop.mq4:301]
Order selected : 5242439
OrderType() = 0 / OP_BUY
OrderOpenPrice() = 125.149
OrderClosePrice() = 125.137
OrderTakeProfit() = 125.179
OrderStopLoss() = 125.119
Close - SL = 0.01800000000000068

[2019.02.06 12:34:04 / ea_Exp_1__TrailingStop.mq4:323]
OrderType ==> buy

[2019.02.06 12:34:04 / ea_Exp_1__TrailingStop.mq4:368]
TrailingStop_Threshold : 125.159

price_Close : 125.137

Close - Threshold : -0.022

cond_Exec_Trailing : false


[2019.02.06 12:34:04 / ea_Exp_1__TrailingStop.mq4:191]
diff_Latest < 0 (-0.001999999999995339) (2019.02.06 05:33)
[2019.02.06 12:35:06 / ea_Exp_1__TrailingStop.mq4:136]
new bar (tick = 178) (period = 1 / symbol = EURJPY_)
[2019.02.06 12:35:06 / ea_Exp_1__TrailingStop.mq4:219]
//test_TrailingStop ------------------

[2019.02.06 12:35:06 / ea_Exp_1__TrailingStop.mq4:241]
OrdersTotal() >= 1 (total =1)

[2019.02.06 12:35:06 / ea_Exp_1__TrailingStop.mq4:301]
Order selected : 5242439
OrderType() = 0 / OP_BUY
OrderOpenPrice() = 125.149
OrderClosePrice() = 125.136
OrderTakeProfit() = 125.179
OrderStopLoss() = 125.119
Close - SL = 0.01699999999999591

[2019.02.06 12:35:06 / ea_Exp_1__TrailingStop.mq4:323]
OrderType ==> buy

[2019.02.06 12:35:06 / ea_Exp_1__TrailingStop.mq4:368]
TrailingStop_Threshold : 125.159

price_Close : 125.136

Close - Threshold : -0.023

cond_Exec_Trailing : false


[2019.02.06 12:35:06 / ea_Exp_1__TrailingStop.mq4:191]
diff_Latest < 0 (-0.00200000000000955) (2019.02.06 05:34)
[2019.02.06 12:36:05 / ea_Exp_1__TrailingStop.mq4:136]
new bar (tick = 206) (period = 1 / symbol = EURJPY_)
[2019.02.06 12:36:05 / ea_Exp_1__TrailingStop.mq4:219]
//test_TrailingStop ------------------

[2019.02.06 12:36:05 / ea_Exp_1__TrailingStop.mq4:241]
OrdersTotal() >= 1 (total =1)

[2019.02.06 12:36:05 / ea_Exp_1__TrailingStop.mq4:301]
Order selected : 5242439
OrderType() = 0 / OP_BUY
OrderOpenPrice() = 125.149
OrderClosePrice() = 125.131
OrderTakeProfit() = 125.179
OrderStopLoss() = 125.119
Close - SL = 0.01200000000000045

[2019.02.06 12:36:05 / ea_Exp_1__TrailingStop.mq4:323]
OrderType ==> buy

[2019.02.06 12:36:05 / ea_Exp_1__TrailingStop.mq4:368]
TrailingStop_Threshold : 125.159

price_Close : 125.131

Close - Threshold : -0.028

cond_Exec_Trailing : false


[2019.02.06 12:36:05 / ea_Exp_1__TrailingStop.mq4:191]
diff_Latest < 0 (-0.006000000000000227) (2019.02.06 05:35)
[2019.02.06 12:37:09 / ea_Exp_1__TrailingStop.mq4:136]
new bar (tick = 233) (period = 1 / symbol = EURJPY_)
[2019.02.06 12:37:09 / ea_Exp_1__TrailingStop.mq4:219]
//test_TrailingStop ------------------

[2019.02.06 12:37:09 / ea_Exp_1__TrailingStop.mq4:241]
OrdersTotal() >= 1 (total =1)

[2019.02.06 12:37:09 / ea_Exp_1__TrailingStop.mq4:301]
Order selected : 5242439
OrderType() = 0 / OP_BUY
OrderOpenPrice() = 125.149
OrderClosePrice() = 125.126
OrderTakeProfit() = 125.179
OrderStopLoss() = 125.119
Close - SL = 0.007000000000005002

[2019.02.06 12:37:09 / ea_Exp_1__TrailingStop.mq4:323]
OrderType ==> buy

[2019.02.06 12:37:09 / ea_Exp_1__TrailingStop.mq4:368]
TrailingStop_Threshold : 125.159

price_Close : 125.126

Close - Threshold : -0.033

cond_Exec_Trailing : false


[2019.02.06 12:37:09 / ea_Exp_1__TrailingStop.mq4:191]
diff_Latest < 0 (-0.006000000000000227) (2019.02.06 05:36)
[2019.02.06 12:38:02 / ea_Exp_1__TrailingStop.mq4:136]
new bar (tick = 290) (period = 1 / symbol = EURJPY_)
[2019.02.06 12:38:02 / ea_Exp_1__TrailingStop.mq4:219]
//test_TrailingStop ------------------

[2019.02.06 12:38:02 / ea_Exp_1__TrailingStop.mq4:241]
OrdersTotal() >= 1 (total =1)

[2019.02.06 12:38:02 / ea_Exp_1__TrailingStop.mq4:301]
Order selected : 5242439
OrderType() = 0 / OP_BUY
OrderOpenPrice() = 125.149
OrderClosePrice() = 125.136
OrderTakeProfit() = 125.179
OrderStopLoss() = 125.119
Close - SL = 0.01699999999999591

[2019.02.06 12:38:02 / ea_Exp_1__TrailingStop.mq4:323]
OrderType ==> buy

[2019.02.06 12:38:02 / ea_Exp_1__TrailingStop.mq4:368]
TrailingStop_Threshold : 125.159

price_Close : 125.136

Close - Threshold : -0.023

cond_Exec_Trailing : false


[2019.02.06 12:38:02 / ea_Exp_1__TrailingStop.mq4:174]
diff_Latest >= 0 (0.008999999999999999) (2019.02.06 05:37)
[2019.02.06 12:39:03 / ea_Exp_1__TrailingStop.mq4:136]
new bar (tick = 377) (period = 1 / symbol = EURJPY_)
[2019.02.06 12:39:03 / ea_Exp_1__TrailingStop.mq4:219]
//test_TrailingStop ------------------

[2019.02.06 12:39:03 / ea_Exp_1__TrailingStop.mq4:241]
OrdersTotal() >= 1 (total =1)

[2019.02.06 12:39:03 / ea_Exp_1__TrailingStop.mq4:301]
Order selected : 5242439
OrderType() = 0 / OP_BUY
OrderOpenPrice() = 125.149
OrderClosePrice() = 125.125
OrderTakeProfit() = 125.179
OrderStopLoss() = 125.119
Close - SL = 0.006000000000000227

[2019.02.06 12:39:03 / ea_Exp_1__TrailingStop.mq4:323]
OrderType ==> buy

[2019.02.06 12:39:03 / ea_Exp_1__TrailingStop.mq4:368]
TrailingStop_Threshold : 125.159

price_Close : 125.125

Close - Threshold : -0.034

cond_Exec_Trailing : false


[2019.02.06 12:39:03 / ea_Exp_1__TrailingStop.mq4:191]
diff_Latest < 0 (-0.006999999999990791) (2019.02.06 05:38)
[2019.02.06 12:40:05 / ea_Exp_1__TrailingStop.mq4:136]
new bar (tick = 502) (period = 1 / symbol = EURJPY_)
[2019.02.06 12:40:05 / ea_Exp_1__TrailingStop.mq4:219]
//test_TrailingStop ------------------

[2019.02.06 12:40:05 / ea_Exp_1__TrailingStop.mq4:529]
diff_Latest ==> DOWN (-0.010)

[2019.02.06 12:40:05 / ea_Exp_1__TrailingStop.mq4:570]
(j3 : N : 1) num_Ticket (sell) : 5242452

[2019.02.06 12:40:05 / ea_Exp_1__TrailingStop.mq4:191]
diff_Latest < 0 (-0.009999999999990905) (2019.02.06 05:39)
[2019.02.06 12:41:03 / ea_Exp_1__TrailingStop.mq4:136]
new bar (tick = 583) (period = 1 / symbol = EURJPY_)
[2019.02.06 12:41:03 / ea_Exp_1__TrailingStop.mq4:219]
//test_TrailingStop ------------------

[2019.02.06 12:41:03 / ea_Exp_1__TrailingStop.mq4:241]
OrdersTotal() >= 1 (total =1)

[2019.02.06 12:41:03 / ea_Exp_1__TrailingStop.mq4:301]
Order selected : 5242452
OrderType() = 1 / OP_SELL
OrderOpenPrice() = 125.117
OrderClosePrice() = 125.133
OrderTakeProfit() = 125.088
OrderStopLoss() = 125.148
Close - SL = -0.01500000000000057

[2019.02.06 12:41:03 / ea_Exp_1__TrailingStop.mq4:341]
OrderType ==> sell

[2019.02.06 12:41:03 / ea_Exp_1__TrailingStop.mq4:368]
TrailingStop_Threshold : 125.108

price_Close : 125.133

Close - Threshold : 0.025

cond_Exec_Trailing : false


[2019.02.06 12:41:03 / ea_Exp_1__TrailingStop.mq4:174]
diff_Latest >= 0 (0.005) (2019.02.06 05:40)
[2019.02.06 12:42:03 / ea_Exp_1__TrailingStop.mq4:136]
new bar (tick = 631) (period = 1 / symbol = EURJPY_)
[2019.02.06 12:42:03 / ea_Exp_1__TrailingStop.mq4:219]
//test_TrailingStop ------------------

[2019.02.06 12:42:03 / ea_Exp_1__TrailingStop.mq4:241]
OrdersTotal() >= 1 (total =1)

[2019.02.06 12:42:03 / ea_Exp_1__TrailingStop.mq4:301]
Order selected : 5242452
OrderType() = 1 / OP_SELL
OrderOpenPrice() = 125.117
OrderClosePrice() = 125.137
OrderTakeProfit() = 125.088
OrderStopLoss() = 125.148
Close - SL = -0.01099999999999568

[2019.02.06 12:42:03 / ea_Exp_1__TrailingStop.mq4:341]
OrderType ==> sell

[2019.02.06 12:42:03 / ea_Exp_1__TrailingStop.mq4:368]
TrailingStop_Threshold : 125.108

price_Close : 125.137

Close - Threshold : 0.029

cond_Exec_Trailing : false


[2019.02.06 12:42:03 / ea_Exp_1__TrailingStop.mq4:174]
diff_Latest >= 0 (0.006) (2019.02.06 05:41)
[2019.02.06 12:43:14 / ea_Exp_1__TrailingStop.mq4:136]
new bar (tick = 677) (period = 1 / symbol = EURJPY_)
[2019.02.06 12:43:14 / ea_Exp_1__TrailingStop.mq4:219]
//test_TrailingStop ------------------

[2019.02.06 12:43:14 / ea_Exp_1__TrailingStop.mq4:599]
diff_Latest ==> 0.000

[2019.02.06 12:43:14 / ea_Exp_1__TrailingStop.mq4:174]
diff_Latest >= 0 (0) (2019.02.06 05:42)
[2019.02.06 12:44:03 / ea_Exp_1__TrailingStop.mq4:136]
new bar (tick = 719) (period = 1 / symbol = EURJPY_)
[2019.02.06 12:44:03 / ea_Exp_1__TrailingStop.mq4:219]
//test_TrailingStop ------------------

[2019.02.06 12:44:03 / ea_Exp_1__TrailingStop.mq4:470]
diff_Latest ==> UP (0.006)

[2019.02.06 12:44:04 / ea_Exp_1__TrailingStop.mq4:500]
(j3 : Y : 1) num_Ticket (buy) : 5242459

[2019.02.06 12:44:04 / ea_Exp_1__TrailingStop.mq4:174]
diff_Latest >= 0 (0.006) (2019.02.06 05:43)
[2019.02.06 12:45:03 / ea_Exp_1__TrailingStop.mq4:136]
new bar (tick = 797) (period = 1 / symbol = EURJPY_)
[2019.02.06 12:45:03 / ea_Exp_1__TrailingStop.mq4:219]
//test_TrailingStop ------------------

[2019.02.06 12:45:03 / ea_Exp_1__TrailingStop.mq4:241]
OrdersTotal() >= 1 (total =1)

[2019.02.06 12:45:03 / ea_Exp_1__TrailingStop.mq4:301]
Order selected : 5242459
OrderType() = 0 / OP_BUY
OrderOpenPrice() = 125.144
OrderClosePrice() = 125.139
OrderTakeProfit() = 125.173
OrderStopLoss() = 125.113
Close - SL = 0.02599999999999625

[2019.02.06 12:45:03 / ea_Exp_1__TrailingStop.mq4:323]
OrderType ==> buy

[2019.02.06 12:45:03 / ea_Exp_1__TrailingStop.mq4:368]
TrailingStop_Threshold : 125.153

price_Close : 125.139

Close - Threshold : -0.014

cond_Exec_Trailing : false


[2019.02.06 12:45:03 / ea_Exp_1__TrailingStop.mq4:174]
diff_Latest >= 0 (0.006) (2019.02.06 05:44)
[2019.02.06 12:46:06 / ea_Exp_1__TrailingStop.mq4:136]
new bar (tick = 846) (period = 1 / symbol = EURJPY_)
[2019.02.06 12:46:06 / ea_Exp_1__TrailingStop.mq4:219]
//test_TrailingStop ------------------

[2019.02.06 12:46:06 / ea_Exp_1__TrailingStop.mq4:241]
OrdersTotal() >= 1 (total =1)

[2019.02.06 12:46:06 / ea_Exp_1__TrailingStop.mq4:301]
Order selected : 5242459
OrderType() = 0 / OP_BUY
OrderOpenPrice() = 125.144
OrderClosePrice() = 125.144
OrderTakeProfit() = 125.173
OrderStopLoss() = 125.113
Close - SL = 0.03100000000000591

[2019.02.06 12:46:06 / ea_Exp_1__TrailingStop.mq4:323]
OrderType ==> buy

[2019.02.06 12:46:06 / ea_Exp_1__TrailingStop.mq4:368]
TrailingStop_Threshold : 125.153

price_Close : 125.144

Close - Threshold : -0.008999999999999999

cond_Exec_Trailing : false


[2019.02.06 12:46:06 / ea_Exp_1__TrailingStop.mq4:174]
diff_Latest >= 0 (0.005) (2019.02.06 05:45)
[2019.02.06 12:47:03 / ea_Exp_1__TrailingStop.mq4:136]
new bar (tick = 905) (period = 1 / symbol = EURJPY_)
[2019.02.06 12:47:03 / ea_Exp_1__TrailingStop.mq4:219]
//test_TrailingStop ------------------

[2019.02.06 12:47:03 / ea_Exp_1__TrailingStop.mq4:241]
OrdersTotal() >= 1 (total =1)

[2019.02.06 12:47:03 / ea_Exp_1__TrailingStop.mq4:301]
Order selected : 5242459
OrderType() = 0 / OP_BUY
OrderOpenPrice() = 125.144
OrderClosePrice() = 125.148
OrderTakeProfit() = 125.173
OrderStopLoss() = 125.113
Close - SL = 0.03499999999999659

[2019.02.06 12:47:03 / ea_Exp_1__TrailingStop.mq4:323]
OrderType ==> buy

[2019.02.06 12:47:03 / ea_Exp_1__TrailingStop.mq4:368]
TrailingStop_Threshold : 125.153

price_Close : 125.148

Close - Threshold : -0.005

cond_Exec_Trailing : false


[2019.02.06 12:47:03 / ea_Exp_1__TrailingStop.mq4:174]
diff_Latest >= 0 (0.004) (2019.02.06 05:46)
[2019.02.06 12:48:02 / ea_Exp_1__TrailingStop.mq4:136]
new bar (tick = 1000) (period = 1 / symbol = EURJPY_)
[2019.02.06 12:48:02 / ea_Exp_1__TrailingStop.mq4:219]
//test_TrailingStop ------------------

[2019.02.06 12:48:02 / ea_Exp_1__TrailingStop.mq4:241]
OrdersTotal() >= 1 (total =1)

[2019.02.06 12:48:02 / ea_Exp_1__TrailingStop.mq4:301]
Order selected : 5242459
OrderType() = 0 / OP_BUY
OrderOpenPrice() = 125.144
OrderClosePrice() = 125.152
OrderTakeProfit() = 125.173
OrderStopLoss() = 125.113
Close - SL = 0.03900000000000148

[2019.02.06 12:48:02 / ea_Exp_1__TrailingStop.mq4:323]
OrderType ==> buy

[2019.02.06 12:48:02 / ea_Exp_1__TrailingStop.mq4:368]
TrailingStop_Threshold : 125.153

price_Close : 125.152

Close - Threshold : -0.001

cond_Exec_Trailing : false


[2019.02.06 12:48:02 / ea_Exp_1__TrailingStop.mq4:174]
diff_Latest >= 0 (0.004) (2019.02.06 05:47)
[2019.02.06 12:49:03 / ea_Exp_1__TrailingStop.mq4:136]
new bar (tick = 1054) (period = 1 / symbol = EURJPY_)
[2019.02.06 12:49:03 / ea_Exp_1__TrailingStop.mq4:219]
//test_TrailingStop ------------------

[2019.02.06 12:49:03 / ea_Exp_1__TrailingStop.mq4:241]
OrdersTotal() >= 1 (total =1)

[2019.02.06 12:49:03 / ea_Exp_1__TrailingStop.mq4:301]
Order selected : 5242459
OrderType() = 0 / OP_BUY
OrderOpenPrice() = 125.144
OrderClosePrice() = 125.149
OrderTakeProfit() = 125.173
OrderStopLoss() = 125.113
Close - SL = 0.03600000000000136

[2019.02.06 12:49:03 / ea_Exp_1__TrailingStop.mq4:323]
OrderType ==> buy

[2019.02.06 12:49:03 / ea_Exp_1__TrailingStop.mq4:368]
TrailingStop_Threshold : 125.153

price_Close : 125.149

Close - Threshold : -0.004

cond_Exec_Trailing : false


[2019.02.06 12:49:03 / ea_Exp_1__TrailingStop.mq4:191]
diff_Latest < 0 (-0.003000000000000114) (2019.02.06 05:48)
[2019.02.06 12:50:02 / ea_Exp_1__TrailingStop.mq4:136]
new bar (tick = 1088) (period = 1 / symbol = EURJPY_)
[2019.02.06 12:50:02 / ea_Exp_1__TrailingStop.mq4:219]
//test_TrailingStop ------------------

[2019.02.06 12:50:02 / ea_Exp_1__TrailingStop.mq4:241]
OrdersTotal() >= 1 (total =1)

[2019.02.06 12:50:02 / ea_Exp_1__TrailingStop.mq4:301]
Order selected : 5242459
OrderType() = 0 / OP_BUY
OrderOpenPrice() = 125.144
OrderClosePrice() = 125.151
OrderTakeProfit() = 125.173
OrderStopLoss() = 125.113
Close - SL = 0.0379999999999967

[2019.02.06 12:50:02 / ea_Exp_1__TrailingStop.mq4:323]
OrderType ==> buy

[2019.02.06 12:50:02 / ea_Exp_1__TrailingStop.mq4:368]
TrailingStop_Threshold : 125.153

price_Close : 125.151

Close - Threshold : -0.002

cond_Exec_Trailing : false


[2019.02.06 12:50:02 / ea_Exp_1__TrailingStop.mq4:174]
diff_Latest >= 0 (0.001) (2019.02.06 05:49)
[2019.02.06 12:51:03 / ea_Exp_1__TrailingStop.mq4:136]
new bar (tick = 1153) (period = 1 / symbol = EURJPY_)
[2019.02.06 12:51:03 / ea_Exp_1__TrailingStop.mq4:219]
//test_TrailingStop ------------------

[2019.02.06 12:51:03 / ea_Exp_1__TrailingStop.mq4:241]
OrdersTotal() >= 1 (total =1)

[2019.02.06 12:51:03 / ea_Exp_1__TrailingStop.mq4:301]
Order selected : 5242459
OrderType() = 0 / OP_BUY
OrderOpenPrice() = 125.144
OrderClosePrice() = 125.151
OrderTakeProfit() = 125.173
OrderStopLoss() = 125.113
Close - SL = 0.0379999999999967

[2019.02.06 12:51:03 / ea_Exp_1__TrailingStop.mq4:323]
OrderType ==> buy

[2019.02.06 12:51:03 / ea_Exp_1__TrailingStop.mq4:368]
TrailingStop_Threshold : 125.153

price_Close : 125.151

Close - Threshold : -0.002

cond_Exec_Trailing : false


[2019.02.06 12:51:03 / ea_Exp_1__TrailingStop.mq4:191]
diff_Latest < 0 (-0.001000000000004775) (2019.02.06 05:50)
[2019.02.06 12:52:05 / ea_Exp_1__TrailingStop.mq4:136]
new bar (tick = 1265) (period = 1 / symbol = EURJPY_)
[2019.02.06 12:52:05 / ea_Exp_1__TrailingStop.mq4:219]
//test_TrailingStop ------------------

[2019.02.06 12:52:05 / ea_Exp_1__TrailingStop.mq4:241]
OrdersTotal() >= 1 (total =1)

[2019.02.06 12:52:05 / ea_Exp_1__TrailingStop.mq4:301]
Order selected : 5242459
OrderType() = 0 / OP_BUY
OrderOpenPrice() = 125.144
OrderClosePrice() = 125.15
OrderTakeProfit() = 125.173
OrderStopLoss() = 125.113
Close - SL = 0.03700000000000614

[2019.02.06 12:52:05 / ea_Exp_1__TrailingStop.mq4:323]
OrderType ==> buy

[2019.02.06 12:52:05 / ea_Exp_1__TrailingStop.mq4:368]
TrailingStop_Threshold : 125.153

price_Close : 125.15

Close - Threshold : -0.003

cond_Exec_Trailing : false


[2019.02.06 12:52:05 / ea_Exp_1__TrailingStop.mq4:191]
diff_Latest < 0 (-0.001000000000004775) (2019.02.06 05:51)
[2019.02.06 12:53:03 / ea_Exp_1__TrailingStop.mq4:136]
new bar (tick = 1343) (period = 1 / symbol = EURJPY_)
[2019.02.06 12:53:03 / ea_Exp_1__TrailingStop.mq4:219]
//test_TrailingStop ------------------

[2019.02.06 12:53:03 / ea_Exp_1__TrailingStop.mq4:241]
OrdersTotal() >= 1 (total =1)

[2019.02.06 12:53:03 / ea_Exp_1__TrailingStop.mq4:301]
Order selected : 5242459
OrderType() = 0 / OP_BUY
OrderOpenPrice() = 125.144
OrderClosePrice() = 125.14
OrderTakeProfit() = 125.173
OrderStopLoss() = 125.113
Close - SL = 0.02700000000000102

[2019.02.06 12:53:03 / ea_Exp_1__TrailingStop.mq4:323]
OrderType ==> buy

[2019.02.06 12:53:03 / ea_Exp_1__TrailingStop.mq4:368]
TrailingStop_Threshold : 125.153

price_Close : 125.14

Close - Threshold : -0.013

cond_Exec_Trailing : false


[2019.02.06 12:53:03 / ea_Exp_1__TrailingStop.mq4:191]
diff_Latest < 0 (-0.009999999999990905) (2019.02.06 05:52)
[2019.02.06 12:54:03 / ea_Exp_1__TrailingStop.mq4:136]
new bar (tick = 1410) (period = 1 / symbol = EURJPY_)
[2019.02.06 12:54:03 / ea_Exp_1__TrailingStop.mq4:219]
//test_TrailingStop ------------------

[2019.02.06 12:54:03 / ea_Exp_1__TrailingStop.mq4:241]
OrdersTotal() >= 1 (total =1)

[2019.02.06 12:54:03 / ea_Exp_1__TrailingStop.mq4:301]
Order selected : 5242459
OrderType() = 0 / OP_BUY
OrderOpenPrice() = 125.144
OrderClosePrice() = 125.15
OrderTakeProfit() = 125.173
OrderStopLoss() = 125.113
Close - SL = 0.03700000000000614

[2019.02.06 12:54:03 / ea_Exp_1__TrailingStop.mq4:323]
OrderType ==> buy

[2019.02.06 12:54:03 / ea_Exp_1__TrailingStop.mq4:368]
TrailingStop_Threshold : 125.153

price_Close : 125.15

Close - Threshold : -0.003

cond_Exec_Trailing : false


[2019.02.06 12:54:03 / ea_Exp_1__TrailingStop.mq4:174]
diff_Latest >= 0 (0.01) (2019.02.06 05:53)
[2019.02.06 12:55:02 / ea_Exp_1__TrailingStop.mq4:136]
new bar (tick = 1464) (period = 1 / symbol = EURJPY_)
[2019.02.06 12:55:02 / ea_Exp_1__TrailingStop.mq4:219]
//test_TrailingStop ------------------

[2019.02.06 12:55:02 / ea_Exp_1__TrailingStop.mq4:241]
OrdersTotal() >= 1 (total =1)

[2019.02.06 12:55:02 / ea_Exp_1__TrailingStop.mq4:301]
Order selected : 5242459
OrderType() = 0 / OP_BUY
OrderOpenPrice() = 125.144
OrderClosePrice() = 125.151
OrderTakeProfit() = 125.173
OrderStopLoss() = 125.113
Close - SL = 0.0379999999999967

[2019.02.06 12:55:02 / ea_Exp_1__TrailingStop.mq4:323]
OrderType ==> buy

[2019.02.06 12:55:02 / ea_Exp_1__TrailingStop.mq4:368]
TrailingStop_Threshold : 125.153

price_Close : 125.151

Close - Threshold : -0.002

cond_Exec_Trailing : false


[2019.02.06 12:55:02 / ea_Exp_1__TrailingStop.mq4:174]
diff_Latest >= 0 (0.001) (2019.02.06 05:54)
[2019.02.06 12:56:02 / ea_Exp_1__TrailingStop.mq4:136]
new bar (tick = 1539) (period = 1 / symbol = EURJPY_)
[2019.02.06 12:56:02 / ea_Exp_1__TrailingStop.mq4:219]
//test_TrailingStop ------------------

[2019.02.06 12:56:02 / ea_Exp_1__TrailingStop.mq4:241]
OrdersTotal() >= 1 (total =1)

[2019.02.06 12:56:02 / ea_Exp_1__TrailingStop.mq4:301]
Order selected : 5242459
OrderType() = 0 / OP_BUY
OrderOpenPrice() = 125.144
OrderClosePrice() = 125.148
OrderTakeProfit() = 125.173
OrderStopLoss() = 125.113
Close - SL = 0.03499999999999659

[2019.02.06 12:56:02 / ea_Exp_1__TrailingStop.mq4:323]
OrderType ==> buy

[2019.02.06 12:56:02 / ea_Exp_1__TrailingStop.mq4:368]
TrailingStop_Threshold : 125.153

price_Close : 125.148

Close - Threshold : -0.005

cond_Exec_Trailing : false


[2019.02.06 12:56:02 / ea_Exp_1__TrailingStop.mq4:191]
diff_Latest < 0 (-0.003000000000000114) (2019.02.06 05:55)
[2019.02.06 12:57:02 / ea_Exp_1__TrailingStop.mq4:136]
new bar (tick = 1614) (period = 1 / symbol = EURJPY_)
[2019.02.06 12:57:02 / ea_Exp_1__TrailingStop.mq4:219]
//test_TrailingStop ------------------

[2019.02.06 12:57:02 / ea_Exp_1__TrailingStop.mq4:241]
OrdersTotal() >= 1 (total =1)

[2019.02.06 12:57:02 / ea_Exp_1__TrailingStop.mq4:301]
Order selected : 5242459
OrderType() = 0 / OP_BUY
OrderOpenPrice() = 125.144
OrderClosePrice() = 125.152
OrderTakeProfit() = 125.173
OrderStopLoss() = 125.113
Close - SL = 0.03900000000000148

[2019.02.06 12:57:02 / ea_Exp_1__TrailingStop.mq4:323]
OrderType ==> buy

[2019.02.06 12:57:02 / ea_Exp_1__TrailingStop.mq4:368]
TrailingStop_Threshold : 125.153

price_Close : 125.152

Close - Threshold : -0.001

cond_Exec_Trailing : false


[2019.02.06 12:57:02 / ea_Exp_1__TrailingStop.mq4:174]
diff_Latest >= 0 (0.006) (2019.02.06 05:56)
