[2019.02.14 07:06:37 / ea_44_5.3_2_down-down-buy.mq4:357]
Level_TakeProfit => 125.052 / Level_StopLoss => 124.952
Point = 0.001
Bid = 124.982
MyPoint * 10 * _TheTakeProfit = 0.07000000000000001
MyPoint * 10 * _TheStopLoss = 0.03
_TheTakeProfit = 7
_TheStopLoss = 3
[2019.02.14 07:07:03 / ea_44_5.3_2_down-down-buy.mq4:126]
new bar (tick = 11) (period = 1 / symbol = EURJPY)
[2019.02.14 07:07:03 / lib_ea.mqh:91]
diff_Latest >= 0 (0.01000000000000512) (2019.02.14 00:06)
[2019.02.14 07:07:03 / ea_44_5.3_2_down-down-buy.mq4:148]
detect_DownDown_Buy() => false) (period = 1 / symbol = EURJPY)
[2019.02.14 07:08:03 / ea_44_5.3_2_down-down-buy.mq4:126]
new bar (tick = 113) (period = 1 / symbol = EURJPY)
[2019.02.14 07:08:03 / lib_ea.mqh:131]
price_Close_Latest >= ibands_1S_Plus (close = 124.984) (BB.-1 = 124.9790765114456) (2019.02.14 00:07)
[2019.02.14 07:08:03 / ea_44_5.3_2_down-down-buy.mq4:148]
detect_DownDown_Buy() => false) (period = 1 / symbol = EURJPY)
[2019.02.14 07:09:04 / ea_44_5.3_2_down-down-buy.mq4:126]
new bar (tick = 235) (period = 1 / symbol = EURJPY)
[2019.02.14 07:09:04 / lib_ea.mqh:91]
diff_Latest >= 0 (0.01899999999999125) (2019.02.14 00:08)
[2019.02.14 07:09:04 / ea_44_5.3_2_down-down-buy.mq4:148]
detect_DownDown_Buy() => false) (period = 1 / symbol = EURJPY)
[2019.02.14 07:10:03 / ea_44_5.3_2_down-down-buy.mq4:126]
new bar (tick = 283) (period = 1 / symbol = EURJPY)
[2019.02.14 07:10:03 / lib_ea.mqh:91]
diff_Latest >= 0 (0.003999999999990678) (2019.02.14 00:09)
[2019.02.14 07:10:03 / ea_44_5.3_2_down-down-buy.mq4:148]
detect_DownDown_Buy() => false) (period = 1 / symbol = EURJPY)
[2019.02.14 07:11:04 / ea_44_5.3_2_down-down-buy.mq4:126]
new bar (tick = 313) (period = 1 / symbol = EURJPY)
[2019.02.14 07:11:04 / lib_ea.mqh:131]
price_Close_Latest >= ibands_1S_Plus (close = 124.993) (BB.-1 = 124.9799364329721) (2019.02.14 00:10)
[2019.02.14 07:11:04 / ea_44_5.3_2_down-down-buy.mq4:148]
detect_DownDown_Buy() => false) (period = 1 / symbol = EURJPY)
[2019.02.14 07:12:04 / ea_44_5.3_2_down-down-buy.mq4:126]
new bar (tick = 340) (period = 1 / symbol = EURJPY)
[2019.02.14 07:12:04 / lib_ea.mqh:91]
diff_Latest >= 0 (0.009000000000000341) (2019.02.14 00:11)
[2019.02.14 07:12:04 / ea_44_5.3_2_down-down-buy.mq4:148]
detect_DownDown_Buy() => false) (period = 1 / symbol = EURJPY)
[2019.02.14 07:13:05 / ea_44_5.3_2_down-down-buy.mq4:126]
new bar (tick = 362) (period = 1 / symbol = EURJPY)
[2019.02.14 07:13:05 / lib_ea.mqh:131]
price_Close_Latest >= ibands_1S_Plus (close = 124.993) (BB.-1 = 124.9798169613435) (2019.02.14 00:12)
[2019.02.14 07:13:05 / ea_44_5.3_2_down-down-buy.mq4:148]
detect_DownDown_Buy() => false) (period = 1 / symbol = EURJPY)
[2019.02.14 07:14:03 / ea_44_5.3_2_down-down-buy.mq4:126]
new bar (tick = 391) (period = 1 / symbol = EURJPY)
[2019.02.14 07:14:03 / lib_ea.mqh:131]
price_Close_Latest >= ibands_1S_Plus (close = 124.989) (BB.-1 = 124.9794773772104) (2019.02.14 00:13)
[2019.02.14 07:14:03 / ea_44_5.3_2_down-down-buy.mq4:148]
detect_DownDown_Buy() => false) (period = 1 / symbol = EURJPY)
