[2019.01.17 12:57:17 / ea_44_5.3_2_down-down-buy.mq4:300]
Level_TakeProfit => 124.182 / Level_StopLoss => 124.082
Point = 0.001
Bid = 124.112
MyPoint * 10 * _TheTakeProfit = 0.07000000000000001
MyPoint * 10 * _TheStopLoss = 0.03
_TheTakeProfit = 7
_TheStopLoss = 3
[2019.01.17 12:58:02 / ea_44_5.3_2_down-down-buy.mq4:122]
new bar (tick = 34) (period = 1 / symbol = EURJPY_)
[2019.01.17 12:58:02 / lib_ea.mqh:234]
diff_Latest >= 0 (0.001999999999995339) (2019.01.17 05:57)
[2019.01.17 12:58:02 / ea_44_5.3_2_down-down-buy.mq4:144]
detect_DownDown_Buy() => false) (period = 1 / symbol = EURJPY_)
[2019.01.17 12:59:01 / ea_44_5.3_2_down-down-buy.mq4:122]
new bar (tick = 103) (period = 1 / symbol = EURJPY_)
[2019.01.17 12:59:01 / lib_ea.mqh:274]
price_Close_Latest >= ibands_1S_Plus (close = 124.119) (BB.-1 = 124.111245701814) (2019.01.17 05:58)
[2019.01.17 12:59:01 / ea_44_5.3_2_down-down-buy.mq4:144]
detect_DownDown_Buy() => false) (period = 1 / symbol = EURJPY_)
[2019.01.17 13:00:01 / ea_44_5.3_2_down-down-buy.mq4:122]
new bar (tick = 226) (period = 1 / symbol = EURJPY_)
[2019.01.17 13:00:01 / lib_ea.mqh:274]
price_Close_Latest >= ibands_1S_Plus (close = 124.113) (BB.-1 = 124.1109444987591) (2019.01.17 05:59)
[2019.01.17 13:00:01 / ea_44_5.3_2_down-down-buy.mq4:144]
detect_DownDown_Buy() => false) (period = 1 / symbol = EURJPY_)
[2019.01.17 13:01:01 / ea_44_5.3_2_down-down-buy.mq4:122]
new bar (tick = 393) (period = 1 / symbol = EURJPY_)
[2019.01.17 13:01:01 / lib_ea.mqh:234]
diff_Latest >= 0 (0.009000000000000341) (2019.01.17 06:00)
[2019.01.17 13:01:01 / ea_44_5.3_2_down-down-buy.mq4:144]
detect_DownDown_Buy() => false) (period = 1 / symbol = EURJPY_)
[2019.01.17 13:02:01 / ea_44_5.3_2_down-down-buy.mq4:122]
new bar (tick = 490) (period = 1 / symbol = EURJPY_)
[2019.01.17 13:02:01 / lib_ea.mqh:234]
diff_Latest >= 0 (0.01700000000001012) (2019.01.17 06:01)
[2019.01.17 13:02:01 / ea_44_5.3_2_down-down-buy.mq4:144]
detect_DownDown_Buy() => false) (period = 1 / symbol = EURJPY_)
[2019.01.17 13:03:01 / ea_44_5.3_2_down-down-buy.mq4:122]
new bar (tick = 598) (period = 1 / symbol = EURJPY_)
[2019.01.17 13:03:01 / lib_ea.mqh:234]
diff_Latest >= 0 (0.004000000000004889) (2019.01.17 06:02)
[2019.01.17 13:03:01 / ea_44_5.3_2_down-down-buy.mq4:144]
detect_DownDown_Buy() => false) (period = 1 / symbol = EURJPY_)
[2019.01.17 13:04:05 / ea_44_5.3_2_down-down-buy.mq4:122]
new bar (tick = 763) (period = 1 / symbol = EURJPY_)
[2019.01.17 13:04:05 / lib_ea.mqh:234]
diff_Latest >= 0 (0.009000000000000341) (2019.01.17 06:03)
[2019.01.17 13:04:05 / ea_44_5.3_2_down-down-buy.mq4:144]
detect_DownDown_Buy() => false) (period = 1 / symbol = EURJPY_)
[2019.01.17 13:05:01 / ea_44_5.3_2_down-down-buy.mq4:122]
new bar (tick = 880) (period = 1 / symbol = EURJPY_)
[2019.01.17 13:05:01 / lib_ea.mqh:234]
diff_Latest >= 0 (0.001999999999995339) (2019.01.17 06:04)
[2019.01.17 13:05:01 / ea_44_5.3_2_down-down-buy.mq4:144]
detect_DownDown_Buy() => false) (period = 1 / symbol = EURJPY_)
[2019.01.17 13:06:02 / ea_44_5.3_2_down-down-buy.mq4:122]
new bar (tick = 1005) (period = 1 / symbol = EURJPY_)
[2019.01.17 13:06:02 / lib_ea.mqh:274]
price_Close_Latest >= ibands_1S_Plus (close = 124.146) (BB.-1 = 124.1090284321727) (2019.01.17 06:05)
[2019.01.17 13:06:02 / ea_44_5.3_2_down-down-buy.mq4:144]
detect_DownDown_Buy() => false) (period = 1 / symbol = EURJPY_)
[2019.01.17 13:07:01 / ea_44_5.3_2_down-down-buy.mq4:122]
new bar (tick = 1137) (period = 1 / symbol = EURJPY_)
[2019.01.17 13:07:01 / lib_ea.mqh:274]
price_Close_Latest >= ibands_1S_Plus (close = 124.142) (BB.-1 = 124.1099607992414) (2019.01.17 06:06)
[2019.01.17 13:07:01 / ea_44_5.3_2_down-down-buy.mq4:144]
detect_DownDown_Buy() => false) (period = 1 / symbol = EURJPY_)
[2019.01.17 13:08:03 / ea_44_5.3_2_down-down-buy.mq4:122]
new bar (tick = 1211) (period = 1 / symbol = EURJPY_)
[2019.01.17 13:08:03 / lib_ea.mqh:234]
diff_Latest >= 0 (0.003000000000000114) (2019.01.17 06:07)
[2019.01.17 13:08:03 / ea_44_5.3_2_down-down-buy.mq4:144]
detect_DownDown_Buy() => false) (period = 1 / symbol = EURJPY_)
[2019.01.17 13:09:01 / ea_44_5.3_2_down-down-buy.mq4:122]
new bar (tick = 1303) (period = 1 / symbol = EURJPY_)
[2019.01.17 13:09:01 / lib_ea.mqh:234]
diff_Latest >= 0 (0.004000000000004889) (2019.01.17 06:08)
[2019.01.17 13:09:01 / ea_44_5.3_2_down-down-buy.mq4:144]
detect_DownDown_Buy() => false) (period = 1 / symbol = EURJPY_)
[2019.01.17 13:10:01 / ea_44_5.3_2_down-down-buy.mq4:122]
new bar (tick = 1353) (period = 1 / symbol = EURJPY_)
[2019.01.17 13:10:01 / lib_ea.mqh:234]
diff_Latest >= 0 (0.003999999999990678) (2019.01.17 06:09)
[2019.01.17 13:10:01 / ea_44_5.3_2_down-down-buy.mq4:144]
detect_DownDown_Buy() => false) (period = 1 / symbol = EURJPY_)
[2019.01.17 13:11:04 / ea_44_5.3_2_down-down-buy.mq4:122]
new bar (tick = 1503) (period = 1 / symbol = EURJPY_)
[2019.01.17 13:11:04 / lib_ea.mqh:234]
diff_Latest >= 0 (0.0210000000000008) (2019.01.17 06:10)
[2019.01.17 13:11:04 / ea_44_5.3_2_down-down-buy.mq4:144]
detect_DownDown_Buy() => false) (period = 1 / symbol = EURJPY_)
[2019.01.17 13:12:02 / ea_44_5.3_2_down-down-buy.mq4:122]
new bar (tick = 1622) (period = 1 / symbol = EURJPY_)
[2019.01.17 13:12:02 / lib_ea.mqh:274]
price_Close_Latest >= ibands_1S_Plus (close = 124.168) (BB.-1 = 124.1175383498891) (2019.01.17 06:11)
[2019.01.17 13:12:02 / ea_44_5.3_2_down-down-buy.mq4:144]
detect_DownDown_Buy() => false) (period = 1 / symbol = EURJPY_)
[2019.01.17 13:13:02 / ea_44_5.3_2_down-down-buy.mq4:122]
new bar (tick = 1705) (period = 1 / symbol = EURJPY_)
[2019.01.17 13:13:02 / lib_ea.mqh:274]
price_Close_Latest >= ibands_1S_Plus (close = 124.163) (BB.-1 = 124.1205357857688) (2019.01.17 06:12)
[2019.01.17 13:13:02 / ea_44_5.3_2_down-down-buy.mq4:144]
detect_DownDown_Buy() => false) (period = 1 / symbol = EURJPY_)
[2019.01.17 13:14:02 / ea_44_5.3_2_down-down-buy.mq4:122]
new bar (tick = 1787) (period = 1 / symbol = EURJPY_)
[2019.01.17 13:14:02 / lib_ea.mqh:274]
price_Close_Latest >= ibands_1S_Plus (close = 124.161) (BB.-1 = 124.1229169409866) (2019.01.17 06:13)
[2019.01.17 13:14:02 / ea_44_5.3_2_down-down-buy.mq4:144]
detect_DownDown_Buy() => false) (period = 1 / symbol = EURJPY_)
[2019.01.17 13:15:01 / ea_44_5.3_2_down-down-buy.mq4:122]
new bar (tick = 1871) (period = 1 / symbol = EURJPY_)
[2019.01.17 13:15:01 / lib_ea.mqh:234]
diff_Latest >= 0 (0.01399999999999579) (2019.01.17 06:14)
[2019.01.17 13:15:01 / ea_44_5.3_2_down-down-buy.mq4:144]
detect_DownDown_Buy() => false) (period = 1 / symbol = EURJPY_)
[2019.01.17 13:16:01 / ea_44_5.3_2_down-down-buy.mq4:122]
new bar (tick = 1920) (period = 1 / symbol = EURJPY_)
[2019.01.17 13:16:01 / lib_ea.mqh:274]
price_Close_Latest >= ibands_1S_Plus (close = 124.167) (BB.-1 = 124.128808153981) (2019.01.17 06:15)
[2019.01.17 13:16:01 / ea_44_5.3_2_down-down-buy.mq4:144]
detect_DownDown_Buy() => false) (period = 1 / symbol = EURJPY_)
[2019.01.17 13:17:02 / ea_44_5.3_2_down-down-buy.mq4:122]
new bar (tick = 1980) (period = 1 / symbol = EURJPY_)
[2019.01.17 13:17:02 / lib_ea.mqh:274]
price_Close_Latest >= ibands_1S_Plus (close = 124.162) (BB.-1 = 124.1314951983914) (2019.01.17 06:16)
[2019.01.17 13:17:02 / ea_44_5.3_2_down-down-buy.mq4:144]
detect_DownDown_Buy() => false) (period = 1 / symbol = EURJPY_)
[2019.01.17 13:18:02 / ea_44_5.3_2_down-down-buy.mq4:122]
new bar (tick = 2046) (period = 1 / symbol = EURJPY_)
[2019.01.17 13:18:02 / lib_ea.mqh:274]
price_Close_Latest >= ibands_1S_Plus (close = 124.158) (BB.-1 = 124.134086612477) (2019.01.17 06:17)
[2019.01.17 13:18:02 / ea_44_5.3_2_down-down-buy.mq4:144]
detect_DownDown_Buy() => false) (period = 1 / symbol = EURJPY_)
[2019.01.17 13:19:14 / ea_44_5.3_2_down-down-buy.mq4:122]
new bar (tick = 2110) (period = 1 / symbol = EURJPY_)
[2019.01.17 13:19:14 / lib_ea.mqh:274]
price_Close_Latest >= ibands_1S_Plus (close = 124.157) (BB.-1 = 124.1376322710995) (2019.01.17 06:18)
[2019.01.17 13:19:14 / ea_44_5.3_2_down-down-buy.mq4:144]
detect_DownDown_Buy() => false) (period = 1 / symbol = EURJPY_)
[2019.01.17 13:20:02 / ea_44_5.3_2_down-down-buy.mq4:122]
new bar (tick = 2172) (period = 1 / symbol = EURJPY_)
[2019.01.17 13:20:02 / lib_ea.mqh:234]
diff_Latest >= 0 (0) (2019.01.17 06:19)
[2019.01.17 13:20:02 / ea_44_5.3_2_down-down-buy.mq4:144]
detect_DownDown_Buy() => false) (period = 1 / symbol = EURJPY_)
[2019.01.17 13:21:01 / ea_44_5.3_2_down-down-buy.mq4:122]
new bar (tick = 2228) (period = 1 / symbol = EURJPY_)
[2019.01.17 13:21:01 / lib_ea.mqh:274]
price_Close_Latest >= ibands_1S_Plus (close = 124.151) (BB.-1 = 124.1466768317925) (2019.01.17 06:20)
[2019.01.17 13:21:01 / ea_44_5.3_2_down-down-buy.mq4:144]
detect_DownDown_Buy() => false) (period = 1 / symbol = EURJPY_)
[2019.01.17 13:22:03 / ea_44_5.3_2_down-down-buy.mq4:122]
new bar (tick = 2304) (period = 1 / symbol = EURJPY_)
[2019.01.17 13:22:03 / lib_ea.mqh:234]
diff_Latest >= 0 (0.009000000000000341) (2019.01.17 06:21)
[2019.01.17 13:22:03 / ea_44_5.3_2_down-down-buy.mq4:144]
detect_DownDown_Buy() => false) (period = 1 / symbol = EURJPY_)
[2019.01.17 13:23:04 / ea_44_5.3_2_down-down-buy.mq4:122]
new bar (tick = 2367) (period = 1 / symbol = EURJPY_)
[2019.01.17 13:23:04 / lib_ea.mqh:234]
diff_Latest >= 0 (0.001000000000004775) (2019.01.17 06:22)
[2019.01.17 13:23:04 / ea_44_5.3_2_down-down-buy.mq4:144]
detect_DownDown_Buy() => false) (period = 1 / symbol = EURJPY_)
[2019.01.17 13:24:07 / ea_44_5.3_2_down-down-buy.mq4:122]
new bar (tick = 2394) (period = 1 / symbol = EURJPY_)
[2019.01.17 13:24:07 / lib_ea.mqh:274]
price_Close_Latest >= ibands_1S_Plus (close = 124.155) (BB.-1 = 124.149281234229) (2019.01.17 06:23)
[2019.01.17 13:24:07 / ea_44_5.3_2_down-down-buy.mq4:144]
detect_DownDown_Buy() => false) (period = 1 / symbol = EURJPY_)
[2019.01.17 13:25:03 / ea_44_5.3_2_down-down-buy.mq4:122]
new bar (tick = 2429) (period = 1 / symbol = EURJPY_)
[2019.01.17 13:25:03 / lib_ea.mqh:329]
detect_DownDown_Buy() ==> true (datetime = 2019.01.17 06:24)
[2019.01.17 13:25:03 / ea_44_5.3_2_down-down-buy.mq4:144]
detect_DownDown_Buy() => true) (period = 1 / symbol = EURJPY_)
[2019.01.17 13:25:03 / lib_ea.mqh:393][lib_ea.mqh:370] Level_TakeProfit => 124.211 / Level_StopLoss => 124.111
Point = 0.001
Bid = 124.141
MyPoint * 10 * _TheTakeProfit = 0.07000000000000001
MyPoint * 10 * _TheStopLoss = 0.03
_TheTakeProfit = 7
_TheStopLoss = 3
[2019.01.17 13:25:03 / lib_ea.mqh:421]
-------------------------------- [new order : buy_DownDown_Buy]
order id = 4482553
[2019.01.17 13:25:03 / lib_ea.mqh:520][lib_ea.mqh:497] Level_TakeProfit => 124.082 / Level_StopLoss => 124.182
Point = 0.001
Bid = 124.152
MyPoint * 10 * _TheTakeProfit = 0.07000000000000001
MyPoint * 10 * _TheStopLoss = 0.03
_TheTakeProfit = 7
_TheStopLoss = 3
[2019.01.17 13:25:03 / lib_ea.mqh:548]
-------------------------------- [new order : buy_DownDown_Sell]
order id = 4482555
[2019.01.17 13:26:01 / ea_44_5.3_2_down-down-buy.mq4:122]
new bar (tick = 2548) (period = 1 / symbol = EURJPY_)
[2019.01.17 13:26:01 / lib_ea.mqh:329]
detect_DownDown_Buy() ==> true (datetime = 2019.01.17 06:25)
[2019.01.17 13:26:01 / ea_44_5.3_2_down-down-buy.mq4:144]
detect_DownDown_Buy() => true) (period = 1 / symbol = EURJPY_)
[2019.01.17 13:26:01 / lib_ea.mqh:393][lib_ea.mqh:370] Level_TakeProfit => 124.203 / Level_StopLoss => 124.103
Point = 0.001
Bid = 124.133
MyPoint * 10 * _TheTakeProfit = 0.07000000000000001
MyPoint * 10 * _TheStopLoss = 0.03
_TheTakeProfit = 7
_TheStopLoss = 3
[2019.01.17 13:26:02 / lib_ea.mqh:421]
-------------------------------- [new order : buy_DownDown_Buy]
order id = 4482559
[2019.01.17 13:26:02 / lib_ea.mqh:520][lib_ea.mqh:497] Level_TakeProfit => 124.075 / Level_StopLoss => 124.175
Point = 0.001
Bid = 124.145
MyPoint * 10 * _TheTakeProfit = 0.07000000000000001
MyPoint * 10 * _TheStopLoss = 0.03
_TheTakeProfit = 7
_TheStopLoss = 3
[2019.01.17 13:26:02 / lib_ea.mqh:548]
-------------------------------- [new order : buy_DownDown_Sell]
order id = 4482561
[2019.01.17 13:27:01 / ea_44_5.3_2_down-down-buy.mq4:122]
new bar (tick = 2642) (period = 1 / symbol = EURJPY_)
[2019.01.17 13:27:01 / lib_ea.mqh:329]
detect_DownDown_Buy() ==> true (datetime = 2019.01.17 06:26)
[2019.01.17 13:27:01 / ea_44_5.3_2_down-down-buy.mq4:144]
detect_DownDown_Buy() => true) (period = 1 / symbol = EURJPY_)
[2019.01.17 13:27:01 / lib_ea.mqh:393][lib_ea.mqh:370] Level_TakeProfit => 124.193 / Level_StopLoss => 124.093
Point = 0.001
Bid = 124.123
MyPoint * 10 * _TheTakeProfit = 0.07000000000000001
MyPoint * 10 * _TheStopLoss = 0.03
_TheTakeProfit = 7
_TheStopLoss = 3
[2019.01.17 13:27:01 / lib_ea.mqh:421]
-------------------------------- [new order : buy_DownDown_Buy]
order id = 4482564
[2019.01.17 13:27:01 / lib_ea.mqh:520][lib_ea.mqh:497] Level_TakeProfit => 124.067 / Level_StopLoss => 124.167
Point = 0.001
Bid = 124.137
MyPoint * 10 * _TheTakeProfit = 0.07000000000000001
MyPoint * 10 * _TheStopLoss = 0.03
_TheTakeProfit = 7
_TheStopLoss = 3
[2019.01.17 13:27:01 / lib_ea.mqh:548]
-------------------------------- [new order : buy_DownDown_Sell]
order id = 4482566
[2019.01.17 13:28:01 / ea_44_5.3_2_down-down-buy.mq4:122]
new bar (tick = 2717) (period = 1 / symbol = EURJPY_)
[2019.01.17 13:28:01 / lib_ea.mqh:234]
diff_Latest >= 0 (0.004000000000004889) (2019.01.17 06:27)
[2019.01.17 13:28:01 / ea_44_5.3_2_down-down-buy.mq4:144]
detect_DownDown_Buy() => false) (period = 1 / symbol = EURJPY_)
[2019.01.17 13:29:01 / ea_44_5.3_2_down-down-buy.mq4:122]
new bar (tick = 2763) (period = 1 / symbol = EURJPY_)
[2019.01.17 13:29:01 / lib_ea.mqh:310]
diff_SecondLatest >= 0 (diff = 0.004000000000004889)(2019.01.17 06:27)
[2019.01.17 13:29:01 / ea_44_5.3_2_down-down-buy.mq4:144]
detect_DownDown_Buy() => false) (period = 1 / symbol = EURJPY_)
[2019.01.17 13:30:02 / ea_44_5.3_2_down-down-buy.mq4:122]
new bar (tick = 2839) (period = 1 / symbol = EURJPY_)
[2019.01.17 13:30:02 / lib_ea.mqh:329]
detect_DownDown_Buy() ==> true (datetime = 2019.01.17 06:29)
[2019.01.17 13:30:02 / ea_44_5.3_2_down-down-buy.mq4:144]
detect_DownDown_Buy() => true) (period = 1 / symbol = EURJPY_)
[2019.01.17 13:30:02 / lib_ea.mqh:393][lib_ea.mqh:370] Level_TakeProfit => 124.182 / Level_StopLoss => 124.082
Point = 0.001
Bid = 124.112
MyPoint * 10 * _TheTakeProfit = 0.07000000000000001
MyPoint * 10 * _TheStopLoss = 0.03
_TheTakeProfit = 7
_TheStopLoss = 3
[2019.01.17 13:30:02 / lib_ea.mqh:421]
-------------------------------- [new order : buy_DownDown_Buy]
order id = 4482572
[2019.01.17 13:30:02 / lib_ea.mqh:520][lib_ea.mqh:497] Level_TakeProfit => 124.053 / Level_StopLoss => 124.153
Point = 0.001
Bid = 124.123
MyPoint * 10 * _TheTakeProfit = 0.07000000000000001
MyPoint * 10 * _TheStopLoss = 0.03
_TheTakeProfit = 7
_TheStopLoss = 3
[2019.01.17 13:30:02 / lib_ea.mqh:548]
-------------------------------- [new order : buy_DownDown_Sell]
order id = 4482574
[2019.01.17 13:31:01 / ea_44_5.3_2_down-down-buy.mq4:122]
new bar (tick = 2900) (period = 1 / symbol = EURJPY_)
[2019.01.17 13:31:01 / lib_ea.mqh:234]
diff_Latest >= 0 (0.004999999999995453) (2019.01.17 06:30)
[2019.01.17 13:31:01 / ea_44_5.3_2_down-down-buy.mq4:144]
detect_DownDown_Buy() => false) (period = 1 / symbol = EURJPY_)
[2019.01.17 13:32:09 / ea_44_5.3_2_down-down-buy.mq4:122]
new bar (tick = 2956) (period = 1 / symbol = EURJPY_)
[2019.01.17 13:32:09 / lib_ea.mqh:234]
diff_Latest >= 0 (0.007000000000005002) (2019.01.17 06:31)
[2019.01.17 13:32:09 / ea_44_5.3_2_down-down-buy.mq4:144]
detect_DownDown_Buy() => false) (period = 1 / symbol = EURJPY_)
[2019.01.17 13:33:01 / ea_44_5.3_2_down-down-buy.mq4:122]
new bar (tick = 3015) (period = 1 / symbol = EURJPY_)
[2019.01.17 13:33:01 / lib_ea.mqh:234]
diff_Latest >= 0 (0.003000000000000114) (2019.01.17 06:32)
[2019.01.17 13:33:01 / ea_44_5.3_2_down-down-buy.mq4:144]
detect_DownDown_Buy() => false) (period = 1 / symbol = EURJPY_)
[2019.01.17 13:34:01 / ea_44_5.3_2_down-down-buy.mq4:122]
new bar (tick = 3128) (period = 1 / symbol = EURJPY_)
[2019.01.17 13:34:01 / lib_ea.mqh:234]
diff_Latest >= 0 (0.009000000000000341) (2019.01.17 06:33)
[2019.01.17 13:34:01 / ea_44_5.3_2_down-down-buy.mq4:144]
detect_DownDown_Buy() => false) (period = 1 / symbol = EURJPY_)
[2019.01.17 13:35:01 / ea_44_5.3_2_down-down-buy.mq4:122]
new bar (tick = 3230) (period = 1 / symbol = EURJPY_)
[2019.01.17 13:35:01 / lib_ea.mqh:234]
diff_Latest >= 0 (0) (2019.01.17 06:34)
[2019.01.17 13:35:01 / ea_44_5.3_2_down-down-buy.mq4:144]
detect_DownDown_Buy() => false) (period = 1 / symbol = EURJPY_)
[2019.01.17 13:36:07 / ea_44_5.3_2_down-down-buy.mq4:122]
new bar (tick = 3308) (period = 1 / symbol = EURJPY_)
[2019.01.17 13:36:07 / lib_ea.mqh:234]
diff_Latest >= 0 (0.009000000000000341) (2019.01.17 06:35)
[2019.01.17 13:36:07 / ea_44_5.3_2_down-down-buy.mq4:144]
detect_DownDown_Buy() => false) (period = 1 / symbol = EURJPY_)
[2019.01.17 13:37:02 / ea_44_5.3_2_down-down-buy.mq4:122]
new bar (tick = 3369) (period = 1 / symbol = EURJPY_)
[2019.01.17 13:37:02 / lib_ea.mqh:274]
price_Close_Latest >= ibands_1S_Plus (close = 124.147) (BB.-1 = 124.1277497282639) (2019.01.17 06:36)
[2019.01.17 13:37:02 / ea_44_5.3_2_down-down-buy.mq4:144]
detect_DownDown_Buy() => false) (period = 1 / symbol = EURJPY_)
[2019.01.17 13:38:04 / ea_44_5.3_2_down-down-buy.mq4:122]
new bar (tick = 3419) (period = 1 / symbol = EURJPY_)
[2019.01.17 13:38:04 / lib_ea.mqh:274]
price_Close_Latest >= ibands_1S_Plus (close = 124.147) (BB.-1 = 124.1276545888037) (2019.01.17 06:37)
[2019.01.17 13:38:04 / ea_44_5.3_2_down-down-buy.mq4:144]
detect_DownDown_Buy() => false) (period = 1 / symbol = EURJPY_)
[2019.01.17 13:39:07 / ea_44_5.3_2_down-down-buy.mq4:122]
new bar (tick = 3461) (period = 1 / symbol = EURJPY_)
[2019.01.17 13:39:07 / lib_ea.mqh:274]
price_Close_Latest >= ibands_1S_Plus (close = 124.142) (BB.-1 = 124.1274130416375) (2019.01.17 06:38)
[2019.01.17 13:39:07 / ea_44_5.3_2_down-down-buy.mq4:144]
detect_DownDown_Buy() => false) (period = 1 / symbol = EURJPY_)
[2019.01.17 13:40:05 / ea_44_5.3_2_down-down-buy.mq4:122]
new bar (tick = 3499) (period = 1 / symbol = EURJPY_)
[2019.01.17 13:40:05 / lib_ea.mqh:274]
price_Close_Latest >= ibands_1S_Plus (close = 124.135) (BB.-1 = 124.1268647446099) (2019.01.17 06:39)
[2019.01.17 13:40:05 / ea_44_5.3_2_down-down-buy.mq4:144]
detect_DownDown_Buy() => false) (period = 1 / symbol = EURJPY_)
[2019.01.17 13:41:04 / ea_44_5.3_2_down-down-buy.mq4:122]
new bar (tick = 3543) (period = 1 / symbol = EURJPY_)
[2019.01.17 13:41:04 / lib_ea.mqh:274]
price_Close_Latest >= ibands_1S_Plus (close = 124.131) (BB.-1 = 124.1260575436739) (2019.01.17 06:40)
[2019.01.17 13:41:04 / ea_44_5.3_2_down-down-buy.mq4:144]
detect_DownDown_Buy() => false) (period = 1 / symbol = EURJPY_)
[2019.01.17 13:42:02 / ea_44_5.3_2_down-down-buy.mq4:122]
new bar (tick = 3626) (period = 1 / symbol = EURJPY_)
[2019.01.17 13:42:02 / lib_ea.mqh:329]
detect_DownDown_Buy() ==> true (datetime = 2019.01.17 06:41)
[2019.01.17 13:42:02 / ea_44_5.3_2_down-down-buy.mq4:144]
detect_DownDown_Buy() => true) (period = 1 / symbol = EURJPY_)
[2019.01.17 13:42:02 / lib_ea.mqh:393][lib_ea.mqh:370] Level_TakeProfit => 124.169 / Level_StopLoss => 124.069
Point = 0.001
Bid = 124.099
MyPoint * 10 * _TheTakeProfit = 0.07000000000000001
MyPoint * 10 * _TheStopLoss = 0.03
_TheTakeProfit = 7
_TheStopLoss = 3
[2019.01.17 13:42:03 / lib_ea.mqh:421]
-------------------------------- [new order : buy_DownDown_Buy]
order id = 4482590
[2019.01.17 13:42:03 / lib_ea.mqh:520][lib_ea.mqh:497] Level_TakeProfit => 124.042 / Level_StopLoss => 124.142
Point = 0.001
Bid = 124.112
MyPoint * 10 * _TheTakeProfit = 0.07000000000000001
MyPoint * 10 * _TheStopLoss = 0.03
_TheTakeProfit = 7
_TheStopLoss = 3
[2019.01.17 13:42:03 / lib_ea.mqh:548]
-------------------------------- [new order : buy_DownDown_Sell]
order id = 4482592
[2019.01.17 13:43:05 / ea_44_5.3_2_down-down-buy.mq4:122]
new bar (tick = 3736) (period = 1 / symbol = EURJPY_)
[2019.01.17 13:43:05 / lib_ea.mqh:234]
diff_Latest >= 0 (0.003000000000000114) (2019.01.17 06:42)
[2019.01.17 13:43:05 / ea_44_5.3_2_down-down-buy.mq4:144]
detect_DownDown_Buy() => false) (period = 1 / symbol = EURJPY_)
[2019.01.17 13:44:01 / ea_44_5.3_2_down-down-buy.mq4:122]
new bar (tick = 3812) (period = 1 / symbol = EURJPY_)
[2019.01.17 13:44:01 / lib_ea.mqh:234]
diff_Latest >= 0 (0.004000000000004889) (2019.01.17 06:43)
[2019.01.17 13:44:01 / ea_44_5.3_2_down-down-buy.mq4:144]
detect_DownDown_Buy() => false) (period = 1 / symbol = EURJPY_)
[2019.01.17 13:45:06 / ea_44_5.3_2_down-down-buy.mq4:122]
new bar (tick = 3936) (period = 1 / symbol = EURJPY_)
[2019.01.17 13:45:06 / lib_ea.mqh:310]
diff_SecondLatest >= 0 (diff = 0.004000000000004889)(2019.01.17 06:43)
[2019.01.17 13:45:06 / ea_44_5.3_2_down-down-buy.mq4:144]
detect_DownDown_Buy() => false) (period = 1 / symbol = EURJPY_)
[2019.01.17 13:46:01 / ea_44_5.3_2_down-down-buy.mq4:122]
new bar (tick = 4030) (period = 1 / symbol = EURJPY_)
[2019.01.17 13:46:01 / lib_ea.mqh:329]
detect_DownDown_Buy() ==> true (datetime = 2019.01.17 06:45)
[2019.01.17 13:46:01 / ea_44_5.3_2_down-down-buy.mq4:144]
detect_DownDown_Buy() => true) (period = 1 / symbol = EURJPY_)
[2019.01.17 13:46:01 / lib_ea.mqh:393][lib_ea.mqh:370] Level_TakeProfit => 124.151 / Level_StopLoss => 124.051
Point = 0.001
Bid = 124.081
MyPoint * 10 * _TheTakeProfit = 0.07000000000000001
MyPoint * 10 * _TheStopLoss = 0.03
_TheTakeProfit = 7
_TheStopLoss = 3
[2019.01.17 13:46:01 / lib_ea.mqh:421]
-------------------------------- [new order : buy_DownDown_Buy]
order id = 4482599
[2019.01.17 13:46:01 / lib_ea.mqh:520][lib_ea.mqh:497] Level_TakeProfit => 124.022 / Level_StopLoss => 124.122
Point = 0.001
Bid = 124.092
MyPoint * 10 * _TheTakeProfit = 0.07000000000000001
MyPoint * 10 * _TheStopLoss = 0.03
_TheTakeProfit = 7
_TheStopLoss = 3
[2019.01.17 13:46:01 / lib_ea.mqh:548]
-------------------------------- [new order : buy_DownDown_Sell]
order id = 4482601
[2019.01.17 13:47:01 / ea_44_5.3_2_down-down-buy.mq4:122]
new bar (tick = 4125) (period = 1 / symbol = EURJPY_)
[2019.01.17 13:47:01 / lib_ea.mqh:329]
detect_DownDown_Buy() ==> true (datetime = 2019.01.17 06:46)
[2019.01.17 13:47:01 / ea_44_5.3_2_down-down-buy.mq4:144]
detect_DownDown_Buy() => true) (period = 1 / symbol = EURJPY_)
[2019.01.17 13:47:01 / lib_ea.mqh:393][lib_ea.mqh:370] Level_TakeProfit => 124.138 / Level_StopLoss => 124.038
Point = 0.001
Bid = 124.068
MyPoint * 10 * _TheTakeProfit = 0.07000000000000001
MyPoint * 10 * _TheStopLoss = 0.03
_TheTakeProfit = 7
_TheStopLoss = 3
[2019.01.17 13:47:01 / lib_ea.mqh:421]
-------------------------------- [new order : buy_DownDown_Buy]
order id = 4482608
[2019.01.17 13:47:01 / lib_ea.mqh:520][lib_ea.mqh:497] Level_TakeProfit => 124.012 / Level_StopLoss => 124.112
Point = 0.001
Bid = 124.082
MyPoint * 10 * _TheTakeProfit = 0.07000000000000001
MyPoint * 10 * _TheStopLoss = 0.03
_TheTakeProfit = 7
_TheStopLoss = 3
[2019.01.17 13:47:01 / lib_ea.mqh:548]
-------------------------------- [new order : buy_DownDown_Sell]
order id = 4482610
[2019.01.17 13:48:10 / ea_44_5.3_2_down-down-buy.mq4:122]
new bar (tick = 4209) (period = 1 / symbol = EURJPY_)
[2019.01.17 13:48:10 / lib_ea.mqh:234]
diff_Latest >= 0 (0) (2019.01.17 06:47)
[2019.01.17 13:48:10 / ea_44_5.3_2_down-down-buy.mq4:144]
detect_DownDown_Buy() => false) (period = 1 / symbol = EURJPY_)
[2019.01.17 13:49:03 / ea_44_5.3_2_down-down-buy.mq4:122]
new bar (tick = 4260) (period = 1 / symbol = EURJPY_)
[2019.01.17 13:49:03 / lib_ea.mqh:234]
diff_Latest >= 0 (0.01500000000000057) (2019.01.17 06:48)
[2019.01.17 13:49:03 / ea_44_5.3_2_down-down-buy.mq4:144]
detect_DownDown_Buy() => false) (period = 1 / symbol = EURJPY_)
[2019.01.17 13:50:01 / ea_44_5.3_2_down-down-buy.mq4:122]
new bar (tick = 4313) (period = 1 / symbol = EURJPY_)
[2019.01.17 13:50:01 / lib_ea.mqh:310]
diff_SecondLatest >= 0 (diff = 0.01500000000000057)(2019.01.17 06:48)
[2019.01.17 13:50:01 / ea_44_5.3_2_down-down-buy.mq4:144]
detect_DownDown_Buy() => false) (period = 1 / symbol = EURJPY_)
[2019.01.17 13:51:04 / ea_44_5.3_2_down-down-buy.mq4:122]
new bar (tick = 4411) (period = 1 / symbol = EURJPY_)
[2019.01.17 13:51:04 / lib_ea.mqh:234]
diff_Latest >= 0 (0.003000000000000114) (2019.01.17 06:50)
[2019.01.17 13:51:04 / ea_44_5.3_2_down-down-buy.mq4:144]
detect_DownDown_Buy() => false) (period = 1 / symbol = EURJPY_)
[2019.01.17 13:52:01 / ea_44_5.3_2_down-down-buy.mq4:122]
new bar (tick = 4479) (period = 1 / symbol = EURJPY_)
[2019.01.17 13:52:01 / lib_ea.mqh:234]
diff_Latest >= 0 (0.008000000000009777) (2019.01.17 06:51)
[2019.01.17 13:52:01 / ea_44_5.3_2_down-down-buy.mq4:144]
detect_DownDown_Buy() => false) (period = 1 / symbol = EURJPY_)
[2019.01.17 13:53:02 / ea_44_5.3_2_down-down-buy.mq4:122]
new bar (tick = 4559) (period = 1 / symbol = EURJPY_)
[2019.01.17 13:53:02 / lib_ea.mqh:234]
diff_Latest >= 0 (0.009000000000000341) (2019.01.17 06:52)
[2019.01.17 13:53:02 / ea_44_5.3_2_down-down-buy.mq4:144]
detect_DownDown_Buy() => false) (period = 1 / symbol = EURJPY_)
[2019.01.17 13:54:03 / ea_44_5.3_2_down-down-buy.mq4:122]
new bar (tick = 4641) (period = 1 / symbol = EURJPY_)
[2019.01.17 13:54:03 / lib_ea.mqh:274]
price_Close_Latest >= ibands_1S_Plus (close = 124.089) (BB.-1 = 124.0803357376777) (2019.01.17 06:53)
[2019.01.17 13:54:03 / ea_44_5.3_2_down-down-buy.mq4:144]
detect_DownDown_Buy() => false) (period = 1 / symbol = EURJPY_)
[2019.01.17 13:55:02 / ea_44_5.3_2_down-down-buy.mq4:122]
new bar (tick = 4708) (period = 1 / symbol = EURJPY_)
[2019.01.17 13:55:02 / lib_ea.mqh:274]
price_Close_Latest >= ibands_1S_Plus (close = 124.082) (BB.-1 = 124.0779736527988) (2019.01.17 06:54)
[2019.01.17 13:55:02 / ea_44_5.3_2_down-down-buy.mq4:144]
detect_DownDown_Buy() => false) (period = 1 / symbol = EURJPY_)
[2019.01.17 13:56:06 / ea_44_5.3_2_down-down-buy.mq4:122]
new bar (tick = 4716) (period = 1 / symbol = EURJPY_)
[2019.01.17 13:56:06 / lib_ea.mqh:234]
diff_Latest >= 0 (0.003000000000000114) (2019.01.17 06:55)
[2019.01.17 13:56:06 / ea_44_5.3_2_down-down-buy.mq4:144]
detect_DownDown_Buy() => false) (period = 1 / symbol = EURJPY_)
[2019.01.17 13:57:02 / ea_44_5.3_2_down-down-buy.mq4:122]
new bar (tick = 4774) (period = 1 / symbol = EURJPY_)
[2019.01.17 13:57:02 / lib_ea.mqh:234]
diff_Latest >= 0 (0.003000000000000114) (2019.01.17 06:56)
[2019.01.17 13:57:02 / ea_44_5.3_2_down-down-buy.mq4:144]
detect_DownDown_Buy() => false) (period = 1 / symbol = EURJPY_)
[2019.01.17 13:58:01 / ea_44_5.3_2_down-down-buy.mq4:122]
new bar (tick = 4826) (period = 1 / symbol = EURJPY_)
[2019.01.17 13:58:01 / lib_ea.mqh:234]
diff_Latest >= 0 (0) (2019.01.17 06:57)
[2019.01.17 13:58:01 / ea_44_5.3_2_down-down-buy.mq4:144]
detect_DownDown_Buy() => false) (period = 1 / symbol = EURJPY_)
[2019.01.17 13:59:01 / ea_44_5.3_2_down-down-buy.mq4:122]
new bar (tick = 4884) (period = 1 / symbol = EURJPY_)
[2019.01.17 13:59:01 / lib_ea.mqh:234]
diff_Latest >= 0 (0) (2019.01.17 06:58)
[2019.01.17 13:59:01 / ea_44_5.3_2_down-down-buy.mq4:144]
detect_DownDown_Buy() => false) (period = 1 / symbol = EURJPY_)
[2019.01.17 14:00:01 / ea_44_5.3_2_down-down-buy.mq4:122]
new bar (tick = 4943) (period = 1 / symbol = EURJPY_)
[2019.01.17 14:00:01 / lib_ea.mqh:274]
price_Close_Latest >= ibands_1S_Plus (close = 124.085) (BB.-1 = 124.0767565662995) (2019.01.17 06:59)
[2019.01.17 14:00:01 / ea_44_5.3_2_down-down-buy.mq4:144]
detect_DownDown_Buy() => false) (period = 1 / symbol = EURJPY_)
[2019.01.17 14:01:01 / ea_44_5.3_2_down-down-buy.mq4:122]
new bar (tick = 5037) (period = 1 / symbol = EURJPY_)
[2019.01.17 14:01:01 / lib_ea.mqh:274]
price_Close_Latest >= ibands_1S_Plus (close = 124.082) (BB.-1 = 124.0777424668304) (2019.01.17 07:00)
[2019.01.17 14:01:01 / ea_44_5.3_2_down-down-buy.mq4:144]
detect_DownDown_Buy() => false) (period = 1 / symbol = EURJPY_)
[2019.01.17 14:02:01 / ea_44_5.3_2_down-down-buy.mq4:122]
new bar (tick = 5102) (period = 1 / symbol = EURJPY_)
[2019.01.17 14:02:01 / lib_ea.mqh:234]
diff_Latest >= 0 (0.007000000000005002) (2019.01.17 07:01)
[2019.01.17 14:02:01 / ea_44_5.3_2_down-down-buy.mq4:144]
detect_DownDown_Buy() => false) (period = 1 / symbol = EURJPY_)
[2019.01.17 14:03:02 / ea_44_5.3_2_down-down-buy.mq4:122]
new bar (tick = 5161) (period = 1 / symbol = EURJPY_)
[2019.01.17 14:03:02 / lib_ea.mqh:234]
diff_Latest >= 0 (0.001000000000004775) (2019.01.17 07:02)
[2019.01.17 14:03:02 / ea_44_5.3_2_down-down-buy.mq4:144]
detect_DownDown_Buy() => false) (period = 1 / symbol = EURJPY_)
[2019.01.17 14:04:08 / ea_44_5.3_2_down-down-buy.mq4:122]
new bar (tick = 5196) (period = 1 / symbol = EURJPY_)
[2019.01.17 14:04:08 / lib_ea.mqh:274]
price_Close_Latest >= ibands_1S_Plus (close = 124.087) (BB.-1 = 124.0785828780833) (2019.01.17 07:03)
[2019.01.17 14:04:08 / ea_44_5.3_2_down-down-buy.mq4:144]
detect_DownDown_Buy() => false) (period = 1 / symbol = EURJPY_)
[2019.01.17 14:05:02 / ea_44_5.3_2_down-down-buy.mq4:122]
new bar (tick = 5232) (period = 1 / symbol = EURJPY_)
[2019.01.17 14:05:02 / lib_ea.mqh:234]
diff_Latest >= 0 (0.003000000000000114) (2019.01.17 07:04)
[2019.01.17 14:05:02 / ea_44_5.3_2_down-down-buy.mq4:144]
detect_DownDown_Buy() => false) (period = 1 / symbol = EURJPY_)
[2019.01.17 14:06:01 / ea_44_5.3_2_down-down-buy.mq4:122]
new bar (tick = 5306) (period = 1 / symbol = EURJPY_)
[2019.01.17 14:06:01 / lib_ea.mqh:310]
diff_SecondLatest >= 0 (diff = 0.003000000000000114)(2019.01.17 07:04)
[2019.01.17 14:06:01 / ea_44_5.3_2_down-down-buy.mq4:144]
detect_DownDown_Buy() => false) (period = 1 / symbol = EURJPY_)
[2019.01.17 14:07:02 / ea_44_5.3_2_down-down-buy.mq4:122]
new bar (tick = 5381) (period = 1 / symbol = EURJPY_)
[2019.01.17 14:07:02 / lib_ea.mqh:329]
detect_DownDown_Buy() ==> true (datetime = 2019.01.17 07:06)
[2019.01.17 14:07:02 / ea_44_5.3_2_down-down-buy.mq4:144]
detect_DownDown_Buy() => true) (period = 1 / symbol = EURJPY_)
[2019.01.17 14:07:02 / lib_ea.mqh:393][lib_ea.mqh:370] Level_TakeProfit => 124.121 / Level_StopLoss => 124.021
Point = 0.001
Bid = 124.051
MyPoint * 10 * _TheTakeProfit = 0.07000000000000001
MyPoint * 10 * _TheStopLoss = 0.03
_TheTakeProfit = 7
_TheStopLoss = 3
[2019.01.17 14:07:02 / lib_ea.mqh:421]
-------------------------------- [new order : buy_DownDown_Buy]
order id = 4482643
[2019.01.17 14:07:02 / lib_ea.mqh:520][lib_ea.mqh:497] Level_TakeProfit => 123.993 / Level_StopLoss => 124.093
Point = 0.001
Bid = 124.063
MyPoint * 10 * _TheTakeProfit = 0.07000000000000001
MyPoint * 10 * _TheStopLoss = 0.03
_TheTakeProfit = 7
_TheStopLoss = 3
[2019.01.17 14:07:02 / lib_ea.mqh:548]
-------------------------------- [new order : buy_DownDown_Sell]
order id = 4482645
[2019.01.17 14:08:01 / ea_44_5.3_2_down-down-buy.mq4:122]
new bar (tick = 5454) (period = 1 / symbol = EURJPY_)
[2019.01.17 14:08:01 / lib_ea.mqh:234]
diff_Latest >= 0 (0.003000000000000114) (2019.01.17 07:07)
[2019.01.17 14:08:01 / ea_44_5.3_2_down-down-buy.mq4:144]
detect_DownDown_Buy() => false) (period = 1 / symbol = EURJPY_)
[2019.01.17 14:09:03 / ea_44_5.3_2_down-down-buy.mq4:122]
new bar (tick = 5515) (period = 1 / symbol = EURJPY_)
[2019.01.17 14:09:03 / lib_ea.mqh:234]
diff_Latest >= 0 (0.006999999999990791) (2019.01.17 07:08)
[2019.01.17 14:09:03 / ea_44_5.3_2_down-down-buy.mq4:144]
detect_DownDown_Buy() => false) (period = 1 / symbol = EURJPY_)
[2019.01.17 14:10:03 / ea_44_5.3_2_down-down-buy.mq4:122]
new bar (tick = 5644) (period = 1 / symbol = EURJPY_)
[2019.01.17 14:10:03 / lib_ea.mqh:310]
diff_SecondLatest >= 0 (diff = 0.006999999999990791)(2019.01.17 07:08)
[2019.01.17 14:10:03 / ea_44_5.3_2_down-down-buy.mq4:144]
detect_DownDown_Buy() => false) (period = 1 / symbol = EURJPY_)
[2019.01.17 14:11:01 / ea_44_5.3_2_down-down-buy.mq4:122]
new bar (tick = 5714) (period = 1 / symbol = EURJPY_)
[2019.01.17 14:11:01 / lib_ea.mqh:234]
diff_Latest >= 0 (0.001999999999995339) (2019.01.17 07:10)
[2019.01.17 14:11:01 / ea_44_5.3_2_down-down-buy.mq4:144]
detect_DownDown_Buy() => false) (period = 1 / symbol = EURJPY_)
[2019.01.17 14:12:01 / ea_44_5.3_2_down-down-buy.mq4:122]
new bar (tick = 5779) (period = 1 / symbol = EURJPY_)
[2019.01.17 14:12:01 / lib_ea.mqh:234]
diff_Latest >= 0 (0.01399999999999579) (2019.01.17 07:11)
[2019.01.17 14:12:01 / ea_44_5.3_2_down-down-buy.mq4:144]
detect_DownDown_Buy() => false) (period = 1 / symbol = EURJPY_)
[2019.01.17 14:13:01 / ea_44_5.3_2_down-down-buy.mq4:122]
new bar (tick = 5847) (period = 1 / symbol = EURJPY_)
[2019.01.17 14:13:01 / lib_ea.mqh:310]
diff_SecondLatest >= 0 (diff = 0.01399999999999579)(2019.01.17 07:11)
[2019.01.17 14:13:01 / ea_44_5.3_2_down-down-buy.mq4:144]
detect_DownDown_Buy() => false) (period = 1 / symbol = EURJPY_)
[2019.01.17 14:14:04 / ea_44_5.3_2_down-down-buy.mq4:122]
new bar (tick = 5893) (period = 1 / symbol = EURJPY_)
[2019.01.17 14:14:04 / lib_ea.mqh:234]
diff_Latest >= 0 (0) (2019.01.17 07:13)
[2019.01.17 14:14:04 / ea_44_5.3_2_down-down-buy.mq4:144]
detect_DownDown_Buy() => false) (period = 1 / symbol = EURJPY_)
[2019.01.17 14:15:02 / ea_44_5.3_2_down-down-buy.mq4:122]
new bar (tick = 5952) (period = 1 / symbol = EURJPY_)
[2019.01.17 14:15:02 / lib_ea.mqh:310]
diff_SecondLatest >= 0 (diff = 0)(2019.01.17 07:13)
[2019.01.17 14:15:02 / ea_44_5.3_2_down-down-buy.mq4:144]
detect_DownDown_Buy() => false) (period = 1 / symbol = EURJPY_)
[2019.01.17 14:16:02 / ea_44_5.3_2_down-down-buy.mq4:122]
new bar (tick = 6018) (period = 1 / symbol = EURJPY_)
[2019.01.17 14:16:02 / lib_ea.mqh:329]
detect_DownDown_Buy() ==> true (datetime = 2019.01.17 07:15)
[2019.01.17 14:16:02 / ea_44_5.3_2_down-down-buy.mq4:144]
detect_DownDown_Buy() => true) (period = 1 / symbol = EURJPY_)
[2019.01.17 14:16:02 / lib_ea.mqh:393][lib_ea.mqh:370] Level_TakeProfit => 124.105 / Level_StopLoss => 124.005
Point = 0.001
Bid = 124.035
MyPoint * 10 * _TheTakeProfit = 0.07000000000000001
MyPoint * 10 * _TheStopLoss = 0.03
_TheTakeProfit = 7
_TheStopLoss = 3
[2019.01.17 14:16:02 / lib_ea.mqh:421]
-------------------------------- [new order : buy_DownDown_Buy]
order id = 4482661
[2019.01.17 14:16:02 / lib_ea.mqh:520][lib_ea.mqh:497] Level_TakeProfit => 123.977 / Level_StopLoss => 124.077
Point = 0.001
Bid = 124.047
MyPoint * 10 * _TheTakeProfit = 0.07000000000000001
MyPoint * 10 * _TheStopLoss = 0.03
_TheTakeProfit = 7
_TheStopLoss = 3
[2019.01.17 14:16:03 / lib_ea.mqh:548]
-------------------------------- [new order : buy_DownDown_Sell]
order id = 4482663
[2019.01.17 14:17:01 / ea_44_5.3_2_down-down-buy.mq4:122]
new bar (tick = 6071) (period = 1 / symbol = EURJPY_)
[2019.01.17 14:17:01 / lib_ea.mqh:329]
detect_DownDown_Buy() ==> true (datetime = 2019.01.17 07:16)
[2019.01.17 14:17:01 / ea_44_5.3_2_down-down-buy.mq4:144]
detect_DownDown_Buy() => true) (period = 1 / symbol = EURJPY_)
[2019.01.17 14:17:01 / lib_ea.mqh:393][lib_ea.mqh:370] Level_TakeProfit => 124.097 / Level_StopLoss => 123.997
Point = 0.001
Bid = 124.027
MyPoint * 10 * _TheTakeProfit = 0.07000000000000001
MyPoint * 10 * _TheStopLoss = 0.03
_TheTakeProfit = 7
_TheStopLoss = 3
[2019.01.17 14:17:01 / lib_ea.mqh:421]
-------------------------------- [new order : buy_DownDown_Buy]
order id = 4482667
[2019.01.17 14:17:01 / lib_ea.mqh:520][lib_ea.mqh:497] Level_TakeProfit => 123.969 / Level_StopLoss => 124.069
Point = 0.001
Bid = 124.039
MyPoint * 10 * _TheTakeProfit = 0.07000000000000001
MyPoint * 10 * _TheStopLoss = 0.03
_TheTakeProfit = 7
_TheStopLoss = 3
[2019.01.17 14:17:01 / lib_ea.mqh:548]
-------------------------------- [new order : buy_DownDown_Sell]
order id = 4482669
[2019.01.17 14:18:03 / ea_44_5.3_2_down-down-buy.mq4:122]
new bar (tick = 6158) (period = 1 / symbol = EURJPY_)
[2019.01.17 14:18:03 / lib_ea.mqh:234]
diff_Latest >= 0 (0.001000000000004775) (2019.01.17 07:17)
[2019.01.17 14:18:03 / ea_44_5.3_2_down-down-buy.mq4:144]
detect_DownDown_Buy() => false) (period = 1 / symbol = EURJPY_)
[2019.01.17 14:19:07 / ea_44_5.3_2_down-down-buy.mq4:122]
new bar (tick = 6204) (period = 1 / symbol = EURJPY_)
[2019.01.17 14:19:07 / lib_ea.mqh:310]
diff_SecondLatest >= 0 (diff = 0.001000000000004775)(2019.01.17 07:17)
[2019.01.17 14:19:07 / ea_44_5.3_2_down-down-buy.mq4:144]
detect_DownDown_Buy() => false) (period = 1 / symbol = EURJPY_)
[2019.01.17 14:20:01 / ea_44_5.3_2_down-down-buy.mq4:122]
new bar (tick = 6252) (period = 1 / symbol = EURJPY_)
[2019.01.17 14:20:01 / lib_ea.mqh:329]
detect_DownDown_Buy() ==> true (datetime = 2019.01.17 07:19)
[2019.01.17 14:20:01 / ea_44_5.3_2_down-down-buy.mq4:144]
detect_DownDown_Buy() => true) (period = 1 / symbol = EURJPY_)
[2019.01.17 14:20:01 / lib_ea.mqh:393][lib_ea.mqh:370] Level_TakeProfit => 124.09 / Level_StopLoss => 123.99
Point = 0.001
Bid = 124.02
MyPoint * 10 * _TheTakeProfit = 0.07000000000000001
MyPoint * 10 * _TheStopLoss = 0.03
_TheTakeProfit = 7
_TheStopLoss = 3
[2019.01.17 14:20:01 / lib_ea.mqh:421]
-------------------------------- [new order : buy_DownDown_Buy]
order id = 4482674
[2019.01.17 14:20:01 / lib_ea.mqh:520][lib_ea.mqh:497] Level_TakeProfit => 123.962 / Level_StopLoss => 124.062
Point = 0.001
Bid = 124.032
MyPoint * 10 * _TheTakeProfit = 0.07000000000000001
MyPoint * 10 * _TheStopLoss = 0.03
_TheTakeProfit = 7
_TheStopLoss = 3
[2019.01.17 14:20:01 / lib_ea.mqh:548]
-------------------------------- [new order : buy_DownDown_Sell]
order id = 4482676
[2019.01.17 14:21:04 / ea_44_5.3_2_down-down-buy.mq4:122]
new bar (tick = 6334) (period = 1 / symbol = EURJPY_)
[2019.01.17 14:21:04 / lib_ea.mqh:234]
diff_Latest >= 0 (0.01800000000000068) (2019.01.17 07:20)
[2019.01.17 14:21:04 / ea_44_5.3_2_down-down-buy.mq4:144]
detect_DownDown_Buy() => false) (period = 1 / symbol = EURJPY_)
[2019.01.17 14:22:04 / ea_44_5.3_2_down-down-buy.mq4:122]
new bar (tick = 6413) (period = 1 / symbol = EURJPY_)
[2019.01.17 14:22:04 / lib_ea.mqh:234]
diff_Latest >= 0 (0.001000000000004775) (2019.01.17 07:21)
[2019.01.17 14:22:04 / ea_44_5.3_2_down-down-buy.mq4:144]
detect_DownDown_Buy() => false) (period = 1 / symbol = EURJPY_)
[2019.01.17 14:23:02 / ea_44_5.3_2_down-down-buy.mq4:122]
new bar (tick = 6479) (period = 1 / symbol = EURJPY_)
[2019.01.17 14:23:02 / lib_ea.mqh:234]
diff_Latest >= 0 (0.01399999999999579) (2019.01.17 07:22)
[2019.01.17 14:23:02 / ea_44_5.3_2_down-down-buy.mq4:144]
detect_DownDown_Buy() => false) (period = 1 / symbol = EURJPY_)
[2019.01.17 14:24:08 / ea_44_5.3_2_down-down-buy.mq4:122]
new bar (tick = 6502) (period = 1 / symbol = EURJPY_)
[2019.01.17 14:24:08 / lib_ea.mqh:274]
price_Close_Latest >= ibands_1S_Plus (close = 124.053) (BB.-1 = 124.0357326417856) (2019.01.17 07:23)
[2019.01.17 14:24:08 / ea_44_5.3_2_down-down-buy.mq4:144]
detect_DownDown_Buy() => false) (period = 1 / symbol = EURJPY_)
[2019.01.17 14:25:02 / ea_44_5.3_2_down-down-buy.mq4:122]
new bar (tick = 6516) (period = 1 / symbol = EURJPY_)
[2019.01.17 14:25:02 / lib_ea.mqh:234]
diff_Latest >= 0 (0.000999999999990564) (2019.01.17 07:24)
[2019.01.17 14:25:02 / ea_44_5.3_2_down-down-buy.mq4:144]
detect_DownDown_Buy() => false) (period = 1 / symbol = EURJPY_)
