[2019.02.08 15:39:28 / ea_44_5.3_2_down-down-buy.mq4:356]
Level_TakeProfit => 109.791 / Level_StopLoss => 109.691
Point = 0.001
Bid = 109.721
MyPoint * 10 * _TheTakeProfit = 0.07000000000000001
MyPoint * 10 * _TheStopLoss = 0.03
_TheTakeProfit = 7
_TheStopLoss = 3
[2019.02.08 15:39:28 / ea_44_5.3_2_down-down-buy.mq4:356]
Level_TakeProfit => 124.467 / Level_StopLoss => 124.367
Point = 0.001
Bid = 124.397
MyPoint * 10 * _TheTakeProfit = 0.07000000000000001
MyPoint * 10 * _TheStopLoss = 0.03
_TheTakeProfit = 7
_TheStopLoss = 3
[2019.02.08 15:40:04 / ea_44_5.3_2_down-down-buy.mq4:125]
new bar (tick = 38) (period = 1 / symbol = EURJPY)
[2019.02.08 15:40:04 / lib_ea.mqh:126]
price_Close_Latest >= ibands_1S_Plus (close = 124.403) (BB.-1 = 124.3863868496914) (2019.02.08 08:39)
[2019.02.08 15:40:04 / ea_44_5.3_2_down-down-buy.mq4:147]
detect_DownDown_Buy() => false) (period = 1 / symbol = EURJPY)
