[2019.02.08 15:41:01 / ea_44_5.3_2_down-down-buy.mq4:356]
Level_TakeProfit => 109.802 / Level_StopLoss => 109.702
Point = 0.001
Bid = 109.732
MyPoint * 10 * _TheTakeProfit = 0.07000000000000001
MyPoint * 10 * _TheStopLoss = 0.03
_TheTakeProfit = 7
_TheStopLoss = 3
[2019.02.08 15:41:01 / ea_44_5.3_2_down-down-buy.mq4:356]
Level_TakeProfit => 124.486 / Level_StopLoss => 124.386
Point = 0.001
Bid = 124.416
MyPoint * 10 * _TheTakeProfit = 0.07000000000000001
MyPoint * 10 * _TheStopLoss = 0.03
_TheTakeProfit = 7
_TheStopLoss = 3
[2019.02.08 15:41:05 / ea_44_5.3_2_down-down-buy.mq4:125]
new bar (tick = 3) (period = 1 / symbol = EURJPY)
[2019.02.08 15:41:05 / lib_ea.mqh:86]
diff_Latest >= 0 (0.01300000000000523) (2019.02.08 08:40)
[2019.02.08 15:41:05 / ea_44_5.3_2_down-down-buy.mq4:147]
detect_DownDown_Buy() => false) (period = 1 / symbol = EURJPY)
[2019.02.08 15:42:04 / ea_44_5.3_2_down-down-buy.mq4:125]
new bar (tick = 33) (period = 1 / symbol = EURJPY)
[2019.02.08 15:42:04 / lib_ea.mqh:126]
price_Close_Latest >= ibands_1S_Plus (close = 124.41) (BB.-1 = 124.3864849443976) (2019.02.08 08:41)
[2019.02.08 15:42:04 / ea_44_5.3_2_down-down-buy.mq4:147]
detect_DownDown_Buy() => false) (period = 1 / symbol = EURJPY)
[2019.02.08 15:43:05 / ea_44_5.3_2_down-down-buy.mq4:125]
new bar (tick = 75) (period = 1 / symbol = EURJPY)
[2019.02.08 15:43:05 / lib_ea.mqh:126]
price_Close_Latest >= ibands_1S_Plus (close = 124.389) (BB.-1 = 124.3864849443961) (2019.02.08 08:42)
[2019.02.08 15:43:05 / ea_44_5.3_2_down-down-buy.mq4:147]
detect_DownDown_Buy() => false) (period = 1 / symbol = EURJPY)
[2019.02.08 15:44:05 / ea_44_5.3_2_down-down-buy.mq4:125]
new bar (tick = 130) (period = 1 / symbol = EURJPY)
[2019.02.08 15:44:05 / lib_ea.mqh:86]
diff_Latest >= 0 (0.01300000000000523) (2019.02.08 08:43)
[2019.02.08 15:44:05 / ea_44_5.3_2_down-down-buy.mq4:147]
detect_DownDown_Buy() => false) (period = 1 / symbol = EURJPY)
[2019.02.08 15:45:04 / ea_44_5.3_2_down-down-buy.mq4:125]
new bar (tick = 176) (period = 1 / symbol = EURJPY)
[2019.02.08 15:45:04 / lib_ea.mqh:126]
price_Close_Latest >= ibands_1S_Plus (close = 124.395) (BB.-1 = 124.3901635403799) (2019.02.08 08:44)
[2019.02.08 15:45:04 / ea_44_5.3_2_down-down-buy.mq4:147]
detect_DownDown_Buy() => false) (period = 1 / symbol = EURJPY)
[2019.02.08 15:46:05 / ea_44_5.3_2_down-down-buy.mq4:125]
new bar (tick = 210) (period = 1 / symbol = EURJPY)
[2019.02.08 15:46:05 / lib_ea.mqh:86]
diff_Latest >= 0 (0) (2019.02.08 08:45)
[2019.02.08 15:46:05 / ea_44_5.3_2_down-down-buy.mq4:147]
detect_DownDown_Buy() => false) (period = 1 / symbol = EURJPY)
[2019.02.08 15:47:05 / ea_44_5.3_2_down-down-buy.mq4:125]
new bar (tick = 219) (period = 1 / symbol = EURJPY)
[2019.02.08 15:47:05 / lib_ea.mqh:86]
diff_Latest >= 0 (0.004000000000004889) (2019.02.08 08:46)
[2019.02.08 15:47:05 / ea_44_5.3_2_down-down-buy.mq4:147]
detect_DownDown_Buy() => false) (period = 1 / symbol = EURJPY)
[2019.02.08 15:48:05 / ea_44_5.3_2_down-down-buy.mq4:125]
new bar (tick = 258) (period = 1 / symbol = EURJPY)
[2019.02.08 15:48:05 / lib_ea.mqh:126]
price_Close_Latest >= ibands_1S_Plus (close = 124.399) (BB.-1 = 124.3918799082589) (2019.02.08 08:47)
[2019.02.08 15:48:05 / ea_44_5.3_2_down-down-buy.mq4:147]
detect_DownDown_Buy() => false) (period = 1 / symbol = EURJPY)
[2019.02.08 15:49:08 / ea_44_5.3_2_down-down-buy.mq4:125]
new bar (tick = 310) (period = 1 / symbol = EURJPY)
[2019.02.08 15:49:08 / lib_ea.mqh:181]
detect_DownDown_Buy() ==> true (datetime = 2019.02.08 08:48)
[2019.02.08 15:49:08 / ea_44_5.3_2_down-down-buy.mq4:147]
detect_DownDown_Buy() => true) (period = 1 / symbol = EURJPY)
[2019.02.08 15:49:08 / lib_ea.mqh:250][lib_ea.mqh:227] Level_TakeProfit => 124.455 / Level_StopLoss => 124.355
Point = 0.001
Bid = 124.385
MyPoint * 10 * _TheTakeProfit = 0.07000000000000001
MyPoint * 10 * _TheStopLoss = 0.03
_TheTakeProfit = 7
_TheStopLoss = 3
[2019.02.08 15:49:08 / lib_ea.mqh:279]
-------------------------------- [new order : buy_DownDown_Buy]
order id = -1
[2019.02.08 15:49:08 / lib_ea.mqh:384][lib_ea.mqh:361] Level_TakeProfit => 124.324 / Level_StopLoss => 124.424
Point = 0.001
Bid = 124.394
MyPoint * 10 * _TheTakeProfit = 0.07000000000000001
MyPoint * 10 * _TheStopLoss = 0.03
_TheTakeProfit = 7
_TheStopLoss = 3
[2019.02.08 15:49:08 / lib_ea.mqh:412]
-------------------------------- [new order : buy_DownDown_Sell]
order id = -1
[2019.02.08 15:50:20 / ea_44_5.3_2_down-down-buy.mq4:125]
new bar (tick = 330) (period = 1 / symbol = EURJPY)
[2019.02.08 15:50:20 / lib_ea.mqh:86]
diff_Latest >= 0 (0.006000000000000227) (2019.02.08 08:49)
[2019.02.08 15:50:20 / ea_44_5.3_2_down-down-buy.mq4:147]
detect_DownDown_Buy() => false) (period = 1 / symbol = EURJPY)
[2019.02.08 15:51:05 / ea_44_5.3_2_down-down-buy.mq4:125]
new bar (tick = 349) (period = 1 / symbol = EURJPY)
[2019.02.08 15:51:05 / lib_ea.mqh:162]
diff_SecondLatest >= 0 (diff = 0.006000000000000227)(2019.02.08 08:49)
[2019.02.08 15:51:05 / ea_44_5.3_2_down-down-buy.mq4:147]
detect_DownDown_Buy() => false) (period = 1 / symbol = EURJPY)
[2019.02.08 15:52:05 / ea_44_5.3_2_down-down-buy.mq4:125]
new bar (tick = 410) (period = 1 / symbol = EURJPY)
[2019.02.08 15:52:05 / lib_ea.mqh:86]
diff_Latest >= 0 (0.009000000000000341) (2019.02.08 08:51)
[2019.02.08 15:52:05 / ea_44_5.3_2_down-down-buy.mq4:147]
detect_DownDown_Buy() => false) (period = 1 / symbol = EURJPY)
[2019.02.08 15:53:04 / ea_44_5.3_2_down-down-buy.mq4:125]
new bar (tick = 462) (period = 1 / symbol = EURJPY)
[2019.02.08 15:53:04 / lib_ea.mqh:86]
diff_Latest >= 0 (0.003000000000000114) (2019.02.08 08:52)
[2019.02.08 15:53:04 / ea_44_5.3_2_down-down-buy.mq4:147]
detect_DownDown_Buy() => false) (period = 1 / symbol = EURJPY)
[2019.02.08 15:54:05 / ea_44_5.3_2_down-down-buy.mq4:125]
new bar (tick = 501) (period = 1 / symbol = EURJPY)
[2019.02.08 15:54:05 / lib_ea.mqh:86]
diff_Latest >= 0 (0.01100000000000989) (2019.02.08 08:53)
[2019.02.08 15:54:05 / ea_44_5.3_2_down-down-buy.mq4:147]
detect_DownDown_Buy() => false) (period = 1 / symbol = EURJPY)
[2019.02.08 15:55:06 / ea_44_5.3_2_down-down-buy.mq4:125]
new bar (tick = 549) (period = 1 / symbol = EURJPY)
[2019.02.08 15:55:06 / lib_ea.mqh:86]
diff_Latest >= 0 (0.004999999999995453) (2019.02.08 08:54)
[2019.02.08 15:55:06 / ea_44_5.3_2_down-down-buy.mq4:147]
detect_DownDown_Buy() => false) (period = 1 / symbol = EURJPY)
