[2019.01.10 15:25:05 / ea_44_5.3_2_up-up-buy.mq4:101]new bar (tick = 40) (period = 1 / symbol = EURJPY_)
[2019.01.10 15:25:05 / ea_44_5.3_2_up-up-buy.mq4:70]
latest close = 124.722
latest open = 124.736
latest diff = -0.014
datetime = 2019.01.10 08:24
[2019.01.10 15:26:04 / ea_44_5.3_2_up-up-buy.mq4:101]new bar (tick = 216) (period = 1 / symbol = EURJPY_)
[2019.01.10 15:26:04 / ea_44_5.3_2_up-up-buy.mq4:70]
latest close = 124.725
latest open = 124.722
latest diff = 0.003
datetime = 2019.01.10 08:25
[2019.01.10 15:27:04 / ea_44_5.3_2_up-up-buy.mq4:101]new bar (tick = 264) (period = 1 / symbol = EURJPY_)
[2019.01.10 15:27:04 / ea_44_5.3_2_up-up-buy.mq4:70]
latest close = 124.715
latest open = 124.726
latest diff = -0.011
datetime = 2019.01.10 08:26
[2019.01.10 15:28:07 / ea_44_5.3_2_up-up-buy.mq4:101]new bar (tick = 359) (period = 1 / symbol = EURJPY_)
[2019.01.10 15:28:07 / ea_44_5.3_2_up-up-buy.mq4:70]
latest close = 124.721
latest open = 124.716
latest diff = 0.005
datetime = 2019.01.10 08:27
[2019.01.10 15:29:04 / ea_44_5.3_2_up-up-buy.mq4:101]new bar (tick = 426) (period = 1 / symbol = EURJPY_)
[2019.01.10 15:29:04 / ea_44_5.3_2_up-up-buy.mq4:70]
latest close = 124.726
latest open = 124.721
latest diff = 0.005
datetime = 2019.01.10 08:28
[2019.01.10 15:30:06 / ea_44_5.3_2_up-up-buy.mq4:101]new bar (tick = 556) (period = 1 / symbol = EURJPY_)
[2019.01.10 15:30:06 / ea_44_5.3_2_up-up-buy.mq4:70]
latest close = 124.735
latest open = 124.727
latest diff = 0.008
datetime = 2019.01.10 08:29
