[2019.02.07 18:37:26 / ea_44_5.3_2_down-down-buy.mq4:356]
Level_TakeProfit => 124.785 / Level_StopLoss => 124.685
Point = 0.001
Bid = 124.715
MyPoint * 10 * _TheTakeProfit = 0.07000000000000001
MyPoint * 10 * _TheStopLoss = 0.03
_TheTakeProfit = 7
_TheStopLoss = 3
[2019.02.07 18:38:03 / ea_44_5.3_2_down-down-buy.mq4:125]
new bar (tick = 202) (period = 1 / symbol = EURJPY_)
[2019.02.07 18:38:03 / lib_ea.mqh:181]
detect_DownDown_Buy() ==> true (datetime = 2019.02.07 11:37)
[2019.02.07 18:38:03 / ea_44_5.3_2_down-down-buy.mq4:147]
detect_DownDown_Buy() => true) (period = 1 / symbol = EURJPY_)
[2019.02.07 18:38:03 / lib_ea.mqh:250][lib_ea.mqh:227] Level_TakeProfit => 124.78 / Level_StopLoss => 124.68
Point = 0.001
Bid = 124.71
MyPoint * 10 * _TheTakeProfit = 0.07000000000000001
MyPoint * 10 * _TheStopLoss = 0.03
_TheTakeProfit = 7
_TheStopLoss = 3
[2019.02.07 18:38:03 / lib_ea.mqh:279]
-------------------------------- [new order : buy_DownDown_Buy]
order id = 5245366
[2019.02.07 18:38:03 / lib_ea.mqh:384][lib_ea.mqh:361] Level_TakeProfit => 124.652 / Level_StopLoss => 124.752
Point = 0.001
Bid = 124.722
MyPoint * 10 * _TheTakeProfit = 0.07000000000000001
MyPoint * 10 * _TheStopLoss = 0.03
_TheTakeProfit = 7
_TheStopLoss = 3
[2019.02.07 18:38:03 / lib_ea.mqh:412]
-------------------------------- [new order : buy_DownDown_Sell]
order id = 5245368
[2019.02.07 18:39:04 / ea_44_5.3_2_down-down-buy.mq4:125]
new bar (tick = 426) (period = 1 / symbol = EURJPY_)
[2019.02.07 18:39:04 / lib_ea.mqh:86]
diff_Latest >= 0 (0.001999999999995339) (2019.02.07 11:38)
[2019.02.07 18:39:04 / ea_44_5.3_2_down-down-buy.mq4:147]
detect_DownDown_Buy() => false) (period = 1 / symbol = EURJPY_)
[2019.02.07 18:40:05 / ea_44_5.3_2_down-down-buy.mq4:125]
new bar (tick = 530) (period = 1 / symbol = EURJPY_)
[2019.02.07 18:40:05 / lib_ea.mqh:86]
diff_Latest >= 0 (0.003999999999990678) (2019.02.07 11:39)
[2019.02.07 18:40:05 / ea_44_5.3_2_down-down-buy.mq4:147]
detect_DownDown_Buy() => false) (period = 1 / symbol = EURJPY_)
[2019.02.07 18:41:04 / ea_44_5.3_2_down-down-buy.mq4:125]
new bar (tick = 672) (period = 1 / symbol = EURJPY_)
[2019.02.07 18:41:04 / lib_ea.mqh:86]
diff_Latest >= 0 (0.003000000000000114) (2019.02.07 11:40)
[2019.02.07 18:41:04 / ea_44_5.3_2_down-down-buy.mq4:147]
detect_DownDown_Buy() => false) (period = 1 / symbol = EURJPY_)
[2019.02.07 18:42:03 / ea_44_5.3_2_down-down-buy.mq4:125]
new bar (tick = 824) (period = 1 / symbol = EURJPY_)
[2019.02.07 18:42:03 / lib_ea.mqh:86]
diff_Latest >= 0 (0.004999999999995453) (2019.02.07 11:41)
[2019.02.07 18:42:03 / ea_44_5.3_2_down-down-buy.mq4:147]
detect_DownDown_Buy() => false) (period = 1 / symbol = EURJPY_)
[2019.02.07 18:43:04 / ea_44_5.3_2_down-down-buy.mq4:125]
new bar (tick = 1085) (period = 1 / symbol = EURJPY_)
[2019.02.07 18:43:04 / lib_ea.mqh:86]
diff_Latest >= 0 (0.006999999999990791) (2019.02.07 11:42)
[2019.02.07 18:43:04 / ea_44_5.3_2_down-down-buy.mq4:147]
detect_DownDown_Buy() => false) (period = 1 / symbol = EURJPY_)
[2019.02.07 18:44:04 / ea_44_5.3_2_down-down-buy.mq4:125]
new bar (tick = 1239) (period = 1 / symbol = EURJPY_)
[2019.02.07 18:44:04 / lib_ea.mqh:162]
diff_SecondLatest >= 0 (diff = 0.006999999999990791)(2019.02.07 11:42)
[2019.02.07 18:44:04 / ea_44_5.3_2_down-down-buy.mq4:147]
detect_DownDown_Buy() => false) (period = 1 / symbol = EURJPY_)
[2019.02.07 18:45:03 / ea_44_5.3_2_down-down-buy.mq4:125]
new bar (tick = 1371) (period = 1 / symbol = EURJPY_)
[2019.02.07 18:45:03 / lib_ea.mqh:86]
diff_Latest >= 0 (0.01600000000000534) (2019.02.07 11:44)
[2019.02.07 18:45:03 / ea_44_5.3_2_down-down-buy.mq4:147]
detect_DownDown_Buy() => false) (period = 1 / symbol = EURJPY_)
[2019.02.07 18:46:03 / ea_44_5.3_2_down-down-buy.mq4:125]
new bar (tick = 1557) (period = 1 / symbol = EURJPY_)
[2019.02.07 18:46:03 / lib_ea.mqh:126]
price_Close_Latest >= ibands_1S_Plus (close = 124.738) (BB.-1 = 124.7249708969162) (2019.02.07 11:45)
[2019.02.07 18:46:03 / ea_44_5.3_2_down-down-buy.mq4:147]
detect_DownDown_Buy() => false) (period = 1 / symbol = EURJPY_)
[2019.02.07 18:47:04 / ea_44_5.3_2_down-down-buy.mq4:125]
new bar (tick = 1707) (period = 1 / symbol = EURJPY_)
[2019.02.07 18:47:04 / lib_ea.mqh:86]
diff_Latest >= 0 (0.01099999999999568) (2019.02.07 11:46)
[2019.02.07 18:47:04 / ea_44_5.3_2_down-down-buy.mq4:147]
detect_DownDown_Buy() => false) (period = 1 / symbol = EURJPY_)
[2019.02.07 18:48:03 / ea_44_5.3_2_down-down-buy.mq4:125]
new bar (tick = 1840) (period = 1 / symbol = EURJPY_)
[2019.02.07 18:48:03 / lib_ea.mqh:126]
price_Close_Latest >= ibands_1S_Plus (close = 124.744) (BB.-1 = 124.7225731002129) (2019.02.07 11:47)
[2019.02.07 18:48:03 / ea_44_5.3_2_down-down-buy.mq4:147]
detect_DownDown_Buy() => false) (period = 1 / symbol = EURJPY_)
[2019.02.07 18:49:04 / ea_44_5.3_2_down-down-buy.mq4:125]
new bar (tick = 1958) (period = 1 / symbol = EURJPY_)
[2019.02.07 18:49:04 / lib_ea.mqh:86]
diff_Latest >= 0 (0.009000000000000341) (2019.02.07 11:48)
[2019.02.07 18:49:04 / ea_44_5.3_2_down-down-buy.mq4:147]
detect_DownDown_Buy() => false) (period = 1 / symbol = EURJPY_)
[2019.02.07 18:50:03 / ea_44_5.3_2_down-down-buy.mq4:125]
new bar (tick = 2063) (period = 1 / symbol = EURJPY_)
[2019.02.07 18:50:03 / lib_ea.mqh:86]
diff_Latest >= 0 (0.01500000000000057) (2019.02.07 11:49)
[2019.02.07 18:50:03 / ea_44_5.3_2_down-down-buy.mq4:147]
detect_DownDown_Buy() => false) (period = 1 / symbol = EURJPY_)
[2019.02.07 20:42:11 / ea_44_5.3_2_down-down-buy.mq4:125]
new bar (tick = 2171) (period = 1 / symbol = EURJPY_)
[2019.02.07 20:42:11 / lib_ea.mqh:86]
diff_Latest >= 0 (0.001000000000004775) (2019.02.07 11:50)
[2019.02.07 20:42:11 / ea_44_5.3_2_down-down-buy.mq4:147]
detect_DownDown_Buy() => false) (period = 1 / symbol = EURJPY_)
[2019.02.07 20:43:03 / ea_44_5.3_2_down-down-buy.mq4:125]
new bar (tick = 2341) (period = 1 / symbol = EURJPY_)
[2019.02.07 20:43:03 / lib_ea.mqh:181]
detect_DownDown_Buy() ==> true (datetime = 2019.02.07 13:42)
[2019.02.07 20:43:03 / ea_44_5.3_2_down-down-buy.mq4:147]
detect_DownDown_Buy() => true) (period = 1 / symbol = EURJPY_)
[2019.02.07 20:43:03 / lib_ea.mqh:250][lib_ea.mqh:227] Level_TakeProfit => 124.45 / Level_StopLoss => 124.35
Point = 0.001
Bid = 124.38
MyPoint * 10 * _TheTakeProfit = 0.07000000000000001
MyPoint * 10 * _TheStopLoss = 0.03
_TheTakeProfit = 7
_TheStopLoss = 3
[2019.02.07 20:43:04 / lib_ea.mqh:279]
-------------------------------- [new order : buy_DownDown_Buy]
order id = 5245603
[2019.02.07 20:43:04 / lib_ea.mqh:384][lib_ea.mqh:361] Level_TakeProfit => 124.322 / Level_StopLoss => 124.422
Point = 0.001
Bid = 124.392
MyPoint * 10 * _TheTakeProfit = 0.07000000000000001
MyPoint * 10 * _TheStopLoss = 0.03
_TheTakeProfit = 7
_TheStopLoss = 3
[2019.02.07 20:43:04 / lib_ea.mqh:412]
-------------------------------- [new order : buy_DownDown_Sell]
order id = 5245605
[2019.02.07 20:44:06 / ea_44_5.3_2_down-down-buy.mq4:125]
new bar (tick = 2546) (period = 1 / symbol = EURJPY_)
[2019.02.07 20:44:06 / lib_ea.mqh:86]
diff_Latest >= 0 (0.03499999999999659) (2019.02.07 13:43)
[2019.02.07 20:44:06 / ea_44_5.3_2_down-down-buy.mq4:147]
detect_DownDown_Buy() => false) (period = 1 / symbol = EURJPY_)
[2019.02.07 20:45:03 / ea_44_5.3_2_down-down-buy.mq4:125]
new bar (tick = 2656) (period = 1 / symbol = EURJPY_)
[2019.02.07 20:45:03 / lib_ea.mqh:86]
diff_Latest >= 0 (0.006000000000000227) (2019.02.07 13:44)
[2019.02.07 20:45:03 / ea_44_5.3_2_down-down-buy.mq4:147]
detect_DownDown_Buy() => false) (period = 1 / symbol = EURJPY_)
[2019.02.07 20:46:04 / ea_44_5.3_2_down-down-buy.mq4:125]
new bar (tick = 2791) (period = 1 / symbol = EURJPY_)
[2019.02.07 20:46:04 / lib_ea.mqh:86]
diff_Latest >= 0 (0.02700000000000102) (2019.02.07 13:45)
[2019.02.07 20:46:04 / ea_44_5.3_2_down-down-buy.mq4:147]
detect_DownDown_Buy() => false) (period = 1 / symbol = EURJPY_)
[2019.02.07 20:47:04 / ea_44_5.3_2_down-down-buy.mq4:125]
new bar (tick = 3019) (period = 1 / symbol = EURJPY_)
[2019.02.07 20:47:04 / lib_ea.mqh:126]
price_Close_Latest >= ibands_1S_Plus (close = 124.434) (BB.-1 = 124.4132883921793) (2019.02.07 13:46)
[2019.02.07 20:47:04 / ea_44_5.3_2_down-down-buy.mq4:147]
detect_DownDown_Buy() => false) (period = 1 / symbol = EURJPY_)
[2019.02.07 20:48:03 / ea_44_5.3_2_down-down-buy.mq4:125]
new bar (tick = 3352) (period = 1 / symbol = EURJPY_)
[2019.02.07 20:48:03 / lib_ea.mqh:86]
diff_Latest >= 0 (0.003000000000000114) (2019.02.07 13:47)
[2019.02.07 20:48:03 / ea_44_5.3_2_down-down-buy.mq4:147]
detect_DownDown_Buy() => false) (period = 1 / symbol = EURJPY_)
[2019.02.07 20:49:04 / ea_44_5.3_2_down-down-buy.mq4:125]
new bar (tick = 3627) (period = 1 / symbol = EURJPY_)
[2019.02.07 20:49:04 / lib_ea.mqh:86]
diff_Latest >= 0 (0.05299999999999727) (2019.02.07 13:48)
[2019.02.07 20:49:04 / ea_44_5.3_2_down-down-buy.mq4:147]
detect_DownDown_Buy() => false) (period = 1 / symbol = EURJPY_)
[2019.02.07 20:50:03 / ea_44_5.3_2_down-down-buy.mq4:125]
new bar (tick = 3854) (period = 1 / symbol = EURJPY_)
[2019.02.07 20:50:03 / lib_ea.mqh:126]
price_Close_Latest >= ibands_1S_Plus (close = 124.483) (BB.-1 = 124.41282035486) (2019.02.07 13:49)
[2019.02.07 20:50:03 / ea_44_5.3_2_down-down-buy.mq4:147]
detect_DownDown_Buy() => false) (period = 1 / symbol = EURJPY_)
[2019.02.07 20:51:03 / ea_44_5.3_2_down-down-buy.mq4:125]
new bar (tick = 4088) (period = 1 / symbol = EURJPY_)
[2019.02.07 20:51:03 / lib_ea.mqh:126]
price_Close_Latest >= ibands_1S_Plus (close = 124.476) (BB.-1 = 124.4130298979013) (2019.02.07 13:50)
[2019.02.07 20:51:03 / ea_44_5.3_2_down-down-buy.mq4:147]
detect_DownDown_Buy() => false) (period = 1 / symbol = EURJPY_)
[2019.02.07 20:52:04 / ea_44_5.3_2_down-down-buy.mq4:125]
new bar (tick = 4252) (period = 1 / symbol = EURJPY_)
[2019.02.07 20:52:04 / lib_ea.mqh:126]
price_Close_Latest >= ibands_1S_Plus (close = 124.47) (BB.-1 = 124.4129413416669) (2019.02.07 13:51)
[2019.02.07 20:52:04 / ea_44_5.3_2_down-down-buy.mq4:147]
detect_DownDown_Buy() => false) (period = 1 / symbol = EURJPY_)
[2019.02.07 20:53:04 / ea_44_5.3_2_down-down-buy.mq4:125]
new bar (tick = 4455) (period = 1 / symbol = EURJPY_)
[2019.02.07 20:53:04 / lib_ea.mqh:126]
price_Close_Latest >= ibands_1S_Plus (close = 124.445) (BB.-1 = 124.4120323683494) (2019.02.07 13:52)
[2019.02.07 20:53:04 / ea_44_5.3_2_down-down-buy.mq4:147]
detect_DownDown_Buy() => false) (period = 1 / symbol = EURJPY_)
[2019.02.07 20:54:04 / ea_44_5.3_2_down-down-buy.mq4:125]
new bar (tick = 4672) (period = 1 / symbol = EURJPY_)
[2019.02.07 20:54:04 / lib_ea.mqh:126]
price_Close_Latest >= ibands_1S_Plus (close = 124.432) (BB.-1 = 124.4109201485941) (2019.02.07 13:53)
[2019.02.07 20:54:04 / ea_44_5.3_2_down-down-buy.mq4:147]
detect_DownDown_Buy() => false) (period = 1 / symbol = EURJPY_)
[2019.02.07 20:55:03 / ea_44_5.3_2_down-down-buy.mq4:125]
new bar (tick = 5006) (period = 1 / symbol = EURJPY_)
[2019.02.07 20:55:03 / lib_ea.mqh:126]
price_Close_Latest >= ibands_1S_Plus (close = 124.414) (BB.-1 = 124.4082982982648) (2019.02.07 13:54)
[2019.02.07 20:55:03 / ea_44_5.3_2_down-down-buy.mq4:147]
detect_DownDown_Buy() => false) (period = 1 / symbol = EURJPY_)
[2019.02.07 20:56:03 / ea_44_5.3_2_down-down-buy.mq4:125]
new bar (tick = 5288) (period = 1 / symbol = EURJPY_)
[2019.02.07 20:56:03 / lib_ea.mqh:86]
diff_Latest >= 0 (0.007000000000005002) (2019.02.07 13:55)
[2019.02.07 20:56:03 / ea_44_5.3_2_down-down-buy.mq4:147]
detect_DownDown_Buy() => false) (period = 1 / symbol = EURJPY_)
[2019.02.07 20:57:04 / ea_44_5.3_2_down-down-buy.mq4:125]
new bar (tick = 5508) (period = 1 / symbol = EURJPY_)
[2019.02.07 20:57:04 / lib_ea.mqh:126]
price_Close_Latest >= ibands_1S_Plus (close = 124.404) (BB.-1 = 124.4039940625696) (2019.02.07 13:56)
[2019.02.07 20:57:04 / ea_44_5.3_2_down-down-buy.mq4:147]
detect_DownDown_Buy() => false) (period = 1 / symbol = EURJPY_)
[2019.02.07 20:58:03 / ea_44_5.3_2_down-down-buy.mq4:125]
new bar (tick = 5634) (period = 1 / symbol = EURJPY_)
[2019.02.07 20:58:03 / lib_ea.mqh:181]
detect_DownDown_Buy() ==> true (datetime = 2019.02.07 13:57)
[2019.02.07 20:58:03 / ea_44_5.3_2_down-down-buy.mq4:147]
detect_DownDown_Buy() => true) (period = 1 / symbol = EURJPY_)
[2019.02.07 20:58:03 / lib_ea.mqh:250][lib_ea.mqh:227] Level_TakeProfit => 124.453 / Level_StopLoss => 124.353
Point = 0.001
Bid = 124.383
MyPoint * 10 * _TheTakeProfit = 0.07000000000000001
MyPoint * 10 * _TheStopLoss = 0.03
_TheTakeProfit = 7
_TheStopLoss = 3
[2019.02.07 20:58:03 / lib_ea.mqh:279]
-------------------------------- [new order : buy_DownDown_Buy]
order id = 5245645
[2019.02.07 20:58:03 / lib_ea.mqh:384][lib_ea.mqh:361] Level_TakeProfit => 124.324 / Level_StopLoss => 124.424
Point = 0.001
Bid = 124.394
MyPoint * 10 * _TheTakeProfit = 0.07000000000000001
MyPoint * 10 * _TheStopLoss = 0.03
_TheTakeProfit = 7
_TheStopLoss = 3
[2019.02.07 20:58:03 / lib_ea.mqh:412]
-------------------------------- [new order : buy_DownDown_Sell]
order id = 5245647
[2019.02.07 20:59:04 / ea_44_5.3_2_down-down-buy.mq4:125]
new bar (tick = 5773) (period = 1 / symbol = EURJPY_)
[2019.02.07 20:59:04 / lib_ea.mqh:86]
diff_Latest >= 0 (0.01000000000000512) (2019.02.07 13:58)
[2019.02.07 20:59:04 / ea_44_5.3_2_down-down-buy.mq4:147]
detect_DownDown_Buy() => false) (period = 1 / symbol = EURJPY_)
[2019.02.07 21:00:04 / ea_44_5.3_2_down-down-buy.mq4:125]
new bar (tick = 5923) (period = 1 / symbol = EURJPY_)
[2019.02.07 21:00:04 / lib_ea.mqh:86]
diff_Latest >= 0 (0.0210000000000008) (2019.02.07 13:59)
[2019.02.07 21:00:04 / ea_44_5.3_2_down-down-buy.mq4:147]
detect_DownDown_Buy() => false) (period = 1 / symbol = EURJPY_)
[2019.02.07 21:01:03 / ea_44_5.3_2_down-down-buy.mq4:125]
new bar (tick = 6122) (period = 1 / symbol = EURJPY_)
[2019.02.07 21:01:03 / lib_ea.mqh:126]
price_Close_Latest >= ibands_1S_Plus (close = 124.409) (BB.-1 = 124.3992603198457) (2019.02.07 14:00)
[2019.02.07 21:01:03 / ea_44_5.3_2_down-down-buy.mq4:147]
detect_DownDown_Buy() => false) (period = 1 / symbol = EURJPY_)
[2019.02.07 21:02:04 / ea_44_5.3_2_down-down-buy.mq4:125]
new bar (tick = 6393) (period = 1 / symbol = EURJPY_)
[2019.02.07 21:02:04 / lib_ea.mqh:126]
price_Close_Latest >= ibands_1S_Plus (close = 124.404) (BB.-1 = 124.3999500412549) (2019.02.07 14:01)
[2019.02.07 21:02:04 / ea_44_5.3_2_down-down-buy.mq4:147]
detect_DownDown_Buy() => false) (period = 1 / symbol = EURJPY_)
[2019.02.07 21:03:04 / ea_44_5.3_2_down-down-buy.mq4:125]
new bar (tick = 6664) (period = 1 / symbol = EURJPY_)
[2019.02.07 21:03:04 / lib_ea.mqh:181]
detect_DownDown_Buy() ==> true (datetime = 2019.02.07 14:02)
[2019.02.07 21:03:04 / ea_44_5.3_2_down-down-buy.mq4:147]
detect_DownDown_Buy() => true) (period = 1 / symbol = EURJPY_)
[2019.02.07 21:03:04 / lib_ea.mqh:250][lib_ea.mqh:227] Level_TakeProfit => 124.463 / Level_StopLoss => 124.363
Point = 0.001
Bid = 124.393
MyPoint * 10 * _TheTakeProfit = 0.07000000000000001
MyPoint * 10 * _TheStopLoss = 0.03
_TheTakeProfit = 7
_TheStopLoss = 3
[2019.02.07 21:03:04 / lib_ea.mqh:279]
-------------------------------- [new order : buy_DownDown_Buy]
order id = 5245676
[2019.02.07 21:03:04 / lib_ea.mqh:384][lib_ea.mqh:361] Level_TakeProfit => 124.335 / Level_StopLoss => 124.435
Point = 0.001
Bid = 124.405
MyPoint * 10 * _TheTakeProfit = 0.07000000000000001
MyPoint * 10 * _TheStopLoss = 0.03
_TheTakeProfit = 7
_TheStopLoss = 3
[2019.02.07 21:03:04 / lib_ea.mqh:412]
-------------------------------- [new order : buy_DownDown_Sell]
order id = 5245678
[2019.02.07 21:04:03 / ea_44_5.3_2_down-down-buy.mq4:125]
new bar (tick = 7140) (period = 1 / symbol = EURJPY_)
[2019.02.07 21:04:03 / lib_ea.mqh:181]
detect_DownDown_Buy() ==> true (datetime = 2019.02.07 14:03)
[2019.02.07 21:04:03 / ea_44_5.3_2_down-down-buy.mq4:147]
detect_DownDown_Buy() => true) (period = 1 / symbol = EURJPY_)
[2019.02.07 21:04:03 / lib_ea.mqh:250][lib_ea.mqh:227] Level_TakeProfit => 124.455 / Level_StopLoss => 124.355
Point = 0.001
Bid = 124.385
MyPoint * 10 * _TheTakeProfit = 0.07000000000000001
MyPoint * 10 * _TheStopLoss = 0.03
_TheTakeProfit = 7
_TheStopLoss = 3
[2019.02.07 21:04:03 / lib_ea.mqh:279]
-------------------------------- [new order : buy_DownDown_Buy]
order id = 5245685
[2019.02.07 21:04:03 / lib_ea.mqh:384][lib_ea.mqh:361] Level_TakeProfit => 124.327 / Level_StopLoss => 124.427
Point = 0.001
Bid = 124.397
MyPoint * 10 * _TheTakeProfit = 0.07000000000000001
MyPoint * 10 * _TheStopLoss = 0.03
_TheTakeProfit = 7
_TheStopLoss = 3
[2019.02.07 21:04:03 / lib_ea.mqh:412]
-------------------------------- [new order : buy_DownDown_Sell]
order id = 5245687
[2019.02.07 21:05:03 / ea_44_5.3_2_down-down-buy.mq4:125]
new bar (tick = 7526) (period = 1 / symbol = EURJPY_)
[2019.02.07 21:05:03 / lib_ea.mqh:86]
diff_Latest >= 0 (0.004000000000004889) (2019.02.07 14:04)
[2019.02.07 21:05:03 / ea_44_5.3_2_down-down-buy.mq4:147]
detect_DownDown_Buy() => false) (period = 1 / symbol = EURJPY_)
[2019.02.07 21:06:03 / ea_44_5.3_2_down-down-buy.mq4:125]
new bar (tick = 7871) (period = 1 / symbol = EURJPY_)
[2019.02.07 21:06:03 / lib_ea.mqh:162]
diff_SecondLatest >= 0 (diff = 0.004000000000004889)(2019.02.07 14:04)
[2019.02.07 21:06:03 / ea_44_5.3_2_down-down-buy.mq4:147]
detect_DownDown_Buy() => false) (period = 1 / symbol = EURJPY_)
[2019.02.07 21:07:04 / ea_44_5.3_2_down-down-buy.mq4:125]
new bar (tick = 8103) (period = 1 / symbol = EURJPY_)
[2019.02.07 21:07:04 / lib_ea.mqh:181]
detect_DownDown_Buy() ==> true (datetime = 2019.02.07 14:06)
[2019.02.07 21:07:04 / ea_44_5.3_2_down-down-buy.mq4:147]
detect_DownDown_Buy() => true) (period = 1 / symbol = EURJPY_)
[2019.02.07 21:07:04 / lib_ea.mqh:250][lib_ea.mqh:227] Level_TakeProfit => 124.427 / Level_StopLoss => 124.327
Point = 0.001
Bid = 124.357
MyPoint * 10 * _TheTakeProfit = 0.07000000000000001
MyPoint * 10 * _TheStopLoss = 0.03
_TheTakeProfit = 7
_TheStopLoss = 3
[2019.02.07 21:07:04 / lib_ea.mqh:279]
-------------------------------- [new order : buy_DownDown_Buy]
order id = 5245696
[2019.02.07 21:07:04 / lib_ea.mqh:384][lib_ea.mqh:361] Level_TakeProfit => 124.298 / Level_StopLoss => 124.398
Point = 0.001
Bid = 124.368
MyPoint * 10 * _TheTakeProfit = 0.07000000000000001
MyPoint * 10 * _TheStopLoss = 0.03
_TheTakeProfit = 7
_TheStopLoss = 3
[2019.02.07 21:07:04 / lib_ea.mqh:412]
-------------------------------- [new order : buy_DownDown_Sell]
order id = 5245700
[2019.02.07 21:08:04 / ea_44_5.3_2_down-down-buy.mq4:125]
new bar (tick = 8367) (period = 1 / symbol = EURJPY_)
[2019.02.07 21:08:04 / lib_ea.mqh:86]
diff_Latest >= 0 (0.003999999999990678) (2019.02.07 14:07)
[2019.02.07 21:08:04 / ea_44_5.3_2_down-down-buy.mq4:147]
detect_DownDown_Buy() => false) (period = 1 / symbol = EURJPY_)
[2019.02.07 21:09:03 / ea_44_5.3_2_down-down-buy.mq4:125]
new bar (tick = 8684) (period = 1 / symbol = EURJPY_)
[2019.02.07 21:09:03 / lib_ea.mqh:86]
diff_Latest >= 0 (0.02400000000000091) (2019.02.07 14:08)
[2019.02.07 21:09:03 / ea_44_5.3_2_down-down-buy.mq4:147]
detect_DownDown_Buy() => false) (period = 1 / symbol = EURJPY_)
[2019.02.07 21:10:03 / ea_44_5.3_2_down-down-buy.mq4:125]
new bar (tick = 8920) (period = 1 / symbol = EURJPY_)
[2019.02.07 21:10:03 / lib_ea.mqh:126]
price_Close_Latest >= ibands_1S_Plus (close = 124.376) (BB.-1 = 124.3751479268999) (2019.02.07 14:09)
[2019.02.07 21:10:03 / ea_44_5.3_2_down-down-buy.mq4:147]
detect_DownDown_Buy() => false) (period = 1 / symbol = EURJPY_)
[2019.02.07 21:11:03 / ea_44_5.3_2_down-down-buy.mq4:125]
new bar (tick = 9270) (period = 1 / symbol = EURJPY_)
[2019.02.07 21:11:03 / lib_ea.mqh:86]
diff_Latest >= 0 (0.003000000000000114) (2019.02.07 14:10)
[2019.02.07 21:11:03 / ea_44_5.3_2_down-down-buy.mq4:147]
detect_DownDown_Buy() => false) (period = 1 / symbol = EURJPY_)
[2019.02.07 21:12:04 / ea_44_5.3_2_down-down-buy.mq4:125]
new bar (tick = 9638) (period = 1 / symbol = EURJPY_)
[2019.02.07 21:12:04 / lib_ea.mqh:86]
diff_Latest >= 0 (0.04099999999999682) (2019.02.07 14:11)
[2019.02.07 21:12:04 / ea_44_5.3_2_down-down-buy.mq4:147]
detect_DownDown_Buy() => false) (period = 1 / symbol = EURJPY_)
[2019.02.07 21:13:05 / ea_44_5.3_2_down-down-buy.mq4:125]
new bar (tick = 9979) (period = 1 / symbol = EURJPY_)
[2019.02.07 21:13:05 / lib_ea.mqh:86]
diff_Latest >= 0 (0.007999999999995566) (2019.02.07 14:12)
[2019.02.07 21:13:05 / ea_44_5.3_2_down-down-buy.mq4:147]
detect_DownDown_Buy() => false) (period = 1 / symbol = EURJPY_)
[2019.02.07 21:14:04 / ea_44_5.3_2_down-down-buy.mq4:125]
new bar (tick = 10378) (period = 1 / symbol = EURJPY_)
[2019.02.07 21:14:04 / lib_ea.mqh:126]
price_Close_Latest >= ibands_1S_Plus (close = 124.385) (BB.-1 = 124.37624169029) (2019.02.07 14:13)
[2019.02.07 21:14:04 / ea_44_5.3_2_down-down-buy.mq4:147]
detect_DownDown_Buy() => false) (period = 1 / symbol = EURJPY_)
[2019.02.07 21:15:03 / ea_44_5.3_2_down-down-buy.mq4:125]
new bar (tick = 10693) (period = 1 / symbol = EURJPY_)
[2019.02.07 21:15:03 / lib_ea.mqh:126]
price_Close_Latest >= ibands_1S_Plus (close = 124.379) (BB.-1 = 124.374678055069) (2019.02.07 14:14)
[2019.02.07 21:15:03 / ea_44_5.3_2_down-down-buy.mq4:147]
detect_DownDown_Buy() => false) (period = 1 / symbol = EURJPY_)
[2019.02.07 21:16:03 / ea_44_5.3_2_down-down-buy.mq4:125]
new bar (tick = 11021) (period = 1 / symbol = EURJPY_)
[2019.02.07 21:16:03 / lib_ea.mqh:181]
detect_DownDown_Buy() ==> true (datetime = 2019.02.07 14:15)
[2019.02.07 21:16:03 / ea_44_5.3_2_down-down-buy.mq4:147]
detect_DownDown_Buy() => true) (period = 1 / symbol = EURJPY_)
[2019.02.07 21:16:03 / lib_ea.mqh:250][lib_ea.mqh:227] Level_TakeProfit => 124.427 / Level_StopLoss => 124.327
Point = 0.001
Bid = 124.357
MyPoint * 10 * _TheTakeProfit = 0.07000000000000001
MyPoint * 10 * _TheStopLoss = 0.03
_TheTakeProfit = 7
_TheStopLoss = 3
[2019.02.07 21:16:03 / lib_ea.mqh:279]
-------------------------------- [new order : buy_DownDown_Buy]
order id = 5245713
[2019.02.07 21:16:03 / lib_ea.mqh:384][lib_ea.mqh:361] Level_TakeProfit => 124.299 / Level_StopLoss => 124.399
Point = 0.001
Bid = 124.369
MyPoint * 10 * _TheTakeProfit = 0.07000000000000001
MyPoint * 10 * _TheStopLoss = 0.03
_TheTakeProfit = 7
_TheStopLoss = 3
[2019.02.07 21:16:04 / lib_ea.mqh:412]
-------------------------------- [new order : buy_DownDown_Sell]
order id = 5245715
[2019.02.07 21:17:04 / ea_44_5.3_2_down-down-buy.mq4:125]
new bar (tick = 11280) (period = 1 / symbol = EURJPY_)
[2019.02.07 21:17:04 / lib_ea.mqh:86]
diff_Latest >= 0 (0.02499999999999147) (2019.02.07 14:16)
[2019.02.07 21:17:04 / ea_44_5.3_2_down-down-buy.mq4:147]
detect_DownDown_Buy() => false) (period = 1 / symbol = EURJPY_)
[2019.02.07 21:18:03 / ea_44_5.3_2_down-down-buy.mq4:125]
new bar (tick = 11582) (period = 1 / symbol = EURJPY_)
[2019.02.07 21:18:03 / lib_ea.mqh:126]
price_Close_Latest >= ibands_1S_Plus (close = 124.379) (BB.-1 = 124.3702971054843) (2019.02.07 14:17)
[2019.02.07 21:18:03 / ea_44_5.3_2_down-down-buy.mq4:147]
detect_DownDown_Buy() => false) (period = 1 / symbol = EURJPY_)
[2019.02.07 21:19:03 / ea_44_5.3_2_down-down-buy.mq4:125]
new bar (tick = 11831) (period = 1 / symbol = EURJPY_)
[2019.02.07 21:19:03 / lib_ea.mqh:86]
diff_Latest >= 0 (0.01399999999999579) (2019.02.07 14:18)
[2019.02.07 21:19:03 / ea_44_5.3_2_down-down-buy.mq4:147]
detect_DownDown_Buy() => false) (period = 1 / symbol = EURJPY_)
[2019.02.07 21:20:04 / ea_44_5.3_2_down-down-buy.mq4:125]
new bar (tick = 12068) (period = 1 / symbol = EURJPY_)
[2019.02.07 21:20:04 / lib_ea.mqh:86]
diff_Latest >= 0 (0.007999999999995566) (2019.02.07 14:19)
[2019.02.07 21:20:04 / ea_44_5.3_2_down-down-buy.mq4:147]
detect_DownDown_Buy() => false) (period = 1 / symbol = EURJPY_)
[2019.02.07 21:21:03 / ea_44_5.3_2_down-down-buy.mq4:125]
new bar (tick = 12515) (period = 1 / symbol = EURJPY_)
[2019.02.07 21:21:03 / lib_ea.mqh:86]
diff_Latest >= 0 (0.0519999999999925) (2019.02.07 14:20)
[2019.02.07 21:21:03 / ea_44_5.3_2_down-down-buy.mq4:147]
detect_DownDown_Buy() => false) (period = 1 / symbol = EURJPY_)
[2019.02.07 21:22:03 / ea_44_5.3_2_down-down-buy.mq4:125]
new bar (tick = 12810) (period = 1 / symbol = EURJPY_)
[2019.02.07 21:22:03 / lib_ea.mqh:86]
diff_Latest >= 0 (0.005000000000009663) (2019.02.07 14:21)
[2019.02.07 21:22:03 / ea_44_5.3_2_down-down-buy.mq4:147]
detect_DownDown_Buy() => false) (period = 1 / symbol = EURJPY_)
[2019.02.07 21:23:04 / ea_44_5.3_2_down-down-buy.mq4:125]
new bar (tick = 13127) (period = 1 / symbol = EURJPY_)
[2019.02.07 21:23:04 / lib_ea.mqh:86]
diff_Latest >= 0 (0.004999999999995453) (2019.02.07 14:22)
[2019.02.07 21:23:04 / ea_44_5.3_2_down-down-buy.mq4:147]
detect_DownDown_Buy() => false) (period = 1 / symbol = EURJPY_)
[2019.02.07 21:24:03 / ea_44_5.3_2_down-down-buy.mq4:125]
new bar (tick = 13359) (period = 1 / symbol = EURJPY_)
[2019.02.07 21:24:03 / lib_ea.mqh:126]
price_Close_Latest >= ibands_1S_Plus (close = 124.461) (BB.-1 = 124.3660717444702) (2019.02.07 14:23)
[2019.02.07 21:24:03 / ea_44_5.3_2_down-down-buy.mq4:147]
detect_DownDown_Buy() => false) (period = 1 / symbol = EURJPY_)
[2019.02.07 21:25:04 / ea_44_5.3_2_down-down-buy.mq4:125]
new bar (tick = 13558) (period = 1 / symbol = EURJPY_)
[2019.02.07 21:25:04 / lib_ea.mqh:126]
price_Close_Latest >= ibands_1S_Plus (close = 124.447) (BB.-1 = 124.3673362350637) (2019.02.07 14:24)
[2019.02.07 21:25:04 / ea_44_5.3_2_down-down-buy.mq4:147]
detect_DownDown_Buy() => false) (period = 1 / symbol = EURJPY_)
[2019.02.07 21:26:04 / ea_44_5.3_2_down-down-buy.mq4:125]
new bar (tick = 13787) (period = 1 / symbol = EURJPY_)
[2019.02.07 21:26:04 / lib_ea.mqh:126]
price_Close_Latest >= ibands_1S_Plus (close = 124.441) (BB.-1 = 124.3709007735674) (2019.02.07 14:25)
[2019.02.07 21:26:04 / ea_44_5.3_2_down-down-buy.mq4:147]
detect_DownDown_Buy() => false) (period = 1 / symbol = EURJPY_)
[2019.02.07 21:27:03 / ea_44_5.3_2_down-down-buy.mq4:125]
new bar (tick = 13991) (period = 1 / symbol = EURJPY_)
[2019.02.07 21:27:03 / lib_ea.mqh:86]
diff_Latest >= 0 (0.01800000000000068) (2019.02.07 14:26)
[2019.02.07 21:27:03 / ea_44_5.3_2_down-down-buy.mq4:147]
detect_DownDown_Buy() => false) (period = 1 / symbol = EURJPY_)
[2019.02.07 21:28:04 / ea_44_5.3_2_down-down-buy.mq4:125]
new bar (tick = 14292) (period = 1 / symbol = EURJPY_)
[2019.02.07 21:28:04 / lib_ea.mqh:126]
price_Close_Latest >= ibands_1S_Plus (close = 124.461) (BB.-1 = 124.3806557858839) (2019.02.07 14:27)
[2019.02.07 21:28:04 / ea_44_5.3_2_down-down-buy.mq4:147]
detect_DownDown_Buy() => false) (period = 1 / symbol = EURJPY_)
[2019.02.07 21:29:04 / ea_44_5.3_2_down-down-buy.mq4:125]
new bar (tick = 14538) (period = 1 / symbol = EURJPY_)
[2019.02.07 21:29:04 / lib_ea.mqh:126]
price_Close_Latest >= ibands_1S_Plus (close = 124.435) (BB.-1 = 124.3832180385493) (2019.02.07 14:28)
[2019.02.07 21:29:04 / ea_44_5.3_2_down-down-buy.mq4:147]
detect_DownDown_Buy() => false) (period = 1 / symbol = EURJPY_)
[2019.02.07 21:30:03 / ea_44_5.3_2_down-down-buy.mq4:125]
new bar (tick = 14717) (period = 1 / symbol = EURJPY_)
[2019.02.07 21:30:03 / lib_ea.mqh:86]
diff_Latest >= 0 (0.004999999999995453) (2019.02.07 14:29)
[2019.02.07 21:30:03 / ea_44_5.3_2_down-down-buy.mq4:147]
detect_DownDown_Buy() => false) (period = 1 / symbol = EURJPY_)
[2019.02.07 21:31:04 / ea_44_5.3_2_down-down-buy.mq4:125]
new bar (tick = 14957) (period = 1 / symbol = EURJPY_)
[2019.02.07 21:31:04 / lib_ea.mqh:86]
diff_Latest >= 0 (0.01000000000000512) (2019.02.07 14:30)
[2019.02.07 21:31:04 / ea_44_5.3_2_down-down-buy.mq4:147]
detect_DownDown_Buy() => false) (period = 1 / symbol = EURJPY_)
[2019.02.07 21:32:04 / ea_44_5.3_2_down-down-buy.mq4:125]
new bar (tick = 15175) (period = 1 / symbol = EURJPY_)
[2019.02.07 21:32:04 / lib_ea.mqh:86]
diff_Latest >= 0 (0.01200000000000045) (2019.02.07 14:31)
[2019.02.07 21:32:04 / ea_44_5.3_2_down-down-buy.mq4:147]
detect_DownDown_Buy() => false) (period = 1 / symbol = EURJPY_)
[2019.02.07 21:33:05 / ea_44_5.3_2_down-down-buy.mq4:125]
new bar (tick = 15506) (period = 1 / symbol = EURJPY_)
[2019.02.07 21:33:05 / lib_ea.mqh:126]
price_Close_Latest >= ibands_1S_Plus (close = 124.459) (BB.-1 = 124.3940270219861) (2019.02.07 14:32)
[2019.02.07 21:33:05 / ea_44_5.3_2_down-down-buy.mq4:147]
detect_DownDown_Buy() => false) (period = 1 / symbol = EURJPY_)
[2019.02.07 21:34:08 / ea_44_5.3_2_down-down-buy.mq4:125]
new bar (tick = 15776) (period = 1 / symbol = EURJPY_)
[2019.02.07 21:34:08 / lib_ea.mqh:86]
diff_Latest >= 0 (0.004999999999995453) (2019.02.07 14:33)
[2019.02.07 21:34:08 / ea_44_5.3_2_down-down-buy.mq4:147]
detect_DownDown_Buy() => false) (period = 1 / symbol = EURJPY_)
[2019.02.07 21:35:03 / ea_44_5.3_2_down-down-buy.mq4:125]
new bar (tick = 16028) (period = 1 / symbol = EURJPY_)
[2019.02.07 21:35:03 / lib_ea.mqh:126]
price_Close_Latest >= ibands_1S_Plus (close = 124.456) (BB.-1 = 124.4045478549866) (2019.02.07 14:34)
[2019.02.07 21:35:03 / ea_44_5.3_2_down-down-buy.mq4:147]
detect_DownDown_Buy() => false) (period = 1 / symbol = EURJPY_)
[2019.02.07 21:36:03 / ea_44_5.3_2_down-down-buy.mq4:125]
new bar (tick = 16293) (period = 1 / symbol = EURJPY_)
[2019.02.07 21:36:03 / lib_ea.mqh:126]
price_Close_Latest >= ibands_1S_Plus (close = 124.444) (BB.-1 = 124.4137854399263) (2019.02.07 14:35)
[2019.02.07 21:36:03 / ea_44_5.3_2_down-down-buy.mq4:147]
detect_DownDown_Buy() => false) (period = 1 / symbol = EURJPY_)
[2019.02.07 21:37:03 / ea_44_5.3_2_down-down-buy.mq4:125]
new bar (tick = 16572) (period = 1 / symbol = EURJPY_)
[2019.02.07 21:37:03 / lib_ea.mqh:86]
diff_Latest >= 0 (0.01400000000001) (2019.02.07 14:36)
[2019.02.07 21:37:03 / ea_44_5.3_2_down-down-buy.mq4:147]
detect_DownDown_Buy() => false) (period = 1 / symbol = EURJPY_)
[2019.02.07 21:38:03 / ea_44_5.3_2_down-down-buy.mq4:125]
new bar (tick = 16799) (period = 1 / symbol = EURJPY_)
[2019.02.07 21:38:03 / lib_ea.mqh:126]
price_Close_Latest >= ibands_1S_Plus (close = 124.448) (BB.-1 = 124.4289972150604) (2019.02.07 14:37)
[2019.02.07 21:38:03 / ea_44_5.3_2_down-down-buy.mq4:147]
detect_DownDown_Buy() => false) (period = 1 / symbol = EURJPY_)
[2019.02.07 21:39:04 / ea_44_5.3_2_down-down-buy.mq4:125]
new bar (tick = 16934) (period = 1 / symbol = EURJPY_)
[2019.02.07 21:39:04 / lib_ea.mqh:86]
diff_Latest >= 0 (0.01500000000000057) (2019.02.07 14:38)
[2019.02.07 21:39:04 / ea_44_5.3_2_down-down-buy.mq4:147]
detect_DownDown_Buy() => false) (period = 1 / symbol = EURJPY_)
[2019.02.07 21:40:05 / ea_44_5.3_2_down-down-buy.mq4:125]
new bar (tick = 17147) (period = 1 / symbol = EURJPY_)
[2019.02.07 21:40:05 / lib_ea.mqh:126]
price_Close_Latest >= ibands_1S_Plus (close = 124.446) (BB.-1 = 124.4446534923021) (2019.02.07 14:39)
[2019.02.07 21:40:05 / ea_44_5.3_2_down-down-buy.mq4:147]
detect_DownDown_Buy() => false) (period = 1 / symbol = EURJPY_)
[2019.02.07 21:41:03 / ea_44_5.3_2_down-down-buy.mq4:125]
new bar (tick = 17306) (period = 1 / symbol = EURJPY_)
[2019.02.07 21:41:03 / lib_ea.mqh:86]
diff_Latest >= 0 (0.006000000000000227) (2019.02.07 14:40)
[2019.02.07 21:41:03 / ea_44_5.3_2_down-down-buy.mq4:147]
detect_DownDown_Buy() => false) (period = 1 / symbol = EURJPY_)
[2019.02.07 21:42:03 / ea_44_5.3_2_down-down-buy.mq4:125]
new bar (tick = 17453) (period = 1 / symbol = EURJPY_)
[2019.02.07 21:42:03 / lib_ea.mqh:86]
diff_Latest >= 0 (0.01000000000000512) (2019.02.07 14:41)
[2019.02.07 21:42:03 / ea_44_5.3_2_down-down-buy.mq4:147]
detect_DownDown_Buy() => false) (period = 1 / symbol = EURJPY_)
[2019.02.07 21:43:03 / ea_44_5.3_2_down-down-buy.mq4:125]
new bar (tick = 17799) (period = 1 / symbol = EURJPY_)
[2019.02.07 21:43:03 / lib_ea.mqh:162]
diff_SecondLatest >= 0 (diff = 0.01000000000000512)(2019.02.07 14:41)
[2019.02.07 21:43:03 / ea_44_5.3_2_down-down-buy.mq4:147]
detect_DownDown_Buy() => false) (period = 1 / symbol = EURJPY_)
