[2019.02.01 13:49:48 / ea_Exp_1__TrailingStop.mq4:698]
Num (string): 0.12345678
Num (NormalizeDouble, 2): 0.12
Digits() : 3
Point : 0.001

[2019.02.01 13:49:48 / ea_Exp_1__TrailingStop.mq4:717]
OP_BUY : 0
OP_SELL : 1

[2019.02.01 13:49:48 / ea_Exp_1__TrailingStop.mq4:755]
Level_TakeProfit => 124.603 / Level_StopLoss => 124.503
Point = 0.001
Bid = 124.533
MyPoint * 10 * _TheTakeProfit (NormalizeDouble, digits=2) = 0
MyPoint * 10 * _TheStopLoss (NormalizeDouble, digits=2) = 0
_TheTakeProfit = 0.07000000000000001
_TheStopLoss = 0.03
[2019.02.01 13:49:48 / ea_Exp_1__TrailingStop.mq4:799]
Point (USDJPY) = 0.001

Point (EURJPY) = 0.001

Point (EURUSD) = 0.001

[2019.02.01 13:49:48 / ea_Exp_1__TrailingStop.mq4:838]
show_OrderData()----------------

OrdersTotal : 1

