[2019.01.29 17:37:48 / ea_Exp_1__TrailingStop.mq4:327]
Num (string): 0.12345678
Num (NormalizeDouble, 2): 0.12
Digits() : 3
Point : 0.001

[2019.01.29 17:37:48 / ea_Exp_1__TrailingStop.mq4:364]
Level_TakeProfit => 125.111 / Level_StopLoss => 125.011
Point = 0.001
Bid = 125.041
MyPoint * 10 * _TheTakeProfit (NormalizeDouble, digits=2) = 0
MyPoint * 10 * _TheStopLoss (NormalizeDouble, digits=2) = 0
_TheTakeProfit = 0.07000000000000001
_TheStopLoss = 0.03
[2019.01.29 17:37:48 / ea_Exp_1__TrailingStop.mq4:408]
Point (USDJPY) = 0.001

Point (EURJPY) = 0.001

Point (EURUSD) = 0.001

[2019.01.29 17:37:48 / ea_Exp_1__TrailingStop.mq4:447]
show_OrderData()----------------

OrdersTotal : 0

[2019.01.29 17:38:00 / ea_Exp_1__TrailingStop.mq4:130]
new bar (tick = 32) (period = 1 / symbol = EURJPY_)
[2019.01.29 17:38:00 / ea_Exp_1__TrailingStop.mq4:237]
flg_OrderOpened == false

[2019.01.29 17:38:00 / ea_Exp_1__TrailingStop.mq4:170]
diff_Latest >= 0 (0.01200000000000045) (2019.01.29 10:37)
[2019.01.29 17:38:59 / ea_Exp_1__TrailingStop.mq4:130]
new bar (tick = 235) (period = 1 / symbol = EURJPY_)
[2019.01.29 17:38:59 / ea_Exp_1__TrailingStop.mq4:237]
flg_OrderOpened == false

[2019.01.29 17:38:59 / ea_Exp_1__TrailingStop.mq4:170]
diff_Latest >= 0 (0.02799999999999159) (2019.01.29 10:38)
[2019.01.29 17:39:59 / ea_Exp_1__TrailingStop.mq4:130]
new bar (tick = 498) (period = 1 / symbol = EURJPY_)
[2019.01.29 17:39:59 / ea_Exp_1__TrailingStop.mq4:237]
flg_OrderOpened == false

[2019.01.29 17:39:59 / ea_Exp_1__TrailingStop.mq4:170]
diff_Latest >= 0 (0.02200000000000557) (2019.01.29 10:39)
[2019.01.29 17:41:01 / ea_Exp_1__TrailingStop.mq4:130]
new bar (tick = 961) (period = 1 / symbol = EURJPY_)
[2019.01.29 17:41:01 / ea_Exp_1__TrailingStop.mq4:237]
flg_OrderOpened == false

[2019.01.29 17:41:01 / ea_Exp_1__TrailingStop.mq4:170]
diff_Latest >= 0 (0.01999999999999602) (2019.01.29 10:40)
[2019.01.29 17:41:59 / ea_Exp_1__TrailingStop.mq4:130]
new bar (tick = 1273) (period = 1 / symbol = EURJPY_)
[2019.01.29 17:41:59 / ea_Exp_1__TrailingStop.mq4:237]
flg_OrderOpened == false

[2019.01.29 17:41:59 / ea_Exp_1__TrailingStop.mq4:170]
diff_Latest >= 0 (0.03000000000000114) (2019.01.29 10:41)
[2019.01.29 17:43:00 / ea_Exp_1__TrailingStop.mq4:130]
new bar (tick = 1605) (period = 1 / symbol = EURJPY_)
[2019.01.29 17:43:00 / ea_Exp_1__TrailingStop.mq4:237]
flg_OrderOpened == false

[2019.01.29 17:43:00 / ea_Exp_1__TrailingStop.mq4:187]
diff_Latest < 0 (-0.01999999999999602) (2019.01.29 10:42)
[2019.01.29 17:44:00 / ea_Exp_1__TrailingStop.mq4:130]
new bar (tick = 1979) (period = 1 / symbol = EURJPY_)
[2019.01.29 17:44:00 / ea_Exp_1__TrailingStop.mq4:237]
flg_OrderOpened == false

[2019.01.29 17:44:00 / ea_Exp_1__TrailingStop.mq4:187]
diff_Latest < 0 (-0.009000000000000341) (2019.01.29 10:43)
[2019.01.29 17:45:01 / ea_Exp_1__TrailingStop.mq4:130]
new bar (tick = 2239) (period = 1 / symbol = EURJPY_)
[2019.01.29 17:45:01 / ea_Exp_1__TrailingStop.mq4:237]
flg_OrderOpened == false

[2019.01.29 17:45:01 / ea_Exp_1__TrailingStop.mq4:187]
diff_Latest < 0 (-0.007000000000005002) (2019.01.29 10:44)
