[2019.02.01 13:28:11 / ea_Exp_1__TrailingStop.mq4:654]
Num (string): 0.12345678
Num (NormalizeDouble, 2): 0.12
Digits() : 3
Point : 0.001

[2019.02.01 13:28:11 / ea_Exp_1__TrailingStop.mq4:673]
OP_BUY : 0
OP_SELL : 1

[2019.02.01 13:28:11 / ea_Exp_1__TrailingStop.mq4:711]
Level_TakeProfit => 124.628 / Level_StopLoss => 124.528
Point = 0.001
Bid = 124.558
MyPoint * 10 * _TheTakeProfit (NormalizeDouble, digits=2) = 0
MyPoint * 10 * _TheStopLoss (NormalizeDouble, digits=2) = 0
_TheTakeProfit = 0.07000000000000001
_TheStopLoss = 0.03
[2019.02.01 13:28:11 / ea_Exp_1__TrailingStop.mq4:755]
Point (USDJPY) = 0.001

Point (EURJPY) = 0.001

Point (EURUSD) = 0.001

[2019.02.01 13:28:11 / ea_Exp_1__TrailingStop.mq4:794]
show_OrderData()----------------

OrdersTotal : 0

[2019.02.01 13:29:02 / ea_Exp_1__TrailingStop.mq4:134]
new bar (tick = 80) (period = 1 / symbol = EURJPY_)
[2019.02.01 13:29:02 / ea_Exp_1__TrailingStop.mq4:217]
//test_TrailingStop ------------------

[2019.02.01 13:29:02 / ea_Exp_1__TrailingStop.mq4:424]
diff_Latest ==> UP (0.015)

[2019.02.01 13:29:02 / ea_Exp_1__TrailingStop.mq4:454]
(j3 : Y : 1) num_Ticket (buy) : 5232261

[2019.02.01 13:29:02 / ea_Exp_1__TrailingStop.mq4:172]
diff_Latest >= 0 (0.01500000000000057) (2019.02.01 06:28)
[2019.02.01 13:30:01 / ea_Exp_1__TrailingStop.mq4:134]
new bar (tick = 155) (period = 1 / symbol = EURJPY_)
[2019.02.01 13:30:01 / ea_Exp_1__TrailingStop.mq4:217]
//test_TrailingStop ------------------

[2019.02.01 13:30:01 / ea_Exp_1__TrailingStop.mq4:239]
OrdersTotal() >= 1 (total =1)

[2019.02.01 13:30:01 / ea_Exp_1__TrailingStop.mq4:299]
Order selected : 5232261
OrderType() = 0 / OP_BUY
OrderOpenPrice() = 124.582
OrderClosePrice() = 124.558
OrderTakeProfit() = 124.613
OrderStopLoss() = 124.553
Close - SL = 0.005000000000009663

[2019.02.01 13:30:01 / ea_Exp_1__TrailingStop.mq4:322]
TrailingStop_Threshold : 124.593

price_Close : 124.558

Close - Threshold : -0.03499999999999659


[2019.02.01 13:30:01 / ea_Exp_1__TrailingStop.mq4:189]
diff_Latest < 0 (-0.01399999999999579) (2019.02.01 06:29)
[2019.02.01 13:31:16 / ea_Exp_1__TrailingStop.mq4:134]
new bar (tick = 201) (period = 1 / symbol = EURJPY_)
[2019.02.01 13:31:16 / ea_Exp_1__TrailingStop.mq4:217]
//test_TrailingStop ------------------

[2019.02.01 13:31:16 / ea_Exp_1__TrailingStop.mq4:239]
OrdersTotal() >= 1 (total =1)

[2019.02.01 13:31:16 / ea_Exp_1__TrailingStop.mq4:299]
Order selected : 5232261
OrderType() = 0 / OP_BUY
OrderOpenPrice() = 124.582
OrderClosePrice() = 124.558
OrderTakeProfit() = 124.613
OrderStopLoss() = 124.553
Close - SL = 0.005000000000009663

[2019.02.01 13:31:16 / ea_Exp_1__TrailingStop.mq4:322]
TrailingStop_Threshold : 124.593

price_Close : 124.558

Close - Threshold : -0.03499999999999659


[2019.02.01 13:31:16 / ea_Exp_1__TrailingStop.mq4:172]
diff_Latest >= 0 (0) (2019.02.01 06:30)
[2019.02.01 13:32:01 / ea_Exp_1__TrailingStop.mq4:134]
new bar (tick = 296) (period = 1 / symbol = EURJPY_)
[2019.02.01 13:32:01 / ea_Exp_1__TrailingStop.mq4:217]
//test_TrailingStop ------------------

[2019.02.01 13:32:01 / ea_Exp_1__TrailingStop.mq4:239]
OrdersTotal() >= 1 (total =1)

[2019.02.01 13:32:01 / ea_Exp_1__TrailingStop.mq4:299]
Order selected : 5232261
OrderType() = 0 / OP_BUY
OrderOpenPrice() = 124.582
OrderClosePrice() = 124.569
OrderTakeProfit() = 124.613
OrderStopLoss() = 124.553
Close - SL = 0.01600000000000534

[2019.02.01 13:32:01 / ea_Exp_1__TrailingStop.mq4:322]
TrailingStop_Threshold : 124.593

price_Close : 124.569

Close - Threshold : -0.02400000000000091


[2019.02.01 13:32:01 / ea_Exp_1__TrailingStop.mq4:172]
diff_Latest >= 0 (0.01099999999999568) (2019.02.01 06:31)
[2019.02.01 13:33:01 / ea_Exp_1__TrailingStop.mq4:134]
new bar (tick = 391) (period = 1 / symbol = EURJPY_)
[2019.02.01 13:33:01 / ea_Exp_1__TrailingStop.mq4:217]
//test_TrailingStop ------------------

[2019.02.01 13:33:01 / ea_Exp_1__TrailingStop.mq4:239]
OrdersTotal() >= 1 (total =1)

[2019.02.01 13:33:01 / ea_Exp_1__TrailingStop.mq4:299]
Order selected : 5232261
OrderType() = 0 / OP_BUY
OrderOpenPrice() = 124.582
OrderClosePrice() = 124.575
OrderTakeProfit() = 124.613
OrderStopLoss() = 124.553
Close - SL = 0.02200000000000557

[2019.02.01 13:33:01 / ea_Exp_1__TrailingStop.mq4:322]
TrailingStop_Threshold : 124.593

price_Close : 124.575

Close - Threshold : -0.01800000000000068


[2019.02.01 13:33:01 / ea_Exp_1__TrailingStop.mq4:172]
diff_Latest >= 0 (0.007000000000005002) (2019.02.01 06:32)
[2019.02.01 13:34:02 / ea_Exp_1__TrailingStop.mq4:134]
new bar (tick = 443) (period = 1 / symbol = EURJPY_)
[2019.02.01 13:34:02 / ea_Exp_1__TrailingStop.mq4:217]
//test_TrailingStop ------------------

[2019.02.01 13:34:02 / ea_Exp_1__TrailingStop.mq4:239]
OrdersTotal() >= 1 (total =1)

[2019.02.01 13:34:02 / ea_Exp_1__TrailingStop.mq4:299]
Order selected : 5232261
OrderType() = 0 / OP_BUY
OrderOpenPrice() = 124.582
OrderClosePrice() = 124.572
OrderTakeProfit() = 124.613
OrderStopLoss() = 124.553
Close - SL = 0.01900000000000546

[2019.02.01 13:34:02 / ea_Exp_1__TrailingStop.mq4:322]
TrailingStop_Threshold : 124.593

price_Close : 124.572

Close - Threshold : -0.0210000000000008


[2019.02.01 13:34:02 / ea_Exp_1__TrailingStop.mq4:189]
diff_Latest < 0 (-0.003000000000000114) (2019.02.01 06:33)
[2019.02.01 13:35:01 / ea_Exp_1__TrailingStop.mq4:134]
new bar (tick = 483) (period = 1 / symbol = EURJPY_)
[2019.02.01 13:35:01 / ea_Exp_1__TrailingStop.mq4:217]
//test_TrailingStop ------------------

[2019.02.01 13:35:01 / ea_Exp_1__TrailingStop.mq4:239]
OrdersTotal() >= 1 (total =1)

[2019.02.01 13:35:01 / ea_Exp_1__TrailingStop.mq4:299]
Order selected : 5232261
OrderType() = 0 / OP_BUY
OrderOpenPrice() = 124.582
OrderClosePrice() = 124.561
OrderTakeProfit() = 124.613
OrderStopLoss() = 124.553
Close - SL = 0.008000000000009777

[2019.02.01 13:35:01 / ea_Exp_1__TrailingStop.mq4:322]
TrailingStop_Threshold : 124.593

price_Close : 124.561

Close - Threshold : -0.03199999999999648


[2019.02.01 13:35:01 / ea_Exp_1__TrailingStop.mq4:189]
diff_Latest < 0 (-0.009999999999990905) (2019.02.01 06:34)
[2019.02.01 13:36:03 / ea_Exp_1__TrailingStop.mq4:134]
new bar (tick = 545) (period = 1 / symbol = EURJPY_)
[2019.02.01 13:36:03 / ea_Exp_1__TrailingStop.mq4:217]
//test_TrailingStop ------------------

[2019.02.01 13:36:03 / ea_Exp_1__TrailingStop.mq4:239]
OrdersTotal() >= 1 (total =1)

[2019.02.01 13:36:03 / ea_Exp_1__TrailingStop.mq4:299]
Order selected : 5232261
OrderType() = 0 / OP_BUY
OrderOpenPrice() = 124.582
OrderClosePrice() = 124.565
OrderTakeProfit() = 124.613
OrderStopLoss() = 124.553
Close - SL = 0.01200000000000045

[2019.02.01 13:36:03 / ea_Exp_1__TrailingStop.mq4:322]
TrailingStop_Threshold : 124.593

price_Close : 124.565

Close - Threshold : -0.0280000000000058


[2019.02.01 13:36:03 / ea_Exp_1__TrailingStop.mq4:172]
diff_Latest >= 0 (0.004000000000004889) (2019.02.01 06:35)
[2019.02.01 13:37:05 / ea_Exp_1__TrailingStop.mq4:134]
new bar (tick = 594) (period = 1 / symbol = EURJPY_)
[2019.02.01 13:37:05 / ea_Exp_1__TrailingStop.mq4:217]
//test_TrailingStop ------------------

[2019.02.01 13:37:05 / ea_Exp_1__TrailingStop.mq4:483]
diff_Latest ==> DOWN (-0.009)

[2019.02.01 13:37:05 / ea_Exp_1__TrailingStop.mq4:524]
(j3 : N : 1) num_Ticket (sell) : 5232271

[2019.02.01 13:37:05 / ea_Exp_1__TrailingStop.mq4:189]
diff_Latest < 0 (-0.009000000000000341) (2019.02.01 06:36)
[2019.02.01 13:38:01 / ea_Exp_1__TrailingStop.mq4:134]
new bar (tick = 661) (period = 1 / symbol = EURJPY_)
[2019.02.01 13:38:01 / ea_Exp_1__TrailingStop.mq4:217]
//test_TrailingStop ------------------

[2019.02.01 13:38:01 / ea_Exp_1__TrailingStop.mq4:239]
OrdersTotal() >= 1 (total =1)

[2019.02.01 13:38:01 / ea_Exp_1__TrailingStop.mq4:299]
Order selected : 5232271
OrderType() = 1 / OP_SELL
OrderOpenPrice() = 124.553
OrderClosePrice() = 124.565
OrderTakeProfit() = 124.525
OrderStopLoss() = 124.585
Close - SL = -0.01999999999999602

[2019.02.01 13:38:01 / ea_Exp_1__TrailingStop.mq4:322]
TrailingStop_Threshold : 124.625

price_Close : 124.565

Close - Threshold : -0.06000000000000227


[2019.02.01 13:38:01 / ea_Exp_1__TrailingStop.mq4:189]
diff_Latest < 0 (-0.001999999999995339) (2019.02.01 06:37)
[2019.02.01 13:39:04 / ea_Exp_1__TrailingStop.mq4:134]
new bar (tick = 696) (period = 1 / symbol = EURJPY_)
[2019.02.01 13:39:04 / ea_Exp_1__TrailingStop.mq4:217]
//test_TrailingStop ------------------

[2019.02.01 13:39:04 / ea_Exp_1__TrailingStop.mq4:239]
OrdersTotal() >= 1 (total =1)

[2019.02.01 13:39:04 / ea_Exp_1__TrailingStop.mq4:299]
Order selected : 5232271
OrderType() = 1 / OP_SELL
OrderOpenPrice() = 124.553
OrderClosePrice() = 124.562
OrderTakeProfit() = 124.525
OrderStopLoss() = 124.585
Close - SL = -0.02299999999999613

[2019.02.01 13:39:04 / ea_Exp_1__TrailingStop.mq4:322]
TrailingStop_Threshold : 124.625

price_Close : 124.562

Close - Threshold : -0.06300000000000239


[2019.02.01 13:39:04 / ea_Exp_1__TrailingStop.mq4:189]
diff_Latest < 0 (-0.004000000000004889) (2019.02.01 06:38)
[2019.02.01 13:40:02 / ea_Exp_1__TrailingStop.mq4:134]
new bar (tick = 751) (period = 1 / symbol = EURJPY_)
[2019.02.01 13:40:02 / ea_Exp_1__TrailingStop.mq4:217]
//test_TrailingStop ------------------

[2019.02.01 13:40:02 / ea_Exp_1__TrailingStop.mq4:239]
OrdersTotal() >= 1 (total =1)

[2019.02.01 13:40:02 / ea_Exp_1__TrailingStop.mq4:299]
Order selected : 5232271
OrderType() = 1 / OP_SELL
OrderOpenPrice() = 124.553
OrderClosePrice() = 124.561
OrderTakeProfit() = 124.525
OrderStopLoss() = 124.585
Close - SL = -0.0239999999999867

[2019.02.01 13:40:02 / ea_Exp_1__TrailingStop.mq4:322]
TrailingStop_Threshold : 124.625

price_Close : 124.561

Close - Threshold : -0.06399999999999295


[2019.02.01 13:40:02 / ea_Exp_1__TrailingStop.mq4:189]
diff_Latest < 0 (-0.004000000000004889) (2019.02.01 06:39)
[2019.02.01 13:41:05 / ea_Exp_1__TrailingStop.mq4:134]
new bar (tick = 804) (period = 1 / symbol = EURJPY_)
[2019.02.01 13:41:05 / ea_Exp_1__TrailingStop.mq4:217]
//test_TrailingStop ------------------

[2019.02.01 13:41:05 / ea_Exp_1__TrailingStop.mq4:239]
OrdersTotal() >= 1 (total =1)

[2019.02.01 13:41:05 / ea_Exp_1__TrailingStop.mq4:299]
Order selected : 5232271
OrderType() = 1 / OP_SELL
OrderOpenPrice() = 124.553
OrderClosePrice() = 124.557
OrderTakeProfit() = 124.525
OrderStopLoss() = 124.585
Close - SL = -0.02799999999999159

[2019.02.01 13:41:05 / ea_Exp_1__TrailingStop.mq4:322]
TrailingStop_Threshold : 124.625

price_Close : 124.557

Close - Threshold : -0.06799999999999784


[2019.02.01 13:41:05 / ea_Exp_1__TrailingStop.mq4:189]
diff_Latest < 0 (-0.001000000000004775) (2019.02.01 06:40)
[2019.02.01 13:42:02 / ea_Exp_1__TrailingStop.mq4:134]
new bar (tick = 884) (period = 1 / symbol = EURJPY_)
[2019.02.01 13:42:02 / ea_Exp_1__TrailingStop.mq4:217]
//test_TrailingStop ------------------

[2019.02.01 13:42:02 / ea_Exp_1__TrailingStop.mq4:239]
OrdersTotal() >= 1 (total =1)

[2019.02.01 13:42:02 / ea_Exp_1__TrailingStop.mq4:299]
Order selected : 5232271
OrderType() = 1 / OP_SELL
OrderOpenPrice() = 124.553
OrderClosePrice() = 124.558
OrderTakeProfit() = 124.525
OrderStopLoss() = 124.585
Close - SL = -0.02699999999998681

[2019.02.01 13:42:02 / ea_Exp_1__TrailingStop.mq4:322]
TrailingStop_Threshold : 124.625

price_Close : 124.558

Close - Threshold : -0.06699999999999307


[2019.02.01 13:42:02 / ea_Exp_1__TrailingStop.mq4:172]
diff_Latest >= 0 (0.00200000000000955) (2019.02.01 06:41)
[2019.02.01 13:43:08 / ea_Exp_1__TrailingStop.mq4:134]
new bar (tick = 970) (period = 1 / symbol = EURJPY_)
[2019.02.01 13:43:08 / ea_Exp_1__TrailingStop.mq4:217]
//test_TrailingStop ------------------

[2019.02.01 13:43:08 / ea_Exp_1__TrailingStop.mq4:239]
OrdersTotal() >= 1 (total =1)

[2019.02.01 13:43:08 / ea_Exp_1__TrailingStop.mq4:299]
Order selected : 5232271
OrderType() = 1 / OP_SELL
OrderOpenPrice() = 124.553
OrderClosePrice() = 124.554
OrderTakeProfit() = 124.525
OrderStopLoss() = 124.585
Close - SL = -0.0309999999999917

[2019.02.01 13:43:08 / ea_Exp_1__TrailingStop.mq4:322]
TrailingStop_Threshold : 124.625

price_Close : 124.554

Close - Threshold : -0.07099999999999795


[2019.02.01 13:43:08 / ea_Exp_1__TrailingStop.mq4:189]
diff_Latest < 0 (-0.004000000000004889) (2019.02.01 06:42)
[2019.02.01 13:44:01 / ea_Exp_1__TrailingStop.mq4:134]
new bar (tick = 1028) (period = 1 / symbol = EURJPY_)
[2019.02.01 13:44:01 / ea_Exp_1__TrailingStop.mq4:217]
//test_TrailingStop ------------------

[2019.02.01 13:44:01 / ea_Exp_1__TrailingStop.mq4:239]
OrdersTotal() >= 1 (total =1)

[2019.02.01 13:44:01 / ea_Exp_1__TrailingStop.mq4:299]
Order selected : 5232271
OrderType() = 1 / OP_SELL
OrderOpenPrice() = 124.553
OrderClosePrice() = 124.549
OrderTakeProfit() = 124.525
OrderStopLoss() = 124.585
Close - SL = -0.03599999999998715

[2019.02.01 13:44:01 / ea_Exp_1__TrailingStop.mq4:322]
TrailingStop_Threshold : 124.625

price_Close : 124.549

Close - Threshold : -0.07599999999999341


[2019.02.01 13:44:01 / ea_Exp_1__TrailingStop.mq4:189]
diff_Latest < 0 (-0.00200000000000955) (2019.02.01 06:43)
[2019.02.01 13:45:03 / ea_Exp_1__TrailingStop.mq4:134]
new bar (tick = 1067) (period = 1 / symbol = EURJPY_)
[2019.02.01 13:45:03 / ea_Exp_1__TrailingStop.mq4:217]
//test_TrailingStop ------------------

[2019.02.01 13:45:03 / ea_Exp_1__TrailingStop.mq4:239]
OrdersTotal() >= 1 (total =1)

[2019.02.01 13:45:03 / ea_Exp_1__TrailingStop.mq4:299]
Order selected : 5232271
OrderType() = 1 / OP_SELL
OrderOpenPrice() = 124.553
OrderClosePrice() = 124.555
OrderTakeProfit() = 124.525
OrderStopLoss() = 124.585
Close - SL = -0.02999999999998693

[2019.02.01 13:45:03 / ea_Exp_1__TrailingStop.mq4:322]
TrailingStop_Threshold : 124.625

price_Close : 124.555

Close - Threshold : -0.06999999999999318


[2019.02.01 13:45:03 / ea_Exp_1__TrailingStop.mq4:172]
diff_Latest >= 0 (0.003999999999990678) (2019.02.01 06:44)
[2019.02.01 13:46:03 / ea_Exp_1__TrailingStop.mq4:134]
new bar (tick = 1082) (period = 1 / symbol = EURJPY_)
[2019.02.01 13:46:03 / ea_Exp_1__TrailingStop.mq4:217]
//test_TrailingStop ------------------

[2019.02.01 13:46:03 / ea_Exp_1__TrailingStop.mq4:239]
OrdersTotal() >= 1 (total =1)

[2019.02.01 13:46:03 / ea_Exp_1__TrailingStop.mq4:299]
Order selected : 5232271
OrderType() = 1 / OP_SELL
OrderOpenPrice() = 124.553
OrderClosePrice() = 124.551
OrderTakeProfit() = 124.525
OrderStopLoss() = 124.585
Close - SL = -0.03399999999999181

[2019.02.01 13:46:03 / ea_Exp_1__TrailingStop.mq4:322]
TrailingStop_Threshold : 124.625

price_Close : 124.551

Close - Threshold : -0.07399999999999807


[2019.02.01 13:46:03 / ea_Exp_1__TrailingStop.mq4:189]
diff_Latest < 0 (-0.003999999999990678) (2019.02.01 06:45)
[2019.02.01 13:47:08 / ea_Exp_1__TrailingStop.mq4:134]
new bar (tick = 1168) (period = 1 / symbol = EURJPY_)
[2019.02.01 13:47:08 / ea_Exp_1__TrailingStop.mq4:217]
//test_TrailingStop ------------------

[2019.02.01 13:47:08 / ea_Exp_1__TrailingStop.mq4:239]
OrdersTotal() >= 1 (total =1)

[2019.02.01 13:47:08 / ea_Exp_1__TrailingStop.mq4:299]
Order selected : 5232271
OrderType() = 1 / OP_SELL
OrderOpenPrice() = 124.553
OrderClosePrice() = 124.557
OrderTakeProfit() = 124.525
OrderStopLoss() = 124.585
Close - SL = -0.02799999999999159

[2019.02.01 13:47:08 / ea_Exp_1__TrailingStop.mq4:322]
TrailingStop_Threshold : 124.625

price_Close : 124.557

Close - Threshold : -0.06799999999999784


[2019.02.01 13:47:08 / ea_Exp_1__TrailingStop.mq4:172]
diff_Latest >= 0 (0.006000000000000227) (2019.02.01 06:46)
[2019.02.01 13:48:09 / ea_Exp_1__TrailingStop.mq4:134]
new bar (tick = 1239) (period = 1 / symbol = EURJPY_)
[2019.02.01 13:48:09 / ea_Exp_1__TrailingStop.mq4:217]
//test_TrailingStop ------------------

[2019.02.01 13:48:09 / ea_Exp_1__TrailingStop.mq4:239]
OrdersTotal() >= 1 (total =1)

[2019.02.01 13:48:09 / ea_Exp_1__TrailingStop.mq4:299]
Order selected : 5232271
OrderType() = 1 / OP_SELL
OrderOpenPrice() = 124.553
OrderClosePrice() = 124.543
OrderTakeProfit() = 124.525
OrderStopLoss() = 124.585
Close - SL = -0.04199999999998738

[2019.02.01 13:48:09 / ea_Exp_1__TrailingStop.mq4:322]
TrailingStop_Threshold : 124.625

price_Close : 124.543

Close - Threshold : -0.08199999999999363


[2019.02.01 13:48:09 / ea_Exp_1__TrailingStop.mq4:189]
diff_Latest < 0 (-0.01300000000000523) (2019.02.01 06:47)
[2019.02.01 13:49:01 / ea_Exp_1__TrailingStop.mq4:134]
new bar (tick = 1289) (period = 1 / symbol = EURJPY_)
[2019.02.01 13:49:01 / ea_Exp_1__TrailingStop.mq4:217]
//test_TrailingStop ------------------

[2019.02.01 13:49:01 / ea_Exp_1__TrailingStop.mq4:239]
OrdersTotal() >= 1 (total =1)

[2019.02.01 13:49:01 / ea_Exp_1__TrailingStop.mq4:299]
Order selected : 5232271
OrderType() = 1 / OP_SELL
OrderOpenPrice() = 124.553
OrderClosePrice() = 124.541
OrderTakeProfit() = 124.525
OrderStopLoss() = 124.585
Close - SL = -0.04399999999999693

[2019.02.01 13:49:01 / ea_Exp_1__TrailingStop.mq4:322]
TrailingStop_Threshold : 124.625

price_Close : 124.541

Close - Threshold : -0.08400000000000318


[2019.02.01 13:49:01 / ea_Exp_1__TrailingStop.mq4:189]
diff_Latest < 0 (-0.004000000000004889) (2019.02.01 06:48)
