[2019.01.29 17:36:39 / ea_Exp_1__TrailingStop.mq4:319]
Num (string): 0.12345678
Num (NormalizeDouble, 2): 0.12
Digits() : 3
Point : 0.001

[2019.01.29 17:36:39 / ea_Exp_1__TrailingStop.mq4:356]
Level_TakeProfit => 125.104 / Level_StopLoss => 125.004
Point = 0.001
Bid = 125.034
MyPoint * 10 * _TheTakeProfit (NormalizeDouble, digits=2) = 0
MyPoint * 10 * _TheStopLoss (NormalizeDouble, digits=2) = 0
_TheTakeProfit = 0.07000000000000001
_TheStopLoss = 0.03
[2019.01.29 17:36:39 / ea_Exp_1__TrailingStop.mq4:400]
Point (USDJPY) = 0.001

Point (EURJPY) = 0.001

Point (EURUSD) = 0.001

[2019.01.29 17:36:39 / ea_Exp_1__TrailingStop.mq4:439]
show_OrderData()----------------

OrdersTotal : 0

