[2019.01.29 17:16:56 / ea_Exp_1__TrailingStop.mq4:265]
Num (string): 0.12345678
Num (NormalizeDouble, 2): 0.12
Digits() : 3
Point : 0.001

[2019.01.29 17:16:56 / ea_Exp_1__TrailingStop.mq4:302]
Level_TakeProfit => 125.029 / Level_StopLoss => 124.929
Point = 0.001
Bid = 124.959
MyPoint * 10 * _TheTakeProfit (NormalizeDouble, digits=2) = 0
MyPoint * 10 * _TheStopLoss (NormalizeDouble, digits=2) = 0
_TheTakeProfit = 0.07000000000000001
_TheStopLoss = 0.03
[2019.01.29 17:16:56 / ea_Exp_1__TrailingStop.mq4:346]
Point (USDJPY) = 0.001

Point (EURJPY) = 0.001

Point (EURUSD) = 0.001

[2019.01.29 17:16:56 / ea_Exp_1__TrailingStop.mq4:384]
show_OrderData()----------------

OrdersTotal : 0

[2019.01.29 17:17:00 / ea_Exp_1__TrailingStop.mq4:125]
new bar (tick = 12) (period = 1 / symbol = EURJPY_)
[2019.01.29 17:17:00 / ea_Exp_1__TrailingStop.mq4:158]
diff_Latest >= 0 (0.001999999999995339) (2019.01.29 10:16)
[2019.01.29 17:18:00 / ea_Exp_1__TrailingStop.mq4:125]
new bar (tick = 204) (period = 1 / symbol = EURJPY_)
[2019.01.29 17:18:00 / ea_Exp_1__TrailingStop.mq4:158]
diff_Latest >= 0 (0.01699999999999591) (2019.01.29 10:17)
[2019.01.29 17:19:00 / ea_Exp_1__TrailingStop.mq4:125]
new bar (tick = 354) (period = 1 / symbol = EURJPY_)
[2019.01.29 17:19:00 / ea_Exp_1__TrailingStop.mq4:158]
diff_Latest >= 0 (0.006000000000000227) (2019.01.29 10:18)
[2019.01.29 17:20:00 / ea_Exp_1__TrailingStop.mq4:125]
new bar (tick = 562) (period = 1 / symbol = EURJPY_)
[2019.01.29 17:20:00 / ea_Exp_1__TrailingStop.mq4:158]
diff_Latest >= 0 (0) (2019.01.29 10:19)
[2019.01.29 17:21:00 / ea_Exp_1__TrailingStop.mq4:125]
new bar (tick = 671) (period = 1 / symbol = EURJPY_)
[2019.01.29 17:21:00 / ea_Exp_1__TrailingStop.mq4:175]
diff_Latest < 0 (-0.01200000000000045) (2019.01.29 10:20)
[2019.01.29 17:22:01 / ea_Exp_1__TrailingStop.mq4:125]
new bar (tick = 814) (period = 1 / symbol = EURJPY_)
[2019.01.29 17:22:01 / ea_Exp_1__TrailingStop.mq4:158]
diff_Latest >= 0 (0.001000000000004775) (2019.01.29 10:21)
[2019.01.29 17:23:00 / ea_Exp_1__TrailingStop.mq4:125]
new bar (tick = 928) (period = 1 / symbol = EURJPY_)
[2019.01.29 17:23:00 / ea_Exp_1__TrailingStop.mq4:158]
diff_Latest >= 0 (0.006999999999990791) (2019.01.29 10:22)
[2019.01.29 17:24:00 / ea_Exp_1__TrailingStop.mq4:125]
new bar (tick = 1138) (period = 1 / symbol = EURJPY_)
[2019.01.29 17:24:00 / ea_Exp_1__TrailingStop.mq4:175]
diff_Latest < 0 (-0.02599999999999625) (2019.01.29 10:23)
[2019.01.29 17:25:00 / ea_Exp_1__TrailingStop.mq4:125]
new bar (tick = 1396) (period = 1 / symbol = EURJPY_)
[2019.01.29 17:25:00 / ea_Exp_1__TrailingStop.mq4:175]
diff_Latest < 0 (-0.009999999999990905) (2019.01.29 10:24)
[2019.01.29 17:26:00 / ea_Exp_1__TrailingStop.mq4:125]
new bar (tick = 1671) (period = 1 / symbol = EURJPY_)
[2019.01.29 17:26:00 / ea_Exp_1__TrailingStop.mq4:158]
diff_Latest >= 0 (0.01299999999999102) (2019.01.29 10:25)
[2019.01.29 17:27:00 / ea_Exp_1__TrailingStop.mq4:125]
new bar (tick = 1848) (period = 1 / symbol = EURJPY_)
[2019.01.29 17:27:00 / ea_Exp_1__TrailingStop.mq4:158]
diff_Latest >= 0 (0.003000000000000114) (2019.01.29 10:26)
[2019.01.29 17:28:00 / ea_Exp_1__TrailingStop.mq4:125]
new bar (tick = 2076) (period = 1 / symbol = EURJPY_)
[2019.01.29 17:28:00 / ea_Exp_1__TrailingStop.mq4:175]
diff_Latest < 0 (-0.00200000000000955) (2019.01.29 10:27)
[2019.01.29 17:29:00 / ea_Exp_1__TrailingStop.mq4:125]
new bar (tick = 2243) (period = 1 / symbol = EURJPY_)
[2019.01.29 17:29:00 / ea_Exp_1__TrailingStop.mq4:158]
diff_Latest >= 0 (0.01599999999999113) (2019.01.29 10:28)
[2019.01.29 17:29:59 / ea_Exp_1__TrailingStop.mq4:125]
new bar (tick = 2542) (period = 1 / symbol = EURJPY_)
[2019.01.29 17:29:59 / ea_Exp_1__TrailingStop.mq4:158]
diff_Latest >= 0 (0.03300000000000125) (2019.01.29 10:29)
[2019.01.29 17:30:59 / ea_Exp_1__TrailingStop.mq4:125]
new bar (tick = 2821) (period = 1 / symbol = EURJPY_)
[2019.01.29 17:30:59 / ea_Exp_1__TrailingStop.mq4:158]
diff_Latest >= 0 (0.000999999999990564) (2019.01.29 10:30)
[2019.01.29 17:32:00 / ea_Exp_1__TrailingStop.mq4:125]
new bar (tick = 3219) (period = 1 / symbol = EURJPY_)
[2019.01.29 17:32:00 / ea_Exp_1__TrailingStop.mq4:158]
diff_Latest >= 0 (0.02599999999999625) (2019.01.29 10:31)
[2019.01.29 17:32:59 / ea_Exp_1__TrailingStop.mq4:125]
new bar (tick = 3489) (period = 1 / symbol = EURJPY_)
[2019.01.29 17:32:59 / ea_Exp_1__TrailingStop.mq4:158]
diff_Latest >= 0 (0.01500000000000057) (2019.01.29 10:32)
[2019.01.29 17:34:00 / ea_Exp_1__TrailingStop.mq4:125]
new bar (tick = 3725) (period = 1 / symbol = EURJPY_)
[2019.01.29 17:34:00 / ea_Exp_1__TrailingStop.mq4:175]
diff_Latest < 0 (-0.01100000000000989) (2019.01.29 10:33)
[2019.01.29 17:34:59 / ea_Exp_1__TrailingStop.mq4:125]
new bar (tick = 3853) (period = 1 / symbol = EURJPY_)
[2019.01.29 17:34:59 / ea_Exp_1__TrailingStop.mq4:175]
diff_Latest < 0 (-0.02500000000000568) (2019.01.29 10:34)
[2019.01.29 17:36:00 / ea_Exp_1__TrailingStop.mq4:125]
new bar (tick = 4053) (period = 1 / symbol = EURJPY_)
[2019.01.29 17:36:00 / ea_Exp_1__TrailingStop.mq4:158]
diff_Latest >= 0 (0.02599999999999625) (2019.01.29 10:35)
