[2019.01.30 14:39:50 / ea_Exp_1__TrailingStop.mq4:608]
Num (string): 0.12345678
Num (NormalizeDouble, 2): 0.12
Digits() : 3
Point : 0.001

[2019.01.30 14:39:50 / ea_Exp_1__TrailingStop.mq4:627]
OP_BUY : 0
OP_SELL : 1

[2019.01.30 14:39:50 / ea_Exp_1__TrailingStop.mq4:665]
Level_TakeProfit => 125.131 / Level_StopLoss => 125.031
Point = 0.001
Bid = 125.061
MyPoint * 10 * _TheTakeProfit (NormalizeDouble, digits=2) = 0
MyPoint * 10 * _TheStopLoss (NormalizeDouble, digits=2) = 0
_TheTakeProfit = 0.07000000000000001
_TheStopLoss = 0.03
[2019.01.30 14:39:50 / ea_Exp_1__TrailingStop.mq4:709]
Point (USDJPY) = 0.001

Point (EURJPY) = 0.001

Point (EURUSD) = 0.001

[2019.01.30 14:39:50 / ea_Exp_1__TrailingStop.mq4:748]
show_OrderData()----------------

OrdersTotal : 0

[2019.01.30 14:40:00 / ea_Exp_1__TrailingStop.mq4:132]
new bar (tick = 6) (period = 1 / symbol = EURJPY_)
[2019.01.30 14:40:00 / ea_Exp_1__TrailingStop.mq4:215]
//test_TrailingStop ------------------

[2019.01.30 14:40:00 / ea_Exp_1__TrailingStop.mq4:437]
diff_Latest ==> DOWN (-0.013)

[2019.01.30 14:40:00 / ea_Exp_1__TrailingStop.mq4:478]
(j3 : N : 1) num_Ticket (sell) : 5226397

[2019.01.30 14:40:00 / ea_Exp_1__TrailingStop.mq4:187]
diff_Latest < 0 (-0.01300000000000523) (2019.01.30 07:39)
[2019.01.30 14:41:00 / ea_Exp_1__TrailingStop.mq4:132]
new bar (tick = 118) (period = 1 / symbol = EURJPY_)
[2019.01.30 14:41:00 / ea_Exp_1__TrailingStop.mq4:215]
//test_TrailingStop ------------------

[2019.01.30 14:41:00 / ea_Exp_1__TrailingStop.mq4:241]
OrdersTotal() >= 1 (total =1)

[2019.01.30 14:41:00 / ea_Exp_1__TrailingStop.mq4:281]
Order selected : 5226397
OrderType() = 1
OrderOpenPrice() = 125.061
OrderClosePrice() = 125.08
OrderTakeProfit() = 125.032
OrderStopLoss() = 125.092
Close - SL = -0.01200000000000045

[2019.01.30 14:41:00 / ea_Exp_1__TrailingStop.mq4:170]
diff_Latest >= 0 (0.007999999999995566) (2019.01.30 07:40)
[2019.01.30 14:42:11 / ea_Exp_1__TrailingStop.mq4:132]
new bar (tick = 212) (period = 1 / symbol = EURJPY_)
[2019.01.30 14:42:11 / ea_Exp_1__TrailingStop.mq4:215]
//test_TrailingStop ------------------

[2019.01.30 14:42:11 / ea_Exp_1__TrailingStop.mq4:241]
OrdersTotal() >= 1 (total =1)

[2019.01.30 14:42:11 / ea_Exp_1__TrailingStop.mq4:281]
Order selected : 5226397
OrderType() = 1
OrderOpenPrice() = 125.061
OrderClosePrice() = 125.079
OrderTakeProfit() = 125.032
OrderStopLoss() = 125.092
Close - SL = -0.01300000000000523

[2019.01.30 14:42:11 / ea_Exp_1__TrailingStop.mq4:187]
diff_Latest < 0 (-0.001999999999995339) (2019.01.30 07:41)
[2019.01.30 14:43:00 / ea_Exp_1__TrailingStop.mq4:132]
new bar (tick = 273) (period = 1 / symbol = EURJPY_)
[2019.01.30 14:43:00 / ea_Exp_1__TrailingStop.mq4:215]
//test_TrailingStop ------------------

[2019.01.30 14:43:00 / ea_Exp_1__TrailingStop.mq4:241]
OrdersTotal() >= 1 (total =1)

[2019.01.30 14:43:00 / ea_Exp_1__TrailingStop.mq4:281]
Order selected : 5226397
OrderType() = 1
OrderOpenPrice() = 125.061
OrderClosePrice() = 125.072
OrderTakeProfit() = 125.032
OrderStopLoss() = 125.092
Close - SL = -0.01999999999999602

[2019.01.30 14:43:00 / ea_Exp_1__TrailingStop.mq4:187]
diff_Latest < 0 (-0.004000000000004889) (2019.01.30 07:42)
