[2019.01.30 14:11:38 / ea_Exp_1__TrailingStop.mq4:589]
Num (string): 0.12345678
Num (NormalizeDouble, 2): 0.12
Digits() : 3
Point : 0.001

[2019.01.30 14:11:38 / ea_Exp_1__TrailingStop.mq4:626]
Level_TakeProfit => 125.141 / Level_StopLoss => 125.041
Point = 0.001
Bid = 125.071
MyPoint * 10 * _TheTakeProfit (NormalizeDouble, digits=2) = 0
MyPoint * 10 * _TheStopLoss (NormalizeDouble, digits=2) = 0
_TheTakeProfit = 0.07000000000000001
_TheStopLoss = 0.03
[2019.01.30 14:11:38 / ea_Exp_1__TrailingStop.mq4:670]
Point (USDJPY) = 0.001

Point (EURJPY) = 0.001

Point (EURUSD) = 0.001

[2019.01.30 14:11:38 / ea_Exp_1__TrailingStop.mq4:709]
show_OrderData()----------------

OrdersTotal : 1

