[2019.01.29 17:51:41 / ea_Exp_1__TrailingStop.mq4:406]
Num (string): 0.12345678
Num (NormalizeDouble, 2): 0.12
Digits() : 3
Point : 0.001

[2019.01.29 17:51:41 / ea_Exp_1__TrailingStop.mq4:443]
Level_TakeProfit => 125.145 / Level_StopLoss => 125.045
Point = 0.001
Bid = 125.075
MyPoint * 10 * _TheTakeProfit (NormalizeDouble, digits=2) = 0
MyPoint * 10 * _TheStopLoss (NormalizeDouble, digits=2) = 0
_TheTakeProfit = 0.07000000000000001
_TheStopLoss = 0.03
[2019.01.29 17:51:41 / ea_Exp_1__TrailingStop.mq4:487]
Point (USDJPY) = 0.001

Point (EURJPY) = 0.001

Point (EURUSD) = 0.001

[2019.01.29 17:51:41 / ea_Exp_1__TrailingStop.mq4:526]
show_OrderData()----------------

OrdersTotal : 0

[2019.01.29 17:52:01 / ea_Exp_1__TrailingStop.mq4:130]
new bar (tick = 75) (period = 1 / symbol = EURJPY_)
[2019.01.29 17:52:01 / ea_Exp_1__TrailingStop.mq4:210]test_TrailingStop ------------------

[2019.01.29 17:52:01 / ea_Exp_1__TrailingStop.mq4:283]
diff_Latest ==> DOWN (-0.007)

[2019.01.29 17:52:01 / ea_Exp_1__TrailingStop.mq4:187]
diff_Latest < 0 (-0.007000000000005002) (2019.01.29 10:51)
