[2019.01.30 13:09:47 / ea_Exp_1__TrailingStop.mq4:489]
Num (string): 0.12345678
Num (NormalizeDouble, 2): 0.12
Digits() : 3
Point : 0.001

[2019.01.30 13:09:47 / ea_Exp_1__TrailingStop.mq4:526]
Level_TakeProfit => 125.163 / Level_StopLoss => 125.063
Point = 0.001
Bid = 125.093
MyPoint * 10 * _TheTakeProfit (NormalizeDouble, digits=2) = 0
MyPoint * 10 * _TheStopLoss (NormalizeDouble, digits=2) = 0
_TheTakeProfit = 0.07000000000000001
_TheStopLoss = 0.03
[2019.01.30 13:09:47 / ea_Exp_1__TrailingStop.mq4:570]
Point (USDJPY) = 0.001

Point (EURJPY) = 0.001

Point (EURUSD) = 0.001

[2019.01.30 13:09:47 / ea_Exp_1__TrailingStop.mq4:609]
show_OrderData()----------------

OrdersTotal : 0

[2019.01.30 13:09:59 / ea_Exp_1__TrailingStop.mq4:132]
new bar (tick = 36) (period = 1 / symbol = EURJPY_)
[2019.01.30 13:09:59 / ea_Exp_1__TrailingStop.mq4:212]
//test_TrailingStop ------------------

[2019.01.30 13:09:59 / ea_Exp_1__TrailingStop.mq4:309]
diff_Latest ==> UP (0.021)

[2019.01.30 13:09:59 / ea_Exp_1__TrailingStop.mq4:339]
num_Ticket : 5226247

[2019.01.30 13:09:59 / ea_Exp_1__TrailingStop.mq4:170]
diff_Latest >= 0 (0.0210000000000008) (2019.01.30 06:09)
[2019.01.30 13:11:00 / ea_Exp_1__TrailingStop.mq4:132]
new bar (tick = 183) (period = 1 / symbol = EURJPY_)
[2019.01.30 13:11:00 / ea_Exp_1__TrailingStop.mq4:212]
//test_TrailingStop ------------------

[2019.01.30 13:11:00 / ea_Exp_1__TrailingStop.mq4:239]
OrdersTotal() >= 1 (total =1)

[2019.01.30 13:11:00 / ea_Exp_1__TrailingStop.mq4:170]
diff_Latest >= 0 (0.007000000000005002) (2019.01.30 06:10)
[2019.01.30 13:11:59 / ea_Exp_1__TrailingStop.mq4:132]
new bar (tick = 257) (period = 1 / symbol = EURJPY_)
[2019.01.30 13:11:59 / ea_Exp_1__TrailingStop.mq4:212]
//test_TrailingStop ------------------

[2019.01.30 13:11:59 / ea_Exp_1__TrailingStop.mq4:239]
OrdersTotal() >= 1 (total =1)

[2019.01.30 13:11:59 / ea_Exp_1__TrailingStop.mq4:170]
diff_Latest >= 0 (0.001000000000004775) (2019.01.30 06:11)
[2019.01.30 13:13:01 / ea_Exp_1__TrailingStop.mq4:132]
new bar (tick = 304) (period = 1 / symbol = EURJPY_)
[2019.01.30 13:13:01 / ea_Exp_1__TrailingStop.mq4:212]
//test_TrailingStop ------------------

[2019.01.30 13:13:01 / ea_Exp_1__TrailingStop.mq4:239]
OrdersTotal() >= 1 (total =1)

[2019.01.30 13:13:01 / ea_Exp_1__TrailingStop.mq4:170]
diff_Latest >= 0 (0) (2019.01.30 06:12)
[2019.01.30 13:14:01 / ea_Exp_1__TrailingStop.mq4:132]
new bar (tick = 335) (period = 1 / symbol = EURJPY_)
[2019.01.30 13:14:01 / ea_Exp_1__TrailingStop.mq4:212]
//test_TrailingStop ------------------

[2019.01.30 13:14:01 / ea_Exp_1__TrailingStop.mq4:239]
OrdersTotal() >= 1 (total =1)

[2019.01.30 13:14:01 / ea_Exp_1__TrailingStop.mq4:170]
diff_Latest >= 0 (0.01400000000001) (2019.01.30 06:13)
[2019.01.30 13:14:59 / ea_Exp_1__TrailingStop.mq4:132]
new bar (tick = 386) (period = 1 / symbol = EURJPY_)
[2019.01.30 13:14:59 / ea_Exp_1__TrailingStop.mq4:212]
//test_TrailingStop ------------------

[2019.01.30 13:14:59 / ea_Exp_1__TrailingStop.mq4:239]
OrdersTotal() >= 1 (total =1)

[2019.01.30 13:14:59 / ea_Exp_1__TrailingStop.mq4:187]
diff_Latest < 0 (-0.01099999999999568) (2019.01.30 06:14)
[2019.01.30 13:16:01 / ea_Exp_1__TrailingStop.mq4:132]
new bar (tick = 452) (period = 1 / symbol = EURJPY_)
[2019.01.30 13:16:01 / ea_Exp_1__TrailingStop.mq4:212]
//test_TrailingStop ------------------

[2019.01.30 13:16:01 / ea_Exp_1__TrailingStop.mq4:239]
OrdersTotal() >= 1 (total =1)

[2019.01.30 13:16:01 / ea_Exp_1__TrailingStop.mq4:170]
diff_Latest >= 0 (0.001999999999995339) (2019.01.30 06:15)
[2019.01.30 13:17:02 / ea_Exp_1__TrailingStop.mq4:132]
new bar (tick = 518) (period = 1 / symbol = EURJPY_)
[2019.01.30 13:17:02 / ea_Exp_1__TrailingStop.mq4:212]
//test_TrailingStop ------------------

[2019.01.30 13:17:02 / ea_Exp_1__TrailingStop.mq4:239]
OrdersTotal() >= 1 (total =1)

[2019.01.30 13:17:02 / ea_Exp_1__TrailingStop.mq4:170]
diff_Latest >= 0 (0.003000000000000114) (2019.01.30 06:16)
[2019.01.30 13:18:01 / ea_Exp_1__TrailingStop.mq4:132]
new bar (tick = 560) (period = 1 / symbol = EURJPY_)
[2019.01.30 13:18:01 / ea_Exp_1__TrailingStop.mq4:212]
//test_TrailingStop ------------------

[2019.01.30 13:18:01 / ea_Exp_1__TrailingStop.mq4:239]
OrdersTotal() >= 1 (total =1)

[2019.01.30 13:18:01 / ea_Exp_1__TrailingStop.mq4:170]
diff_Latest >= 0 (0.01500000000000057) (2019.01.30 06:17)
[2019.01.30 13:18:59 / ea_Exp_1__TrailingStop.mq4:132]
new bar (tick = 635) (period = 1 / symbol = EURJPY_)
[2019.01.30 13:18:59 / ea_Exp_1__TrailingStop.mq4:212]
//test_TrailingStop ------------------

[2019.01.30 13:18:59 / ea_Exp_1__TrailingStop.mq4:239]
OrdersTotal() >= 1 (total =1)

[2019.01.30 13:18:59 / ea_Exp_1__TrailingStop.mq4:187]
diff_Latest < 0 (-0.009000000000000341) (2019.01.30 06:18)
[2019.01.30 13:20:00 / ea_Exp_1__TrailingStop.mq4:132]
new bar (tick = 802) (period = 1 / symbol = EURJPY_)
[2019.01.30 13:20:00 / ea_Exp_1__TrailingStop.mq4:212]
//test_TrailingStop ------------------

[2019.01.30 13:20:00 / ea_Exp_1__TrailingStop.mq4:239]
OrdersTotal() >= 1 (total =1)

[2019.01.30 13:20:00 / ea_Exp_1__TrailingStop.mq4:187]
diff_Latest < 0 (-0.006000000000000227) (2019.01.30 06:19)
[2019.01.30 13:21:01 / ea_Exp_1__TrailingStop.mq4:132]
new bar (tick = 845) (period = 1 / symbol = EURJPY_)
[2019.01.30 13:21:01 / ea_Exp_1__TrailingStop.mq4:212]
//test_TrailingStop ------------------

[2019.01.30 13:21:01 / ea_Exp_1__TrailingStop.mq4:239]
OrdersTotal() >= 1 (total =1)

[2019.01.30 13:21:01 / ea_Exp_1__TrailingStop.mq4:187]
diff_Latest < 0 (-0.005000000000009663) (2019.01.30 06:20)
