[2019.01.29 17:16:48 / ea_Exp_1__TrailingStop.mq4:265]
Num (string): 0.12345678
Num (NormalizeDouble, 2): 0.12
Digits() : 3
Point : 0.001

[2019.01.29 17:16:48 / ea_Exp_1__TrailingStop.mq4:302]
Level_TakeProfit => 125.037 / Level_StopLoss => 124.937
Point = 0.001
Bid = 124.967
MyPoint * 10 * _TheTakeProfit (NormalizeDouble, digits=2) = 0
MyPoint * 10 * _TheStopLoss (NormalizeDouble, digits=2) = 0
_TheTakeProfit = 0.07000000000000001
_TheStopLoss = 0.03
[2019.01.29 17:16:48 / ea_Exp_1__TrailingStop.mq4:346]
Point (USDJPY) = 0.001

Point (EURJPY) = 0.001

Point (EURUSD) = 0.001

[2019.01.29 17:16:48 / ea_Exp_1__TrailingStop.mq4:384]
show_OrderData()----------------

OrdersTotal : 0

