[2019.01.29 17:00:01 / ea_Exp_1__TrailingStop.mq4:265]
Num (string): 0.12345678
Num (NormalizeDouble, 2): 0.12
Digits() : 3
Point : 0.001

[2019.01.29 17:00:01 / ea_Exp_1__TrailingStop.mq4:313]
Level_TakeProfit => 124.988 / Level_StopLoss => 124.888
Point = 0.001
Bid = 124.918
MyPoint * 10 * _TheTakeProfit (NormalizeDouble, digits=2) = 0
MyPoint * 10 * _TheStopLoss (NormalizeDouble, digits=2) = 0
_TheTakeProfit = 0.07000000000000001
_TheStopLoss = 0.03
[2019.01.29 17:00:01 / ea_Exp_1__TrailingStop.mq4:357]
Point (USDJPY) = 0.001

Point (EURJPY) = 0.001

Point (EURUSD) = 0.001

[2019.01.29 17:01:01 / ea_Exp_1__TrailingStop.mq4:125]
new bar (tick = 436) (period = 1 / symbol = EURJPY_)
[2019.01.29 17:01:01 / ea_Exp_1__TrailingStop.mq4:158]
diff_Latest >= 0 (0.02199999999999136) (2019.01.29 10:00)
[2019.01.29 17:01:59 / ea_Exp_1__TrailingStop.mq4:125]
new bar (tick = 759) (period = 1 / symbol = EURJPY_)
[2019.01.29 17:01:59 / ea_Exp_1__TrailingStop.mq4:175]
diff_Latest < 0 (-0.01699999999999591) (2019.01.29 10:01)
[2019.01.29 17:03:00 / ea_Exp_1__TrailingStop.mq4:125]
new bar (tick = 1030) (period = 1 / symbol = EURJPY_)
[2019.01.29 17:03:00 / ea_Exp_1__TrailingStop.mq4:158]
diff_Latest >= 0 (0.003000000000000114) (2019.01.29 10:02)
[2019.01.29 17:04:00 / ea_Exp_1__TrailingStop.mq4:125]
new bar (tick = 1250) (period = 1 / symbol = EURJPY_)
[2019.01.29 17:04:00 / ea_Exp_1__TrailingStop.mq4:158]
diff_Latest >= 0 (0.01699999999999591) (2019.01.29 10:03)
[2019.01.29 17:05:00 / ea_Exp_1__TrailingStop.mq4:125]
new bar (tick = 1423) (period = 1 / symbol = EURJPY_)
[2019.01.29 17:05:00 / ea_Exp_1__TrailingStop.mq4:158]
diff_Latest >= 0 (0.001999999999995339) (2019.01.29 10:04)
[2019.01.29 17:06:00 / ea_Exp_1__TrailingStop.mq4:125]
new bar (tick = 1628) (period = 1 / symbol = EURJPY_)
[2019.01.29 17:06:00 / ea_Exp_1__TrailingStop.mq4:158]
diff_Latest >= 0 (0.006000000000000227) (2019.01.29 10:05)
[2019.01.29 17:07:00 / ea_Exp_1__TrailingStop.mq4:125]
new bar (tick = 1882) (period = 1 / symbol = EURJPY_)
[2019.01.29 17:07:00 / ea_Exp_1__TrailingStop.mq4:158]
diff_Latest >= 0 (0.0309999999999917) (2019.01.29 10:06)
[2019.01.29 17:08:00 / ea_Exp_1__TrailingStop.mq4:125]
new bar (tick = 2112) (period = 1 / symbol = EURJPY_)
[2019.01.29 17:08:00 / ea_Exp_1__TrailingStop.mq4:175]
diff_Latest < 0 (-0.003000000000000114) (2019.01.29 10:07)
[2019.01.29 17:09:00 / ea_Exp_1__TrailingStop.mq4:125]
new bar (tick = 2458) (period = 1 / symbol = EURJPY_)
[2019.01.29 17:09:00 / ea_Exp_1__TrailingStop.mq4:158]
diff_Latest >= 0 (0.02899999999999636) (2019.01.29 10:08)
[2019.01.29 17:10:00 / ea_Exp_1__TrailingStop.mq4:125]
new bar (tick = 2831) (period = 1 / symbol = EURJPY_)
[2019.01.29 17:10:00 / ea_Exp_1__TrailingStop.mq4:175]
diff_Latest < 0 (-0.009000000000000341) (2019.01.29 10:09)
[2019.01.29 17:11:00 / ea_Exp_1__TrailingStop.mq4:125]
new bar (tick = 3109) (period = 1 / symbol = EURJPY_)
[2019.01.29 17:11:00 / ea_Exp_1__TrailingStop.mq4:158]
diff_Latest >= 0 (0.01399999999999579) (2019.01.29 10:10)
[2019.01.29 17:11:59 / ea_Exp_1__TrailingStop.mq4:125]
new bar (tick = 3349) (period = 1 / symbol = EURJPY_)
[2019.01.29 17:11:59 / ea_Exp_1__TrailingStop.mq4:175]
diff_Latest < 0 (-0.01999999999999602) (2019.01.29 10:11)
[2019.01.29 17:13:04 / ea_Exp_1__TrailingStop.mq4:125]
new bar (tick = 3525) (period = 1 / symbol = EURJPY_)
[2019.01.29 17:13:04 / ea_Exp_1__TrailingStop.mq4:175]
diff_Latest < 0 (-0.01999999999999602) (2019.01.29 10:12)
[2019.01.29 17:13:59 / ea_Exp_1__TrailingStop.mq4:125]
new bar (tick = 3688) (period = 1 / symbol = EURJPY_)
[2019.01.29 17:13:59 / ea_Exp_1__TrailingStop.mq4:158]
diff_Latest >= 0 (0.004000000000004889) (2019.01.29 10:13)
