[2019.01.29 18:22:06 / ea_Exp_1__TrailingStop.mq4:465]
Num (string): 0.12345678
Num (NormalizeDouble, 2): 0.12
Digits() : 3
Point : 0.001

[2019.01.29 18:22:06 / ea_Exp_1__TrailingStop.mq4:502]
Level_TakeProfit => 125.283 / Level_StopLoss => 125.183
Point = 0.001
Bid = 125.213
MyPoint * 10 * _TheTakeProfit (NormalizeDouble, digits=2) = 0
MyPoint * 10 * _TheStopLoss (NormalizeDouble, digits=2) = 0
_TheTakeProfit = 0.07000000000000001
_TheStopLoss = 0.03
[2019.01.29 18:22:06 / ea_Exp_1__TrailingStop.mq4:546]
Point (USDJPY) = 0.001

Point (EURJPY) = 0.001

Point (EURUSD) = 0.001

[2019.01.29 18:22:06 / ea_Exp_1__TrailingStop.mq4:585]
show_OrderData()----------------

OrdersTotal : 0

[2019.01.29 18:23:00 / ea_Exp_1__TrailingStop.mq4:132]
new bar (tick = 105) (period = 1 / symbol = EURJPY_)
[2019.01.29 18:23:00 / ea_Exp_1__TrailingStop.mq4:212]
//test_TrailingStop ------------------

[2019.01.29 18:23:00 / ea_Exp_1__TrailingStop.mq4:344]
diff_Latest ==> DOWN (-0.001)

[2019.01.29 18:23:00 / ea_Exp_1__TrailingStop.mq4:187]
diff_Latest < 0 (-0.001000000000004775) (2019.01.29 11:22)
[2019.01.29 18:24:01 / ea_Exp_1__TrailingStop.mq4:132]
new bar (tick = 222) (period = 1 / symbol = EURJPY_)
[2019.01.29 18:24:01 / ea_Exp_1__TrailingStop.mq4:212]
//test_TrailingStop ------------------

[2019.01.29 18:24:01 / ea_Exp_1__TrailingStop.mq4:344]
diff_Latest ==> DOWN (-0.005)

[2019.01.29 18:24:01 / ea_Exp_1__TrailingStop.mq4:187]
diff_Latest < 0 (-0.004999999999995453) (2019.01.29 11:23)
[2019.01.29 18:25:00 / ea_Exp_1__TrailingStop.mq4:132]
new bar (tick = 443) (period = 1 / symbol = EURJPY_)
[2019.01.29 18:25:00 / ea_Exp_1__TrailingStop.mq4:212]
//test_TrailingStop ------------------

[2019.01.29 18:25:00 / ea_Exp_1__TrailingStop.mq4:283]
diff_Latest ==> UP (0.018)

[2019.01.29 18:25:00 / ea_Exp_1__TrailingStop.mq4:313]
num_Ticket : 5224269

[2019.01.29 18:25:00 / ea_Exp_1__TrailingStop.mq4:170]
diff_Latest >= 0 (0.01800000000000068) (2019.01.29 11:24)
[2019.01.29 18:26:00 / ea_Exp_1__TrailingStop.mq4:132]
new bar (tick = 607) (period = 1 / symbol = EURJPY_)
[2019.01.29 18:26:00 / ea_Exp_1__TrailingStop.mq4:212]
//test_TrailingStop ------------------

[2019.01.29 18:26:00 / ea_Exp_1__TrailingStop.mq4:236]
flg_OrderOpened == true (total =1)

[2019.01.29 18:26:00 / ea_Exp_1__TrailingStop.mq4:187]
diff_Latest < 0 (-0.01300000000000523) (2019.01.29 11:25)
[2019.01.29 18:27:01 / ea_Exp_1__TrailingStop.mq4:132]
new bar (tick = 745) (period = 1 / symbol = EURJPY_)
[2019.01.29 18:27:01 / ea_Exp_1__TrailingStop.mq4:212]
//test_TrailingStop ------------------

[2019.01.29 18:27:01 / ea_Exp_1__TrailingStop.mq4:236]
flg_OrderOpened == true (total =0)

[2019.01.29 18:27:01 / ea_Exp_1__TrailingStop.mq4:187]
diff_Latest < 0 (-0.003999999999990678) (2019.01.29 11:26)
[2019.01.29 18:28:01 / ea_Exp_1__TrailingStop.mq4:132]
new bar (tick = 916) (period = 1 / symbol = EURJPY_)
[2019.01.29 18:28:01 / ea_Exp_1__TrailingStop.mq4:212]
//test_TrailingStop ------------------

[2019.01.29 18:28:01 / ea_Exp_1__TrailingStop.mq4:236]
flg_OrderOpened == true (total =0)

[2019.01.29 18:28:01 / ea_Exp_1__TrailingStop.mq4:187]
diff_Latest < 0 (-0.01399999999999579) (2019.01.29 11:27)
[2019.01.29 18:29:00 / ea_Exp_1__TrailingStop.mq4:132]
new bar (tick = 1092) (period = 1 / symbol = EURJPY_)
[2019.01.29 18:29:00 / ea_Exp_1__TrailingStop.mq4:212]
//test_TrailingStop ------------------

[2019.01.29 18:29:00 / ea_Exp_1__TrailingStop.mq4:236]
flg_OrderOpened == true (total =0)

[2019.01.29 18:29:00 / ea_Exp_1__TrailingStop.mq4:170]
diff_Latest >= 0 (0.006000000000000227) (2019.01.29 11:28)
[2019.01.29 18:30:01 / ea_Exp_1__TrailingStop.mq4:132]
new bar (tick = 1275) (period = 1 / symbol = EURJPY_)
[2019.01.29 18:30:01 / ea_Exp_1__TrailingStop.mq4:212]
//test_TrailingStop ------------------

[2019.01.29 18:30:01 / ea_Exp_1__TrailingStop.mq4:236]
flg_OrderOpened == true (total =0)

[2019.01.29 18:30:01 / ea_Exp_1__TrailingStop.mq4:170]
diff_Latest >= 0 (0.01200000000000045) (2019.01.29 11:29)
[2019.01.29 18:31:01 / ea_Exp_1__TrailingStop.mq4:132]
new bar (tick = 1379) (period = 1 / symbol = EURJPY_)
[2019.01.29 18:31:01 / ea_Exp_1__TrailingStop.mq4:212]
//test_TrailingStop ------------------

[2019.01.29 18:31:01 / ea_Exp_1__TrailingStop.mq4:236]
flg_OrderOpened == true (total =0)

[2019.01.29 18:31:01 / ea_Exp_1__TrailingStop.mq4:187]
diff_Latest < 0 (-0.01399999999999579) (2019.01.29 11:30)
[2019.01.29 18:32:00 / ea_Exp_1__TrailingStop.mq4:132]
new bar (tick = 1455) (period = 1 / symbol = EURJPY_)
[2019.01.29 18:32:00 / ea_Exp_1__TrailingStop.mq4:212]
//test_TrailingStop ------------------

[2019.01.29 18:32:00 / ea_Exp_1__TrailingStop.mq4:236]
flg_OrderOpened == true (total =0)

[2019.01.29 18:32:00 / ea_Exp_1__TrailingStop.mq4:170]
diff_Latest >= 0 (0.001999999999995339) (2019.01.29 11:31)
[2019.01.29 18:33:01 / ea_Exp_1__TrailingStop.mq4:132]
new bar (tick = 1543) (period = 1 / symbol = EURJPY_)
[2019.01.29 18:33:01 / ea_Exp_1__TrailingStop.mq4:212]
//test_TrailingStop ------------------

[2019.01.29 18:33:01 / ea_Exp_1__TrailingStop.mq4:236]
flg_OrderOpened == true (total =0)

[2019.01.29 18:33:01 / ea_Exp_1__TrailingStop.mq4:170]
diff_Latest >= 0 (0.01100000000000989) (2019.01.29 11:32)
[2019.01.29 18:34:00 / ea_Exp_1__TrailingStop.mq4:132]
new bar (tick = 1699) (period = 1 / symbol = EURJPY_)
[2019.01.29 18:34:00 / ea_Exp_1__TrailingStop.mq4:212]
//test_TrailingStop ------------------

[2019.01.29 18:34:00 / ea_Exp_1__TrailingStop.mq4:236]
flg_OrderOpened == true (total =0)

[2019.01.29 18:34:00 / ea_Exp_1__TrailingStop.mq4:170]
diff_Latest >= 0 (0.001000000000004775) (2019.01.29 11:33)
[2019.01.29 18:35:00 / ea_Exp_1__TrailingStop.mq4:132]
new bar (tick = 1804) (period = 1 / symbol = EURJPY_)
[2019.01.29 18:35:00 / ea_Exp_1__TrailingStop.mq4:212]
//test_TrailingStop ------------------

[2019.01.29 18:35:00 / ea_Exp_1__TrailingStop.mq4:236]
flg_OrderOpened == true (total =0)

[2019.01.29 18:35:00 / ea_Exp_1__TrailingStop.mq4:187]
diff_Latest < 0 (-0.006000000000000227) (2019.01.29 11:34)
[2019.01.29 18:35:59 / ea_Exp_1__TrailingStop.mq4:132]
new bar (tick = 2003) (period = 1 / symbol = EURJPY_)
[2019.01.29 18:35:59 / ea_Exp_1__TrailingStop.mq4:212]
//test_TrailingStop ------------------

[2019.01.29 18:35:59 / ea_Exp_1__TrailingStop.mq4:236]
flg_OrderOpened == true (total =0)

[2019.01.29 18:35:59 / ea_Exp_1__TrailingStop.mq4:170]
diff_Latest >= 0 (0.009000000000000341) (2019.01.29 11:35)
[2019.01.29 18:37:00 / ea_Exp_1__TrailingStop.mq4:132]
new bar (tick = 2147) (period = 1 / symbol = EURJPY_)
[2019.01.29 18:37:00 / ea_Exp_1__TrailingStop.mq4:212]
//test_TrailingStop ------------------

[2019.01.29 18:37:00 / ea_Exp_1__TrailingStop.mq4:236]
flg_OrderOpened == true (total =0)

[2019.01.29 18:37:00 / ea_Exp_1__TrailingStop.mq4:187]
diff_Latest < 0 (-0.003000000000000114) (2019.01.29 11:36)
[2019.01.29 18:38:00 / ea_Exp_1__TrailingStop.mq4:132]
new bar (tick = 2326) (period = 1 / symbol = EURJPY_)
[2019.01.29 18:38:00 / ea_Exp_1__TrailingStop.mq4:212]
//test_TrailingStop ------------------

[2019.01.29 18:38:00 / ea_Exp_1__TrailingStop.mq4:236]
flg_OrderOpened == true (total =0)

[2019.01.29 18:38:00 / ea_Exp_1__TrailingStop.mq4:170]
diff_Latest >= 0 (0.01399999999999579) (2019.01.29 11:37)
[2019.01.29 18:39:00 / ea_Exp_1__TrailingStop.mq4:132]
new bar (tick = 2582) (period = 1 / symbol = EURJPY_)
[2019.01.29 18:39:00 / ea_Exp_1__TrailingStop.mq4:212]
//test_TrailingStop ------------------

[2019.01.29 18:39:01 / ea_Exp_1__TrailingStop.mq4:236]
flg_OrderOpened == true (total =0)

[2019.01.29 18:39:01 / ea_Exp_1__TrailingStop.mq4:187]
diff_Latest < 0 (-0.02299999999999613) (2019.01.29 11:38)
[2019.01.29 18:39:59 / ea_Exp_1__TrailingStop.mq4:132]
new bar (tick = 2867) (period = 1 / symbol = EURJPY_)
[2019.01.29 18:39:59 / ea_Exp_1__TrailingStop.mq4:212]
//test_TrailingStop ------------------

[2019.01.29 18:39:59 / ea_Exp_1__TrailingStop.mq4:236]
flg_OrderOpened == true (total =0)

[2019.01.29 18:39:59 / ea_Exp_1__TrailingStop.mq4:187]
diff_Latest < 0 (-0.001000000000004775) (2019.01.29 11:39)
[2019.01.29 18:41:00 / ea_Exp_1__TrailingStop.mq4:132]
new bar (tick = 3004) (period = 1 / symbol = EURJPY_)
[2019.01.29 18:41:00 / ea_Exp_1__TrailingStop.mq4:212]
//test_TrailingStop ------------------

[2019.01.29 18:41:00 / ea_Exp_1__TrailingStop.mq4:236]
flg_OrderOpened == true (total =0)

[2019.01.29 18:41:00 / ea_Exp_1__TrailingStop.mq4:170]
diff_Latest >= 0 (0.006000000000000227) (2019.01.29 11:40)
[2019.01.29 18:42:00 / ea_Exp_1__TrailingStop.mq4:132]
new bar (tick = 3084) (period = 1 / symbol = EURJPY_)
[2019.01.29 18:42:00 / ea_Exp_1__TrailingStop.mq4:212]
//test_TrailingStop ------------------

[2019.01.29 18:42:00 / ea_Exp_1__TrailingStop.mq4:236]
flg_OrderOpened == true (total =0)

[2019.01.29 18:42:00 / ea_Exp_1__TrailingStop.mq4:170]
diff_Latest >= 0 (0.001000000000004775) (2019.01.29 11:41)
[2019.01.29 18:43:00 / ea_Exp_1__TrailingStop.mq4:132]
new bar (tick = 3184) (period = 1 / symbol = EURJPY_)
[2019.01.29 18:43:00 / ea_Exp_1__TrailingStop.mq4:212]
//test_TrailingStop ------------------

[2019.01.29 18:43:00 / ea_Exp_1__TrailingStop.mq4:236]
flg_OrderOpened == true (total =0)

[2019.01.29 18:43:00 / ea_Exp_1__TrailingStop.mq4:170]
diff_Latest >= 0 (0.005000000000009663) (2019.01.29 11:42)
[2019.01.29 18:44:03 / ea_Exp_1__TrailingStop.mq4:132]
new bar (tick = 3249) (period = 1 / symbol = EURJPY_)
[2019.01.29 18:44:03 / ea_Exp_1__TrailingStop.mq4:212]
//test_TrailingStop ------------------

[2019.01.29 18:44:03 / ea_Exp_1__TrailingStop.mq4:236]
flg_OrderOpened == true (total =0)

[2019.01.29 18:44:03 / ea_Exp_1__TrailingStop.mq4:170]
diff_Latest >= 0 (0.009000000000000341) (2019.01.29 11:43)
[2019.01.29 18:45:05 / ea_Exp_1__TrailingStop.mq4:132]
new bar (tick = 3350) (period = 1 / symbol = EURJPY_)
[2019.01.29 18:45:05 / ea_Exp_1__TrailingStop.mq4:212]
//test_TrailingStop ------------------

[2019.01.29 18:45:05 / ea_Exp_1__TrailingStop.mq4:236]
flg_OrderOpened == true (total =0)

[2019.01.29 18:45:05 / ea_Exp_1__TrailingStop.mq4:170]
diff_Latest >= 0 (0.001000000000004775) (2019.01.29 11:44)
[2019.01.29 18:46:02 / ea_Exp_1__TrailingStop.mq4:132]
new bar (tick = 3486) (period = 1 / symbol = EURJPY_)
[2019.01.29 18:46:02 / ea_Exp_1__TrailingStop.mq4:212]
//test_TrailingStop ------------------

[2019.01.29 18:46:02 / ea_Exp_1__TrailingStop.mq4:236]
flg_OrderOpened == true (total =0)

[2019.01.29 18:46:02 / ea_Exp_1__TrailingStop.mq4:187]
diff_Latest < 0 (-0.01300000000000523) (2019.01.29 11:45)
[2019.01.29 18:47:03 / ea_Exp_1__TrailingStop.mq4:132]
new bar (tick = 3675) (period = 1 / symbol = EURJPY_)
[2019.01.29 18:47:03 / ea_Exp_1__TrailingStop.mq4:212]
//test_TrailingStop ------------------

[2019.01.29 18:47:03 / ea_Exp_1__TrailingStop.mq4:236]
flg_OrderOpened == true (total =0)

[2019.01.29 18:47:03 / ea_Exp_1__TrailingStop.mq4:170]
diff_Latest >= 0 (0.003999999999990678) (2019.01.29 11:46)
[2019.01.29 18:48:00 / ea_Exp_1__TrailingStop.mq4:132]
new bar (tick = 3812) (period = 1 / symbol = EURJPY_)
[2019.01.29 18:48:00 / ea_Exp_1__TrailingStop.mq4:212]
//test_TrailingStop ------------------

[2019.01.29 18:48:00 / ea_Exp_1__TrailingStop.mq4:236]
flg_OrderOpened == true (total =0)

[2019.01.29 18:48:00 / ea_Exp_1__TrailingStop.mq4:170]
diff_Latest >= 0 (0.004999999999995453) (2019.01.29 11:47)
[2019.01.29 18:48:59 / ea_Exp_1__TrailingStop.mq4:132]
new bar (tick = 3966) (period = 1 / symbol = EURJPY_)
[2019.01.29 18:48:59 / ea_Exp_1__TrailingStop.mq4:212]
//test_TrailingStop ------------------

[2019.01.29 18:48:59 / ea_Exp_1__TrailingStop.mq4:236]
flg_OrderOpened == true (total =0)

[2019.01.29 18:48:59 / ea_Exp_1__TrailingStop.mq4:170]
diff_Latest >= 0 (0.005000000000009663) (2019.01.29 11:48)
[2019.01.29 18:50:00 / ea_Exp_1__TrailingStop.mq4:132]
new bar (tick = 4126) (period = 1 / symbol = EURJPY_)
[2019.01.29 18:50:00 / ea_Exp_1__TrailingStop.mq4:212]
//test_TrailingStop ------------------

[2019.01.29 18:50:00 / ea_Exp_1__TrailingStop.mq4:236]
flg_OrderOpened == true (total =0)

[2019.01.29 18:50:00 / ea_Exp_1__TrailingStop.mq4:187]
diff_Latest < 0 (-0.01800000000000068) (2019.01.29 11:49)
[2019.01.29 18:50:59 / ea_Exp_1__TrailingStop.mq4:132]
new bar (tick = 4340) (period = 1 / symbol = EURJPY_)
[2019.01.29 18:50:59 / ea_Exp_1__TrailingStop.mq4:212]
//test_TrailingStop ------------------

[2019.01.29 18:50:59 / ea_Exp_1__TrailingStop.mq4:236]
flg_OrderOpened == true (total =0)

[2019.01.29 18:50:59 / ea_Exp_1__TrailingStop.mq4:187]
diff_Latest < 0 (-0.009999999999990905) (2019.01.29 11:50)
[2019.01.29 18:51:59 / ea_Exp_1__TrailingStop.mq4:132]
new bar (tick = 4502) (period = 1 / symbol = EURJPY_)
[2019.01.29 18:51:59 / ea_Exp_1__TrailingStop.mq4:212]
//test_TrailingStop ------------------

[2019.01.29 18:51:59 / ea_Exp_1__TrailingStop.mq4:236]
flg_OrderOpened == true (total =0)

[2019.01.29 18:51:59 / ea_Exp_1__TrailingStop.mq4:187]
diff_Latest < 0 (-0.004999999999995453) (2019.01.29 11:51)
[2019.01.29 18:52:59 / ea_Exp_1__TrailingStop.mq4:132]
new bar (tick = 4715) (period = 1 / symbol = EURJPY_)
[2019.01.29 18:52:59 / ea_Exp_1__TrailingStop.mq4:212]
//test_TrailingStop ------------------

[2019.01.29 18:52:59 / ea_Exp_1__TrailingStop.mq4:236]
flg_OrderOpened == true (total =0)

[2019.01.29 18:52:59 / ea_Exp_1__TrailingStop.mq4:170]
diff_Latest >= 0 (0.006000000000000227) (2019.01.29 11:52)
[2019.01.29 18:53:59 / ea_Exp_1__TrailingStop.mq4:132]
new bar (tick = 4965) (period = 1 / symbol = EURJPY_)
[2019.01.29 18:53:59 / ea_Exp_1__TrailingStop.mq4:212]
//test_TrailingStop ------------------

[2019.01.29 18:53:59 / ea_Exp_1__TrailingStop.mq4:236]
flg_OrderOpened == true (total =0)

[2019.01.29 18:53:59 / ea_Exp_1__TrailingStop.mq4:187]
diff_Latest < 0 (-0.004999999999995453) (2019.01.29 11:53)
[2019.01.29 18:55:01 / ea_Exp_1__TrailingStop.mq4:132]
new bar (tick = 5162) (period = 1 / symbol = EURJPY_)
[2019.01.29 18:55:01 / ea_Exp_1__TrailingStop.mq4:212]
//test_TrailingStop ------------------

[2019.01.29 18:55:01 / ea_Exp_1__TrailingStop.mq4:236]
flg_OrderOpened == true (total =0)

[2019.01.29 18:55:01 / ea_Exp_1__TrailingStop.mq4:187]
diff_Latest < 0 (-0.007999999999995566) (2019.01.29 11:54)
[2019.01.29 18:55:59 / ea_Exp_1__TrailingStop.mq4:132]
new bar (tick = 5332) (period = 1 / symbol = EURJPY_)
[2019.01.29 18:55:59 / ea_Exp_1__TrailingStop.mq4:212]
//test_TrailingStop ------------------

[2019.01.29 18:55:59 / ea_Exp_1__TrailingStop.mq4:236]
flg_OrderOpened == true (total =0)

[2019.01.29 18:55:59 / ea_Exp_1__TrailingStop.mq4:170]
diff_Latest >= 0 (0.02500000000000568) (2019.01.29 11:55)
[2019.01.29 18:57:03 / ea_Exp_1__TrailingStop.mq4:132]
new bar (tick = 5513) (period = 1 / symbol = EURJPY_)
[2019.01.29 18:57:03 / ea_Exp_1__TrailingStop.mq4:212]
//test_TrailingStop ------------------

[2019.01.29 18:57:03 / ea_Exp_1__TrailingStop.mq4:236]
flg_OrderOpened == true (total =0)

[2019.01.29 18:57:03 / ea_Exp_1__TrailingStop.mq4:187]
diff_Latest < 0 (-0.001000000000004775) (2019.01.29 11:56)
[2019.01.29 18:58:00 / ea_Exp_1__TrailingStop.mq4:132]
new bar (tick = 5664) (period = 1 / symbol = EURJPY_)
[2019.01.29 18:58:00 / ea_Exp_1__TrailingStop.mq4:212]
//test_TrailingStop ------------------

[2019.01.29 18:58:00 / ea_Exp_1__TrailingStop.mq4:236]
flg_OrderOpened == true (total =0)

[2019.01.29 18:58:00 / ea_Exp_1__TrailingStop.mq4:170]
diff_Latest >= 0 (0.01200000000000045) (2019.01.29 11:57)
[2019.01.29 18:59:00 / ea_Exp_1__TrailingStop.mq4:132]
new bar (tick = 5827) (period = 1 / symbol = EURJPY_)
[2019.01.29 18:59:00 / ea_Exp_1__TrailingStop.mq4:212]
//test_TrailingStop ------------------

[2019.01.29 18:59:00 / ea_Exp_1__TrailingStop.mq4:236]
flg_OrderOpened == true (total =0)

[2019.01.29 18:59:00 / ea_Exp_1__TrailingStop.mq4:187]
diff_Latest < 0 (-0.001000000000004775) (2019.01.29 11:58)
[2019.01.29 19:00:00 / ea_Exp_1__TrailingStop.mq4:132]
new bar (tick = 6103) (period = 1 / symbol = EURJPY_)
[2019.01.29 19:00:00 / ea_Exp_1__TrailingStop.mq4:212]
//test_TrailingStop ------------------

[2019.01.29 19:00:00 / ea_Exp_1__TrailingStop.mq4:236]
flg_OrderOpened == true (total =0)

[2019.01.29 19:00:00 / ea_Exp_1__TrailingStop.mq4:170]
diff_Latest >= 0 (0) (2019.01.29 11:59)
[2019.01.29 19:01:00 / ea_Exp_1__TrailingStop.mq4:132]
new bar (tick = 6237) (period = 1 / symbol = EURJPY_)
[2019.01.29 19:01:00 / ea_Exp_1__TrailingStop.mq4:212]
//test_TrailingStop ------------------

[2019.01.29 19:01:00 / ea_Exp_1__TrailingStop.mq4:236]
flg_OrderOpened == true (total =0)

[2019.01.29 19:01:00 / ea_Exp_1__TrailingStop.mq4:170]
diff_Latest >= 0 (0.001999999999995339) (2019.01.29 12:00)
[2019.01.29 19:02:00 / ea_Exp_1__TrailingStop.mq4:132]
new bar (tick = 6448) (period = 1 / symbol = EURJPY_)
[2019.01.29 19:02:00 / ea_Exp_1__TrailingStop.mq4:212]
//test_TrailingStop ------------------

[2019.01.29 19:02:00 / ea_Exp_1__TrailingStop.mq4:236]
flg_OrderOpened == true (total =0)

[2019.01.29 19:02:00 / ea_Exp_1__TrailingStop.mq4:187]
diff_Latest < 0 (-0.01599999999999113) (2019.01.29 12:01)
[2019.01.29 19:03:02 / ea_Exp_1__TrailingStop.mq4:132]
new bar (tick = 6649) (period = 1 / symbol = EURJPY_)
[2019.01.29 19:03:02 / ea_Exp_1__TrailingStop.mq4:212]
//test_TrailingStop ------------------

[2019.01.29 19:03:02 / ea_Exp_1__TrailingStop.mq4:236]
flg_OrderOpened == true (total =0)

[2019.01.29 19:03:02 / ea_Exp_1__TrailingStop.mq4:187]
diff_Latest < 0 (-0.01700000000001012) (2019.01.29 12:02)
[2019.01.29 19:03:59 / ea_Exp_1__TrailingStop.mq4:132]
new bar (tick = 6816) (period = 1 / symbol = EURJPY_)
[2019.01.29 19:03:59 / ea_Exp_1__TrailingStop.mq4:212]
//test_TrailingStop ------------------

[2019.01.29 19:03:59 / ea_Exp_1__TrailingStop.mq4:236]
flg_OrderOpened == true (total =0)

[2019.01.29 19:03:59 / ea_Exp_1__TrailingStop.mq4:170]
diff_Latest >= 0 (0.003000000000000114) (2019.01.29 12:03)
[2019.01.29 19:04:59 / ea_Exp_1__TrailingStop.mq4:132]
new bar (tick = 7057) (period = 1 / symbol = EURJPY_)
[2019.01.29 19:04:59 / ea_Exp_1__TrailingStop.mq4:212]
//test_TrailingStop ------------------

[2019.01.29 19:04:59 / ea_Exp_1__TrailingStop.mq4:236]
flg_OrderOpened == true (total =0)

[2019.01.29 19:04:59 / ea_Exp_1__TrailingStop.mq4:187]
diff_Latest < 0 (-0.01300000000000523) (2019.01.29 12:04)
[2019.01.29 19:05:59 / ea_Exp_1__TrailingStop.mq4:132]
new bar (tick = 7285) (period = 1 / symbol = EURJPY_)
[2019.01.29 19:05:59 / ea_Exp_1__TrailingStop.mq4:212]
//test_TrailingStop ------------------

[2019.01.29 19:05:59 / ea_Exp_1__TrailingStop.mq4:236]
flg_OrderOpened == true (total =0)

[2019.01.29 19:05:59 / ea_Exp_1__TrailingStop.mq4:187]
diff_Latest < 0 (-0.01099999999999568) (2019.01.29 12:05)
[2019.01.29 19:07:00 / ea_Exp_1__TrailingStop.mq4:132]
new bar (tick = 7641) (period = 1 / symbol = EURJPY_)
[2019.01.29 19:07:00 / ea_Exp_1__TrailingStop.mq4:212]
//test_TrailingStop ------------------

[2019.01.29 19:07:00 / ea_Exp_1__TrailingStop.mq4:236]
flg_OrderOpened == true (total =0)

[2019.01.29 19:07:00 / ea_Exp_1__TrailingStop.mq4:187]
diff_Latest < 0 (-0.01099999999999568) (2019.01.29 12:06)
[2019.01.29 19:08:00 / ea_Exp_1__TrailingStop.mq4:132]
new bar (tick = 7909) (period = 1 / symbol = EURJPY_)
[2019.01.29 19:08:00 / ea_Exp_1__TrailingStop.mq4:212]
//test_TrailingStop ------------------

[2019.01.29 19:08:00 / ea_Exp_1__TrailingStop.mq4:236]
flg_OrderOpened == true (total =0)

[2019.01.29 19:08:00 / ea_Exp_1__TrailingStop.mq4:170]
diff_Latest >= 0 (0.009000000000000341) (2019.01.29 12:07)
[2019.01.29 19:09:00 / ea_Exp_1__TrailingStop.mq4:132]
new bar (tick = 8093) (period = 1 / symbol = EURJPY_)
[2019.01.29 19:09:00 / ea_Exp_1__TrailingStop.mq4:212]
//test_TrailingStop ------------------

[2019.01.29 19:09:00 / ea_Exp_1__TrailingStop.mq4:236]
flg_OrderOpened == true (total =0)

[2019.01.29 19:09:00 / ea_Exp_1__TrailingStop.mq4:170]
diff_Latest >= 0 (0.01399999999999579) (2019.01.29 12:08)
[2019.01.29 19:10:00 / ea_Exp_1__TrailingStop.mq4:132]
new bar (tick = 8220) (period = 1 / symbol = EURJPY_)
[2019.01.29 19:10:00 / ea_Exp_1__TrailingStop.mq4:212]
//test_TrailingStop ------------------

[2019.01.29 19:10:00 / ea_Exp_1__TrailingStop.mq4:236]
flg_OrderOpened == true (total =0)

[2019.01.29 19:10:00 / ea_Exp_1__TrailingStop.mq4:187]
diff_Latest < 0 (-0.005000000000009663) (2019.01.29 12:09)
[2019.01.29 19:11:00 / ea_Exp_1__TrailingStop.mq4:132]
new bar (tick = 8419) (period = 1 / symbol = EURJPY_)
[2019.01.29 19:11:00 / ea_Exp_1__TrailingStop.mq4:212]
//test_TrailingStop ------------------

[2019.01.29 19:11:00 / ea_Exp_1__TrailingStop.mq4:236]
flg_OrderOpened == true (total =0)

[2019.01.29 19:11:00 / ea_Exp_1__TrailingStop.mq4:170]
diff_Latest >= 0 (0.03199999999999648) (2019.01.29 12:10)
[2019.01.29 19:12:03 / ea_Exp_1__TrailingStop.mq4:132]
new bar (tick = 8552) (period = 1 / symbol = EURJPY_)
[2019.01.29 19:12:03 / ea_Exp_1__TrailingStop.mq4:212]
//test_TrailingStop ------------------

[2019.01.29 19:12:03 / ea_Exp_1__TrailingStop.mq4:236]
flg_OrderOpened == true (total =0)

[2019.01.29 19:12:03 / ea_Exp_1__TrailingStop.mq4:187]
diff_Latest < 0 (-0.007000000000005002) (2019.01.29 12:11)
[2019.01.29 19:13:00 / ea_Exp_1__TrailingStop.mq4:132]
new bar (tick = 8634) (period = 1 / symbol = EURJPY_)
[2019.01.29 19:13:00 / ea_Exp_1__TrailingStop.mq4:212]
//test_TrailingStop ------------------

[2019.01.29 19:13:00 / ea_Exp_1__TrailingStop.mq4:236]
flg_OrderOpened == true (total =0)

[2019.01.29 19:13:00 / ea_Exp_1__TrailingStop.mq4:170]
diff_Latest >= 0 (0.005000000000009663) (2019.01.29 12:12)
[2019.01.29 19:14:00 / ea_Exp_1__TrailingStop.mq4:132]
new bar (tick = 8740) (period = 1 / symbol = EURJPY_)
[2019.01.29 19:14:00 / ea_Exp_1__TrailingStop.mq4:212]
//test_TrailingStop ------------------

[2019.01.29 19:14:00 / ea_Exp_1__TrailingStop.mq4:236]
flg_OrderOpened == true (total =0)

[2019.01.29 19:14:00 / ea_Exp_1__TrailingStop.mq4:170]
diff_Latest >= 0 (0.006000000000000227) (2019.01.29 12:13)
[2019.01.29 19:15:01 / ea_Exp_1__TrailingStop.mq4:132]
new bar (tick = 8924) (period = 1 / symbol = EURJPY_)
[2019.01.29 19:15:01 / ea_Exp_1__TrailingStop.mq4:212]
//test_TrailingStop ------------------

[2019.01.29 19:15:01 / ea_Exp_1__TrailingStop.mq4:236]
flg_OrderOpened == true (total =0)

[2019.01.29 19:15:01 / ea_Exp_1__TrailingStop.mq4:187]
diff_Latest < 0 (-0.01300000000000523) (2019.01.29 12:14)
[2019.01.29 19:16:00 / ea_Exp_1__TrailingStop.mq4:132]
new bar (tick = 9116) (period = 1 / symbol = EURJPY_)
[2019.01.29 19:16:00 / ea_Exp_1__TrailingStop.mq4:212]
//test_TrailingStop ------------------

[2019.01.29 19:16:00 / ea_Exp_1__TrailingStop.mq4:236]
flg_OrderOpened == true (total =0)

[2019.01.29 19:16:00 / ea_Exp_1__TrailingStop.mq4:187]
diff_Latest < 0 (-0.01900000000000546) (2019.01.29 12:15)
[2019.01.29 19:16:59 / ea_Exp_1__TrailingStop.mq4:132]
new bar (tick = 9265) (period = 1 / symbol = EURJPY_)
[2019.01.29 19:16:59 / ea_Exp_1__TrailingStop.mq4:212]
//test_TrailingStop ------------------

[2019.01.29 19:16:59 / ea_Exp_1__TrailingStop.mq4:236]
flg_OrderOpened == true (total =0)

[2019.01.29 19:16:59 / ea_Exp_1__TrailingStop.mq4:170]
diff_Latest >= 0 (0.003000000000000114) (2019.01.29 12:16)
[2019.01.29 19:18:00 / ea_Exp_1__TrailingStop.mq4:132]
new bar (tick = 9503) (period = 1 / symbol = EURJPY_)
[2019.01.29 19:18:00 / ea_Exp_1__TrailingStop.mq4:212]
//test_TrailingStop ------------------

[2019.01.29 19:18:00 / ea_Exp_1__TrailingStop.mq4:236]
flg_OrderOpened == true (total =0)

[2019.01.29 19:18:00 / ea_Exp_1__TrailingStop.mq4:170]
diff_Latest >= 0 (0.00899999999998613) (2019.01.29 12:17)
[2019.01.29 19:19:00 / ea_Exp_1__TrailingStop.mq4:132]
new bar (tick = 9746) (period = 1 / symbol = EURJPY_)
[2019.01.29 19:19:00 / ea_Exp_1__TrailingStop.mq4:212]
//test_TrailingStop ------------------

[2019.01.29 19:19:00 / ea_Exp_1__TrailingStop.mq4:236]
flg_OrderOpened == true (total =0)

[2019.01.29 19:19:00 / ea_Exp_1__TrailingStop.mq4:170]
diff_Latest >= 0 (0.02599999999999625) (2019.01.29 12:18)
[2019.01.29 19:20:00 / ea_Exp_1__TrailingStop.mq4:132]
new bar (tick = 9838) (period = 1 / symbol = EURJPY_)
[2019.01.29 19:20:00 / ea_Exp_1__TrailingStop.mq4:212]
//test_TrailingStop ------------------

[2019.01.29 19:20:00 / ea_Exp_1__TrailingStop.mq4:236]
flg_OrderOpened == true (total =0)

[2019.01.29 19:20:00 / ea_Exp_1__TrailingStop.mq4:170]
diff_Latest >= 0 (0) (2019.01.29 12:19)
[2019.01.29 19:21:00 / ea_Exp_1__TrailingStop.mq4:132]
new bar (tick = 10065) (period = 1 / symbol = EURJPY_)
[2019.01.29 19:21:00 / ea_Exp_1__TrailingStop.mq4:212]
//test_TrailingStop ------------------

[2019.01.29 19:21:00 / ea_Exp_1__TrailingStop.mq4:236]
flg_OrderOpened == true (total =0)

[2019.01.29 19:21:00 / ea_Exp_1__TrailingStop.mq4:187]
diff_Latest < 0 (-0.01699999999999591) (2019.01.29 12:20)
[2019.01.29 19:22:00 / ea_Exp_1__TrailingStop.mq4:132]
new bar (tick = 10193) (period = 1 / symbol = EURJPY_)
[2019.01.29 19:22:00 / ea_Exp_1__TrailingStop.mq4:212]
//test_TrailingStop ------------------

[2019.01.29 19:22:00 / ea_Exp_1__TrailingStop.mq4:236]
flg_OrderOpened == true (total =0)

[2019.01.29 19:22:00 / ea_Exp_1__TrailingStop.mq4:170]
diff_Latest >= 0 (0) (2019.01.29 12:21)
[2019.01.29 19:23:01 / ea_Exp_1__TrailingStop.mq4:132]
new bar (tick = 10341) (period = 1 / symbol = EURJPY_)
[2019.01.29 19:23:01 / ea_Exp_1__TrailingStop.mq4:212]
//test_TrailingStop ------------------

[2019.01.29 19:23:01 / ea_Exp_1__TrailingStop.mq4:236]
flg_OrderOpened == true (total =0)

[2019.01.29 19:23:01 / ea_Exp_1__TrailingStop.mq4:187]
diff_Latest < 0 (-0.01099999999999568) (2019.01.29 12:22)
[2019.01.29 19:24:01 / ea_Exp_1__TrailingStop.mq4:132]
new bar (tick = 10492) (period = 1 / symbol = EURJPY_)
[2019.01.29 19:24:01 / ea_Exp_1__TrailingStop.mq4:212]
//test_TrailingStop ------------------

[2019.01.29 19:24:01 / ea_Exp_1__TrailingStop.mq4:236]
flg_OrderOpened == true (total =0)

[2019.01.29 19:24:01 / ea_Exp_1__TrailingStop.mq4:187]
diff_Latest < 0 (-0.006000000000000227) (2019.01.29 12:23)
[2019.01.29 19:25:00 / ea_Exp_1__TrailingStop.mq4:132]
new bar (tick = 10584) (period = 1 / symbol = EURJPY_)
[2019.01.29 19:25:00 / ea_Exp_1__TrailingStop.mq4:212]
//test_TrailingStop ------------------

[2019.01.29 19:25:00 / ea_Exp_1__TrailingStop.mq4:236]
flg_OrderOpened == true (total =0)

[2019.01.29 19:25:00 / ea_Exp_1__TrailingStop.mq4:187]
diff_Latest < 0 (-0.009000000000000341) (2019.01.29 12:24)
[2019.01.29 19:26:01 / ea_Exp_1__TrailingStop.mq4:132]
new bar (tick = 10744) (period = 1 / symbol = EURJPY_)
[2019.01.29 19:26:01 / ea_Exp_1__TrailingStop.mq4:212]
//test_TrailingStop ------------------

[2019.01.29 19:26:01 / ea_Exp_1__TrailingStop.mq4:236]
flg_OrderOpened == true (total =0)

[2019.01.29 19:26:01 / ea_Exp_1__TrailingStop.mq4:187]
diff_Latest < 0 (-0.000999999999990564) (2019.01.29 12:25)
[2019.01.29 19:27:00 / ea_Exp_1__TrailingStop.mq4:132]
new bar (tick = 10851) (period = 1 / symbol = EURJPY_)
[2019.01.29 19:27:00 / ea_Exp_1__TrailingStop.mq4:212]
//test_TrailingStop ------------------

[2019.01.29 19:27:00 / ea_Exp_1__TrailingStop.mq4:236]
flg_OrderOpened == true (total =0)

[2019.01.29 19:27:00 / ea_Exp_1__TrailingStop.mq4:170]
diff_Latest >= 0 (0.01699999999999591) (2019.01.29 12:26)
[2019.01.29 19:28:00 / ea_Exp_1__TrailingStop.mq4:132]
new bar (tick = 11068) (period = 1 / symbol = EURJPY_)
[2019.01.29 19:28:00 / ea_Exp_1__TrailingStop.mq4:212]
//test_TrailingStop ------------------

[2019.01.29 19:28:00 / ea_Exp_1__TrailingStop.mq4:236]
flg_OrderOpened == true (total =0)

[2019.01.29 19:28:00 / ea_Exp_1__TrailingStop.mq4:187]
diff_Latest < 0 (-0.009999999999990905) (2019.01.29 12:27)
[2019.01.29 19:28:59 / ea_Exp_1__TrailingStop.mq4:132]
new bar (tick = 11219) (period = 1 / symbol = EURJPY_)
[2019.01.29 19:28:59 / ea_Exp_1__TrailingStop.mq4:212]
//test_TrailingStop ------------------

[2019.01.29 19:28:59 / ea_Exp_1__TrailingStop.mq4:236]
flg_OrderOpened == true (total =0)

[2019.01.29 19:28:59 / ea_Exp_1__TrailingStop.mq4:170]
diff_Latest >= 0 (0.01699999999999591) (2019.01.29 12:28)
[2019.01.29 19:30:00 / ea_Exp_1__TrailingStop.mq4:132]
new bar (tick = 11398) (period = 1 / symbol = EURJPY_)
[2019.01.29 19:30:00 / ea_Exp_1__TrailingStop.mq4:212]
//test_TrailingStop ------------------

[2019.01.29 19:30:00 / ea_Exp_1__TrailingStop.mq4:236]
flg_OrderOpened == true (total =0)

[2019.01.29 19:30:00 / ea_Exp_1__TrailingStop.mq4:187]
diff_Latest < 0 (-0.004000000000004889) (2019.01.29 12:29)
[2019.01.29 19:31:00 / ea_Exp_1__TrailingStop.mq4:132]
new bar (tick = 11628) (period = 1 / symbol = EURJPY_)
[2019.01.29 19:31:00 / ea_Exp_1__TrailingStop.mq4:212]
//test_TrailingStop ------------------

[2019.01.29 19:31:00 / ea_Exp_1__TrailingStop.mq4:236]
flg_OrderOpened == true (total =0)

[2019.01.29 19:31:00 / ea_Exp_1__TrailingStop.mq4:170]
diff_Latest >= 0 (0.01099999999999568) (2019.01.29 12:30)
[2019.01.29 19:32:00 / ea_Exp_1__TrailingStop.mq4:132]
new bar (tick = 11824) (period = 1 / symbol = EURJPY_)
[2019.01.29 19:32:00 / ea_Exp_1__TrailingStop.mq4:212]
//test_TrailingStop ------------------

[2019.01.29 19:32:00 / ea_Exp_1__TrailingStop.mq4:236]
flg_OrderOpened == true (total =0)

[2019.01.29 19:32:00 / ea_Exp_1__TrailingStop.mq4:170]
diff_Latest >= 0 (0.03000000000000114) (2019.01.29 12:31)
[2019.01.29 19:32:59 / ea_Exp_1__TrailingStop.mq4:132]
new bar (tick = 11958) (period = 1 / symbol = EURJPY_)
[2019.01.29 19:32:59 / ea_Exp_1__TrailingStop.mq4:212]
//test_TrailingStop ------------------

[2019.01.29 19:32:59 / ea_Exp_1__TrailingStop.mq4:236]
flg_OrderOpened == true (total =0)

[2019.01.29 19:32:59 / ea_Exp_1__TrailingStop.mq4:187]
diff_Latest < 0 (-0.01300000000000523) (2019.01.29 12:32)
[2019.01.29 19:33:59 / ea_Exp_1__TrailingStop.mq4:132]
new bar (tick = 12035) (period = 1 / symbol = EURJPY_)
[2019.01.29 19:33:59 / ea_Exp_1__TrailingStop.mq4:212]
//test_TrailingStop ------------------

[2019.01.29 19:33:59 / ea_Exp_1__TrailingStop.mq4:236]
flg_OrderOpened == true (total =0)

[2019.01.29 19:34:00 / ea_Exp_1__TrailingStop.mq4:187]
diff_Latest < 0 (-0.01099999999999568) (2019.01.29 12:33)
[2019.01.29 19:35:00 / ea_Exp_1__TrailingStop.mq4:132]
new bar (tick = 12205) (period = 1 / symbol = EURJPY_)
[2019.01.29 19:35:00 / ea_Exp_1__TrailingStop.mq4:212]
//test_TrailingStop ------------------

[2019.01.29 19:35:00 / ea_Exp_1__TrailingStop.mq4:236]
flg_OrderOpened == true (total =0)

[2019.01.29 19:35:00 / ea_Exp_1__TrailingStop.mq4:170]
diff_Latest >= 0 (0.006000000000000227) (2019.01.29 12:34)
[2019.01.29 19:36:00 / ea_Exp_1__TrailingStop.mq4:132]
new bar (tick = 12436) (period = 1 / symbol = EURJPY_)
[2019.01.29 19:36:00 / ea_Exp_1__TrailingStop.mq4:212]
//test_TrailingStop ------------------

[2019.01.29 19:36:00 / ea_Exp_1__TrailingStop.mq4:236]
flg_OrderOpened == true (total =0)

[2019.01.29 19:36:00 / ea_Exp_1__TrailingStop.mq4:170]
diff_Latest >= 0 (0.01500000000000057) (2019.01.29 12:35)
[2019.01.29 19:36:59 / ea_Exp_1__TrailingStop.mq4:132]
new bar (tick = 12681) (period = 1 / symbol = EURJPY_)
[2019.01.29 19:36:59 / ea_Exp_1__TrailingStop.mq4:212]
//test_TrailingStop ------------------

[2019.01.29 19:36:59 / ea_Exp_1__TrailingStop.mq4:236]
flg_OrderOpened == true (total =0)

[2019.01.29 19:36:59 / ea_Exp_1__TrailingStop.mq4:187]
diff_Latest < 0 (-0.02599999999999625) (2019.01.29 12:36)
[2019.01.29 19:38:09 / ea_Exp_1__TrailingStop.mq4:132]
new bar (tick = 12796) (period = 1 / symbol = EURJPY_)
[2019.01.29 19:38:09 / ea_Exp_1__TrailingStop.mq4:212]
//test_TrailingStop ------------------

[2019.01.29 19:38:09 / ea_Exp_1__TrailingStop.mq4:236]
flg_OrderOpened == true (total =0)

[2019.01.29 19:38:09 / ea_Exp_1__TrailingStop.mq4:187]
diff_Latest < 0 (-0.005000000000009663) (2019.01.29 12:37)
[2019.01.29 19:38:59 / ea_Exp_1__TrailingStop.mq4:132]
new bar (tick = 12948) (period = 1 / symbol = EURJPY_)
[2019.01.29 19:38:59 / ea_Exp_1__TrailingStop.mq4:212]
//test_TrailingStop ------------------

[2019.01.29 19:38:59 / ea_Exp_1__TrailingStop.mq4:236]
flg_OrderOpened == true (total =0)

[2019.01.29 19:38:59 / ea_Exp_1__TrailingStop.mq4:170]
diff_Latest >= 0 (0.01300000000000523) (2019.01.29 12:38)
[2019.01.29 19:40:00 / ea_Exp_1__TrailingStop.mq4:132]
new bar (tick = 13095) (period = 1 / symbol = EURJPY_)
[2019.01.29 19:40:00 / ea_Exp_1__TrailingStop.mq4:212]
//test_TrailingStop ------------------

[2019.01.29 19:40:00 / ea_Exp_1__TrailingStop.mq4:236]
flg_OrderOpened == true (total =0)

[2019.01.29 19:40:00 / ea_Exp_1__TrailingStop.mq4:170]
diff_Latest >= 0 (0.01099999999999568) (2019.01.29 12:39)
[2019.01.29 19:41:01 / ea_Exp_1__TrailingStop.mq4:132]
new bar (tick = 13243) (period = 1 / symbol = EURJPY_)
[2019.01.29 19:41:01 / ea_Exp_1__TrailingStop.mq4:212]
//test_TrailingStop ------------------

[2019.01.29 19:41:01 / ea_Exp_1__TrailingStop.mq4:236]
flg_OrderOpened == true (total =0)

[2019.01.29 19:41:01 / ea_Exp_1__TrailingStop.mq4:187]
diff_Latest < 0 (-0.01200000000000045) (2019.01.29 12:40)
[2019.01.29 19:41:59 / ea_Exp_1__TrailingStop.mq4:132]
new bar (tick = 13373) (period = 1 / symbol = EURJPY_)
[2019.01.29 19:41:59 / ea_Exp_1__TrailingStop.mq4:212]
//test_TrailingStop ------------------

[2019.01.29 19:41:59 / ea_Exp_1__TrailingStop.mq4:236]
flg_OrderOpened == true (total =0)

[2019.01.29 19:41:59 / ea_Exp_1__TrailingStop.mq4:170]
diff_Latest >= 0 (0.007999999999995566) (2019.01.29 12:41)
[2019.01.29 19:43:03 / ea_Exp_1__TrailingStop.mq4:132]
new bar (tick = 13437) (period = 1 / symbol = EURJPY_)
[2019.01.29 19:43:03 / ea_Exp_1__TrailingStop.mq4:212]
//test_TrailingStop ------------------

[2019.01.29 19:43:03 / ea_Exp_1__TrailingStop.mq4:236]
flg_OrderOpened == true (total =0)

[2019.01.29 19:43:03 / ea_Exp_1__TrailingStop.mq4:170]
diff_Latest >= 0 (0.000999999999990564) (2019.01.29 12:42)
[2019.01.29 19:44:00 / ea_Exp_1__TrailingStop.mq4:132]
new bar (tick = 13528) (period = 1 / symbol = EURJPY_)
[2019.01.29 19:44:00 / ea_Exp_1__TrailingStop.mq4:212]
//test_TrailingStop ------------------

[2019.01.29 19:44:00 / ea_Exp_1__TrailingStop.mq4:236]
flg_OrderOpened == true (total =0)

[2019.01.29 19:44:00 / ea_Exp_1__TrailingStop.mq4:187]
diff_Latest < 0 (-0.006000000000000227) (2019.01.29 12:43)
[2019.01.29 19:45:00 / ea_Exp_1__TrailingStop.mq4:132]
new bar (tick = 13647) (period = 1 / symbol = EURJPY_)
[2019.01.29 19:45:00 / ea_Exp_1__TrailingStop.mq4:212]
//test_TrailingStop ------------------

[2019.01.29 19:45:00 / ea_Exp_1__TrailingStop.mq4:236]
flg_OrderOpened == true (total =0)

[2019.01.29 19:45:00 / ea_Exp_1__TrailingStop.mq4:187]
diff_Latest < 0 (-0.003000000000000114) (2019.01.29 12:44)
[2019.01.29 19:45:59 / ea_Exp_1__TrailingStop.mq4:132]
new bar (tick = 13771) (period = 1 / symbol = EURJPY_)
[2019.01.29 19:45:59 / ea_Exp_1__TrailingStop.mq4:212]
//test_TrailingStop ------------------

[2019.01.29 19:45:59 / ea_Exp_1__TrailingStop.mq4:236]
flg_OrderOpened == true (total =0)

[2019.01.29 19:45:59 / ea_Exp_1__TrailingStop.mq4:170]
diff_Latest >= 0 (0) (2019.01.29 12:45)
[2019.01.29 19:47:01 / ea_Exp_1__TrailingStop.mq4:132]
new bar (tick = 13869) (period = 1 / symbol = EURJPY_)
[2019.01.29 19:47:01 / ea_Exp_1__TrailingStop.mq4:212]
//test_TrailingStop ------------------

[2019.01.29 19:47:01 / ea_Exp_1__TrailingStop.mq4:236]
flg_OrderOpened == true (total =0)

[2019.01.29 19:47:01 / ea_Exp_1__TrailingStop.mq4:187]
diff_Latest < 0 (-0.000999999999990564) (2019.01.29 12:46)
[2019.01.29 19:48:00 / ea_Exp_1__TrailingStop.mq4:132]
new bar (tick = 13962) (period = 1 / symbol = EURJPY_)
[2019.01.29 19:48:00 / ea_Exp_1__TrailingStop.mq4:212]
//test_TrailingStop ------------------

[2019.01.29 19:48:00 / ea_Exp_1__TrailingStop.mq4:236]
flg_OrderOpened == true (total =0)

[2019.01.29 19:48:00 / ea_Exp_1__TrailingStop.mq4:170]
diff_Latest >= 0 (0.01399999999999579) (2019.01.29 12:47)
[2019.01.29 19:49:00 / ea_Exp_1__TrailingStop.mq4:132]
new bar (tick = 14095) (period = 1 / symbol = EURJPY_)
[2019.01.29 19:49:00 / ea_Exp_1__TrailingStop.mq4:212]
//test_TrailingStop ------------------

[2019.01.29 19:49:00 / ea_Exp_1__TrailingStop.mq4:236]
flg_OrderOpened == true (total =0)

[2019.01.29 19:49:00 / ea_Exp_1__TrailingStop.mq4:187]
diff_Latest < 0 (-0.02300000000001035) (2019.01.29 12:48)
[2019.01.29 19:49:59 / ea_Exp_1__TrailingStop.mq4:132]
new bar (tick = 14370) (period = 1 / symbol = EURJPY_)
[2019.01.29 19:49:59 / ea_Exp_1__TrailingStop.mq4:212]
//test_TrailingStop ------------------

[2019.01.29 19:49:59 / ea_Exp_1__TrailingStop.mq4:236]
flg_OrderOpened == true (total =0)

[2019.01.29 19:49:59 / ea_Exp_1__TrailingStop.mq4:187]
diff_Latest < 0 (-0.0309999999999917) (2019.01.29 12:49)
[2019.01.29 19:50:59 / ea_Exp_1__TrailingStop.mq4:132]
new bar (tick = 14583) (period = 1 / symbol = EURJPY_)
[2019.01.29 19:50:59 / ea_Exp_1__TrailingStop.mq4:212]
//test_TrailingStop ------------------

[2019.01.29 19:50:59 / ea_Exp_1__TrailingStop.mq4:236]
flg_OrderOpened == true (total =0)

[2019.01.29 19:50:59 / ea_Exp_1__TrailingStop.mq4:170]
diff_Latest >= 0 (0.01599999999999113) (2019.01.29 12:50)
[2019.01.29 19:51:59 / ea_Exp_1__TrailingStop.mq4:132]
new bar (tick = 14807) (period = 1 / symbol = EURJPY_)
[2019.01.29 19:51:59 / ea_Exp_1__TrailingStop.mq4:212]
//test_TrailingStop ------------------

[2019.01.29 19:51:59 / ea_Exp_1__TrailingStop.mq4:236]
flg_OrderOpened == true (total =0)

[2019.01.29 19:51:59 / ea_Exp_1__TrailingStop.mq4:170]
diff_Latest >= 0 (0.02199999999999136) (2019.01.29 12:51)
[2019.01.29 19:53:01 / ea_Exp_1__TrailingStop.mq4:132]
new bar (tick = 14921) (period = 1 / symbol = EURJPY_)
[2019.01.29 19:53:01 / ea_Exp_1__TrailingStop.mq4:212]
//test_TrailingStop ------------------

[2019.01.29 19:53:01 / ea_Exp_1__TrailingStop.mq4:236]
flg_OrderOpened == true (total =0)

[2019.01.29 19:53:01 / ea_Exp_1__TrailingStop.mq4:187]
diff_Latest < 0 (-0.01400000000001) (2019.01.29 12:52)
[2019.01.29 19:54:00 / ea_Exp_1__TrailingStop.mq4:132]
new bar (tick = 15042) (period = 1 / symbol = EURJPY_)
[2019.01.29 19:54:00 / ea_Exp_1__TrailingStop.mq4:212]
//test_TrailingStop ------------------

[2019.01.29 19:54:00 / ea_Exp_1__TrailingStop.mq4:236]
flg_OrderOpened == true (total =0)

[2019.01.29 19:54:00 / ea_Exp_1__TrailingStop.mq4:170]
diff_Latest >= 0 (0) (2019.01.29 12:53)
