[2019.01.29 17:14:33 / ea_Exp_1__TrailingStop.mq4:265]
Num (string): 0.12345678
Num (NormalizeDouble, 2): 0.12
Digits() : 3
Point : 0.001

[2019.01.29 17:14:33 / ea_Exp_1__TrailingStop.mq4:302]
Level_TakeProfit => 125.026 / Level_StopLoss => 124.926
Point = 0.001
Bid = 124.956
MyPoint * 10 * _TheTakeProfit (NormalizeDouble, digits=2) = 0
MyPoint * 10 * _TheStopLoss (NormalizeDouble, digits=2) = 0
_TheTakeProfit = 0.07000000000000001
_TheStopLoss = 0.03
[2019.01.29 17:14:33 / ea_Exp_1__TrailingStop.mq4:346]
Point (USDJPY) = 0.001

Point (EURJPY) = 0.001

Point (EURUSD) = 0.001

[2019.01.29 17:14:33 / ea_Exp_1__TrailingStop.mq4:368]
show_OrderData()----------------

[2019.01.29 17:15:02 / ea_Exp_1__TrailingStop.mq4:125]
new bar (tick = 70) (period = 1 / symbol = EURJPY_)
[2019.01.29 17:15:02 / ea_Exp_1__TrailingStop.mq4:175]
diff_Latest < 0 (-0.009999999999990905) (2019.01.29 10:14)
[2019.01.29 17:16:00 / ea_Exp_1__TrailingStop.mq4:125]
new bar (tick = 249) (period = 1 / symbol = EURJPY_)
[2019.01.29 17:16:00 / ea_Exp_1__TrailingStop.mq4:158]
diff_Latest >= 0 (0.006000000000000227) (2019.01.29 10:15)
