[2019.01.30 14:12:14 / ea_Exp_1__TrailingStop.mq4:589]
Num (string): 0.12345678
Num (NormalizeDouble, 2): 0.12
Digits() : 3
Point : 0.001

[2019.01.30 14:12:14 / ea_Exp_1__TrailingStop.mq4:626]
Level_TakeProfit => 125.142 / Level_StopLoss => 125.042
Point = 0.001
Bid = 125.072
MyPoint * 10 * _TheTakeProfit (NormalizeDouble, digits=2) = 0
MyPoint * 10 * _TheStopLoss (NormalizeDouble, digits=2) = 0
_TheTakeProfit = 0.07000000000000001
_TheStopLoss = 0.03
[2019.01.30 14:12:14 / ea_Exp_1__TrailingStop.mq4:670]
Point (USDJPY) = 0.001

Point (EURJPY) = 0.001

Point (EURUSD) = 0.001

[2019.01.30 14:12:14 / ea_Exp_1__TrailingStop.mq4:709]
show_OrderData()----------------

OrdersTotal : 1

[2019.01.30 14:13:06 / ea_Exp_1__TrailingStop.mq4:132]
new bar (tick = 40) (period = 1 / symbol = EURJPY_)
[2019.01.30 14:13:06 / ea_Exp_1__TrailingStop.mq4:215]
//test_TrailingStop ------------------

[2019.01.30 14:13:06 / ea_Exp_1__TrailingStop.mq4:241]
OrdersTotal() >= 1 (total =1)

[2019.01.30 14:13:06 / ea_Exp_1__TrailingStop.mq4:281]
OrderSelect()(ticket = 0) ==> returned error : 4051

[2019.01.30 14:13:06 / ea_Exp_1__TrailingStop.mq4:187]
diff_Latest < 0 (-0.003000000000000114) (2019.01.30 07:12)
[2019.01.30 14:13:59 / ea_Exp_1__TrailingStop.mq4:132]
new bar (tick = 112) (period = 1 / symbol = EURJPY_)
[2019.01.30 14:13:59 / ea_Exp_1__TrailingStop.mq4:215]
//test_TrailingStop ------------------

[2019.01.30 14:13:59 / ea_Exp_1__TrailingStop.mq4:241]
OrdersTotal() >= 1 (total =1)

[2019.01.30 14:13:59 / ea_Exp_1__TrailingStop.mq4:281]
OrderSelect()(ticket = 0) ==> returned error : 4051

[2019.01.30 14:13:59 / ea_Exp_1__TrailingStop.mq4:170]
diff_Latest >= 0 (0.000999999999990564) (2019.01.30 07:13)
[2019.01.30 14:15:00 / ea_Exp_1__TrailingStop.mq4:132]
new bar (tick = 195) (period = 1 / symbol = EURJPY_)
[2019.01.30 14:15:00 / ea_Exp_1__TrailingStop.mq4:215]
//test_TrailingStop ------------------

[2019.01.30 14:15:00 / ea_Exp_1__TrailingStop.mq4:241]
OrdersTotal() >= 1 (total =1)

[2019.01.30 14:15:00 / ea_Exp_1__TrailingStop.mq4:281]
OrderSelect()(ticket = 0) ==> returned error : 4051

[2019.01.30 14:15:00 / ea_Exp_1__TrailingStop.mq4:170]
diff_Latest >= 0 (0.006000000000000227) (2019.01.30 07:14)
[2019.01.30 14:16:02 / ea_Exp_1__TrailingStop.mq4:132]
new bar (tick = 242) (period = 1 / symbol = EURJPY_)
[2019.01.30 14:16:02 / ea_Exp_1__TrailingStop.mq4:215]
//test_TrailingStop ------------------

[2019.01.30 14:16:02 / ea_Exp_1__TrailingStop.mq4:241]
OrdersTotal() >= 1 (total =1)

[2019.01.30 14:16:02 / ea_Exp_1__TrailingStop.mq4:281]
OrderSelect()(ticket = 0) ==> returned error : 4051

[2019.01.30 14:16:02 / ea_Exp_1__TrailingStop.mq4:187]
diff_Latest < 0 (-0.001999999999995339) (2019.01.30 07:15)
