[2019.01.25 07:16:35 / ea_44_5.3_2_down-down-buy.mq4:300]
Level_TakeProfit => 123.968 / Level_StopLoss => 123.868
Point = 0.001
Bid = 123.898
MyPoint * 10 * _TheTakeProfit = 0.07000000000000001
MyPoint * 10 * _TheStopLoss = 0.03
_TheTakeProfit = 7
_TheStopLoss = 3
[2019.01.25 07:17:06 / ea_44_5.3_2_down-down-buy.mq4:122]
new bar (tick = 52) (period = 1 / symbol = EURJPY_)
[2019.01.25 07:17:06 / lib_ea.mqh:329]
detect_DownDown_Buy() ==> true (datetime = 2019.01.25 00:16)
[2019.01.25 07:17:06 / ea_44_5.3_2_down-down-buy.mq4:144]
detect_DownDown_Buy() => true) (period = 1 / symbol = EURJPY_)
[2019.01.25 07:17:06 / lib_ea.mqh:393][lib_ea.mqh:370] Level_TakeProfit => 123.948 / Level_StopLoss => 123.848
Point = 0.001
Bid = 123.878
MyPoint * 10 * _TheTakeProfit = 0.07000000000000001
MyPoint * 10 * _TheStopLoss = 0.03
_TheTakeProfit = 7
_TheStopLoss = 3
[2019.01.25 07:17:06 / lib_ea.mqh:421]
-------------------------------- [new order : buy_DownDown_Buy]
order id = 5214281
[2019.01.25 07:17:06 / lib_ea.mqh:520][lib_ea.mqh:497] Level_TakeProfit => 123.868 / Level_StopLoss => 123.968
Point = 0.001
Bid = 123.938
MyPoint * 10 * _TheTakeProfit = 0.07000000000000001
MyPoint * 10 * _TheStopLoss = 0.03
_TheTakeProfit = 7
_TheStopLoss = 3
[2019.01.25 07:17:06 / lib_ea.mqh:548]
-------------------------------- [new order : buy_DownDown_Sell]
order id = 5214283
[2019.01.25 07:18:07 / ea_44_5.3_2_down-down-buy.mq4:122]
new bar (tick = 91) (period = 1 / symbol = EURJPY_)
[2019.01.25 07:18:07 / lib_ea.mqh:234]
diff_Latest >= 0 (0.001999999999995339) (2019.01.25 00:17)
[2019.01.25 07:18:07 / ea_44_5.3_2_down-down-buy.mq4:144]
detect_DownDown_Buy() => false) (period = 1 / symbol = EURJPY_)
[2019.01.25 07:19:03 / ea_44_5.3_2_down-down-buy.mq4:122]
new bar (tick = 122) (period = 1 / symbol = EURJPY_)
[2019.01.25 07:19:03 / lib_ea.mqh:234]
diff_Latest >= 0 (0) (2019.01.25 00:18)
[2019.01.25 07:19:03 / ea_44_5.3_2_down-down-buy.mq4:144]
detect_DownDown_Buy() => false) (period = 1 / symbol = EURJPY_)
[2019.01.25 07:20:03 / ea_44_5.3_2_down-down-buy.mq4:122]
new bar (tick = 155) (period = 1 / symbol = EURJPY_)
[2019.01.25 07:20:03 / lib_ea.mqh:234]
diff_Latest >= 0 (0.01899999999999125) (2019.01.25 00:19)
[2019.01.25 07:20:03 / ea_44_5.3_2_down-down-buy.mq4:144]
detect_DownDown_Buy() => false) (period = 1 / symbol = EURJPY_)
[2019.01.25 07:21:02 / ea_44_5.3_2_down-down-buy.mq4:122]
new bar (tick = 353) (period = 1 / symbol = EURJPY_)
[2019.01.25 07:21:02 / lib_ea.mqh:274]
price_Close_Latest >= ibands_1S_Plus (close = 123.895) (BB.-1 = 123.8890613027583) (2019.01.25 00:20)
[2019.01.25 07:21:02 / ea_44_5.3_2_down-down-buy.mq4:144]
detect_DownDown_Buy() => false) (period = 1 / symbol = EURJPY_)
[2019.01.25 07:22:14 / ea_44_5.3_2_down-down-buy.mq4:122]
new bar (tick = 370) (period = 1 / symbol = EURJPY_)
[2019.01.25 07:22:14 / lib_ea.mqh:234]
diff_Latest >= 0 (0.00200000000000955) (2019.01.25 00:21)
[2019.01.25 07:22:14 / ea_44_5.3_2_down-down-buy.mq4:144]
detect_DownDown_Buy() => false) (period = 1 / symbol = EURJPY_)
[2019.01.25 07:23:03 / ea_44_5.3_2_down-down-buy.mq4:122]
new bar (tick = 541) (period = 1 / symbol = EURJPY_)
[2019.01.25 07:23:03 / lib_ea.mqh:310]
diff_SecondLatest >= 0 (diff = 0.00200000000000955)(2019.01.25 00:21)
[2019.01.25 07:23:03 / ea_44_5.3_2_down-down-buy.mq4:144]
detect_DownDown_Buy() => false) (period = 1 / symbol = EURJPY_)
[2019.01.25 07:24:03 / ea_44_5.3_2_down-down-buy.mq4:122]
new bar (tick = 823) (period = 1 / symbol = EURJPY_)
[2019.01.25 07:24:03 / lib_ea.mqh:234]
diff_Latest >= 0 (0.003000000000000114) (2019.01.25 00:23)
[2019.01.25 07:24:03 / ea_44_5.3_2_down-down-buy.mq4:144]
detect_DownDown_Buy() => false) (period = 1 / symbol = EURJPY_)
[2019.01.25 07:25:03 / ea_44_5.3_2_down-down-buy.mq4:122]
new bar (tick = 1002) (period = 1 / symbol = EURJPY_)
[2019.01.25 07:25:03 / lib_ea.mqh:234]
diff_Latest >= 0 (0.01200000000000045) (2019.01.25 00:24)
[2019.01.25 07:25:03 / ea_44_5.3_2_down-down-buy.mq4:144]
detect_DownDown_Buy() => false) (period = 1 / symbol = EURJPY_)
[2019.01.25 07:26:03 / ea_44_5.3_2_down-down-buy.mq4:122]
new bar (tick = 1130) (period = 1 / symbol = EURJPY_)
[2019.01.25 07:26:03 / lib_ea.mqh:310]
diff_SecondLatest >= 0 (diff = 0.01200000000000045)(2019.01.25 00:24)
[2019.01.25 07:26:03 / ea_44_5.3_2_down-down-buy.mq4:144]
detect_DownDown_Buy() => false) (period = 1 / symbol = EURJPY_)
[2019.01.25 07:27:02 / ea_44_5.3_2_down-down-buy.mq4:122]
new bar (tick = 1238) (period = 1 / symbol = EURJPY_)
[2019.01.25 07:27:02 / lib_ea.mqh:234]
diff_Latest >= 0 (0.01699999999999591) (2019.01.25 00:26)
[2019.01.25 07:27:02 / ea_44_5.3_2_down-down-buy.mq4:144]
detect_DownDown_Buy() => false) (period = 1 / symbol = EURJPY_)
[2019.01.25 07:28:02 / ea_44_5.3_2_down-down-buy.mq4:122]
new bar (tick = 1500) (period = 1 / symbol = EURJPY_)
[2019.01.25 07:28:02 / lib_ea.mqh:310]
diff_SecondLatest >= 0 (diff = 0.01699999999999591)(2019.01.25 00:26)
[2019.01.25 07:28:02 / ea_44_5.3_2_down-down-buy.mq4:144]
detect_DownDown_Buy() => false) (period = 1 / symbol = EURJPY_)
[2019.01.25 07:29:03 / ea_44_5.3_2_down-down-buy.mq4:122]
new bar (tick = 1760) (period = 1 / symbol = EURJPY_)
[2019.01.25 07:29:03 / lib_ea.mqh:234]
diff_Latest >= 0 (0.004000000000004889) (2019.01.25 00:28)
[2019.01.25 07:29:03 / ea_44_5.3_2_down-down-buy.mq4:144]
detect_DownDown_Buy() => false) (period = 1 / symbol = EURJPY_)
[2019.01.25 07:30:03 / ea_44_5.3_2_down-down-buy.mq4:122]
new bar (tick = 1928) (period = 1 / symbol = EURJPY_)
[2019.01.25 07:30:03 / lib_ea.mqh:234]
diff_Latest >= 0 (0.02000000000001023) (2019.01.25 00:29)
[2019.01.25 07:30:03 / ea_44_5.3_2_down-down-buy.mq4:144]
detect_DownDown_Buy() => false) (period = 1 / symbol = EURJPY_)
[2019.01.25 07:31:03 / ea_44_5.3_2_down-down-buy.mq4:122]
new bar (tick = 2010) (period = 1 / symbol = EURJPY_)
[2019.01.25 07:31:03 / lib_ea.mqh:234]
diff_Latest >= 0 (0.009000000000000341) (2019.01.25 00:30)
[2019.01.25 07:31:03 / ea_44_5.3_2_down-down-buy.mq4:144]
detect_DownDown_Buy() => false) (period = 1 / symbol = EURJPY_)
[2019.01.25 07:32:02 / ea_44_5.3_2_down-down-buy.mq4:122]
new bar (tick = 2053) (period = 1 / symbol = EURJPY_)
[2019.01.25 07:32:02 / lib_ea.mqh:274]
price_Close_Latest >= ibands_1S_Plus (close = 123.849) (BB.-1 = 123.8295488111611) (2019.01.25 00:31)
[2019.01.25 07:32:02 / ea_44_5.3_2_down-down-buy.mq4:144]
detect_DownDown_Buy() => false) (period = 1 / symbol = EURJPY_)
[2019.01.25 07:33:02 / ea_44_5.3_2_down-down-buy.mq4:122]
new bar (tick = 2087) (period = 1 / symbol = EURJPY_)
[2019.01.25 07:33:02 / lib_ea.mqh:234]
diff_Latest >= 0 (0.01999999999999602) (2019.01.25 00:32)
[2019.01.25 07:33:02 / ea_44_5.3_2_down-down-buy.mq4:144]
detect_DownDown_Buy() => false) (period = 1 / symbol = EURJPY_)
[2019.01.25 07:34:02 / ea_44_5.3_2_down-down-buy.mq4:122]
new bar (tick = 2168) (period = 1 / symbol = EURJPY_)
[2019.01.25 07:34:02 / lib_ea.mqh:274]
price_Close_Latest >= ibands_1S_Plus (close = 123.838) (BB.-1 = 123.8270301968276) (2019.01.25 00:33)
[2019.01.25 07:34:02 / ea_44_5.3_2_down-down-buy.mq4:144]
detect_DownDown_Buy() => false) (period = 1 / symbol = EURJPY_)
[2019.01.25 07:35:05 / ea_44_5.3_2_down-down-buy.mq4:122]
new bar (tick = 2196) (period = 1 / symbol = EURJPY_)
[2019.01.25 07:35:05 / lib_ea.mqh:234]
diff_Latest >= 0 (0.01299999999999102) (2019.01.25 00:34)
[2019.01.25 07:35:05 / ea_44_5.3_2_down-down-buy.mq4:144]
detect_DownDown_Buy() => false) (period = 1 / symbol = EURJPY_)
[2019.01.25 07:36:02 / ea_44_5.3_2_down-down-buy.mq4:122]
new bar (tick = 2243) (period = 1 / symbol = EURJPY_)
[2019.01.25 07:36:02 / lib_ea.mqh:234]
diff_Latest >= 0 (0.000999999999990564) (2019.01.25 00:35)
[2019.01.25 07:36:02 / ea_44_5.3_2_down-down-buy.mq4:144]
detect_DownDown_Buy() => false) (period = 1 / symbol = EURJPY_)
[2019.01.25 07:37:14 / ea_44_5.3_2_down-down-buy.mq4:122]
new bar (tick = 2260) (period = 1 / symbol = EURJPY_)
[2019.01.25 07:37:14 / lib_ea.mqh:274]
price_Close_Latest >= ibands_1S_Plus (close = 123.847) (BB.-1 = 123.8246423671124) (2019.01.25 00:36)
[2019.01.25 07:37:14 / ea_44_5.3_2_down-down-buy.mq4:144]
detect_DownDown_Buy() => false) (period = 1 / symbol = EURJPY_)
[2019.01.25 07:38:04 / ea_44_5.3_2_down-down-buy.mq4:122]
new bar (tick = 2305) (period = 1 / symbol = EURJPY_)
[2019.01.25 07:38:04 / lib_ea.mqh:274]
price_Close_Latest >= ibands_1S_Plus (close = 123.846) (BB.-1 = 123.8237427579897) (2019.01.25 00:37)
[2019.01.25 07:38:04 / ea_44_5.3_2_down-down-buy.mq4:144]
detect_DownDown_Buy() => false) (period = 1 / symbol = EURJPY_)
[2019.01.25 07:39:16 / ea_44_5.3_2_down-down-buy.mq4:122]
new bar (tick = 2332) (period = 1 / symbol = EURJPY_)
[2019.01.25 07:39:16 / lib_ea.mqh:234]
diff_Latest >= 0 (0.006000000000000227) (2019.01.25 00:38)
[2019.01.25 07:39:16 / ea_44_5.3_2_down-down-buy.mq4:144]
detect_DownDown_Buy() => false) (period = 1 / symbol = EURJPY_)
[2019.01.25 07:40:09 / ea_44_5.3_2_down-down-buy.mq4:122]
new bar (tick = 2338) (period = 1 / symbol = EURJPY_)
[2019.01.25 07:40:09 / lib_ea.mqh:234]
diff_Latest >= 0 (0.001999999999995339) (2019.01.25 00:39)
[2019.01.25 07:40:09 / ea_44_5.3_2_down-down-buy.mq4:144]
detect_DownDown_Buy() => false) (period = 1 / symbol = EURJPY_)
[2019.01.25 07:41:09 / ea_44_5.3_2_down-down-buy.mq4:122]
new bar (tick = 2353) (period = 1 / symbol = EURJPY_)
[2019.01.25 07:41:09 / lib_ea.mqh:234]
diff_Latest >= 0 (0.004999999999995453) (2019.01.25 00:40)
[2019.01.25 07:41:09 / ea_44_5.3_2_down-down-buy.mq4:144]
detect_DownDown_Buy() => false) (period = 1 / symbol = EURJPY_)
[2019.01.25 07:42:17 / ea_44_5.3_2_down-down-buy.mq4:122]
new bar (tick = 2362) (period = 1 / symbol = EURJPY_)
[2019.01.25 07:42:17 / lib_ea.mqh:274]
price_Close_Latest >= ibands_1S_Plus (close = 123.853) (BB.-1 = 123.827495486819) (2019.01.25 00:41)
[2019.01.25 07:42:17 / ea_44_5.3_2_down-down-buy.mq4:144]
detect_DownDown_Buy() => false) (period = 1 / symbol = EURJPY_)
[2019.01.25 07:43:05 / ea_44_5.3_2_down-down-buy.mq4:122]
new bar (tick = 2431) (period = 1 / symbol = EURJPY_)
[2019.01.25 07:43:05 / lib_ea.mqh:234]
diff_Latest >= 0 (0.009000000000000341) (2019.01.25 00:42)
[2019.01.25 07:43:05 / ea_44_5.3_2_down-down-buy.mq4:144]
detect_DownDown_Buy() => false) (period = 1 / symbol = EURJPY_)
[2019.01.25 07:44:08 / ea_44_5.3_2_down-down-buy.mq4:122]
new bar (tick = 2453) (period = 1 / symbol = EURJPY_)
[2019.01.25 07:44:08 / lib_ea.mqh:274]
price_Close_Latest >= ibands_1S_Plus (close = 123.85) (BB.-1 = 123.8328825699157) (2019.01.25 00:43)
[2019.01.25 07:44:08 / ea_44_5.3_2_down-down-buy.mq4:144]
detect_DownDown_Buy() => false) (period = 1 / symbol = EURJPY_)
[2019.01.25 07:45:02 / ea_44_5.3_2_down-down-buy.mq4:122]
new bar (tick = 2555) (period = 1 / symbol = EURJPY_)
[2019.01.25 07:45:02 / lib_ea.mqh:234]
diff_Latest >= 0 (0.01000000000000512) (2019.01.25 00:44)
[2019.01.25 07:45:02 / ea_44_5.3_2_down-down-buy.mq4:144]
detect_DownDown_Buy() => false) (period = 1 / symbol = EURJPY_)
[2019.01.25 07:46:03 / ea_44_5.3_2_down-down-buy.mq4:122]
new bar (tick = 2641) (period = 1 / symbol = EURJPY_)
[2019.01.25 07:46:03 / lib_ea.mqh:274]
price_Close_Latest >= ibands_1S_Plus (close = 123.853) (BB.-1 = 123.8364397346636) (2019.01.25 00:45)
[2019.01.25 07:46:03 / ea_44_5.3_2_down-down-buy.mq4:144]
detect_DownDown_Buy() => false) (period = 1 / symbol = EURJPY_)
[2019.01.25 07:47:03 / ea_44_5.3_2_down-down-buy.mq4:122]
new bar (tick = 2731) (period = 1 / symbol = EURJPY_)
[2019.01.25 07:47:03 / lib_ea.mqh:274]
price_Close_Latest >= ibands_1S_Plus (close = 123.84) (BB.-1 = 123.8361340639495) (2019.01.25 00:46)
[2019.01.25 07:47:03 / ea_44_5.3_2_down-down-buy.mq4:144]
detect_DownDown_Buy() => false) (period = 1 / symbol = EURJPY_)
[2019.01.25 07:48:03 / ea_44_5.3_2_down-down-buy.mq4:122]
new bar (tick = 2819) (period = 1 / symbol = EURJPY_)
[2019.01.25 07:48:03 / lib_ea.mqh:329]
detect_DownDown_Buy() ==> true (datetime = 2019.01.25 00:47)
[2019.01.25 07:48:03 / ea_44_5.3_2_down-down-buy.mq4:144]
detect_DownDown_Buy() => true) (period = 1 / symbol = EURJPY_)
[2019.01.25 07:48:03 / lib_ea.mqh:393][lib_ea.mqh:370] Level_TakeProfit => 123.903 / Level_StopLoss => 123.803
Point = 0.001
Bid = 123.833
MyPoint * 10 * _TheTakeProfit = 0.07000000000000001
MyPoint * 10 * _TheStopLoss = 0.03
_TheTakeProfit = 7
_TheStopLoss = 3
[2019.01.25 07:48:03 / lib_ea.mqh:421]
-------------------------------- [new order : buy_DownDown_Buy]
order id = 5214393
[2019.01.25 07:48:03 / lib_ea.mqh:520][lib_ea.mqh:497] Level_TakeProfit => 123.798 / Level_StopLoss => 123.898
Point = 0.001
Bid = 123.868
MyPoint * 10 * _TheTakeProfit = 0.07000000000000001
MyPoint * 10 * _TheStopLoss = 0.03
_TheTakeProfit = 7
_TheStopLoss = 3
[2019.01.25 07:48:03 / lib_ea.mqh:548]
-------------------------------- [new order : buy_DownDown_Sell]
order id = 5214395
[2019.01.25 07:49:03 / ea_44_5.3_2_down-down-buy.mq4:122]
new bar (tick = 2843) (period = 1 / symbol = EURJPY_)
[2019.01.25 07:49:03 / lib_ea.mqh:329]
detect_DownDown_Buy() ==> true (datetime = 2019.01.25 00:48)
[2019.01.25 07:49:03 / ea_44_5.3_2_down-down-buy.mq4:144]
detect_DownDown_Buy() => true) (period = 1 / symbol = EURJPY_)
[2019.01.25 07:49:03 / lib_ea.mqh:393][lib_ea.mqh:370] Level_TakeProfit => 123.897 / Level_StopLoss => 123.797
Point = 0.001
Bid = 123.827
MyPoint * 10 * _TheTakeProfit = 0.07000000000000001
MyPoint * 10 * _TheStopLoss = 0.03
_TheTakeProfit = 7
_TheStopLoss = 3
[2019.01.25 07:49:03 / lib_ea.mqh:421]
-------------------------------- [new order : buy_DownDown_Buy]
order id = 5214399
[2019.01.25 07:49:03 / lib_ea.mqh:520][lib_ea.mqh:497] Level_TakeProfit => 123.792 / Level_StopLoss => 123.892
Point = 0.001
Bid = 123.862
MyPoint * 10 * _TheTakeProfit = 0.07000000000000001
MyPoint * 10 * _TheStopLoss = 0.03
_TheTakeProfit = 7
_TheStopLoss = 3
[2019.01.25 07:49:04 / lib_ea.mqh:548]
-------------------------------- [new order : buy_DownDown_Sell]
order id = 5214401
[2019.01.25 07:50:04 / ea_44_5.3_2_down-down-buy.mq4:122]
new bar (tick = 2897) (period = 1 / symbol = EURJPY_)
[2019.01.25 07:50:04 / lib_ea.mqh:234]
diff_Latest >= 0 (0.02700000000000102) (2019.01.25 00:49)
[2019.01.25 07:50:04 / ea_44_5.3_2_down-down-buy.mq4:144]
detect_DownDown_Buy() => false) (period = 1 / symbol = EURJPY_)
[2019.01.25 07:51:02 / ea_44_5.3_2_down-down-buy.mq4:122]
new bar (tick = 2966) (period = 1 / symbol = EURJPY_)
[2019.01.25 07:51:02 / lib_ea.mqh:274]
price_Close_Latest >= ibands_1S_Plus (close = 123.857) (BB.-1 = 123.8416347655001) (2019.01.25 00:50)
[2019.01.25 07:51:02 / ea_44_5.3_2_down-down-buy.mq4:144]
detect_DownDown_Buy() => false) (period = 1 / symbol = EURJPY_)
[2019.01.25 07:52:09 / ea_44_5.3_2_down-down-buy.mq4:122]
new bar (tick = 3011) (period = 1 / symbol = EURJPY_)
[2019.01.25 07:52:09 / lib_ea.mqh:274]
price_Close_Latest >= ibands_1S_Plus (close = 123.853) (BB.-1 = 123.8418314749) (2019.01.25 00:51)
[2019.01.25 07:52:09 / ea_44_5.3_2_down-down-buy.mq4:144]
detect_DownDown_Buy() => false) (period = 1 / symbol = EURJPY_)
[2019.01.25 07:53:04 / ea_44_5.3_2_down-down-buy.mq4:122]
new bar (tick = 3066) (period = 1 / symbol = EURJPY_)
[2019.01.25 07:53:04 / lib_ea.mqh:274]
price_Close_Latest >= ibands_1S_Plus (close = 123.85) (BB.-1 = 123.8418759615954) (2019.01.25 00:52)
[2019.01.25 07:53:04 / ea_44_5.3_2_down-down-buy.mq4:144]
detect_DownDown_Buy() => false) (period = 1 / symbol = EURJPY_)
[2019.01.25 07:54:31 / ea_44_5.3_2_down-down-buy.mq4:122]
new bar (tick = 3102) (period = 1 / symbol = EURJPY_)
[2019.01.25 07:54:31 / lib_ea.mqh:274]
price_Close_Latest >= ibands_1S_Plus (close = 123.845) (BB.-1 = 123.8426087145776) (2019.01.25 00:53)
[2019.01.25 07:54:31 / ea_44_5.3_2_down-down-buy.mq4:144]
detect_DownDown_Buy() => false) (period = 1 / symbol = EURJPY_)
[2019.01.25 07:55:10 / ea_44_5.3_2_down-down-buy.mq4:122]
new bar (tick = 3112) (period = 1 / symbol = EURJPY_)
[2019.01.25 07:55:10 / lib_ea.mqh:274]
price_Close_Latest >= ibands_1S_Plus (close = 123.844) (BB.-1 = 123.8421856818477) (2019.01.25 00:54)
[2019.01.25 07:55:10 / ea_44_5.3_2_down-down-buy.mq4:144]
detect_DownDown_Buy() => false) (period = 1 / symbol = EURJPY_)
[2019.01.25 07:56:03 / ea_44_5.3_2_down-down-buy.mq4:122]
new bar (tick = 3172) (period = 1 / symbol = EURJPY_)
[2019.01.25 07:56:03 / lib_ea.mqh:234]
diff_Latest >= 0 (0.01400000000001) (2019.01.25 00:55)
[2019.01.25 07:56:03 / ea_44_5.3_2_down-down-buy.mq4:144]
detect_DownDown_Buy() => false) (period = 1 / symbol = EURJPY_)
[2019.01.25 07:57:03 / ea_44_5.3_2_down-down-buy.mq4:122]
new bar (tick = 3266) (period = 1 / symbol = EURJPY_)
[2019.01.25 07:57:03 / lib_ea.mqh:234]
diff_Latest >= 0 (0.000999999999990564) (2019.01.25 00:56)
[2019.01.25 07:57:03 / ea_44_5.3_2_down-down-buy.mq4:144]
detect_DownDown_Buy() => false) (period = 1 / symbol = EURJPY_)
[2019.01.25 07:58:02 / ea_44_5.3_2_down-down-buy.mq4:122]
new bar (tick = 3360) (period = 1 / symbol = EURJPY_)
[2019.01.25 07:58:02 / lib_ea.mqh:310]
diff_SecondLatest >= 0 (diff = 0.000999999999990564)(2019.01.25 00:56)
[2019.01.25 07:58:02 / ea_44_5.3_2_down-down-buy.mq4:144]
detect_DownDown_Buy() => false) (period = 1 / symbol = EURJPY_)
[2019.01.25 07:59:02 / ea_44_5.3_2_down-down-buy.mq4:122]
new bar (tick = 3559) (period = 1 / symbol = EURJPY_)
[2019.01.25 07:59:02 / lib_ea.mqh:329]
detect_DownDown_Buy() ==> true (datetime = 2019.01.25 00:58)
[2019.01.25 07:59:02 / ea_44_5.3_2_down-down-buy.mq4:144]
detect_DownDown_Buy() => true) (period = 1 / symbol = EURJPY_)
[2019.01.25 07:59:02 / lib_ea.mqh:393][lib_ea.mqh:370] Level_TakeProfit => 123.895 / Level_StopLoss => 123.795
Point = 0.001
Bid = 123.825
MyPoint * 10 * _TheTakeProfit = 0.07000000000000001
MyPoint * 10 * _TheStopLoss = 0.03
_TheTakeProfit = 7
_TheStopLoss = 3
[2019.01.25 07:59:03 / lib_ea.mqh:421]
-------------------------------- [new order : buy_DownDown_Buy]
order id = 5214413
[2019.01.25 07:59:03 / lib_ea.mqh:520][lib_ea.mqh:497] Level_TakeProfit => 123.786 / Level_StopLoss => 123.886
Point = 0.001
Bid = 123.856
MyPoint * 10 * _TheTakeProfit = 0.07000000000000001
MyPoint * 10 * _TheStopLoss = 0.03
_TheTakeProfit = 7
_TheStopLoss = 3
[2019.01.25 07:59:03 / lib_ea.mqh:548]
-------------------------------- [new order : buy_DownDown_Sell]
order id = 5214415
[2019.01.25 08:00:02 / ea_44_5.3_2_down-down-buy.mq4:122]
new bar (tick = 3689) (period = 1 / symbol = EURJPY_)
[2019.01.25 08:00:02 / lib_ea.mqh:329]
detect_DownDown_Buy() ==> true (datetime = 2019.01.25 00:59)
[2019.01.25 08:00:02 / ea_44_5.3_2_down-down-buy.mq4:144]
detect_DownDown_Buy() => true) (period = 1 / symbol = EURJPY_)
[2019.01.25 08:00:02 / lib_ea.mqh:393][lib_ea.mqh:370] Level_TakeProfit => 123.892 / Level_StopLoss => 123.792
Point = 0.001
Bid = 123.822
MyPoint * 10 * _TheTakeProfit = 0.07000000000000001
MyPoint * 10 * _TheStopLoss = 0.03
_TheTakeProfit = 7
_TheStopLoss = 3
[2019.01.25 08:00:02 / lib_ea.mqh:421]
-------------------------------- [new order : buy_DownDown_Buy]
order id = 5214419
[2019.01.25 08:00:02 / lib_ea.mqh:520][lib_ea.mqh:497] Level_TakeProfit => 123.783 / Level_StopLoss => 123.883
Point = 0.001
Bid = 123.853
MyPoint * 10 * _TheTakeProfit = 0.07000000000000001
MyPoint * 10 * _TheStopLoss = 0.03
_TheTakeProfit = 7
_TheStopLoss = 3
[2019.01.25 08:00:03 / lib_ea.mqh:548]
-------------------------------- [new order : buy_DownDown_Sell]
order id = 5214421
[2019.01.25 08:01:02 / ea_44_5.3_2_down-down-buy.mq4:122]
new bar (tick = 3958) (period = 1 / symbol = EURJPY_)
[2019.01.25 08:01:02 / lib_ea.mqh:234]
diff_Latest >= 0 (0.04500000000000171) (2019.01.25 01:00)
[2019.01.25 08:01:02 / ea_44_5.3_2_down-down-buy.mq4:144]
detect_DownDown_Buy() => false) (period = 1 / symbol = EURJPY_)
[2019.01.25 08:02:04 / ea_44_5.3_2_down-down-buy.mq4:122]
new bar (tick = 4183) (period = 1 / symbol = EURJPY_)
[2019.01.25 08:02:04 / lib_ea.mqh:274]
price_Close_Latest >= ibands_1S_Plus (close = 123.841) (BB.-1 = 123.8363622447678) (2019.01.25 01:01)
[2019.01.25 08:02:04 / ea_44_5.3_2_down-down-buy.mq4:144]
detect_DownDown_Buy() => false) (period = 1 / symbol = EURJPY_)
[2019.01.25 08:03:03 / ea_44_5.3_2_down-down-buy.mq4:122]
new bar (tick = 4320) (period = 1 / symbol = EURJPY_)
[2019.01.25 08:03:03 / lib_ea.mqh:329]
detect_DownDown_Buy() ==> true (datetime = 2019.01.25 01:02)
[2019.01.25 08:03:03 / ea_44_5.3_2_down-down-buy.mq4:144]
detect_DownDown_Buy() => true) (period = 1 / symbol = EURJPY_)
[2019.01.25 08:03:03 / lib_ea.mqh:393][lib_ea.mqh:370] Level_TakeProfit => 123.889 / Level_StopLoss => 123.789
Point = 0.001
Bid = 123.819
MyPoint * 10 * _TheTakeProfit = 0.07000000000000001
MyPoint * 10 * _TheStopLoss = 0.03
_TheTakeProfit = 7
_TheStopLoss = 3
[2019.01.25 08:03:03 / lib_ea.mqh:421]
-------------------------------- [new order : buy_DownDown_Buy]
order id = 5214508
[2019.01.25 08:03:03 / lib_ea.mqh:520][lib_ea.mqh:497] Level_TakeProfit => 123.771 / Level_StopLoss => 123.871
Point = 0.001
Bid = 123.841
MyPoint * 10 * _TheTakeProfit = 0.07000000000000001
MyPoint * 10 * _TheStopLoss = 0.03
_TheTakeProfit = 7
_TheStopLoss = 3
[2019.01.25 08:03:04 / lib_ea.mqh:548]
-------------------------------- [new order : buy_DownDown_Sell]
order id = 5214510
[2019.01.25 08:04:03 / ea_44_5.3_2_down-down-buy.mq4:122]
new bar (tick = 4642) (period = 1 / symbol = EURJPY_)
[2019.01.25 08:04:03 / lib_ea.mqh:234]
diff_Latest >= 0 (0.003000000000000114) (2019.01.25 01:03)
[2019.01.25 08:04:03 / ea_44_5.3_2_down-down-buy.mq4:144]
detect_DownDown_Buy() => false) (period = 1 / symbol = EURJPY_)
[2019.01.25 08:05:03 / ea_44_5.3_2_down-down-buy.mq4:122]
new bar (tick = 4782) (period = 1 / symbol = EURJPY_)
[2019.01.25 08:05:03 / lib_ea.mqh:310]
diff_SecondLatest >= 0 (diff = 0.003000000000000114)(2019.01.25 01:03)
[2019.01.25 08:05:03 / ea_44_5.3_2_down-down-buy.mq4:144]
detect_DownDown_Buy() => false) (period = 1 / symbol = EURJPY_)
[2019.01.25 08:06:04 / ea_44_5.3_2_down-down-buy.mq4:122]
new bar (tick = 4918) (period = 1 / symbol = EURJPY_)
[2019.01.25 08:06:04 / lib_ea.mqh:329]
detect_DownDown_Buy() ==> true (datetime = 2019.01.25 01:05)
[2019.01.25 08:06:04 / ea_44_5.3_2_down-down-buy.mq4:144]
detect_DownDown_Buy() => true) (period = 1 / symbol = EURJPY_)
[2019.01.25 08:06:04 / lib_ea.mqh:393][lib_ea.mqh:370] Level_TakeProfit => 123.878 / Level_StopLoss => 123.778
Point = 0.001
Bid = 123.808
MyPoint * 10 * _TheTakeProfit = 0.07000000000000001
MyPoint * 10 * _TheStopLoss = 0.03
_TheTakeProfit = 7
_TheStopLoss = 3
[2019.01.25 08:06:05 / lib_ea.mqh:421]
-------------------------------- [new order : buy_DownDown_Buy]
order id = 5214516
[2019.01.25 08:06:05 / lib_ea.mqh:520][lib_ea.mqh:497] Level_TakeProfit => 123.763 / Level_StopLoss => 123.863
Point = 0.001
Bid = 123.833
MyPoint * 10 * _TheTakeProfit = 0.07000000000000001
MyPoint * 10 * _TheStopLoss = 0.03
_TheTakeProfit = 7
_TheStopLoss = 3
[2019.01.25 08:06:05 / lib_ea.mqh:548]
-------------------------------- [new order : buy_DownDown_Sell]
order id = 5214518
[2019.01.25 08:07:04 / ea_44_5.3_2_down-down-buy.mq4:122]
new bar (tick = 4947) (period = 1 / symbol = EURJPY_)
[2019.01.25 08:07:04 / lib_ea.mqh:329]
detect_DownDown_Buy() ==> true (datetime = 2019.01.25 01:06)
[2019.01.25 08:07:04 / ea_44_5.3_2_down-down-buy.mq4:144]
detect_DownDown_Buy() => true) (period = 1 / symbol = EURJPY_)
[2019.01.25 08:07:04 / lib_ea.mqh:393][lib_ea.mqh:370] Level_TakeProfit => 123.871 / Level_StopLoss => 123.771
Point = 0.001
Bid = 123.801
MyPoint * 10 * _TheTakeProfit = 0.07000000000000001
MyPoint * 10 * _TheStopLoss = 0.03
_TheTakeProfit = 7
_TheStopLoss = 3
[2019.01.25 08:07:04 / lib_ea.mqh:421]
-------------------------------- [new order : buy_DownDown_Buy]
order id = 5214521
[2019.01.25 08:07:04 / lib_ea.mqh:520][lib_ea.mqh:497] Level_TakeProfit => 123.755 / Level_StopLoss => 123.855
Point = 0.001
Bid = 123.825
MyPoint * 10 * _TheTakeProfit = 0.07000000000000001
MyPoint * 10 * _TheStopLoss = 0.03
_TheTakeProfit = 7
_TheStopLoss = 3
[2019.01.25 08:07:04 / lib_ea.mqh:548]
-------------------------------- [new order : buy_DownDown_Sell]
order id = 5214523
[2019.01.25 08:08:03 / ea_44_5.3_2_down-down-buy.mq4:122]
new bar (tick = 5065) (period = 1 / symbol = EURJPY_)
[2019.01.25 08:08:03 / lib_ea.mqh:329]
detect_DownDown_Buy() ==> true (datetime = 2019.01.25 01:07)
[2019.01.25 08:08:03 / ea_44_5.3_2_down-down-buy.mq4:144]
detect_DownDown_Buy() => true) (period = 1 / symbol = EURJPY_)
[2019.01.25 08:08:03 / lib_ea.mqh:393][lib_ea.mqh:370] Level_TakeProfit => 123.862 / Level_StopLoss => 123.762
Point = 0.001
Bid = 123.792
MyPoint * 10 * _TheTakeProfit = 0.07000000000000001
MyPoint * 10 * _TheStopLoss = 0.03
_TheTakeProfit = 7
_TheStopLoss = 3
[2019.01.25 08:08:03 / lib_ea.mqh:421]
-------------------------------- [new order : buy_DownDown_Buy]
order id = 5214527
[2019.01.25 08:08:03 / lib_ea.mqh:520][lib_ea.mqh:497] Level_TakeProfit => 123.745 / Level_StopLoss => 123.845
Point = 0.001
Bid = 123.815
MyPoint * 10 * _TheTakeProfit = 0.07000000000000001
MyPoint * 10 * _TheStopLoss = 0.03
_TheTakeProfit = 7
_TheStopLoss = 3
[2019.01.25 08:08:03 / lib_ea.mqh:548]
-------------------------------- [new order : buy_DownDown_Sell]
order id = 5214529
[2019.01.25 08:09:04 / ea_44_5.3_2_down-down-buy.mq4:122]
new bar (tick = 5161) (period = 1 / symbol = EURJPY_)
[2019.01.25 08:09:04 / lib_ea.mqh:329]
detect_DownDown_Buy() ==> true (datetime = 2019.01.25 01:08)
[2019.01.25 08:09:04 / ea_44_5.3_2_down-down-buy.mq4:144]
detect_DownDown_Buy() => true) (period = 1 / symbol = EURJPY_)
[2019.01.25 08:09:04 / lib_ea.mqh:393][lib_ea.mqh:370] Level_TakeProfit => 123.855 / Level_StopLoss => 123.755
Point = 0.001
Bid = 123.785
MyPoint * 10 * _TheTakeProfit = 0.07000000000000001
MyPoint * 10 * _TheStopLoss = 0.03
_TheTakeProfit = 7
_TheStopLoss = 3
[2019.01.25 08:09:04 / lib_ea.mqh:421]
-------------------------------- [new order : buy_DownDown_Buy]
order id = 5214532
[2019.01.25 08:09:04 / lib_ea.mqh:520][lib_ea.mqh:497] Level_TakeProfit => 123.737 / Level_StopLoss => 123.837
Point = 0.001
Bid = 123.807
MyPoint * 10 * _TheTakeProfit = 0.07000000000000001
MyPoint * 10 * _TheStopLoss = 0.03
_TheTakeProfit = 7
_TheStopLoss = 3
[2019.01.25 08:09:04 / lib_ea.mqh:548]
-------------------------------- [new order : buy_DownDown_Sell]
order id = 5214534
[2019.01.25 08:10:03 / ea_44_5.3_2_down-down-buy.mq4:122]
new bar (tick = 5231) (period = 1 / symbol = EURJPY_)
[2019.01.25 08:10:03 / lib_ea.mqh:234]
diff_Latest >= 0 (0.001000000000004775) (2019.01.25 01:09)
[2019.01.25 08:10:03 / ea_44_5.3_2_down-down-buy.mq4:144]
detect_DownDown_Buy() => false) (period = 1 / symbol = EURJPY_)
[2019.01.25 08:11:03 / ea_44_5.3_2_down-down-buy.mq4:122]
new bar (tick = 5580) (period = 1 / symbol = EURJPY_)
[2019.01.25 08:11:03 / lib_ea.mqh:234]
diff_Latest >= 0 (0.009999999999990905) (2019.01.25 01:10)
[2019.01.25 08:11:03 / ea_44_5.3_2_down-down-buy.mq4:144]
detect_DownDown_Buy() => false) (period = 1 / symbol = EURJPY_)
[2019.01.25 08:12:03 / ea_44_5.3_2_down-down-buy.mq4:122]
new bar (tick = 5802) (period = 1 / symbol = EURJPY_)
[2019.01.25 08:12:03 / lib_ea.mqh:234]
diff_Latest >= 0 (0.009000000000000341) (2019.01.25 01:11)
[2019.01.25 08:12:03 / ea_44_5.3_2_down-down-buy.mq4:144]
detect_DownDown_Buy() => false) (period = 1 / symbol = EURJPY_)
[2019.01.25 08:13:02 / ea_44_5.3_2_down-down-buy.mq4:122]
new bar (tick = 6066) (period = 1 / symbol = EURJPY_)
[2019.01.25 08:13:02 / lib_ea.mqh:274]
price_Close_Latest >= ibands_1S_Plus (close = 123.809) (BB.-1 = 123.8011718313931) (2019.01.25 01:12)
[2019.01.25 08:13:02 / ea_44_5.3_2_down-down-buy.mq4:144]
detect_DownDown_Buy() => false) (period = 1 / symbol = EURJPY_)
[2019.01.25 08:14:04 / ea_44_5.3_2_down-down-buy.mq4:122]
new bar (tick = 6318) (period = 1 / symbol = EURJPY_)
[2019.01.25 08:14:04 / lib_ea.mqh:234]
diff_Latest >= 0 (0.009999999999990905) (2019.01.25 01:13)
[2019.01.25 08:14:04 / ea_44_5.3_2_down-down-buy.mq4:144]
detect_DownDown_Buy() => false) (period = 1 / symbol = EURJPY_)
[2019.01.25 08:15:03 / ea_44_5.3_2_down-down-buy.mq4:122]
new bar (tick = 6625) (period = 1 / symbol = EURJPY_)
[2019.01.25 08:15:03 / lib_ea.mqh:234]
diff_Latest >= 0 (0.009000000000000341) (2019.01.25 01:14)
[2019.01.25 08:15:03 / ea_44_5.3_2_down-down-buy.mq4:144]
detect_DownDown_Buy() => false) (period = 1 / symbol = EURJPY_)
[2019.01.25 08:16:03 / ea_44_5.3_2_down-down-buy.mq4:122]
new bar (tick = 6771) (period = 1 / symbol = EURJPY_)
[2019.01.25 08:16:03 / lib_ea.mqh:274]
price_Close_Latest >= ibands_1S_Plus (close = 123.82) (BB.-1 = 123.7998461960023) (2019.01.25 01:15)
[2019.01.25 08:16:03 / ea_44_5.3_2_down-down-buy.mq4:144]
detect_DownDown_Buy() => false) (period = 1 / symbol = EURJPY_)
[2019.01.25 08:17:02 / ea_44_5.3_2_down-down-buy.mq4:122]
new bar (tick = 7036) (period = 1 / symbol = EURJPY_)
[2019.01.25 08:17:02 / lib_ea.mqh:274]
price_Close_Latest >= ibands_1S_Plus (close = 123.819) (BB.-1 = 123.7998190763715) (2019.01.25 01:16)
[2019.01.25 08:17:02 / ea_44_5.3_2_down-down-buy.mq4:144]
detect_DownDown_Buy() => false) (period = 1 / symbol = EURJPY_)
[2019.01.25 08:18:02 / ea_44_5.3_2_down-down-buy.mq4:122]
new bar (tick = 7606) (period = 1 / symbol = EURJPY_)
[2019.01.25 08:18:02 / lib_ea.mqh:234]
diff_Latest >= 0 (0.01500000000000057) (2019.01.25 01:17)
[2019.01.25 08:18:02 / ea_44_5.3_2_down-down-buy.mq4:144]
detect_DownDown_Buy() => false) (period = 1 / symbol = EURJPY_)
[2019.01.25 08:19:03 / ea_44_5.3_2_down-down-buy.mq4:122]
new bar (tick = 7855) (period = 1 / symbol = EURJPY_)
[2019.01.25 08:19:03 / lib_ea.mqh:234]
diff_Latest >= 0 (0.00200000000000955) (2019.01.25 01:18)
[2019.01.25 08:19:03 / ea_44_5.3_2_down-down-buy.mq4:144]
detect_DownDown_Buy() => false) (period = 1 / symbol = EURJPY_)
[2019.01.25 08:20:03 / ea_44_5.3_2_down-down-buy.mq4:122]
new bar (tick = 7966) (period = 1 / symbol = EURJPY_)
[2019.01.25 08:20:03 / lib_ea.mqh:234]
diff_Latest >= 0 (0.004000000000004889) (2019.01.25 01:19)
[2019.01.25 08:20:03 / ea_44_5.3_2_down-down-buy.mq4:144]
detect_DownDown_Buy() => false) (period = 1 / symbol = EURJPY_)
[2019.01.25 08:21:02 / ea_44_5.3_2_down-down-buy.mq4:122]
new bar (tick = 8058) (period = 1 / symbol = EURJPY_)
[2019.01.25 08:21:02 / lib_ea.mqh:234]
diff_Latest >= 0 (0.001000000000004775) (2019.01.25 01:20)
[2019.01.25 08:21:02 / ea_44_5.3_2_down-down-buy.mq4:144]
detect_DownDown_Buy() => false) (period = 1 / symbol = EURJPY_)
[2019.01.25 08:22:05 / ea_44_5.3_2_down-down-buy.mq4:122]
new bar (tick = 8137) (period = 1 / symbol = EURJPY_)
[2019.01.25 08:22:05 / lib_ea.mqh:274]
price_Close_Latest >= ibands_1S_Plus (close = 123.838) (BB.-1 = 123.8018465214278) (2019.01.25 01:21)
[2019.01.25 08:22:05 / ea_44_5.3_2_down-down-buy.mq4:144]
detect_DownDown_Buy() => false) (period = 1 / symbol = EURJPY_)
[2019.01.25 08:23:05 / ea_44_5.3_2_down-down-buy.mq4:122]
new bar (tick = 8222) (period = 1 / symbol = EURJPY_)
[2019.01.25 08:23:05 / lib_ea.mqh:274]
price_Close_Latest >= ibands_1S_Plus (close = 123.831) (BB.-1 = 123.8020025479781) (2019.01.25 01:22)
[2019.01.25 08:23:05 / ea_44_5.3_2_down-down-buy.mq4:144]
detect_DownDown_Buy() => false) (period = 1 / symbol = EURJPY_)
[2019.01.25 08:24:03 / ea_44_5.3_2_down-down-buy.mq4:122]
new bar (tick = 8289) (period = 1 / symbol = EURJPY_)
[2019.01.25 08:24:03 / lib_ea.mqh:274]
price_Close_Latest >= ibands_1S_Plus (close = 123.803) (BB.-1 = 123.8006614034604) (2019.01.25 01:23)
[2019.01.25 08:24:03 / ea_44_5.3_2_down-down-buy.mq4:144]
detect_DownDown_Buy() => false) (period = 1 / symbol = EURJPY_)
[2019.01.25 08:25:03 / ea_44_5.3_2_down-down-buy.mq4:122]
new bar (tick = 8451) (period = 1 / symbol = EURJPY_)
[2019.01.25 08:25:03 / lib_ea.mqh:274]
price_Close_Latest >= ibands_1S_Plus (close = 123.803) (BB.-1 = 123.7996457435956) (2019.01.25 01:24)
[2019.01.25 08:25:03 / ea_44_5.3_2_down-down-buy.mq4:144]
detect_DownDown_Buy() => false) (period = 1 / symbol = EURJPY_)
[2019.01.25 08:26:06 / ea_44_5.3_2_down-down-buy.mq4:122]
new bar (tick = 8588) (period = 1 / symbol = EURJPY_)
[2019.01.25 08:26:06 / lib_ea.mqh:234]
diff_Latest >= 0 (0.001000000000004775) (2019.01.25 01:25)
[2019.01.25 08:26:06 / ea_44_5.3_2_down-down-buy.mq4:144]
detect_DownDown_Buy() => false) (period = 1 / symbol = EURJPY_)
[2019.01.25 08:27:03 / ea_44_5.3_2_down-down-buy.mq4:122]
new bar (tick = 8679) (period = 1 / symbol = EURJPY_)
[2019.01.25 08:27:03 / lib_ea.mqh:234]
diff_Latest >= 0 (0.003000000000000114) (2019.01.25 01:26)
[2019.01.25 08:27:03 / ea_44_5.3_2_down-down-buy.mq4:144]
detect_DownDown_Buy() => false) (period = 1 / symbol = EURJPY_)
[2019.01.25 08:28:03 / ea_44_5.3_2_down-down-buy.mq4:122]
new bar (tick = 8769) (period = 1 / symbol = EURJPY_)
[2019.01.25 08:28:03 / lib_ea.mqh:234]
diff_Latest >= 0 (0.01200000000000045) (2019.01.25 01:27)
[2019.01.25 08:28:03 / ea_44_5.3_2_down-down-buy.mq4:144]
detect_DownDown_Buy() => false) (period = 1 / symbol = EURJPY_)
[2019.01.25 08:29:02 / ea_44_5.3_2_down-down-buy.mq4:122]
new bar (tick = 8912) (period = 1 / symbol = EURJPY_)
[2019.01.25 08:29:02 / lib_ea.mqh:274]
price_Close_Latest >= ibands_1S_Plus (close = 123.816) (BB.-1 = 123.8038665886035) (2019.01.25 01:28)
[2019.01.25 08:29:02 / ea_44_5.3_2_down-down-buy.mq4:144]
detect_DownDown_Buy() => false) (period = 1 / symbol = EURJPY_)
[2019.01.25 08:30:03 / ea_44_5.3_2_down-down-buy.mq4:122]
new bar (tick = 9013) (period = 1 / symbol = EURJPY_)
[2019.01.25 08:30:03 / lib_ea.mqh:234]
diff_Latest >= 0 (0.01899999999999125) (2019.01.25 01:29)
[2019.01.25 08:30:03 / ea_44_5.3_2_down-down-buy.mq4:144]
detect_DownDown_Buy() => false) (period = 1 / symbol = EURJPY_)
[2019.01.25 08:31:03 / ea_44_5.3_2_down-down-buy.mq4:122]
new bar (tick = 9127) (period = 1 / symbol = EURJPY_)
[2019.01.25 08:31:03 / lib_ea.mqh:234]
diff_Latest >= 0 (0.009999999999990905) (2019.01.25 01:30)
[2019.01.25 08:31:03 / ea_44_5.3_2_down-down-buy.mq4:144]
detect_DownDown_Buy() => false) (period = 1 / symbol = EURJPY_)
[2019.01.25 08:32:03 / ea_44_5.3_2_down-down-buy.mq4:122]
new bar (tick = 9196) (period = 1 / symbol = EURJPY_)
[2019.01.25 08:32:03 / lib_ea.mqh:274]
price_Close_Latest >= ibands_1S_Plus (close = 123.835) (BB.-1 = 123.8107493320787) (2019.01.25 01:31)
[2019.01.25 08:32:03 / ea_44_5.3_2_down-down-buy.mq4:144]
detect_DownDown_Buy() => false) (period = 1 / symbol = EURJPY_)
[2019.01.25 08:33:03 / ea_44_5.3_2_down-down-buy.mq4:122]
new bar (tick = 9306) (period = 1 / symbol = EURJPY_)
[2019.01.25 08:33:03 / lib_ea.mqh:234]
diff_Latest >= 0 (0.009000000000000341) (2019.01.25 01:32)
[2019.01.25 08:33:03 / ea_44_5.3_2_down-down-buy.mq4:144]
detect_DownDown_Buy() => false) (period = 1 / symbol = EURJPY_)
[2019.01.25 08:34:02 / ea_44_5.3_2_down-down-buy.mq4:122]
new bar (tick = 9362) (period = 1 / symbol = EURJPY_)
[2019.01.25 08:34:02 / lib_ea.mqh:274]
price_Close_Latest >= ibands_1S_Plus (close = 123.844) (BB.-1 = 123.8128796178862) (2019.01.25 01:33)
[2019.01.25 08:34:02 / ea_44_5.3_2_down-down-buy.mq4:144]
detect_DownDown_Buy() => false) (period = 1 / symbol = EURJPY_)
[2019.01.25 08:35:05 / ea_44_5.3_2_down-down-buy.mq4:122]
new bar (tick = 9448) (period = 1 / symbol = EURJPY_)
[2019.01.25 08:35:05 / lib_ea.mqh:234]
diff_Latest >= 0 (0.01099999999999568) (2019.01.25 01:34)
[2019.01.25 08:35:05 / ea_44_5.3_2_down-down-buy.mq4:144]
detect_DownDown_Buy() => false) (period = 1 / symbol = EURJPY_)
[2019.01.25 08:36:04 / ea_44_5.3_2_down-down-buy.mq4:122]
new bar (tick = 9510) (period = 1 / symbol = EURJPY_)
[2019.01.25 08:36:04 / lib_ea.mqh:274]
price_Close_Latest >= ibands_1S_Plus (close = 123.85) (BB.-1 = 123.8137513535621) (2019.01.25 01:35)
[2019.01.25 08:36:04 / ea_44_5.3_2_down-down-buy.mq4:144]
detect_DownDown_Buy() => false) (period = 1 / symbol = EURJPY_)
[2019.01.25 08:37:03 / ea_44_5.3_2_down-down-buy.mq4:122]
new bar (tick = 9565) (period = 1 / symbol = EURJPY_)
[2019.01.25 08:37:03 / lib_ea.mqh:234]
diff_Latest >= 0 (0.006999999999990791) (2019.01.25 01:36)
[2019.01.25 08:37:03 / ea_44_5.3_2_down-down-buy.mq4:144]
detect_DownDown_Buy() => false) (period = 1 / symbol = EURJPY_)
[2019.01.25 08:38:05 / ea_44_5.3_2_down-down-buy.mq4:122]
new bar (tick = 9686) (period = 1 / symbol = EURJPY_)
[2019.01.25 08:38:05 / lib_ea.mqh:234]
diff_Latest >= 0 (0.01400000000001) (2019.01.25 01:37)
[2019.01.25 08:38:05 / ea_44_5.3_2_down-down-buy.mq4:144]
detect_DownDown_Buy() => false) (period = 1 / symbol = EURJPY_)
[2019.01.25 08:39:10 / ea_44_5.3_2_down-down-buy.mq4:122]
new bar (tick = 9744) (period = 1 / symbol = EURJPY_)
[2019.01.25 08:39:10 / lib_ea.mqh:234]
diff_Latest >= 0 (0.004999999999995453) (2019.01.25 01:38)
[2019.01.25 08:39:10 / ea_44_5.3_2_down-down-buy.mq4:144]
detect_DownDown_Buy() => false) (period = 1 / symbol = EURJPY_)
[2019.01.25 08:40:17 / ea_44_5.3_2_down-down-buy.mq4:122]
new bar (tick = 9748) (period = 1 / symbol = EURJPY_)
[2019.01.25 08:40:17 / lib_ea.mqh:274]
price_Close_Latest >= ibands_1S_Plus (close = 123.873) (BB.-1 = 123.8147746195078) (2019.01.25 01:39)
[2019.01.25 08:40:17 / ea_44_5.3_2_down-down-buy.mq4:144]
detect_DownDown_Buy() => false) (period = 1 / symbol = EURJPY_)
[2019.01.25 08:41:06 / ea_44_5.3_2_down-down-buy.mq4:122]
new bar (tick = 9824) (period = 1 / symbol = EURJPY_)
[2019.01.25 08:41:06 / lib_ea.mqh:234]
diff_Latest >= 0 (0.001999999999995339) (2019.01.25 01:40)
[2019.01.25 08:41:06 / ea_44_5.3_2_down-down-buy.mq4:144]
detect_DownDown_Buy() => false) (period = 1 / symbol = EURJPY_)
[2019.01.25 08:42:04 / ea_44_5.3_2_down-down-buy.mq4:122]
new bar (tick = 9834) (period = 1 / symbol = EURJPY_)
[2019.01.25 08:42:04 / lib_ea.mqh:274]
price_Close_Latest >= ibands_1S_Plus (close = 123.874) (BB.-1 = 123.8156776310564) (2019.01.25 01:41)
[2019.01.25 08:42:04 / ea_44_5.3_2_down-down-buy.mq4:144]
detect_DownDown_Buy() => false) (period = 1 / symbol = EURJPY_)
[2019.01.25 08:43:03 / ea_44_5.3_2_down-down-buy.mq4:122]
new bar (tick = 9922) (period = 1 / symbol = EURJPY_)
[2019.01.25 08:43:03 / lib_ea.mqh:274]
price_Close_Latest >= ibands_1S_Plus (close = 123.869) (BB.-1 = 123.816931588193) (2019.01.25 01:42)
[2019.01.25 08:43:03 / ea_44_5.3_2_down-down-buy.mq4:144]
detect_DownDown_Buy() => false) (period = 1 / symbol = EURJPY_)
[2019.01.25 08:44:04 / ea_44_5.3_2_down-down-buy.mq4:122]
new bar (tick = 9987) (period = 1 / symbol = EURJPY_)
[2019.01.25 08:44:04 / lib_ea.mqh:234]
diff_Latest >= 0 (0.007999999999995566) (2019.01.25 01:43)
[2019.01.25 08:44:04 / ea_44_5.3_2_down-down-buy.mq4:144]
detect_DownDown_Buy() => false) (period = 1 / symbol = EURJPY_)
[2019.01.25 08:45:04 / ea_44_5.3_2_down-down-buy.mq4:122]
new bar (tick = 10065) (period = 1 / symbol = EURJPY_)
[2019.01.25 08:45:04 / lib_ea.mqh:234]
diff_Latest >= 0 (0.006999999999990791) (2019.01.25 01:44)
[2019.01.25 08:45:04 / ea_44_5.3_2_down-down-buy.mq4:144]
detect_DownDown_Buy() => false) (period = 1 / symbol = EURJPY_)
[2019.01.25 08:46:03 / ea_44_5.3_2_down-down-buy.mq4:122]
new bar (tick = 10249) (period = 1 / symbol = EURJPY_)
[2019.01.25 08:46:03 / lib_ea.mqh:274]
price_Close_Latest >= ibands_1S_Plus (close = 123.876) (BB.-1 = 123.8315480249193) (2019.01.25 01:45)
[2019.01.25 08:46:03 / ea_44_5.3_2_down-down-buy.mq4:144]
detect_DownDown_Buy() => false) (period = 1 / symbol = EURJPY_)
[2019.01.25 08:47:03 / ea_44_5.3_2_down-down-buy.mq4:122]
new bar (tick = 10353) (period = 1 / symbol = EURJPY_)
[2019.01.25 08:47:03 / lib_ea.mqh:234]
diff_Latest >= 0 (0.005000000000009663) (2019.01.25 01:46)
[2019.01.25 08:47:03 / ea_44_5.3_2_down-down-buy.mq4:144]
detect_DownDown_Buy() => false) (period = 1 / symbol = EURJPY_)
[2019.01.25 08:48:03 / ea_44_5.3_2_down-down-buy.mq4:122]
new bar (tick = 10558) (period = 1 / symbol = EURJPY_)
[2019.01.25 08:48:03 / lib_ea.mqh:234]
diff_Latest >= 0 (0.009999999999990905) (2019.01.25 01:47)
[2019.01.25 08:48:03 / ea_44_5.3_2_down-down-buy.mq4:144]
detect_DownDown_Buy() => false) (period = 1 / symbol = EURJPY_)
[2019.01.25 08:49:03 / ea_44_5.3_2_down-down-buy.mq4:122]
new bar (tick = 11023) (period = 1 / symbol = EURJPY_)
[2019.01.25 08:49:03 / lib_ea.mqh:234]
diff_Latest >= 0 (0.04500000000000171) (2019.01.25 01:48)
[2019.01.25 08:49:03 / ea_44_5.3_2_down-down-buy.mq4:144]
detect_DownDown_Buy() => false) (period = 1 / symbol = EURJPY_)
[2019.01.25 08:50:05 / ea_44_5.3_2_down-down-buy.mq4:122]
new bar (tick = 11205) (period = 1 / symbol = EURJPY_)
[2019.01.25 08:50:05 / lib_ea.mqh:274]
price_Close_Latest >= ibands_1S_Plus (close = 123.912) (BB.-1 = 123.8472534212996) (2019.01.25 01:49)
[2019.01.25 08:50:05 / ea_44_5.3_2_down-down-buy.mq4:144]
detect_DownDown_Buy() => false) (period = 1 / symbol = EURJPY_)
[2019.01.25 08:51:04 / ea_44_5.3_2_down-down-buy.mq4:122]
new bar (tick = 11427) (period = 1 / symbol = EURJPY_)
[2019.01.25 08:51:04 / lib_ea.mqh:234]
diff_Latest >= 0 (0.01099999999999568) (2019.01.25 01:50)
[2019.01.25 08:51:04 / ea_44_5.3_2_down-down-buy.mq4:144]
detect_DownDown_Buy() => false) (period = 1 / symbol = EURJPY_)
[2019.01.25 08:52:05 / ea_44_5.3_2_down-down-buy.mq4:122]
new bar (tick = 11591) (period = 1 / symbol = EURJPY_)
[2019.01.25 08:52:05 / lib_ea.mqh:234]
diff_Latest >= 0 (0) (2019.01.25 01:51)
[2019.01.25 08:52:05 / ea_44_5.3_2_down-down-buy.mq4:144]
detect_DownDown_Buy() => false) (period = 1 / symbol = EURJPY_)
[2019.01.25 08:53:03 / ea_44_5.3_2_down-down-buy.mq4:122]
new bar (tick = 11761) (period = 1 / symbol = EURJPY_)
[2019.01.25 08:53:03 / lib_ea.mqh:274]
price_Close_Latest >= ibands_1S_Plus (close = 123.9) (BB.-1 = 123.8574581989257) (2019.01.25 01:52)
[2019.01.25 08:53:03 / ea_44_5.3_2_down-down-buy.mq4:144]
detect_DownDown_Buy() => false) (period = 1 / symbol = EURJPY_)
[2019.01.25 08:54:04 / ea_44_5.3_2_down-down-buy.mq4:122]
new bar (tick = 11884) (period = 1 / symbol = EURJPY_)
[2019.01.25 08:54:04 / lib_ea.mqh:274]
price_Close_Latest >= ibands_1S_Plus (close = 123.897) (BB.-1 = 123.8615344749146) (2019.01.25 01:53)
[2019.01.25 08:54:04 / ea_44_5.3_2_down-down-buy.mq4:144]
detect_DownDown_Buy() => false) (period = 1 / symbol = EURJPY_)
[2019.01.25 08:55:03 / ea_44_5.3_2_down-down-buy.mq4:122]
new bar (tick = 11996) (period = 1 / symbol = EURJPY_)
[2019.01.25 08:55:03 / lib_ea.mqh:234]
diff_Latest >= 0 (0.02000000000001023) (2019.01.25 01:54)
[2019.01.25 08:55:03 / ea_44_5.3_2_down-down-buy.mq4:144]
detect_DownDown_Buy() => false) (period = 1 / symbol = EURJPY_)
[2019.01.25 08:56:03 / ea_44_5.3_2_down-down-buy.mq4:122]
new bar (tick = 12222) (period = 1 / symbol = EURJPY_)
[2019.01.25 08:56:03 / lib_ea.mqh:234]
diff_Latest >= 0 (0.03499999999999659) (2019.01.25 01:55)
[2019.01.25 08:56:03 / ea_44_5.3_2_down-down-buy.mq4:144]
detect_DownDown_Buy() => false) (period = 1 / symbol = EURJPY_)
[2019.01.25 08:57:03 / ea_44_5.3_2_down-down-buy.mq4:122]
new bar (tick = 12378) (period = 1 / symbol = EURJPY_)
[2019.01.25 08:57:03 / lib_ea.mqh:234]
diff_Latest >= 0 (0.01100000000000989) (2019.01.25 01:56)
[2019.01.25 08:57:03 / ea_44_5.3_2_down-down-buy.mq4:144]
detect_DownDown_Buy() => false) (period = 1 / symbol = EURJPY_)
[2019.01.25 08:58:03 / ea_44_5.3_2_down-down-buy.mq4:122]
new bar (tick = 12638) (period = 1 / symbol = EURJPY_)
[2019.01.25 08:58:03 / lib_ea.mqh:234]
diff_Latest >= 0 (0.01299999999999102) (2019.01.25 01:57)
[2019.01.25 08:58:03 / ea_44_5.3_2_down-down-buy.mq4:144]
detect_DownDown_Buy() => false) (period = 1 / symbol = EURJPY_)
[2019.01.25 08:59:03 / ea_44_5.3_2_down-down-buy.mq4:122]
new bar (tick = 12820) (period = 1 / symbol = EURJPY_)
[2019.01.25 08:59:03 / lib_ea.mqh:234]
diff_Latest >= 0 (0.007000000000005002) (2019.01.25 01:58)
[2019.01.25 08:59:03 / ea_44_5.3_2_down-down-buy.mq4:144]
detect_DownDown_Buy() => false) (period = 1 / symbol = EURJPY_)
[2019.01.25 09:00:03 / ea_44_5.3_2_down-down-buy.mq4:122]
new bar (tick = 12915) (period = 1 / symbol = EURJPY_)
[2019.01.25 09:00:03 / lib_ea.mqh:274]
price_Close_Latest >= ibands_1S_Plus (close = 123.981) (BB.-1 = 123.8766866557519) (2019.01.25 01:59)
[2019.01.25 09:00:03 / ea_44_5.3_2_down-down-buy.mq4:144]
detect_DownDown_Buy() => false) (period = 1 / symbol = EURJPY_)
[2019.01.25 09:01:03 / ea_44_5.3_2_down-down-buy.mq4:122]
new bar (tick = 13290) (period = 1 / symbol = EURJPY_)
[2019.01.25 09:01:03 / lib_ea.mqh:274]
price_Close_Latest >= ibands_1S_Plus (close = 123.935) (BB.-1 = 123.8806693588409) (2019.01.25 02:00)
[2019.01.25 09:01:03 / ea_44_5.3_2_down-down-buy.mq4:144]
detect_DownDown_Buy() => false) (period = 1 / symbol = EURJPY_)
[2019.01.25 09:02:05 / ea_44_5.3_2_down-down-buy.mq4:122]
new bar (tick = 13619) (period = 1 / symbol = EURJPY_)
[2019.01.25 09:02:05 / lib_ea.mqh:234]
diff_Latest >= 0 (0.002999999999985903) (2019.01.25 02:01)
[2019.01.25 09:02:05 / ea_44_5.3_2_down-down-buy.mq4:144]
detect_DownDown_Buy() => false) (period = 1 / symbol = EURJPY_)
[2019.01.25 09:03:03 / ea_44_5.3_2_down-down-buy.mq4:122]
new bar (tick = 13879) (period = 1 / symbol = EURJPY_)
[2019.01.25 09:03:03 / lib_ea.mqh:234]
diff_Latest >= 0 (0.01899999999999125) (2019.01.25 02:02)
[2019.01.25 09:03:03 / ea_44_5.3_2_down-down-buy.mq4:144]
detect_DownDown_Buy() => false) (period = 1 / symbol = EURJPY_)
[2019.01.25 09:04:04 / ea_44_5.3_2_down-down-buy.mq4:122]
new bar (tick = 14053) (period = 1 / symbol = EURJPY_)
[2019.01.25 09:04:04 / lib_ea.mqh:274]
price_Close_Latest >= ibands_1S_Plus (close = 123.946) (BB.-1 = 123.8957163166354) (2019.01.25 02:03)
[2019.01.25 09:04:04 / ea_44_5.3_2_down-down-buy.mq4:144]
detect_DownDown_Buy() => false) (period = 1 / symbol = EURJPY_)
[2019.01.25 09:05:03 / ea_44_5.3_2_down-down-buy.mq4:122]
new bar (tick = 14263) (period = 1 / symbol = EURJPY_)
[2019.01.25 09:05:03 / lib_ea.mqh:234]
diff_Latest >= 0 (0.01500000000000057) (2019.01.25 02:04)
[2019.01.25 09:05:03 / ea_44_5.3_2_down-down-buy.mq4:144]
detect_DownDown_Buy() => false) (period = 1 / symbol = EURJPY_)
[2019.01.25 09:06:03 / ea_44_5.3_2_down-down-buy.mq4:122]
new bar (tick = 14665) (period = 1 / symbol = EURJPY_)
[2019.01.25 09:06:03 / lib_ea.mqh:234]
diff_Latest >= 0 (0.01000000000000512) (2019.01.25 02:05)
[2019.01.25 09:06:03 / ea_44_5.3_2_down-down-buy.mq4:144]
detect_DownDown_Buy() => false) (period = 1 / symbol = EURJPY_)
[2019.01.25 09:07:03 / ea_44_5.3_2_down-down-buy.mq4:122]
new bar (tick = 14911) (period = 1 / symbol = EURJPY_)
[2019.01.25 09:07:03 / lib_ea.mqh:234]
diff_Latest >= 0 (0.009999999999990905) (2019.01.25 02:06)
[2019.01.25 09:07:03 / ea_44_5.3_2_down-down-buy.mq4:144]
detect_DownDown_Buy() => false) (period = 1 / symbol = EURJPY_)
[2019.01.25 09:08:03 / ea_44_5.3_2_down-down-buy.mq4:122]
new bar (tick = 15104) (period = 1 / symbol = EURJPY_)
[2019.01.25 09:08:03 / lib_ea.mqh:234]
diff_Latest >= 0 (0.00200000000000955) (2019.01.25 02:07)
[2019.01.25 09:08:03 / ea_44_5.3_2_down-down-buy.mq4:144]
detect_DownDown_Buy() => false) (period = 1 / symbol = EURJPY_)
[2019.01.25 09:09:03 / ea_44_5.3_2_down-down-buy.mq4:122]
new bar (tick = 15266) (period = 1 / symbol = EURJPY_)
[2019.01.25 09:09:03 / lib_ea.mqh:234]
diff_Latest >= 0 (0.001999999999995339) (2019.01.25 02:08)
[2019.01.25 09:09:03 / ea_44_5.3_2_down-down-buy.mq4:144]
detect_DownDown_Buy() => false) (period = 1 / symbol = EURJPY_)
[2019.01.25 09:10:03 / ea_44_5.3_2_down-down-buy.mq4:122]
new bar (tick = 15468) (period = 1 / symbol = EURJPY_)
[2019.01.25 09:10:03 / lib_ea.mqh:234]
diff_Latest >= 0 (0.01299999999999102) (2019.01.25 02:09)
[2019.01.25 09:10:03 / ea_44_5.3_2_down-down-buy.mq4:144]
detect_DownDown_Buy() => false) (period = 1 / symbol = EURJPY_)
[2019.01.25 09:11:03 / ea_44_5.3_2_down-down-buy.mq4:122]
new bar (tick = 15698) (period = 1 / symbol = EURJPY_)
[2019.01.25 09:11:03 / lib_ea.mqh:234]
diff_Latest >= 0 (0.009000000000000341) (2019.01.25 02:10)
[2019.01.25 09:11:03 / ea_44_5.3_2_down-down-buy.mq4:144]
detect_DownDown_Buy() => false) (period = 1 / symbol = EURJPY_)
[2019.01.25 09:12:03 / ea_44_5.3_2_down-down-buy.mq4:122]
new bar (tick = 15907) (period = 1 / symbol = EURJPY_)
[2019.01.25 09:12:03 / lib_ea.mqh:274]
price_Close_Latest >= ibands_1S_Plus (close = 123.999) (BB.-1 = 123.9310882518324) (2019.01.25 02:11)
[2019.01.25 09:12:03 / ea_44_5.3_2_down-down-buy.mq4:144]
detect_DownDown_Buy() => false) (period = 1 / symbol = EURJPY_)
[2019.01.25 09:13:04 / ea_44_5.3_2_down-down-buy.mq4:122]
new bar (tick = 16057) (period = 1 / symbol = EURJPY_)
[2019.01.25 09:13:05 / lib_ea.mqh:234]
diff_Latest >= 0 (0.02400000000000091) (2019.01.25 02:12)
[2019.01.25 09:13:05 / ea_44_5.3_2_down-down-buy.mq4:144]
detect_DownDown_Buy() => false) (period = 1 / symbol = EURJPY_)
[2019.01.25 09:14:04 / ea_44_5.3_2_down-down-buy.mq4:122]
new bar (tick = 16276) (period = 1 / symbol = EURJPY_)
[2019.01.25 09:14:04 / lib_ea.mqh:234]
diff_Latest >= 0 (0.006000000000000227) (2019.01.25 02:13)
[2019.01.25 09:14:04 / ea_44_5.3_2_down-down-buy.mq4:144]
detect_DownDown_Buy() => false) (period = 1 / symbol = EURJPY_)
[2019.01.25 09:15:05 / ea_44_5.3_2_down-down-buy.mq4:122]
new bar (tick = 16432) (period = 1 / symbol = EURJPY_)
[2019.01.25 09:15:05 / lib_ea.mqh:234]
diff_Latest >= 0 (0.01500000000000057) (2019.01.25 02:14)
[2019.01.25 09:15:05 / ea_44_5.3_2_down-down-buy.mq4:144]
detect_DownDown_Buy() => false) (period = 1 / symbol = EURJPY_)
[2019.01.25 09:16:03 / ea_44_5.3_2_down-down-buy.mq4:122]
new bar (tick = 16629) (period = 1 / symbol = EURJPY_)
[2019.01.25 09:16:03 / lib_ea.mqh:234]
diff_Latest >= 0 (0.02499999999999147) (2019.01.25 02:15)
[2019.01.25 09:16:03 / ea_44_5.3_2_down-down-buy.mq4:144]
detect_DownDown_Buy() => false) (period = 1 / symbol = EURJPY_)
[2019.01.25 09:17:04 / ea_44_5.3_2_down-down-buy.mq4:122]
new bar (tick = 16992) (period = 1 / symbol = EURJPY_)
[2019.01.25 09:17:04 / lib_ea.mqh:234]
diff_Latest >= 0 (0.006000000000000227) (2019.01.25 02:16)
[2019.01.25 09:17:04 / ea_44_5.3_2_down-down-buy.mq4:144]
detect_DownDown_Buy() => false) (period = 1 / symbol = EURJPY_)
[2019.01.25 09:18:04 / ea_44_5.3_2_down-down-buy.mq4:122]
new bar (tick = 17245) (period = 1 / symbol = EURJPY_)
[2019.01.25 09:18:04 / lib_ea.mqh:274]
price_Close_Latest >= ibands_1S_Plus (close = 124.059) (BB.-1 = 123.9554637224805) (2019.01.25 02:17)
[2019.01.25 09:18:04 / ea_44_5.3_2_down-down-buy.mq4:144]
detect_DownDown_Buy() => false) (period = 1 / symbol = EURJPY_)
[2019.01.25 09:19:03 / ea_44_5.3_2_down-down-buy.mq4:122]
new bar (tick = 17366) (period = 1 / symbol = EURJPY_)
[2019.01.25 09:19:03 / lib_ea.mqh:274]
price_Close_Latest >= ibands_1S_Plus (close = 124.051) (BB.-1 = 123.9574423105897) (2019.01.25 02:18)
[2019.01.25 09:19:03 / ea_44_5.3_2_down-down-buy.mq4:144]
detect_DownDown_Buy() => false) (period = 1 / symbol = EURJPY_)
[2019.01.25 09:20:04 / ea_44_5.3_2_down-down-buy.mq4:122]
new bar (tick = 17603) (period = 1 / symbol = EURJPY_)
[2019.01.25 09:20:04 / lib_ea.mqh:274]
price_Close_Latest >= ibands_1S_Plus (close = 124.032) (BB.-1 = 123.9597360560652) (2019.01.25 02:19)
[2019.01.25 09:20:04 / ea_44_5.3_2_down-down-buy.mq4:144]
detect_DownDown_Buy() => false) (period = 1 / symbol = EURJPY_)
[2019.01.25 09:21:04 / ea_44_5.3_2_down-down-buy.mq4:122]
new bar (tick = 17823) (period = 1 / symbol = EURJPY_)
[2019.01.25 09:21:04 / lib_ea.mqh:234]
diff_Latest >= 0 (0.02599999999999625) (2019.01.25 02:20)
[2019.01.25 09:21:04 / ea_44_5.3_2_down-down-buy.mq4:144]
detect_DownDown_Buy() => false) (period = 1 / symbol = EURJPY_)
[2019.01.25 09:22:04 / ea_44_5.3_2_down-down-buy.mq4:122]
new bar (tick = 17960) (period = 1 / symbol = EURJPY_)
[2019.01.25 09:22:04 / lib_ea.mqh:234]
diff_Latest >= 0 (0.006000000000000227) (2019.01.25 02:21)
[2019.01.25 09:22:04 / ea_44_5.3_2_down-down-buy.mq4:144]
detect_DownDown_Buy() => false) (period = 1 / symbol = EURJPY_)
[2019.01.25 09:23:03 / ea_44_5.3_2_down-down-buy.mq4:122]
new bar (tick = 18080) (period = 1 / symbol = EURJPY_)
[2019.01.25 09:23:03 / lib_ea.mqh:274]
price_Close_Latest >= ibands_1S_Plus (close = 124.058) (BB.-1 = 123.9812821559299) (2019.01.25 02:22)
[2019.01.25 09:23:03 / ea_44_5.3_2_down-down-buy.mq4:144]
detect_DownDown_Buy() => false) (period = 1 / symbol = EURJPY_)
[2019.01.25 09:24:04 / ea_44_5.3_2_down-down-buy.mq4:122]
new bar (tick = 18204) (period = 1 / symbol = EURJPY_)
[2019.01.25 09:24:04 / lib_ea.mqh:274]
price_Close_Latest >= ibands_1S_Plus (close = 124.052) (BB.-1 = 123.9900099736776) (2019.01.25 02:23)
[2019.01.25 09:24:04 / ea_44_5.3_2_down-down-buy.mq4:144]
detect_DownDown_Buy() => false) (period = 1 / symbol = EURJPY_)
[2019.01.25 09:25:05 / ea_44_5.3_2_down-down-buy.mq4:122]
new bar (tick = 18297) (period = 1 / symbol = EURJPY_)
[2019.01.25 09:25:05 / lib_ea.mqh:274]
price_Close_Latest >= ibands_1S_Plus (close = 124.044) (BB.-1 = 123.9970901827254) (2019.01.25 02:24)
[2019.01.25 09:25:05 / ea_44_5.3_2_down-down-buy.mq4:144]
detect_DownDown_Buy() => false) (period = 1 / symbol = EURJPY_)
[2019.01.25 09:26:03 / ea_44_5.3_2_down-down-buy.mq4:122]
new bar (tick = 18479) (period = 1 / symbol = EURJPY_)
[2019.01.25 09:26:03 / lib_ea.mqh:234]
diff_Latest >= 0 (0.02400000000000091) (2019.01.25 02:25)
[2019.01.25 09:26:03 / ea_44_5.3_2_down-down-buy.mq4:144]
detect_DownDown_Buy() => false) (period = 1 / symbol = EURJPY_)
[2019.01.25 09:27:03 / ea_44_5.3_2_down-down-buy.mq4:122]
new bar (tick = 18639) (period = 1 / symbol = EURJPY_)
[2019.01.25 09:27:03 / lib_ea.mqh:274]
price_Close_Latest >= ibands_1S_Plus (close = 124.034) (BB.-1 = 124.0091358616451) (2019.01.25 02:26)
[2019.01.25 09:27:03 / ea_44_5.3_2_down-down-buy.mq4:144]
detect_DownDown_Buy() => false) (period = 1 / symbol = EURJPY_)
[2019.01.25 09:28:04 / ea_44_5.3_2_down-down-buy.mq4:122]
new bar (tick = 18785) (period = 1 / symbol = EURJPY_)
[2019.01.25 09:28:04 / lib_ea.mqh:274]
price_Close_Latest >= ibands_1S_Plus (close = 124.028) (BB.-1 = 124.0141440413864) (2019.01.25 02:27)
[2019.01.25 09:28:04 / ea_44_5.3_2_down-down-buy.mq4:144]
detect_DownDown_Buy() => false) (period = 1 / symbol = EURJPY_)
[2019.01.25 09:29:03 / ea_44_5.3_2_down-down-buy.mq4:122]
new bar (tick = 18877) (period = 1 / symbol = EURJPY_)
[2019.01.25 09:29:03 / lib_ea.mqh:274]
price_Close_Latest >= ibands_1S_Plus (close = 124.022) (BB.-1 = 124.0184877187685) (2019.01.25 02:28)
[2019.01.25 09:29:03 / ea_44_5.3_2_down-down-buy.mq4:144]
detect_DownDown_Buy() => false) (period = 1 / symbol = EURJPY_)
[2019.01.25 09:30:05 / ea_44_5.3_2_down-down-buy.mq4:122]
new bar (tick = 19005) (period = 1 / symbol = EURJPY_)
[2019.01.25 09:30:05 / lib_ea.mqh:234]
diff_Latest >= 0 (0.03399999999999181) (2019.01.25 02:29)
[2019.01.25 09:30:05 / ea_44_5.3_2_down-down-buy.mq4:144]
detect_DownDown_Buy() => false) (period = 1 / symbol = EURJPY_)
[2019.01.25 09:31:04 / ea_44_5.3_2_down-down-buy.mq4:122]
new bar (tick = 19170) (period = 1 / symbol = EURJPY_)
[2019.01.25 09:31:04 / lib_ea.mqh:274]
price_Close_Latest >= ibands_1S_Plus (close = 124.047) (BB.-1 = 124.0268732919015) (2019.01.25 02:30)
[2019.01.25 09:31:04 / ea_44_5.3_2_down-down-buy.mq4:144]
detect_DownDown_Buy() => false) (period = 1 / symbol = EURJPY_)
[2019.01.25 09:32:13 / ea_44_5.3_2_down-down-buy.mq4:122]
new bar (tick = 19319) (period = 1 / symbol = EURJPY_)
[2019.01.25 09:32:13 / lib_ea.mqh:329]
detect_DownDown_Buy() ==> true (datetime = 2019.01.25 02:31)
[2019.01.25 09:32:13 / ea_44_5.3_2_down-down-buy.mq4:144]
detect_DownDown_Buy() => true) (period = 1 / symbol = EURJPY_)
[2019.01.25 09:32:13 / lib_ea.mqh:393][lib_ea.mqh:370] Level_TakeProfit => 124.083 / Level_StopLoss => 123.983
Point = 0.001
Bid = 124.013
MyPoint * 10 * _TheTakeProfit = 0.07000000000000001
MyPoint * 10 * _TheStopLoss = 0.03
_TheTakeProfit = 7
_TheStopLoss = 3
[2019.01.25 09:32:14 / lib_ea.mqh:421]
-------------------------------- [new order : buy_DownDown_Buy]
order id = 5214715
[2019.01.25 09:32:14 / lib_ea.mqh:520][lib_ea.mqh:497] Level_TakeProfit => 123.958 / Level_StopLoss => 124.058
Point = 0.001
Bid = 124.028
MyPoint * 10 * _TheTakeProfit = 0.07000000000000001
MyPoint * 10 * _TheStopLoss = 0.03
_TheTakeProfit = 7
_TheStopLoss = 3
[2019.01.25 09:32:14 / lib_ea.mqh:548]
-------------------------------- [new order : buy_DownDown_Sell]
order id = 5214717
[2019.01.25 09:33:04 / ea_44_5.3_2_down-down-buy.mq4:122]
new bar (tick = 19387) (period = 1 / symbol = EURJPY_)
[2019.01.25 09:33:04 / lib_ea.mqh:329]
detect_DownDown_Buy() ==> true (datetime = 2019.01.25 02:32)
[2019.01.25 09:33:04 / ea_44_5.3_2_down-down-buy.mq4:144]
detect_DownDown_Buy() => true) (period = 1 / symbol = EURJPY_)
[2019.01.25 09:33:04 / lib_ea.mqh:393][lib_ea.mqh:370] Level_TakeProfit => 124.075 / Level_StopLoss => 123.975
Point = 0.001
Bid = 124.005
MyPoint * 10 * _TheTakeProfit = 0.07000000000000001
MyPoint * 10 * _TheStopLoss = 0.03
_TheTakeProfit = 7
_TheStopLoss = 3
[2019.01.25 09:33:04 / lib_ea.mqh:421]
-------------------------------- [new order : buy_DownDown_Buy]
order id = 5214721
[2019.01.25 09:33:04 / lib_ea.mqh:520][lib_ea.mqh:497] Level_TakeProfit => 123.946 / Level_StopLoss => 124.046
Point = 0.001
Bid = 124.016
MyPoint * 10 * _TheTakeProfit = 0.07000000000000001
MyPoint * 10 * _TheStopLoss = 0.03
_TheTakeProfit = 7
_TheStopLoss = 3
[2019.01.25 09:33:05 / lib_ea.mqh:548]
-------------------------------- [new order : buy_DownDown_Sell]
order id = 5214723
[2019.01.25 09:34:04 / ea_44_5.3_2_down-down-buy.mq4:122]
new bar (tick = 19466) (period = 1 / symbol = EURJPY_)
[2019.01.25 09:34:04 / lib_ea.mqh:234]
diff_Latest >= 0 (0.02299999999999613) (2019.01.25 02:33)
[2019.01.25 09:34:04 / ea_44_5.3_2_down-down-buy.mq4:144]
detect_DownDown_Buy() => false) (period = 1 / symbol = EURJPY_)
[2019.01.25 09:35:04 / ea_44_5.3_2_down-down-buy.mq4:122]
new bar (tick = 19524) (period = 1 / symbol = EURJPY_)
[2019.01.25 09:35:04 / lib_ea.mqh:310]
diff_SecondLatest >= 0 (diff = 0.02299999999999613)(2019.01.25 02:33)
[2019.01.25 09:35:04 / ea_44_5.3_2_down-down-buy.mq4:144]
detect_DownDown_Buy() => false) (period = 1 / symbol = EURJPY_)
[2019.01.25 09:36:04 / ea_44_5.3_2_down-down-buy.mq4:122]
new bar (tick = 19644) (period = 1 / symbol = EURJPY_)
[2019.01.25 09:36:04 / lib_ea.mqh:329]
detect_DownDown_Buy() ==> true (datetime = 2019.01.25 02:35)
[2019.01.25 09:36:04 / ea_44_5.3_2_down-down-buy.mq4:144]
detect_DownDown_Buy() => true) (period = 1 / symbol = EURJPY_)
[2019.01.25 09:36:04 / lib_ea.mqh:393][lib_ea.mqh:370] Level_TakeProfit => 124.064 / Level_StopLoss => 123.964
Point = 0.001
Bid = 123.994
MyPoint * 10 * _TheTakeProfit = 0.07000000000000001
MyPoint * 10 * _TheStopLoss = 0.03
_TheTakeProfit = 7
_TheStopLoss = 3
[2019.01.25 09:36:04 / lib_ea.mqh:421]
-------------------------------- [new order : buy_DownDown_Buy]
order id = 5214737
[2019.01.25 09:36:04 / lib_ea.mqh:520][lib_ea.mqh:497] Level_TakeProfit => 123.935 / Level_StopLoss => 124.035
Point = 0.001
Bid = 124.005
MyPoint * 10 * _TheTakeProfit = 0.07000000000000001
MyPoint * 10 * _TheStopLoss = 0.03
_TheTakeProfit = 7
_TheStopLoss = 3
[2019.01.25 09:36:04 / lib_ea.mqh:548]
-------------------------------- [new order : buy_DownDown_Sell]
order id = 5214739
[2019.01.25 09:37:03 / ea_44_5.3_2_down-down-buy.mq4:122]
new bar (tick = 19790) (period = 1 / symbol = EURJPY_)
[2019.01.25 09:37:03 / lib_ea.mqh:329]
detect_DownDown_Buy() ==> true (datetime = 2019.01.25 02:36)
[2019.01.25 09:37:03 / ea_44_5.3_2_down-down-buy.mq4:144]
detect_DownDown_Buy() => true) (period = 1 / symbol = EURJPY_)
[2019.01.25 09:37:03 / lib_ea.mqh:393][lib_ea.mqh:370] Level_TakeProfit => 124.063 / Level_StopLoss => 123.963
Point = 0.001
Bid = 123.993
MyPoint * 10 * _TheTakeProfit = 0.07000000000000001
MyPoint * 10 * _TheStopLoss = 0.03
_TheTakeProfit = 7
_TheStopLoss = 3
[2019.01.25 09:37:03 / lib_ea.mqh:421]
-------------------------------- [new order : buy_DownDown_Buy]
order id = 5214742
[2019.01.25 09:37:03 / lib_ea.mqh:520][lib_ea.mqh:497] Level_TakeProfit => 123.936 / Level_StopLoss => 124.036
Point = 0.001
Bid = 124.006
MyPoint * 10 * _TheTakeProfit = 0.07000000000000001
MyPoint * 10 * _TheStopLoss = 0.03
_TheTakeProfit = 7
_TheStopLoss = 3
[2019.01.25 09:37:04 / lib_ea.mqh:548]
-------------------------------- [new order : buy_DownDown_Sell]
order id = 5214744
[2019.01.25 09:38:05 / ea_44_5.3_2_down-down-buy.mq4:122]
new bar (tick = 19936) (period = 1 / symbol = EURJPY_)
[2019.01.25 09:38:05 / lib_ea.mqh:234]
diff_Latest >= 0 (0.01600000000000534) (2019.01.25 02:37)
[2019.01.25 09:38:05 / ea_44_5.3_2_down-down-buy.mq4:144]
detect_DownDown_Buy() => false) (period = 1 / symbol = EURJPY_)
[2019.01.25 09:39:04 / ea_44_5.3_2_down-down-buy.mq4:122]
new bar (tick = 20130) (period = 1 / symbol = EURJPY_)
[2019.01.25 09:39:04 / lib_ea.mqh:234]
diff_Latest >= 0 (0.02599999999999625) (2019.01.25 02:38)
[2019.01.25 09:39:04 / ea_44_5.3_2_down-down-buy.mq4:144]
detect_DownDown_Buy() => false) (period = 1 / symbol = EURJPY_)
[2019.01.25 09:40:04 / ea_44_5.3_2_down-down-buy.mq4:122]
new bar (tick = 20206) (period = 1 / symbol = EURJPY_)
[2019.01.25 09:40:04 / lib_ea.mqh:274]
price_Close_Latest >= ibands_1S_Plus (close = 124.033) (BB.-1 = 124.013639561074) (2019.01.25 02:39)
[2019.01.25 09:40:04 / ea_44_5.3_2_down-down-buy.mq4:144]
detect_DownDown_Buy() => false) (period = 1 / symbol = EURJPY_)
[2019.01.25 09:41:04 / ea_44_5.3_2_down-down-buy.mq4:122]
new bar (tick = 20370) (period = 1 / symbol = EURJPY_)
[2019.01.25 09:41:04 / lib_ea.mqh:329]
detect_DownDown_Buy() ==> true (datetime = 2019.01.25 02:40)
[2019.01.25 09:41:04 / ea_44_5.3_2_down-down-buy.mq4:144]
detect_DownDown_Buy() => true) (period = 1 / symbol = EURJPY_)
[2019.01.25 09:41:04 / lib_ea.mqh:393][lib_ea.mqh:370] Level_TakeProfit => 124.073 / Level_StopLoss => 123.973
Point = 0.001
Bid = 124.003
MyPoint * 10 * _TheTakeProfit = 0.07000000000000001
MyPoint * 10 * _TheStopLoss = 0.03
_TheTakeProfit = 7
_TheStopLoss = 3
[2019.01.25 09:41:04 / lib_ea.mqh:421]
-------------------------------- [new order : buy_DownDown_Buy]
order id = 5214751
[2019.01.25 09:41:04 / lib_ea.mqh:520][lib_ea.mqh:497] Level_TakeProfit => 123.945 / Level_StopLoss => 124.045
Point = 0.001
Bid = 124.015
MyPoint * 10 * _TheTakeProfit = 0.07000000000000001
MyPoint * 10 * _TheStopLoss = 0.03
_TheTakeProfit = 7
_TheStopLoss = 3
[2019.01.25 09:41:04 / lib_ea.mqh:548]
-------------------------------- [new order : buy_DownDown_Sell]
order id = 5214753
[2019.01.25 09:42:03 / ea_44_5.3_2_down-down-buy.mq4:122]
new bar (tick = 20506) (period = 1 / symbol = EURJPY_)
[2019.01.25 09:42:03 / lib_ea.mqh:329]
detect_DownDown_Buy() ==> true (datetime = 2019.01.25 02:41)
[2019.01.25 09:42:03 / ea_44_5.3_2_down-down-buy.mq4:144]
detect_DownDown_Buy() => true) (period = 1 / symbol = EURJPY_)
[2019.01.25 09:42:03 / lib_ea.mqh:393][lib_ea.mqh:370] Level_TakeProfit => 124.069 / Level_StopLoss => 123.969
Point = 0.001
Bid = 123.999
MyPoint * 10 * _TheTakeProfit = 0.07000000000000001
MyPoint * 10 * _TheStopLoss = 0.03
_TheTakeProfit = 7
_TheStopLoss = 3
[2019.01.25 09:42:03 / lib_ea.mqh:421]
-------------------------------- [new order : buy_DownDown_Buy]
order id = 5214756
[2019.01.25 09:42:03 / lib_ea.mqh:520][lib_ea.mqh:497] Level_TakeProfit => 123.94 / Level_StopLoss => 124.04
Point = 0.001
Bid = 124.01
MyPoint * 10 * _TheTakeProfit = 0.07000000000000001
MyPoint * 10 * _TheStopLoss = 0.03
_TheTakeProfit = 7
_TheStopLoss = 3
[2019.01.25 09:42:03 / lib_ea.mqh:548]
-------------------------------- [new order : buy_DownDown_Sell]
order id = 5214758
[2019.01.25 09:43:04 / ea_44_5.3_2_down-down-buy.mq4:122]
new bar (tick = 20678) (period = 1 / symbol = EURJPY_)
[2019.01.25 09:43:04 / lib_ea.mqh:234]
diff_Latest >= 0 (0.001999999999995339) (2019.01.25 02:42)
[2019.01.25 09:43:04 / ea_44_5.3_2_down-down-buy.mq4:144]
detect_DownDown_Buy() => false) (period = 1 / symbol = EURJPY_)
[2019.01.25 09:44:03 / ea_44_5.3_2_down-down-buy.mq4:122]
new bar (tick = 20828) (period = 1 / symbol = EURJPY_)
[2019.01.25 09:44:03 / lib_ea.mqh:310]
diff_SecondLatest >= 0 (diff = 0.001999999999995339)(2019.01.25 02:42)
[2019.01.25 09:44:03 / ea_44_5.3_2_down-down-buy.mq4:144]
detect_DownDown_Buy() => false) (period = 1 / symbol = EURJPY_)
[2019.01.25 09:45:03 / ea_44_5.3_2_down-down-buy.mq4:122]
new bar (tick = 20959) (period = 1 / symbol = EURJPY_)
[2019.01.25 09:45:03 / lib_ea.mqh:234]
diff_Latest >= 0 (0.003999999999990678) (2019.01.25 02:44)
[2019.01.25 09:45:03 / ea_44_5.3_2_down-down-buy.mq4:144]
detect_DownDown_Buy() => false) (period = 1 / symbol = EURJPY_)
[2019.01.25 09:46:09 / ea_44_5.3_2_down-down-buy.mq4:122]
new bar (tick = 21014) (period = 1 / symbol = EURJPY_)
[2019.01.25 09:46:09 / lib_ea.mqh:234]
diff_Latest >= 0 (0) (2019.01.25 02:45)
[2019.01.25 09:46:09 / ea_44_5.3_2_down-down-buy.mq4:144]
detect_DownDown_Buy() => false) (period = 1 / symbol = EURJPY_)
[2019.01.25 09:47:05 / ea_44_5.3_2_down-down-buy.mq4:122]
new bar (tick = 21027) (period = 1 / symbol = EURJPY_)
[2019.01.25 09:47:05 / lib_ea.mqh:234]
diff_Latest >= 0 (0.000999999999990564) (2019.01.25 02:46)
[2019.01.25 09:47:05 / ea_44_5.3_2_down-down-buy.mq4:144]
detect_DownDown_Buy() => false) (period = 1 / symbol = EURJPY_)
[2019.01.25 09:48:04 / ea_44_5.3_2_down-down-buy.mq4:122]
new bar (tick = 21079) (period = 1 / symbol = EURJPY_)
[2019.01.25 09:48:04 / lib_ea.mqh:234]
diff_Latest >= 0 (0) (2019.01.25 02:47)
[2019.01.25 09:48:04 / ea_44_5.3_2_down-down-buy.mq4:144]
detect_DownDown_Buy() => false) (period = 1 / symbol = EURJPY_)
[2019.01.25 09:49:04 / ea_44_5.3_2_down-down-buy.mq4:122]
new bar (tick = 21143) (period = 1 / symbol = EURJPY_)
[2019.01.25 09:49:04 / lib_ea.mqh:274]
price_Close_Latest >= ibands_1S_Plus (close = 124) (BB.-1 = 123.9976535822472) (2019.01.25 02:48)
[2019.01.25 09:49:04 / ea_44_5.3_2_down-down-buy.mq4:144]
detect_DownDown_Buy() => false) (period = 1 / symbol = EURJPY_)
[2019.01.25 09:50:04 / ea_44_5.3_2_down-down-buy.mq4:122]
new bar (tick = 21345) (period = 1 / symbol = EURJPY_)
[2019.01.25 09:50:04 / lib_ea.mqh:234]
diff_Latest >= 0 (0.006000000000000227) (2019.01.25 02:49)
[2019.01.25 09:50:04 / ea_44_5.3_2_down-down-buy.mq4:144]
detect_DownDown_Buy() => false) (period = 1 / symbol = EURJPY_)
[2019.01.25 09:51:03 / ea_44_5.3_2_down-down-buy.mq4:122]
new bar (tick = 21563) (period = 1 / symbol = EURJPY_)
[2019.01.25 09:51:03 / lib_ea.mqh:234]
diff_Latest >= 0 (0.01400000000001) (2019.01.25 02:50)
[2019.01.25 09:51:03 / ea_44_5.3_2_down-down-buy.mq4:144]
detect_DownDown_Buy() => false) (period = 1 / symbol = EURJPY_)
[2019.01.25 09:52:05 / ea_44_5.3_2_down-down-buy.mq4:122]
new bar (tick = 21719) (period = 1 / symbol = EURJPY_)
[2019.01.25 09:52:05 / lib_ea.mqh:234]
diff_Latest >= 0 (0.01099999999999568) (2019.01.25 02:51)
[2019.01.25 09:52:05 / ea_44_5.3_2_down-down-buy.mq4:144]
detect_DownDown_Buy() => false) (period = 1 / symbol = EURJPY_)
[2019.01.25 09:53:03 / ea_44_5.3_2_down-down-buy.mq4:122]
new bar (tick = 21995) (period = 1 / symbol = EURJPY_)
[2019.01.25 09:53:03 / lib_ea.mqh:234]
diff_Latest >= 0 (0.003999999999990678) (2019.01.25 02:52)
[2019.01.25 09:53:03 / ea_44_5.3_2_down-down-buy.mq4:144]
detect_DownDown_Buy() => false) (period = 1 / symbol = EURJPY_)
[2019.01.25 09:54:04 / ea_44_5.3_2_down-down-buy.mq4:122]
new bar (tick = 22254) (period = 1 / symbol = EURJPY_)
[2019.01.25 09:54:04 / lib_ea.mqh:234]
diff_Latest >= 0 (0.01200000000000045) (2019.01.25 02:53)
[2019.01.25 09:54:04 / ea_44_5.3_2_down-down-buy.mq4:144]
detect_DownDown_Buy() => false) (period = 1 / symbol = EURJPY_)
[2019.01.25 09:55:03 / ea_44_5.3_2_down-down-buy.mq4:122]
new bar (tick = 22863) (period = 1 / symbol = EURJPY_)
[2019.01.25 09:55:03 / lib_ea.mqh:234]
diff_Latest >= 0 (0.004000000000004889) (2019.01.25 02:54)
[2019.01.25 09:55:03 / ea_44_5.3_2_down-down-buy.mq4:144]
detect_DownDown_Buy() => false) (period = 1 / symbol = EURJPY_)
[2019.01.25 09:56:03 / ea_44_5.3_2_down-down-buy.mq4:122]
new bar (tick = 23279) (period = 1 / symbol = EURJPY_)
[2019.01.25 09:56:03 / lib_ea.mqh:234]
diff_Latest >= 0 (0.007999999999995566) (2019.01.25 02:55)
[2019.01.25 09:56:03 / ea_44_5.3_2_down-down-buy.mq4:144]
detect_DownDown_Buy() => false) (period = 1 / symbol = EURJPY_)
[2019.01.25 09:57:04 / ea_44_5.3_2_down-down-buy.mq4:122]
new bar (tick = 23485) (period = 1 / symbol = EURJPY_)
[2019.01.25 09:57:04 / lib_ea.mqh:234]
diff_Latest >= 0 (0.01000000000000512) (2019.01.25 02:56)
[2019.01.25 09:57:04 / ea_44_5.3_2_down-down-buy.mq4:144]
detect_DownDown_Buy() => false) (period = 1 / symbol = EURJPY_)
[2019.01.25 09:58:04 / ea_44_5.3_2_down-down-buy.mq4:122]
new bar (tick = 23637) (period = 1 / symbol = EURJPY_)
[2019.01.25 09:58:04 / lib_ea.mqh:234]
diff_Latest >= 0 (0.01100000000000989) (2019.01.25 02:57)
[2019.01.25 09:58:04 / ea_44_5.3_2_down-down-buy.mq4:144]
detect_DownDown_Buy() => false) (period = 1 / symbol = EURJPY_)
[2019.01.25 09:59:04 / ea_44_5.3_2_down-down-buy.mq4:122]
new bar (tick = 23736) (period = 1 / symbol = EURJPY_)
[2019.01.25 09:59:04 / lib_ea.mqh:274]
price_Close_Latest >= ibands_1S_Plus (close = 124.065) (BB.-1 = 124.0002805025779) (2019.01.25 02:58)
[2019.01.25 09:59:04 / ea_44_5.3_2_down-down-buy.mq4:144]
detect_DownDown_Buy() => false) (period = 1 / symbol = EURJPY_)
[2019.01.25 10:00:03 / ea_44_5.3_2_down-down-buy.mq4:122]
new bar (tick = 23857) (period = 1 / symbol = EURJPY_)
[2019.01.25 10:00:03 / lib_ea.mqh:274]
price_Close_Latest >= ibands_1S_Plus (close = 124.063) (BB.-1 = 124.0005236451813) (2019.01.25 02:59)
[2019.01.25 10:00:03 / ea_44_5.3_2_down-down-buy.mq4:144]
detect_DownDown_Buy() => false) (period = 1 / symbol = EURJPY_)
[2019.01.25 10:01:03 / ea_44_5.3_2_down-down-buy.mq4:122]
new bar (tick = 24110) (period = 1 / symbol = EURJPY_)
[2019.01.25 10:01:03 / lib_ea.mqh:234]
diff_Latest >= 0 (0.001000000000004775) (2019.01.25 03:00)
[2019.01.25 10:01:03 / ea_44_5.3_2_down-down-buy.mq4:144]
detect_DownDown_Buy() => false) (period = 1 / symbol = EURJPY_)
[2019.01.25 10:02:04 / ea_44_5.3_2_down-down-buy.mq4:122]
new bar (tick = 24324) (period = 1 / symbol = EURJPY_)
[2019.01.25 10:02:04 / lib_ea.mqh:234]
diff_Latest >= 0 (0.02400000000000091) (2019.01.25 03:01)
[2019.01.25 10:02:04 / ea_44_5.3_2_down-down-buy.mq4:144]
detect_DownDown_Buy() => false) (period = 1 / symbol = EURJPY_)
[2019.01.25 10:03:05 / ea_44_5.3_2_down-down-buy.mq4:122]
new bar (tick = 24476) (period = 1 / symbol = EURJPY_)
[2019.01.25 10:03:05 / lib_ea.mqh:274]
price_Close_Latest >= ibands_1S_Plus (close = 124.082) (BB.-1 = 124.0071526684263) (2019.01.25 03:02)
[2019.01.25 10:03:05 / ea_44_5.3_2_down-down-buy.mq4:144]
detect_DownDown_Buy() => false) (period = 1 / symbol = EURJPY_)
[2019.01.25 10:04:04 / ea_44_5.3_2_down-down-buy.mq4:122]
new bar (tick = 24666) (period = 1 / symbol = EURJPY_)
[2019.01.25 10:04:04 / lib_ea.mqh:274]
price_Close_Latest >= ibands_1S_Plus (close = 124.077) (BB.-1 = 124.0114961796451) (2019.01.25 03:03)
[2019.01.25 10:04:04 / ea_44_5.3_2_down-down-buy.mq4:144]
detect_DownDown_Buy() => false) (period = 1 / symbol = EURJPY_)
[2019.01.25 10:05:03 / ea_44_5.3_2_down-down-buy.mq4:122]
new bar (tick = 24864) (period = 1 / symbol = EURJPY_)
[2019.01.25 10:05:03 / lib_ea.mqh:234]
diff_Latest >= 0 (0.003999999999990678) (2019.01.25 03:04)
[2019.01.25 10:05:03 / ea_44_5.3_2_down-down-buy.mq4:144]
detect_DownDown_Buy() => false) (period = 1 / symbol = EURJPY_)
[2019.01.25 10:06:04 / ea_44_5.3_2_down-down-buy.mq4:122]
new bar (tick = 25113) (period = 1 / symbol = EURJPY_)
[2019.01.25 10:06:04 / lib_ea.mqh:274]
price_Close_Latest >= ibands_1S_Plus (close = 124.054) (BB.-1 = 124.0198705463284) (2019.01.25 03:05)
[2019.01.25 10:06:04 / ea_44_5.3_2_down-down-buy.mq4:144]
detect_DownDown_Buy() => false) (period = 1 / symbol = EURJPY_)
[2019.01.25 10:07:06 / ea_44_5.3_2_down-down-buy.mq4:122]
new bar (tick = 25224) (period = 1 / symbol = EURJPY_)
[2019.01.25 10:07:06 / lib_ea.mqh:274]
price_Close_Latest >= ibands_1S_Plus (close = 124.045) (BB.-1 = 124.0236334485657) (2019.01.25 03:06)
[2019.01.25 10:07:06 / ea_44_5.3_2_down-down-buy.mq4:144]
detect_DownDown_Buy() => false) (period = 1 / symbol = EURJPY_)
[2019.01.25 10:08:07 / ea_44_5.3_2_down-down-buy.mq4:122]
new bar (tick = 25334) (period = 1 / symbol = EURJPY_)
[2019.01.25 10:08:07 / lib_ea.mqh:274]
price_Close_Latest >= ibands_1S_Plus (close = 124.034) (BB.-1 = 124.0268585368265) (2019.01.25 03:07)
[2019.01.25 10:08:07 / ea_44_5.3_2_down-down-buy.mq4:144]
detect_DownDown_Buy() => false) (period = 1 / symbol = EURJPY_)
[2019.01.25 10:09:06 / ea_44_5.3_2_down-down-buy.mq4:122]
new bar (tick = 25404) (period = 1 / symbol = EURJPY_)
[2019.01.25 10:09:06 / lib_ea.mqh:234]
diff_Latest >= 0 (0.01399999999999579) (2019.01.25 03:08)
[2019.01.25 10:09:06 / ea_44_5.3_2_down-down-buy.mq4:144]
detect_DownDown_Buy() => false) (period = 1 / symbol = EURJPY_)
[2019.01.25 10:10:03 / ea_44_5.3_2_down-down-buy.mq4:122]
new bar (tick = 25450) (period = 1 / symbol = EURJPY_)
[2019.01.25 10:10:03 / lib_ea.mqh:234]
diff_Latest >= 0 (0.00200000000000955) (2019.01.25 03:09)
[2019.01.25 10:10:03 / ea_44_5.3_2_down-down-buy.mq4:144]
detect_DownDown_Buy() => false) (period = 1 / symbol = EURJPY_)
[2019.01.25 10:11:03 / ea_44_5.3_2_down-down-buy.mq4:122]
new bar (tick = 25529) (period = 1 / symbol = EURJPY_)
[2019.01.25 10:11:03 / lib_ea.mqh:234]
diff_Latest >= 0 (0.01100000000000989) (2019.01.25 03:10)
[2019.01.25 10:11:03 / ea_44_5.3_2_down-down-buy.mq4:144]
detect_DownDown_Buy() => false) (period = 1 / symbol = EURJPY_)
[2019.01.25 10:12:04 / ea_44_5.3_2_down-down-buy.mq4:122]
new bar (tick = 25612) (period = 1 / symbol = EURJPY_)
[2019.01.25 10:12:04 / lib_ea.mqh:234]
diff_Latest >= 0 (0.01099999999999568) (2019.01.25 03:11)
[2019.01.25 10:12:04 / ea_44_5.3_2_down-down-buy.mq4:144]
detect_DownDown_Buy() => false) (period = 1 / symbol = EURJPY_)
[2019.01.25 10:13:05 / ea_44_5.3_2_down-down-buy.mq4:122]
new bar (tick = 25738) (period = 1 / symbol = EURJPY_)
[2019.01.25 10:13:05 / lib_ea.mqh:274]
price_Close_Latest >= ibands_1S_Plus (close = 124.062) (BB.-1 = 124.0470354603282) (2019.01.25 03:12)
[2019.01.25 10:13:05 / ea_44_5.3_2_down-down-buy.mq4:144]
detect_DownDown_Buy() => false) (period = 1 / symbol = EURJPY_)
[2019.01.25 10:14:03 / ea_44_5.3_2_down-down-buy.mq4:122]
new bar (tick = 25961) (period = 1 / symbol = EURJPY_)
[2019.01.25 10:14:03 / lib_ea.mqh:329]
detect_DownDown_Buy() ==> true (datetime = 2019.01.25 03:13)
[2019.01.25 10:14:03 / ea_44_5.3_2_down-down-buy.mq4:144]
detect_DownDown_Buy() => true) (period = 1 / symbol = EURJPY_)
[2019.01.25 10:14:03 / lib_ea.mqh:393][lib_ea.mqh:370] Level_TakeProfit => 124.107 / Level_StopLoss => 124.007
Point = 0.001
Bid = 124.037
MyPoint * 10 * _TheTakeProfit = 0.07000000000000001
MyPoint * 10 * _TheStopLoss = 0.03
_TheTakeProfit = 7
_TheStopLoss = 3
[2019.01.25 10:14:03 / lib_ea.mqh:421]
-------------------------------- [new order : buy_DownDown_Buy]
order id = 5214819
[2019.01.25 10:14:03 / lib_ea.mqh:520][lib_ea.mqh:497] Level_TakeProfit => 123.977 / Level_StopLoss => 124.077
Point = 0.001
Bid = 124.047
MyPoint * 10 * _TheTakeProfit = 0.07000000000000001
MyPoint * 10 * _TheStopLoss = 0.03
_TheTakeProfit = 7
_TheStopLoss = 3
[2019.01.25 10:14:04 / lib_ea.mqh:548]
-------------------------------- [new order : buy_DownDown_Sell]
order id = 5214821
[2019.01.25 10:15:04 / ea_44_5.3_2_down-down-buy.mq4:122]
new bar (tick = 26147) (period = 1 / symbol = EURJPY_)
[2019.01.25 10:15:04 / lib_ea.mqh:234]
diff_Latest >= 0 (0) (2019.01.25 03:14)
[2019.01.25 10:15:04 / ea_44_5.3_2_down-down-buy.mq4:144]
detect_DownDown_Buy() => false) (period = 1 / symbol = EURJPY_)
[2019.01.25 10:16:04 / ea_44_5.3_2_down-down-buy.mq4:122]
new bar (tick = 26396) (period = 1 / symbol = EURJPY_)
[2019.01.25 10:16:04 / lib_ea.mqh:310]
diff_SecondLatest >= 0 (diff = 0)(2019.01.25 03:14)
[2019.01.25 10:16:04 / ea_44_5.3_2_down-down-buy.mq4:144]
detect_DownDown_Buy() => false) (period = 1 / symbol = EURJPY_)
[2019.01.25 10:17:04 / ea_44_5.3_2_down-down-buy.mq4:122]
new bar (tick = 26608) (period = 1 / symbol = EURJPY_)
[2019.01.25 10:17:04 / lib_ea.mqh:234]
diff_Latest >= 0 (0.03599999999998715) (2019.01.25 03:16)
[2019.01.25 10:17:04 / ea_44_5.3_2_down-down-buy.mq4:144]
detect_DownDown_Buy() => false) (period = 1 / symbol = EURJPY_)
[2019.01.25 10:18:04 / ea_44_5.3_2_down-down-buy.mq4:122]
new bar (tick = 26745) (period = 1 / symbol = EURJPY_)
[2019.01.25 10:18:04 / lib_ea.mqh:234]
diff_Latest >= 0 (0) (2019.01.25 03:17)
[2019.01.25 10:18:04 / ea_44_5.3_2_down-down-buy.mq4:144]
detect_DownDown_Buy() => false) (period = 1 / symbol = EURJPY_)
[2019.01.25 10:19:03 / ea_44_5.3_2_down-down-buy.mq4:122]
new bar (tick = 26877) (period = 1 / symbol = EURJPY_)
[2019.01.25 10:19:03 / lib_ea.mqh:274]
price_Close_Latest >= ibands_1S_Plus (close = 124.048) (BB.-1 = 124.0428349913611) (2019.01.25 03:18)
[2019.01.25 10:19:03 / ea_44_5.3_2_down-down-buy.mq4:144]
detect_DownDown_Buy() => false) (period = 1 / symbol = EURJPY_)
[2019.01.25 10:20:38 / ea_44_5.3_2_down-down-buy.mq4:122]
new bar (tick = 26879) (period = 1 / symbol = EURJPY_)
[2019.01.25 10:20:38 / lib_ea.mqh:234]
diff_Latest >= 0 (0.01000000000000512) (2019.01.25 03:19)
[2019.01.25 10:20:38 / ea_44_5.3_2_down-down-buy.mq4:144]
detect_DownDown_Buy() => false) (period = 1 / symbol = EURJPY_)
[2019.01.25 10:21:03 / ea_44_5.3_2_down-down-buy.mq4:122]
new bar (tick = 26984) (period = 1 / symbol = EURJPY_)
[2019.01.25 10:21:03 / lib_ea.mqh:274]
price_Close_Latest >= ibands_1S_Plus (close = 124.053) (BB.-1 = 124.042055110885) (2019.01.25 03:20)
[2019.01.25 10:21:03 / ea_44_5.3_2_down-down-buy.mq4:144]
detect_DownDown_Buy() => false) (period = 1 / symbol = EURJPY_)
[2019.01.25 10:22:04 / ea_44_5.3_2_down-down-buy.mq4:122]
new bar (tick = 27212) (period = 1 / symbol = EURJPY_)
[2019.01.25 10:22:04 / lib_ea.mqh:234]
diff_Latest >= 0 (0.01699999999999591) (2019.01.25 03:21)
[2019.01.25 10:22:04 / ea_44_5.3_2_down-down-buy.mq4:144]
detect_DownDown_Buy() => false) (period = 1 / symbol = EURJPY_)
[2019.01.25 10:23:04 / ea_44_5.3_2_down-down-buy.mq4:122]
new bar (tick = 27391) (period = 1 / symbol = EURJPY_)
[2019.01.25 10:23:04 / lib_ea.mqh:234]
diff_Latest >= 0 (0.009000000000000341) (2019.01.25 03:22)
[2019.01.25 10:23:04 / ea_44_5.3_2_down-down-buy.mq4:144]
detect_DownDown_Buy() => false) (period = 1 / symbol = EURJPY_)
[2019.01.25 10:24:04 / ea_44_5.3_2_down-down-buy.mq4:122]
new bar (tick = 27544) (period = 1 / symbol = EURJPY_)
[2019.01.25 10:24:04 / lib_ea.mqh:234]
diff_Latest >= 0 (0) (2019.01.25 03:23)
[2019.01.25 10:24:04 / ea_44_5.3_2_down-down-buy.mq4:144]
detect_DownDown_Buy() => false) (period = 1 / symbol = EURJPY_)
[2019.01.25 10:25:04 / ea_44_5.3_2_down-down-buy.mq4:122]
new bar (tick = 27768) (period = 1 / symbol = EURJPY_)
[2019.01.25 10:25:04 / lib_ea.mqh:274]
price_Close_Latest >= ibands_1S_Plus (close = 124.077) (BB.-1 = 124.0425591812698) (2019.01.25 03:24)
[2019.01.25 10:25:04 / ea_44_5.3_2_down-down-buy.mq4:144]
detect_DownDown_Buy() => false) (period = 1 / symbol = EURJPY_)
[2019.01.25 10:26:04 / ea_44_5.3_2_down-down-buy.mq4:122]
new bar (tick = 27840) (period = 1 / symbol = EURJPY_)
[2019.01.25 10:26:04 / lib_ea.mqh:274]
price_Close_Latest >= ibands_1S_Plus (close = 124.059) (BB.-1 = 124.042817493218) (2019.01.25 03:25)
[2019.01.25 10:26:04 / ea_44_5.3_2_down-down-buy.mq4:144]
detect_DownDown_Buy() => false) (period = 1 / symbol = EURJPY_)
[2019.01.25 10:27:05 / ea_44_5.3_2_down-down-buy.mq4:122]
new bar (tick = 27977) (period = 1 / symbol = EURJPY_)
[2019.01.25 10:27:05 / lib_ea.mqh:274]
price_Close_Latest >= ibands_1S_Plus (close = 124.05) (BB.-1 = 124.043238745627) (2019.01.25 03:26)
[2019.01.25 10:27:05 / ea_44_5.3_2_down-down-buy.mq4:144]
detect_DownDown_Buy() => false) (period = 1 / symbol = EURJPY_)
[2019.01.25 10:28:04 / ea_44_5.3_2_down-down-buy.mq4:122]
new bar (tick = 28103) (period = 1 / symbol = EURJPY_)
[2019.01.25 10:28:04 / lib_ea.mqh:234]
diff_Latest >= 0 (0.01100000000000989) (2019.01.25 03:27)
[2019.01.25 10:28:04 / ea_44_5.3_2_down-down-buy.mq4:144]
detect_DownDown_Buy() => false) (period = 1 / symbol = EURJPY_)
[2019.01.25 10:29:04 / ea_44_5.3_2_down-down-buy.mq4:122]
new bar (tick = 28298) (period = 1 / symbol = EURJPY_)
[2019.01.25 10:29:04 / lib_ea.mqh:234]
diff_Latest >= 0 (0.000999999999990564) (2019.01.25 03:28)
[2019.01.25 10:29:04 / ea_44_5.3_2_down-down-buy.mq4:144]
detect_DownDown_Buy() => false) (period = 1 / symbol = EURJPY_)
[2019.01.25 10:30:03 / ea_44_5.3_2_down-down-buy.mq4:122]
new bar (tick = 28561) (period = 1 / symbol = EURJPY_)
[2019.01.25 10:30:03 / lib_ea.mqh:274]
price_Close_Latest >= ibands_1S_Plus (close = 124.05) (BB.-1 = 124.0470314620506) (2019.01.25 03:29)
[2019.01.25 10:30:03 / ea_44_5.3_2_down-down-buy.mq4:144]
detect_DownDown_Buy() => false) (period = 1 / symbol = EURJPY_)
[2019.01.25 10:31:03 / ea_44_5.3_2_down-down-buy.mq4:122]
new bar (tick = 28767) (period = 1 / symbol = EURJPY_)
[2019.01.25 10:31:03 / lib_ea.mqh:234]
diff_Latest >= 0 (0.000999999999990564) (2019.01.25 03:30)
[2019.01.25 10:31:03 / ea_44_5.3_2_down-down-buy.mq4:144]
detect_DownDown_Buy() => false) (period = 1 / symbol = EURJPY_)
[2019.01.25 10:32:04 / ea_44_5.3_2_down-down-buy.mq4:122]
new bar (tick = 28935) (period = 1 / symbol = EURJPY_)
[2019.01.25 10:32:04 / lib_ea.mqh:234]
diff_Latest >= 0 (0.006000000000000227) (2019.01.25 03:31)
[2019.01.25 10:32:04 / ea_44_5.3_2_down-down-buy.mq4:144]
detect_DownDown_Buy() => false) (period = 1 / symbol = EURJPY_)
[2019.01.25 10:33:04 / ea_44_5.3_2_down-down-buy.mq4:122]
new bar (tick = 29129) (period = 1 / symbol = EURJPY_)
[2019.01.25 10:33:04 / lib_ea.mqh:234]
diff_Latest >= 0 (0.02400000000000091) (2019.01.25 03:32)
[2019.01.25 10:33:04 / ea_44_5.3_2_down-down-buy.mq4:144]
detect_DownDown_Buy() => false) (period = 1 / symbol = EURJPY_)
[2019.01.25 10:34:04 / ea_44_5.3_2_down-down-buy.mq4:122]
new bar (tick = 29393) (period = 1 / symbol = EURJPY_)
[2019.01.25 10:34:04 / lib_ea.mqh:234]
diff_Latest >= 0 (0.0210000000000008) (2019.01.25 03:33)
[2019.01.25 10:34:04 / ea_44_5.3_2_down-down-buy.mq4:144]
detect_DownDown_Buy() => false) (period = 1 / symbol = EURJPY_)
[2019.01.25 10:35:04 / ea_44_5.3_2_down-down-buy.mq4:122]
new bar (tick = 29518) (period = 1 / symbol = EURJPY_)
[2019.01.25 10:35:04 / lib_ea.mqh:274]
price_Close_Latest >= ibands_1S_Plus (close = 124.088) (BB.-1 = 124.0494243780228) (2019.01.25 03:34)
[2019.01.25 10:35:04 / ea_44_5.3_2_down-down-buy.mq4:144]
detect_DownDown_Buy() => false) (period = 1 / symbol = EURJPY_)
[2019.01.25 10:36:04 / ea_44_5.3_2_down-down-buy.mq4:122]
new bar (tick = 29688) (period = 1 / symbol = EURJPY_)
[2019.01.25 10:36:04 / lib_ea.mqh:234]
diff_Latest >= 0 (0.004000000000004889) (2019.01.25 03:35)
[2019.01.25 10:36:04 / ea_44_5.3_2_down-down-buy.mq4:144]
detect_DownDown_Buy() => false) (period = 1 / symbol = EURJPY_)
[2019.01.25 10:37:04 / ea_44_5.3_2_down-down-buy.mq4:122]
new bar (tick = 29992) (period = 1 / symbol = EURJPY_)
[2019.01.25 10:37:04 / lib_ea.mqh:274]
price_Close_Latest >= ibands_1S_Plus (close = 124.07) (BB.-1 = 124.0526306866128) (2019.01.25 03:36)
[2019.01.25 10:37:04 / ea_44_5.3_2_down-down-buy.mq4:144]
detect_DownDown_Buy() => false) (period = 1 / symbol = EURJPY_)
[2019.01.25 10:38:03 / ea_44_5.3_2_down-down-buy.mq4:122]
new bar (tick = 30196) (period = 1 / symbol = EURJPY_)
[2019.01.25 10:38:03 / lib_ea.mqh:274]
price_Close_Latest >= ibands_1S_Plus (close = 124.056) (BB.-1 = 124.0516860452843) (2019.01.25 03:37)
[2019.01.25 10:38:03 / ea_44_5.3_2_down-down-buy.mq4:144]
detect_DownDown_Buy() => false) (period = 1 / symbol = EURJPY_)
[2019.01.25 10:39:04 / ea_44_5.3_2_down-down-buy.mq4:122]
new bar (tick = 30381) (period = 1 / symbol = EURJPY_)
[2019.01.25 10:39:04 / lib_ea.mqh:329]
detect_DownDown_Buy() ==> true (datetime = 2019.01.25 03:38)
[2019.01.25 10:39:04 / ea_44_5.3_2_down-down-buy.mq4:144]
detect_DownDown_Buy() => true) (period = 1 / symbol = EURJPY_)
[2019.01.25 10:39:04 / lib_ea.mqh:393][lib_ea.mqh:370] Level_TakeProfit => 124.117 / Level_StopLoss => 124.017
Point = 0.001
Bid = 124.047
MyPoint * 10 * _TheTakeProfit = 0.07000000000000001
MyPoint * 10 * _TheStopLoss = 0.03
_TheTakeProfit = 7
_TheStopLoss = 3
[2019.01.25 10:39:04 / lib_ea.mqh:421]
-------------------------------- [new order : buy_DownDown_Buy]
order id = 5214857
[2019.01.25 10:39:04 / lib_ea.mqh:520][lib_ea.mqh:497] Level_TakeProfit => 123.988 / Level_StopLoss => 124.088
Point = 0.001
Bid = 124.058
MyPoint * 10 * _TheTakeProfit = 0.07000000000000001
MyPoint * 10 * _TheStopLoss = 0.03
_TheTakeProfit = 7
_TheStopLoss = 3
[2019.01.25 10:39:04 / lib_ea.mqh:548]
-------------------------------- [new order : buy_DownDown_Sell]
order id = 5214859
[2019.01.25 10:40:03 / ea_44_5.3_2_down-down-buy.mq4:122]
new bar (tick = 30585) (period = 1 / symbol = EURJPY_)
[2019.01.25 10:40:03 / lib_ea.mqh:329]
detect_DownDown_Buy() ==> true (datetime = 2019.01.25 03:39)
[2019.01.25 10:40:03 / ea_44_5.3_2_down-down-buy.mq4:144]
detect_DownDown_Buy() => true) (period = 1 / symbol = EURJPY_)
[2019.01.25 10:40:03 / lib_ea.mqh:393][lib_ea.mqh:370] Level_TakeProfit => 124.115 / Level_StopLoss => 124.015
Point = 0.001
Bid = 124.045
MyPoint * 10 * _TheTakeProfit = 0.07000000000000001
MyPoint * 10 * _TheStopLoss = 0.03
_TheTakeProfit = 7
_TheStopLoss = 3
[2019.01.25 10:40:03 / lib_ea.mqh:421]
-------------------------------- [new order : buy_DownDown_Buy]
order id = 5214863
[2019.01.25 10:40:03 / lib_ea.mqh:520][lib_ea.mqh:497] Level_TakeProfit => 123.985 / Level_StopLoss => 124.085
Point = 0.001
Bid = 124.055
MyPoint * 10 * _TheTakeProfit = 0.07000000000000001
MyPoint * 10 * _TheStopLoss = 0.03
_TheTakeProfit = 7
_TheStopLoss = 3
[2019.01.25 10:40:04 / lib_ea.mqh:548]
-------------------------------- [new order : buy_DownDown_Sell]
order id = 5214865
[2019.01.25 10:41:04 / ea_44_5.3_2_down-down-buy.mq4:122]
new bar (tick = 30782) (period = 1 / symbol = EURJPY_)
[2019.01.25 10:41:04 / lib_ea.mqh:234]
diff_Latest >= 0 (0.01599999999999113) (2019.01.25 03:40)
[2019.01.25 10:41:04 / ea_44_5.3_2_down-down-buy.mq4:144]
detect_DownDown_Buy() => false) (period = 1 / symbol = EURJPY_)
[2019.01.25 10:42:05 / ea_44_5.3_2_down-down-buy.mq4:122]
new bar (tick = 30924) (period = 1 / symbol = EURJPY_)
[2019.01.25 10:42:05 / lib_ea.mqh:234]
diff_Latest >= 0 (0.003999999999990678) (2019.01.25 03:41)
[2019.01.25 10:42:05 / ea_44_5.3_2_down-down-buy.mq4:144]
detect_DownDown_Buy() => false) (period = 1 / symbol = EURJPY_)
[2019.01.25 10:43:04 / ea_44_5.3_2_down-down-buy.mq4:122]
new bar (tick = 31110) (period = 1 / symbol = EURJPY_)
[2019.01.25 10:43:04 / lib_ea.mqh:310]
diff_SecondLatest >= 0 (diff = 0.003999999999990678)(2019.01.25 03:41)
[2019.01.25 10:43:04 / ea_44_5.3_2_down-down-buy.mq4:144]
detect_DownDown_Buy() => false) (period = 1 / symbol = EURJPY_)
[2019.01.25 10:44:03 / ea_44_5.3_2_down-down-buy.mq4:122]
new bar (tick = 31265) (period = 1 / symbol = EURJPY_)
[2019.01.25 10:44:03 / lib_ea.mqh:234]
diff_Latest >= 0 (0.001999999999995339) (2019.01.25 03:43)
[2019.01.25 10:44:03 / ea_44_5.3_2_down-down-buy.mq4:144]
detect_DownDown_Buy() => false) (period = 1 / symbol = EURJPY_)
[2019.01.25 10:45:03 / ea_44_5.3_2_down-down-buy.mq4:122]
new bar (tick = 31426) (period = 1 / symbol = EURJPY_)
[2019.01.25 10:45:03 / lib_ea.mqh:234]
diff_Latest >= 0 (0.01000000000000512) (2019.01.25 03:44)
[2019.01.25 10:45:03 / ea_44_5.3_2_down-down-buy.mq4:144]
detect_DownDown_Buy() => false) (period = 1 / symbol = EURJPY_)
[2019.01.25 10:46:03 / ea_44_5.3_2_down-down-buy.mq4:122]
new bar (tick = 31726) (period = 1 / symbol = EURJPY_)
[2019.01.25 10:46:03 / lib_ea.mqh:234]
diff_Latest >= 0 (0.02700000000000102) (2019.01.25 03:45)
[2019.01.25 10:46:03 / ea_44_5.3_2_down-down-buy.mq4:144]
detect_DownDown_Buy() => false) (period = 1 / symbol = EURJPY_)
[2019.01.25 10:47:03 / ea_44_5.3_2_down-down-buy.mq4:122]
new bar (tick = 31985) (period = 1 / symbol = EURJPY_)
[2019.01.25 10:47:03 / lib_ea.mqh:274]
price_Close_Latest >= ibands_1S_Plus (close = 124.082) (BB.-1 = 124.0494174864985) (2019.01.25 03:46)
[2019.01.25 10:47:03 / ea_44_5.3_2_down-down-buy.mq4:144]
detect_DownDown_Buy() => false) (period = 1 / symbol = EURJPY_)
[2019.01.25 10:48:03 / ea_44_5.3_2_down-down-buy.mq4:122]
new bar (tick = 32262) (period = 1 / symbol = EURJPY_)
[2019.01.25 10:48:03 / lib_ea.mqh:234]
diff_Latest >= 0 (0.02000000000001023) (2019.01.25 03:47)
[2019.01.25 10:48:03 / ea_44_5.3_2_down-down-buy.mq4:144]
detect_DownDown_Buy() => false) (period = 1 / symbol = EURJPY_)
[2019.01.25 10:49:03 / ea_44_5.3_2_down-down-buy.mq4:122]
new bar (tick = 32559) (period = 1 / symbol = EURJPY_)
[2019.01.25 10:49:03 / lib_ea.mqh:234]
diff_Latest >= 0 (0.006000000000000227) (2019.01.25 03:48)
[2019.01.25 10:49:03 / ea_44_5.3_2_down-down-buy.mq4:144]
detect_DownDown_Buy() => false) (period = 1 / symbol = EURJPY_)
[2019.01.25 10:50:03 / ea_44_5.3_2_down-down-buy.mq4:122]
new bar (tick = 32889) (period = 1 / symbol = EURJPY_)
[2019.01.25 10:50:03 / lib_ea.mqh:234]
diff_Latest >= 0 (0.01200000000000045) (2019.01.25 03:49)
[2019.01.25 10:50:03 / ea_44_5.3_2_down-down-buy.mq4:144]
detect_DownDown_Buy() => false) (period = 1 / symbol = EURJPY_)
[2019.01.25 10:51:03 / ea_44_5.3_2_down-down-buy.mq4:122]
new bar (tick = 33151) (period = 1 / symbol = EURJPY_)
[2019.01.25 10:51:03 / lib_ea.mqh:234]
diff_Latest >= 0 (0.003000000000000114) (2019.01.25 03:50)
[2019.01.25 10:51:03 / ea_44_5.3_2_down-down-buy.mq4:144]
detect_DownDown_Buy() => false) (period = 1 / symbol = EURJPY_)
[2019.01.25 10:52:04 / ea_44_5.3_2_down-down-buy.mq4:122]
new bar (tick = 33501) (period = 1 / symbol = EURJPY_)
[2019.01.25 10:52:04 / lib_ea.mqh:234]
diff_Latest >= 0 (0.01500000000000057) (2019.01.25 03:51)
[2019.01.25 10:52:04 / ea_44_5.3_2_down-down-buy.mq4:144]
detect_DownDown_Buy() => false) (period = 1 / symbol = EURJPY_)
[2019.01.25 10:53:03 / ea_44_5.3_2_down-down-buy.mq4:122]
new bar (tick = 33792) (period = 1 / symbol = EURJPY_)
[2019.01.25 10:53:03 / lib_ea.mqh:274]
price_Close_Latest >= ibands_1S_Plus (close = 124.13) (BB.-1 = 124.0549012864785) (2019.01.25 03:52)
[2019.01.25 10:53:03 / ea_44_5.3_2_down-down-buy.mq4:144]
detect_DownDown_Buy() => false) (period = 1 / symbol = EURJPY_)
[2019.01.25 10:54:07 / ea_44_5.3_2_down-down-buy.mq4:122]
new bar (tick = 33937) (period = 1 / symbol = EURJPY_)
[2019.01.25 10:54:07 / lib_ea.mqh:234]
diff_Latest >= 0 (0.01699999999999591) (2019.01.25 03:53)
[2019.01.25 10:54:07 / ea_44_5.3_2_down-down-buy.mq4:144]
detect_DownDown_Buy() => false) (period = 1 / symbol = EURJPY_)
[2019.01.25 10:55:04 / ea_44_5.3_2_down-down-buy.mq4:122]
new bar (tick = 34123) (period = 1 / symbol = EURJPY_)
[2019.01.25 10:55:04 / lib_ea.mqh:234]
diff_Latest >= 0 (0.000999999999990564) (2019.01.25 03:54)
[2019.01.25 10:55:04 / ea_44_5.3_2_down-down-buy.mq4:144]
detect_DownDown_Buy() => false) (period = 1 / symbol = EURJPY_)
[2019.01.25 10:56:04 / ea_44_5.3_2_down-down-buy.mq4:122]
new bar (tick = 34351) (period = 1 / symbol = EURJPY_)
[2019.01.25 10:56:04 / lib_ea.mqh:274]
price_Close_Latest >= ibands_1S_Plus (close = 124.137) (BB.-1 = 124.0552318820951) (2019.01.25 03:55)
[2019.01.25 10:56:04 / ea_44_5.3_2_down-down-buy.mq4:144]
detect_DownDown_Buy() => false) (period = 1 / symbol = EURJPY_)
[2019.01.25 10:57:03 / ea_44_5.3_2_down-down-buy.mq4:122]
new bar (tick = 34605) (period = 1 / symbol = EURJPY_)
[2019.01.25 10:57:03 / lib_ea.mqh:274]
price_Close_Latest >= ibands_1S_Plus (close = 124.12) (BB.-1 = 124.0575843869017) (2019.01.25 03:56)
[2019.01.25 10:57:03 / ea_44_5.3_2_down-down-buy.mq4:144]
detect_DownDown_Buy() => false) (period = 1 / symbol = EURJPY_)
