[2019.01.14 14:02:00 / ea_44_5.3_2_down-down-buy.mq4:116]new bar (tick = 24) (period = 1 / symbol = EURJPY_)
[2019.01.14 14:02:00 / lib_ea.mqh:274]
price_Close_Latest >= ibands_1S_Plus (close = 124.062) (BB.-1 = 124.0495449755281) (2019.01.14 07:01)
[2019.01.14 14:02:00 / ea_44_5.3_2_down-down-buy.mq4:138]detect_DownDown_Buy() => false) (period = 1 / symbol = EURJPY_)
[2019.01.14 14:02:59 / ea_44_5.3_2_down-down-buy.mq4:116]new bar (tick = 98) (period = 1 / symbol = EURJPY_)
[2019.01.14 14:02:59 / lib_ea.mqh:274]
price_Close_Latest >= ibands_1S_Plus (close = 124.059) (BB.-1 = 124.0500375735297) (2019.01.14 07:02)
[2019.01.14 14:02:59 / ea_44_5.3_2_down-down-buy.mq4:138]detect_DownDown_Buy() => false) (period = 1 / symbol = EURJPY_)
[2019.01.14 14:04:00 / ea_44_5.3_2_down-down-buy.mq4:116]new bar (tick = 204) (period = 1 / symbol = EURJPY_)
[2019.01.14 14:04:00 / lib_ea.mqh:234]
diff_Latest >= 0 (0.007999999999995566) (2019.01.14 07:03)
[2019.01.14 14:04:00 / ea_44_5.3_2_down-down-buy.mq4:138]detect_DownDown_Buy() => false) (period = 1 / symbol = EURJPY_)
[2019.01.14 14:05:03 / ea_44_5.3_2_down-down-buy.mq4:116]new bar (tick = 241) (period = 1 / symbol = EURJPY_)
[2019.01.14 14:05:03 / lib_ea.mqh:274]
price_Close_Latest >= ibands_1S_Plus (close = 124.065) (BB.-1 = 124.0506716907944) (2019.01.14 07:04)
[2019.01.14 14:05:03 / ea_44_5.3_2_down-down-buy.mq4:138]detect_DownDown_Buy() => false) (period = 1 / symbol = EURJPY_)
[2019.01.14 14:05:59 / ea_44_5.3_2_down-down-buy.mq4:116]new bar (tick = 308) (period = 1 / symbol = EURJPY_)
[2019.01.14 14:05:59 / lib_ea.mqh:274]
price_Close_Latest >= ibands_1S_Plus (close = 124.058) (BB.-1 = 124.0506120587391) (2019.01.14 07:05)
[2019.01.14 14:05:59 / ea_44_5.3_2_down-down-buy.mq4:138]detect_DownDown_Buy() => false) (period = 1 / symbol = EURJPY_)
[2019.01.14 14:07:00 / ea_44_5.3_2_down-down-buy.mq4:116]new bar (tick = 356) (period = 1 / symbol = EURJPY_)
[2019.01.14 14:07:00 / lib_ea.mqh:234]
diff_Latest >= 0 (0) (2019.01.14 07:06)
[2019.01.14 14:07:00 / ea_44_5.3_2_down-down-buy.mq4:138]detect_DownDown_Buy() => false) (period = 1 / symbol = EURJPY_)
[2019.01.14 14:08:00 / ea_44_5.3_2_down-down-buy.mq4:116]new bar (tick = 396) (period = 1 / symbol = EURJPY_)
[2019.01.14 14:08:00 / lib_ea.mqh:234]
diff_Latest >= 0 (0) (2019.01.14 07:07)
[2019.01.14 14:08:00 / ea_44_5.3_2_down-down-buy.mq4:138]detect_DownDown_Buy() => false) (period = 1 / symbol = EURJPY_)
[2019.01.14 14:09:00 / ea_44_5.3_2_down-down-buy.mq4:116]new bar (tick = 465) (period = 1 / symbol = EURJPY_)
[2019.01.14 14:09:00 / lib_ea.mqh:274]
price_Close_Latest >= ibands_1S_Plus (close = 124.055) (BB.-1 = 124.050450128206) (2019.01.14 07:08)
[2019.01.14 14:09:00 / ea_44_5.3_2_down-down-buy.mq4:138]detect_DownDown_Buy() => false) (period = 1 / symbol = EURJPY_)
[2019.01.14 14:10:00 / ea_44_5.3_2_down-down-buy.mq4:116]new bar (tick = 553) (period = 1 / symbol = EURJPY_)
[2019.01.14 14:10:00 / lib_ea.mqh:234]
diff_Latest >= 0 (0.01000000000000512) (2019.01.14 07:09)
[2019.01.14 14:10:00 / ea_44_5.3_2_down-down-buy.mq4:138]detect_DownDown_Buy() => false) (period = 1 / symbol = EURJPY_)
[2019.01.14 14:10:59 / ea_44_5.3_2_down-down-buy.mq4:116]new bar (tick = 608) (period = 1 / symbol = EURJPY_)
[2019.01.14 14:10:59 / lib_ea.mqh:274]
price_Close_Latest >= ibands_1S_Plus (close = 124.059) (BB.-1 = 124.0509782294338) (2019.01.14 07:10)
[2019.01.14 14:10:59 / ea_44_5.3_2_down-down-buy.mq4:138]detect_DownDown_Buy() => false) (period = 1 / symbol = EURJPY_)
[2019.01.14 14:11:59 / ea_44_5.3_2_down-down-buy.mq4:116]new bar (tick = 671) (period = 1 / symbol = EURJPY_)
[2019.01.14 14:11:59 / lib_ea.mqh:274]
price_Close_Latest >= ibands_1S_Plus (close = 124.055) (BB.-1 = 124.050830249494) (2019.01.14 07:11)
[2019.01.14 14:11:59 / ea_44_5.3_2_down-down-buy.mq4:138]detect_DownDown_Buy() => false) (period = 1 / symbol = EURJPY_)
[2019.01.14 14:12:59 / ea_44_5.3_2_down-down-buy.mq4:116]new bar (tick = 717) (period = 1 / symbol = EURJPY_)
[2019.01.14 14:12:59 / lib_ea.mqh:329]
detect_DownDown_Buy() ==> true (datetime = 2019.01.14 07:12)
[2019.01.14 14:12:59 / ea_44_5.3_2_down-down-buy.mq4:138]detect_DownDown_Buy() => true) (period = 1 / symbol = EURJPY_)
[2019.01.14 14:12:59 / lib_ea.mqh:374][lib_ea.mqh:361] Level_TakeProfit => 124.242 / Level_StopLoss => 123.942
Point = 0.001
Bid = 124.042
[2019.01.14 14:14:04 / ea_44_5.3_2_down-down-buy.mq4:116]new bar (tick = 774) (period = 1 / symbol = EURJPY_)
[2019.01.14 14:14:04 / lib_ea.mqh:234]
diff_Latest >= 0 (0.006000000000000227) (2019.01.14 07:13)
[2019.01.14 14:14:04 / ea_44_5.3_2_down-down-buy.mq4:138]detect_DownDown_Buy() => false) (period = 1 / symbol = EURJPY_)
[2019.01.14 14:15:00 / ea_44_5.3_2_down-down-buy.mq4:116]new bar (tick = 839) (period = 1 / symbol = EURJPY_)
[2019.01.14 14:15:00 / lib_ea.mqh:310]
diff_SecondLatest >= 0 (diff = 0.006000000000000227)(2019.01.14 07:13)
[2019.01.14 14:15:00 / ea_44_5.3_2_down-down-buy.mq4:138]detect_DownDown_Buy() => false) (period = 1 / symbol = EURJPY_)
[2019.01.14 14:16:09 / ea_44_5.3_2_down-down-buy.mq4:116]new bar (tick = 853) (period = 1 / symbol = EURJPY_)
[2019.01.14 14:16:09 / lib_ea.mqh:234]
diff_Latest >= 0 (0) (2019.01.14 07:15)
[2019.01.14 14:16:09 / ea_44_5.3_2_down-down-buy.mq4:138]detect_DownDown_Buy() => false) (period = 1 / symbol = EURJPY_)
[2019.01.14 14:17:04 / ea_44_5.3_2_down-down-buy.mq4:116]new bar (tick = 892) (period = 1 / symbol = EURJPY_)
[2019.01.14 14:17:04 / lib_ea.mqh:234]
diff_Latest >= 0 (0.005000000000009663) (2019.01.14 07:16)
[2019.01.14 14:17:04 / ea_44_5.3_2_down-down-buy.mq4:138]detect_DownDown_Buy() => false) (period = 1 / symbol = EURJPY_)
[2019.01.14 14:17:59 / ea_44_5.3_2_down-down-buy.mq4:116]new bar (tick = 922) (period = 1 / symbol = EURJPY_)
[2019.01.14 14:17:59 / lib_ea.mqh:310]
diff_SecondLatest >= 0 (diff = 0.005000000000009663)(2019.01.14 07:16)
[2019.01.14 14:17:59 / ea_44_5.3_2_down-down-buy.mq4:138]detect_DownDown_Buy() => false) (period = 1 / symbol = EURJPY_)
[2019.01.14 14:19:01 / ea_44_5.3_2_down-down-buy.mq4:116]new bar (tick = 990) (period = 1 / symbol = EURJPY_)
[2019.01.14 14:19:01 / lib_ea.mqh:234]
diff_Latest >= 0 (0.003000000000000114) (2019.01.14 07:18)
[2019.01.14 14:19:01 / ea_44_5.3_2_down-down-buy.mq4:138]detect_DownDown_Buy() => false) (period = 1 / symbol = EURJPY_)
[2019.01.14 14:20:00 / ea_44_5.3_2_down-down-buy.mq4:116]new bar (tick = 1012) (period = 1 / symbol = EURJPY_)
[2019.01.14 14:20:00 / lib_ea.mqh:274]
price_Close_Latest >= ibands_1S_Plus (close = 124.049) (BB.-1 = 124.0484476418592) (2019.01.14 07:19)
[2019.01.14 14:20:00 / ea_44_5.3_2_down-down-buy.mq4:138]detect_DownDown_Buy() => false) (period = 1 / symbol = EURJPY_)
[2019.01.14 14:20:59 / ea_44_5.3_2_down-down-buy.mq4:116]new bar (tick = 1070) (period = 1 / symbol = EURJPY_)
[2019.01.14 14:20:59 / lib_ea.mqh:234]
diff_Latest >= 0 (0.01099999999999568) (2019.01.14 07:20)
[2019.01.14 14:20:59 / ea_44_5.3_2_down-down-buy.mq4:138]detect_DownDown_Buy() => false) (period = 1 / symbol = EURJPY_)
[2019.01.14 14:22:06 / ea_44_5.3_2_down-down-buy.mq4:116]new bar (tick = 1165) (period = 1 / symbol = EURJPY_)
[2019.01.14 14:22:06 / lib_ea.mqh:234]
diff_Latest >= 0 (0.01099999999999568) (2019.01.14 07:21)
[2019.01.14 14:22:06 / ea_44_5.3_2_down-down-buy.mq4:138]detect_DownDown_Buy() => false) (period = 1 / symbol = EURJPY_)
[2019.01.14 14:22:59 / ea_44_5.3_2_down-down-buy.mq4:116]new bar (tick = 1201) (period = 1 / symbol = EURJPY_)
[2019.01.14 14:22:59 / lib_ea.mqh:274]
price_Close_Latest >= ibands_1S_Plus (close = 124.067) (BB.-1 = 124.0488916154565) (2019.01.14 07:22)
[2019.01.14 14:22:59 / ea_44_5.3_2_down-down-buy.mq4:138]detect_DownDown_Buy() => false) (period = 1 / symbol = EURJPY_)
[2019.01.14 14:24:02 / ea_44_5.3_2_down-down-buy.mq4:116]new bar (tick = 1240) (period = 1 / symbol = EURJPY_)
[2019.01.14 14:24:02 / lib_ea.mqh:234]
diff_Latest >= 0 (0.02000000000001023) (2019.01.14 07:23)
[2019.01.14 14:24:02 / ea_44_5.3_2_down-down-buy.mq4:138]detect_DownDown_Buy() => false) (period = 1 / symbol = EURJPY_)
[2019.01.14 14:25:00 / ea_44_5.3_2_down-down-buy.mq4:116]new bar (tick = 1301) (period = 1 / symbol = EURJPY_)
[2019.01.14 14:25:00 / lib_ea.mqh:234]
diff_Latest >= 0 (0.009000000000000341) (2019.01.14 07:24)
[2019.01.14 14:25:00 / ea_44_5.3_2_down-down-buy.mq4:138]detect_DownDown_Buy() => false) (period = 1 / symbol = EURJPY_)
[2019.01.14 14:26:03 / ea_44_5.3_2_down-down-buy.mq4:116]new bar (tick = 1338) (period = 1 / symbol = EURJPY_)
[2019.01.14 14:26:03 / lib_ea.mqh:274]
price_Close_Latest >= ibands_1S_Plus (close = 124.086) (BB.-1 = 124.0461575108274) (2019.01.14 07:25)
[2019.01.14 14:26:03 / ea_44_5.3_2_down-down-buy.mq4:138]detect_DownDown_Buy() => false) (period = 1 / symbol = EURJPY_)
[2019.01.14 14:27:14 / ea_44_5.3_2_down-down-buy.mq4:116]new bar (tick = 1360) (period = 1 / symbol = EURJPY_)
[2019.01.14 14:27:14 / lib_ea.mqh:274]
price_Close_Latest >= ibands_1S_Plus (close = 124.077) (BB.-1 = 124.0466627624274) (2019.01.14 07:26)
[2019.01.14 14:27:14 / ea_44_5.3_2_down-down-buy.mq4:138]detect_DownDown_Buy() => false) (period = 1 / symbol = EURJPY_)
[2019.01.14 14:28:07 / ea_44_5.3_2_down-down-buy.mq4:116]new bar (tick = 1368) (period = 1 / symbol = EURJPY_)
[2019.01.14 14:28:07 / lib_ea.mqh:234]
diff_Latest >= 0 (0.003999999999990678) (2019.01.14 07:27)
[2019.01.14 14:28:07 / ea_44_5.3_2_down-down-buy.mq4:138]detect_DownDown_Buy() => false) (period = 1 / symbol = EURJPY_)
[2019.01.14 14:29:07 / ea_44_5.3_2_down-down-buy.mq4:116]new bar (tick = 1389) (period = 1 / symbol = EURJPY_)
[2019.01.14 14:29:07 / lib_ea.mqh:274]
price_Close_Latest >= ibands_1S_Plus (close = 124.074) (BB.-1 = 124.0481285281387) (2019.01.14 07:28)
[2019.01.14 14:29:07 / ea_44_5.3_2_down-down-buy.mq4:138]detect_DownDown_Buy() => false) (period = 1 / symbol = EURJPY_)
[2019.01.14 14:30:04 / ea_44_5.3_2_down-down-buy.mq4:116]new bar (tick = 1398) (period = 1 / symbol = EURJPY_)
[2019.01.14 14:30:04 / lib_ea.mqh:234]
diff_Latest >= 0 (0.000999999999990564) (2019.01.14 07:29)
[2019.01.14 14:30:04 / ea_44_5.3_2_down-down-buy.mq4:138]detect_DownDown_Buy() => false) (period = 1 / symbol = EURJPY_)
[2019.01.14 14:31:02 / ea_44_5.3_2_down-down-buy.mq4:116]new bar (tick = 1426) (period = 1 / symbol = EURJPY_)
[2019.01.14 14:31:02 / lib_ea.mqh:274]
price_Close_Latest >= ibands_1S_Plus (close = 124.062) (BB.-1 = 124.0485761473855) (2019.01.14 07:30)
[2019.01.14 14:31:02 / ea_44_5.3_2_down-down-buy.mq4:138]detect_DownDown_Buy() => false) (period = 1 / symbol = EURJPY_)
[2019.01.14 14:32:00 / ea_44_5.3_2_down-down-buy.mq4:116]new bar (tick = 1450) (period = 1 / symbol = EURJPY_)
[2019.01.14 14:32:00 / lib_ea.mqh:234]
diff_Latest >= 0 (0.003000000000000114) (2019.01.14 07:31)
[2019.01.14 14:32:00 / ea_44_5.3_2_down-down-buy.mq4:138]detect_DownDown_Buy() => false) (period = 1 / symbol = EURJPY_)
[2019.01.14 14:33:03 / ea_44_5.3_2_down-down-buy.mq4:116]new bar (tick = 1485) (period = 1 / symbol = EURJPY_)
[2019.01.14 14:33:03 / lib_ea.mqh:234]
diff_Latest >= 0 (0.01100000000000989) (2019.01.14 07:32)
[2019.01.14 14:33:03 / ea_44_5.3_2_down-down-buy.mq4:138]detect_DownDown_Buy() => false) (period = 1 / symbol = EURJPY_)
[2019.01.14 14:34:01 / ea_44_5.3_2_down-down-buy.mq4:116]new bar (tick = 1495) (period = 1 / symbol = EURJPY_)
[2019.01.14 14:34:01 / lib_ea.mqh:274]
price_Close_Latest >= ibands_1S_Plus (close = 124.068) (BB.-1 = 124.0522785381654) (2019.01.14 07:33)
[2019.01.14 14:34:01 / ea_44_5.3_2_down-down-buy.mq4:138]detect_DownDown_Buy() => false) (period = 1 / symbol = EURJPY_)
[2019.01.14 14:35:05 / ea_44_5.3_2_down-down-buy.mq4:116]new bar (tick = 1503) (period = 1 / symbol = EURJPY_)
[2019.01.14 14:35:05 / lib_ea.mqh:234]
diff_Latest >= 0 (0.007999999999995566) (2019.01.14 07:34)
[2019.01.14 14:35:05 / ea_44_5.3_2_down-down-buy.mq4:138]detect_DownDown_Buy() => false) (period = 1 / symbol = EURJPY_)
[2019.01.14 14:35:59 / ea_44_5.3_2_down-down-buy.mq4:116]new bar (tick = 1518) (period = 1 / symbol = EURJPY_)
[2019.01.14 14:35:59 / lib_ea.mqh:234]
diff_Latest >= 0 (0.000999999999990564) (2019.01.14 07:35)
[2019.01.14 14:35:59 / ea_44_5.3_2_down-down-buy.mq4:138]detect_DownDown_Buy() => false) (period = 1 / symbol = EURJPY_)
[2019.01.14 14:36:59 / ea_44_5.3_2_down-down-buy.mq4:116]new bar (tick = 1558) (period = 1 / symbol = EURJPY_)
[2019.01.14 14:36:59 / lib_ea.mqh:234]
diff_Latest >= 0 (0.01200000000000045) (2019.01.14 07:36)
[2019.01.14 14:36:59 / ea_44_5.3_2_down-down-buy.mq4:138]detect_DownDown_Buy() => false) (period = 1 / symbol = EURJPY_)
[2019.01.14 14:38:08 / ea_44_5.3_2_down-down-buy.mq4:116]new bar (tick = 1576) (period = 1 / symbol = EURJPY_)
[2019.01.14 14:38:08 / lib_ea.mqh:274]
price_Close_Latest >= ibands_1S_Plus (close = 124.084) (BB.-1 = 124.0613780536253) (2019.01.14 07:37)
[2019.01.14 14:38:08 / ea_44_5.3_2_down-down-buy.mq4:138]detect_DownDown_Buy() => false) (period = 1 / symbol = EURJPY_)
[2019.01.14 14:38:59 / ea_44_5.3_2_down-down-buy.mq4:116]new bar (tick = 1604) (period = 1 / symbol = EURJPY_)
[2019.01.14 14:38:59 / lib_ea.mqh:274]
price_Close_Latest >= ibands_1S_Plus (close = 124.072) (BB.-1 = 124.0637286428098) (2019.01.14 07:38)
[2019.01.14 14:38:59 / ea_44_5.3_2_down-down-buy.mq4:138]detect_DownDown_Buy() => false) (period = 1 / symbol = EURJPY_)
[2019.01.14 14:40:01 / ea_44_5.3_2_down-down-buy.mq4:116]new bar (tick = 1642) (period = 1 / symbol = EURJPY_)
[2019.01.14 14:40:01 / lib_ea.mqh:274]
price_Close_Latest >= ibands_1S_Plus (close = 124.067) (BB.-1 = 124.0661561161635) (2019.01.14 07:39)
[2019.01.14 14:40:01 / ea_44_5.3_2_down-down-buy.mq4:138]detect_DownDown_Buy() => false) (period = 1 / symbol = EURJPY_)
[2019.01.14 14:41:00 / ea_44_5.3_2_down-down-buy.mq4:116]new bar (tick = 1667) (period = 1 / symbol = EURJPY_)
[2019.01.14 14:41:00 / lib_ea.mqh:234]
diff_Latest >= 0 (0.003000000000000114) (2019.01.14 07:40)
[2019.01.14 14:41:00 / ea_44_5.3_2_down-down-buy.mq4:138]detect_DownDown_Buy() => false) (period = 1 / symbol = EURJPY_)
[2019.01.14 14:42:00 / ea_44_5.3_2_down-down-buy.mq4:116]new bar (tick = 1711) (period = 1 / symbol = EURJPY_)
[2019.01.14 14:42:00 / lib_ea.mqh:234]
diff_Latest >= 0 (0.005000000000009663) (2019.01.14 07:41)
[2019.01.14 14:42:00 / ea_44_5.3_2_down-down-buy.mq4:138]detect_DownDown_Buy() => false) (period = 1 / symbol = EURJPY_)
[2019.01.14 14:43:01 / ea_44_5.3_2_down-down-buy.mq4:116]new bar (tick = 1809) (period = 1 / symbol = EURJPY_)
[2019.01.14 14:43:01 / lib_ea.mqh:274]
price_Close_Latest >= ibands_1S_Plus (close = 124.074) (BB.-1 = 124.0681948500923) (2019.01.14 07:42)
[2019.01.14 14:43:01 / ea_44_5.3_2_down-down-buy.mq4:138]detect_DownDown_Buy() => false) (period = 1 / symbol = EURJPY_)
[2019.01.14 14:44:00 / ea_44_5.3_2_down-down-buy.mq4:116]new bar (tick = 1827) (period = 1 / symbol = EURJPY_)
[2019.01.14 14:44:00 / lib_ea.mqh:329]
detect_DownDown_Buy() ==> true (datetime = 2019.01.14 07:43)
[2019.01.14 14:44:00 / ea_44_5.3_2_down-down-buy.mq4:138]detect_DownDown_Buy() => true) (period = 1 / symbol = EURJPY_)
[2019.01.14 14:44:00 / lib_ea.mqh:374][lib_ea.mqh:361] Level_TakeProfit => 124.257 / Level_StopLoss => 123.957
Point = 0.001
Bid = 124.057
[2019.01.14 14:44:59 / ea_44_5.3_2_down-down-buy.mq4:116]new bar (tick = 1893) (period = 1 / symbol = EURJPY_)
[2019.01.14 14:44:59 / lib_ea.mqh:234]
diff_Latest >= 0 (0.009000000000000341) (2019.01.14 07:44)
[2019.01.14 14:44:59 / ea_44_5.3_2_down-down-buy.mq4:138]detect_DownDown_Buy() => false) (period = 1 / symbol = EURJPY_)
[2019.01.14 14:46:06 / ea_44_5.3_2_down-down-buy.mq4:116]new bar (tick = 1982) (period = 1 / symbol = EURJPY_)
[2019.01.14 14:46:06 / lib_ea.mqh:234]
diff_Latest >= 0 (0.003000000000000114) (2019.01.14 07:45)
[2019.01.14 14:46:06 / ea_44_5.3_2_down-down-buy.mq4:138]detect_DownDown_Buy() => false) (period = 1 / symbol = EURJPY_)
[2019.01.14 14:47:00 / ea_44_5.3_2_down-down-buy.mq4:116]new bar (tick = 2040) (period = 1 / symbol = EURJPY_)
[2019.01.14 14:47:00 / lib_ea.mqh:274]
price_Close_Latest >= ibands_1S_Plus (close = 124.075) (BB.-1 = 124.0673074847262) (2019.01.14 07:46)
[2019.01.14 14:47:00 / ea_44_5.3_2_down-down-buy.mq4:138]detect_DownDown_Buy() => false) (period = 1 / symbol = EURJPY_)
[2019.01.14 14:47:59 / ea_44_5.3_2_down-down-buy.mq4:116]new bar (tick = 2132) (period = 1 / symbol = EURJPY_)
[2019.01.14 14:47:59 / lib_ea.mqh:234]
diff_Latest >= 0 (0.009000000000000341) (2019.01.14 07:47)
[2019.01.14 14:47:59 / ea_44_5.3_2_down-down-buy.mq4:138]detect_DownDown_Buy() => false) (period = 1 / symbol = EURJPY_)
[2019.01.14 14:49:01 / ea_44_5.3_2_down-down-buy.mq4:116]new bar (tick = 2279) (period = 1 / symbol = EURJPY_)
[2019.01.14 14:49:01 / lib_ea.mqh:234]
diff_Latest >= 0 (0.01400000000001) (2019.01.14 07:48)
[2019.01.14 14:49:01 / ea_44_5.3_2_down-down-buy.mq4:138]detect_DownDown_Buy() => false) (period = 1 / symbol = EURJPY_)
[2019.01.14 14:49:59 / ea_44_5.3_2_down-down-buy.mq4:116]new bar (tick = 2361) (period = 1 / symbol = EURJPY_)
[2019.01.14 14:49:59 / lib_ea.mqh:274]
price_Close_Latest >= ibands_1S_Plus (close = 124.086) (BB.-1 = 124.0666597511348) (2019.01.14 07:49)
[2019.01.14 14:49:59 / ea_44_5.3_2_down-down-buy.mq4:138]detect_DownDown_Buy() => false) (period = 1 / symbol = EURJPY_)
[2019.01.14 14:51:01 / ea_44_5.3_2_down-down-buy.mq4:116]new bar (tick = 2429) (period = 1 / symbol = EURJPY_)
[2019.01.14 14:51:01 / lib_ea.mqh:234]
diff_Latest >= 0 (0.01300000000000523) (2019.01.14 07:50)
[2019.01.14 14:51:01 / ea_44_5.3_2_down-down-buy.mq4:138]detect_DownDown_Buy() => false) (period = 1 / symbol = EURJPY_)
[2019.01.14 14:52:00 / ea_44_5.3_2_down-down-buy.mq4:116]new bar (tick = 2488) (period = 1 / symbol = EURJPY_)
[2019.01.14 14:52:00 / lib_ea.mqh:234]
diff_Latest >= 0 (0.006000000000000227) (2019.01.14 07:51)
[2019.01.14 14:52:00 / ea_44_5.3_2_down-down-buy.mq4:138]detect_DownDown_Buy() => false) (period = 1 / symbol = EURJPY_)
[2019.01.14 14:53:04 / ea_44_5.3_2_down-down-buy.mq4:116]new bar (tick = 2539) (period = 1 / symbol = EURJPY_)
[2019.01.14 14:53:04 / lib_ea.mqh:274]
price_Close_Latest >= ibands_1S_Plus (close = 124.093) (BB.-1 = 124.0690537168386) (2019.01.14 07:52)
[2019.01.14 14:53:04 / ea_44_5.3_2_down-down-buy.mq4:138]detect_DownDown_Buy() => false) (period = 1 / symbol = EURJPY_)
[2019.01.14 14:54:02 / ea_44_5.3_2_down-down-buy.mq4:116]new bar (tick = 2585) (period = 1 / symbol = EURJPY_)
[2019.01.14 14:54:02 / lib_ea.mqh:234]
diff_Latest >= 0 (0.01699999999999591) (2019.01.14 07:53)
[2019.01.14 14:54:02 / ea_44_5.3_2_down-down-buy.mq4:138]detect_DownDown_Buy() => false) (period = 1 / symbol = EURJPY_)
[2019.01.14 14:54:59 / ea_44_5.3_2_down-down-buy.mq4:116]new bar (tick = 2646) (period = 1 / symbol = EURJPY_)
[2019.01.14 14:54:59 / lib_ea.mqh:234]
diff_Latest >= 0 (0) (2019.01.14 07:54)
[2019.01.14 14:54:59 / ea_44_5.3_2_down-down-buy.mq4:138]detect_DownDown_Buy() => false) (period = 1 / symbol = EURJPY_)
[2019.01.14 14:55:59 / ea_44_5.3_2_down-down-buy.mq4:116]new bar (tick = 2710) (period = 1 / symbol = EURJPY_)
[2019.01.14 14:55:59 / lib_ea.mqh:274]
price_Close_Latest >= ibands_1S_Plus (close = 124.103) (BB.-1 = 124.0710623737934) (2019.01.14 07:55)
[2019.01.14 14:55:59 / ea_44_5.3_2_down-down-buy.mq4:138]detect_DownDown_Buy() => false) (period = 1 / symbol = EURJPY_)
[2019.01.14 14:57:03 / ea_44_5.3_2_down-down-buy.mq4:116]new bar (tick = 2735) (period = 1 / symbol = EURJPY_)
[2019.01.14 14:57:03 / lib_ea.mqh:234]
diff_Latest >= 0 (0.005000000000009663) (2019.01.14 07:56)
[2019.01.14 14:57:03 / ea_44_5.3_2_down-down-buy.mq4:138]detect_DownDown_Buy() => false) (period = 1 / symbol = EURJPY_)
[2019.01.14 14:58:01 / ea_44_5.3_2_down-down-buy.mq4:116]new bar (tick = 2765) (period = 1 / symbol = EURJPY_)
[2019.01.14 14:58:01 / lib_ea.mqh:234]
diff_Latest >= 0 (0) (2019.01.14 07:57)
[2019.01.14 14:58:01 / ea_44_5.3_2_down-down-buy.mq4:138]detect_DownDown_Buy() => false) (period = 1 / symbol = EURJPY_)
[2019.01.14 14:59:01 / ea_44_5.3_2_down-down-buy.mq4:116]new bar (tick = 2887) (period = 1 / symbol = EURJPY_)
[2019.01.14 14:59:01 / lib_ea.mqh:274]
price_Close_Latest >= ibands_1S_Plus (close = 124.084) (BB.-1 = 124.0727640944187) (2019.01.14 07:58)
[2019.01.14 14:59:01 / ea_44_5.3_2_down-down-buy.mq4:138]detect_DownDown_Buy() => false) (period = 1 / symbol = EURJPY_)
[2019.01.14 14:59:59 / ea_44_5.3_2_down-down-buy.mq4:116]new bar (tick = 2952) (period = 1 / symbol = EURJPY_)
[2019.01.14 14:59:59 / lib_ea.mqh:234]
diff_Latest >= 0 (0.006000000000000227) (2019.01.14 07:59)
[2019.01.14 14:59:59 / ea_44_5.3_2_down-down-buy.mq4:138]detect_DownDown_Buy() => false) (period = 1 / symbol = EURJPY_)
[2019.01.14 15:01:04 / ea_44_5.3_2_down-down-buy.mq4:116]new bar (tick = 3007) (period = 1 / symbol = EURJPY_)
[2019.01.14 15:01:04 / lib_ea.mqh:234]
diff_Latest >= 0 (0.001999999999995339) (2019.01.14 08:00)
[2019.01.14 15:01:04 / ea_44_5.3_2_down-down-buy.mq4:138]detect_DownDown_Buy() => false) (period = 1 / symbol = EURJPY_)
[2019.01.14 15:02:00 / ea_44_5.3_2_down-down-buy.mq4:116]new bar (tick = 3043) (period = 1 / symbol = EURJPY_)
[2019.01.14 15:02:00 / lib_ea.mqh:234]
diff_Latest >= 0 (0.001999999999995339) (2019.01.14 08:01)
[2019.01.14 15:02:00 / ea_44_5.3_2_down-down-buy.mq4:138]detect_DownDown_Buy() => false) (period = 1 / symbol = EURJPY_)
[2019.01.14 15:03:00 / ea_44_5.3_2_down-down-buy.mq4:116]new bar (tick = 3078) (period = 1 / symbol = EURJPY_)
[2019.01.14 15:03:00 / lib_ea.mqh:274]
price_Close_Latest >= ibands_1S_Plus (close = 124.085) (BB.-1 = 124.0789222198349) (2019.01.14 08:02)
[2019.01.14 15:03:00 / ea_44_5.3_2_down-down-buy.mq4:138]detect_DownDown_Buy() => false) (period = 1 / symbol = EURJPY_)
[2019.01.14 15:03:59 / ea_44_5.3_2_down-down-buy.mq4:116]new bar (tick = 3139) (period = 1 / symbol = EURJPY_)
[2019.01.14 15:03:59 / lib_ea.mqh:234]
diff_Latest >= 0 (0.01699999999999591) (2019.01.14 08:03)
[2019.01.14 15:03:59 / ea_44_5.3_2_down-down-buy.mq4:138]detect_DownDown_Buy() => false) (period = 1 / symbol = EURJPY_)
[2019.01.14 15:05:00 / ea_44_5.3_2_down-down-buy.mq4:116]new bar (tick = 3186) (period = 1 / symbol = EURJPY_)
[2019.01.14 15:05:00 / lib_ea.mqh:274]
price_Close_Latest >= ibands_1S_Plus (close = 124.095) (BB.-1 = 124.0846666396544) (2019.01.14 08:04)
[2019.01.14 15:05:00 / ea_44_5.3_2_down-down-buy.mq4:138]detect_DownDown_Buy() => false) (period = 1 / symbol = EURJPY_)
[2019.01.14 15:06:00 / ea_44_5.3_2_down-down-buy.mq4:116]new bar (tick = 3214) (period = 1 / symbol = EURJPY_)
[2019.01.14 15:06:00 / lib_ea.mqh:234]
diff_Latest >= 0 (0.003000000000000114) (2019.01.14 08:05)
[2019.01.14 15:06:00 / ea_44_5.3_2_down-down-buy.mq4:138]detect_DownDown_Buy() => false) (period = 1 / symbol = EURJPY_)
[2019.01.14 15:07:04 / ea_44_5.3_2_down-down-buy.mq4:116]new bar (tick = 3272) (period = 1 / symbol = EURJPY_)
[2019.01.14 15:07:04 / lib_ea.mqh:234]
diff_Latest >= 0 (0.01099999999999568) (2019.01.14 08:06)
[2019.01.14 15:07:04 / ea_44_5.3_2_down-down-buy.mq4:138]detect_DownDown_Buy() => false) (period = 1 / symbol = EURJPY_)
[2019.01.14 15:08:08 / ea_44_5.3_2_down-down-buy.mq4:116]new bar (tick = 3324) (period = 1 / symbol = EURJPY_)
[2019.01.14 15:08:08 / lib_ea.mqh:274]
price_Close_Latest >= ibands_1S_Plus (close = 124.1) (BB.-1 = 124.0901885175062) (2019.01.14 08:07)
[2019.01.14 15:08:08 / ea_44_5.3_2_down-down-buy.mq4:138]detect_DownDown_Buy() => false) (period = 1 / symbol = EURJPY_)
[2019.01.14 15:09:03 / ea_44_5.3_2_down-down-buy.mq4:116]new bar (tick = 3340) (period = 1 / symbol = EURJPY_)
[2019.01.14 15:09:03 / lib_ea.mqh:274]
price_Close_Latest >= ibands_1S_Plus (close = 124.097) (BB.-1 = 124.0900860369545) (2019.01.14 08:08)
[2019.01.14 15:09:03 / ea_44_5.3_2_down-down-buy.mq4:138]detect_DownDown_Buy() => false) (period = 1 / symbol = EURJPY_)
[2019.01.14 15:10:06 / ea_44_5.3_2_down-down-buy.mq4:116]new bar (tick = 3386) (period = 1 / symbol = EURJPY_)
[2019.01.14 15:10:06 / lib_ea.mqh:274]
price_Close_Latest >= ibands_1S_Plus (close = 124.091) (BB.-1 = 124.0906450016119) (2019.01.14 08:09)
[2019.01.14 15:10:06 / ea_44_5.3_2_down-down-buy.mq4:138]detect_DownDown_Buy() => false) (period = 1 / symbol = EURJPY_)
[2019.01.14 15:11:00 / ea_44_5.3_2_down-down-buy.mq4:116]new bar (tick = 3416) (period = 1 / symbol = EURJPY_)
[2019.01.14 15:11:00 / lib_ea.mqh:329]
detect_DownDown_Buy() ==> true (datetime = 2019.01.14 08:10)
[2019.01.14 15:11:00 / ea_44_5.3_2_down-down-buy.mq4:138]detect_DownDown_Buy() => true) (period = 1 / symbol = EURJPY_)
[2019.01.14 15:11:00 / lib_ea.mqh:374][lib_ea.mqh:361] Level_TakeProfit => 124.277 / Level_StopLoss => 123.977
Point = 0.001
Bid = 124.077
[2019.01.14 15:12:19 / ea_44_5.3_2_down-down-buy.mq4:116]new bar (tick = 3433) (period = 1 / symbol = EURJPY_)
[2019.01.14 15:12:19 / lib_ea.mqh:329]
detect_DownDown_Buy() ==> true (datetime = 2019.01.14 08:11)
[2019.01.14 15:12:19 / ea_44_5.3_2_down-down-buy.mq4:138]detect_DownDown_Buy() => true) (period = 1 / symbol = EURJPY_)
[2019.01.14 15:12:19 / lib_ea.mqh:374][lib_ea.mqh:361] Level_TakeProfit => 124.278 / Level_StopLoss => 123.978
Point = 0.001
Bid = 124.078
[2019.01.14 15:13:00 / ea_44_5.3_2_down-down-buy.mq4:116]new bar (tick = 3475) (period = 1 / symbol = EURJPY_)
[2019.01.14 15:13:00 / lib_ea.mqh:234]
diff_Latest >= 0 (0) (2019.01.14 08:12)
[2019.01.14 15:13:00 / ea_44_5.3_2_down-down-buy.mq4:138]detect_DownDown_Buy() => false) (period = 1 / symbol = EURJPY_)
[2019.01.14 15:13:59 / ea_44_5.3_2_down-down-buy.mq4:116]new bar (tick = 3530) (period = 1 / symbol = EURJPY_)
[2019.01.14 15:13:59 / lib_ea.mqh:310]
diff_SecondLatest >= 0 (diff = 0)(2019.01.14 08:12)
[2019.01.14 15:13:59 / ea_44_5.3_2_down-down-buy.mq4:138]detect_DownDown_Buy() => false) (period = 1 / symbol = EURJPY_)
[2019.01.14 15:15:00 / ea_44_5.3_2_down-down-buy.mq4:116]new bar (tick = 3649) (period = 1 / symbol = EURJPY_)
[2019.01.14 15:15:00 / lib_ea.mqh:329]
detect_DownDown_Buy() ==> true (datetime = 2019.01.14 08:14)
[2019.01.14 15:15:00 / ea_44_5.3_2_down-down-buy.mq4:138]detect_DownDown_Buy() => true) (period = 1 / symbol = EURJPY_)
[2019.01.14 15:15:00 / lib_ea.mqh:374][lib_ea.mqh:361] Level_TakeProfit => 124.26 / Level_StopLoss => 123.96
Point = 0.001
Bid = 124.06
[2019.01.14 15:16:00 / ea_44_5.3_2_down-down-buy.mq4:116]new bar (tick = 3705) (period = 1 / symbol = EURJPY_)
[2019.01.14 15:16:00 / lib_ea.mqh:329]
detect_DownDown_Buy() ==> true (datetime = 2019.01.14 08:15)
[2019.01.14 15:16:00 / ea_44_5.3_2_down-down-buy.mq4:138]detect_DownDown_Buy() => true) (period = 1 / symbol = EURJPY_)
[2019.01.14 15:16:00 / lib_ea.mqh:374][lib_ea.mqh:361] Level_TakeProfit => 124.252 / Level_StopLoss => 123.952
Point = 0.001
Bid = 124.052
[2019.01.14 15:17:39 / ea_44_5.3_2_down-down-buy.mq4:116]new bar (tick = 3796) (period = 1 / symbol = EURJPY_)
[2019.01.14 15:17:39 / lib_ea.mqh:329]
detect_DownDown_Buy() ==> true (datetime = 2019.01.14 08:16)
[2019.01.14 15:17:39 / ea_44_5.3_2_down-down-buy.mq4:138]detect_DownDown_Buy() => true) (period = 1 / symbol = EURJPY_)
[2019.01.14 15:17:39 / lib_ea.mqh:374][lib_ea.mqh:361] Level_TakeProfit => 124.243 / Level_StopLoss => 123.943
Point = 0.001
Bid = 124.043
[2019.01.14 15:18:04 / ea_44_5.3_2_down-down-buy.mq4:116]new bar (tick = 3809) (period = 1 / symbol = EURJPY_)
[2019.01.14 15:18:04 / lib_ea.mqh:329]
detect_DownDown_Buy() ==> true (datetime = 2019.01.14 08:17)
[2019.01.14 15:18:04 / ea_44_5.3_2_down-down-buy.mq4:138]detect_DownDown_Buy() => true) (period = 1 / symbol = EURJPY_)
[2019.01.14 15:18:04 / lib_ea.mqh:374][lib_ea.mqh:361] Level_TakeProfit => 124.239 / Level_StopLoss => 123.939
Point = 0.001
Bid = 124.039
[2019.01.14 15:18:59 / ea_44_5.3_2_down-down-buy.mq4:116]new bar (tick = 3888) (period = 1 / symbol = EURJPY_)
[2019.01.14 15:18:59 / lib_ea.mqh:329]
detect_DownDown_Buy() ==> true (datetime = 2019.01.14 08:18)
[2019.01.14 15:18:59 / ea_44_5.3_2_down-down-buy.mq4:138]detect_DownDown_Buy() => true) (period = 1 / symbol = EURJPY_)
[2019.01.14 15:18:59 / lib_ea.mqh:374][lib_ea.mqh:361] Level_TakeProfit => 124.223 / Level_StopLoss => 123.923
Point = 0.001
Bid = 124.023
[2019.01.14 15:19:59 / ea_44_5.3_2_down-down-buy.mq4:116]new bar (tick = 3972) (period = 1 / symbol = EURJPY_)
[2019.01.14 15:19:59 / lib_ea.mqh:329]
detect_DownDown_Buy() ==> true (datetime = 2019.01.14 08:19)
[2019.01.14 15:19:59 / ea_44_5.3_2_down-down-buy.mq4:138]detect_DownDown_Buy() => true) (period = 1 / symbol = EURJPY_)
[2019.01.14 15:19:59 / lib_ea.mqh:374][lib_ea.mqh:361] Level_TakeProfit => 124.206 / Level_StopLoss => 123.906
Point = 0.001
Bid = 124.006
[2019.01.14 15:20:59 / ea_44_5.3_2_down-down-buy.mq4:116]new bar (tick = 4170) (period = 1 / symbol = EURJPY_)
[2019.01.14 15:20:59 / lib_ea.mqh:329]
detect_DownDown_Buy() ==> true (datetime = 2019.01.14 08:20)
[2019.01.14 15:20:59 / ea_44_5.3_2_down-down-buy.mq4:138]detect_DownDown_Buy() => true) (period = 1 / symbol = EURJPY_)
[2019.01.14 15:20:59 / lib_ea.mqh:374][lib_ea.mqh:361] Level_TakeProfit => 124.163 / Level_StopLoss => 123.863
Point = 0.001
Bid = 123.963
[2019.01.14 15:21:59 / ea_44_5.3_2_down-down-buy.mq4:116]new bar (tick = 4345) (period = 1 / symbol = EURJPY_)
[2019.01.14 15:21:59 / lib_ea.mqh:234]
diff_Latest >= 0 (0.02700000000000102) (2019.01.14 08:21)
[2019.01.14 15:21:59 / ea_44_5.3_2_down-down-buy.mq4:138]detect_DownDown_Buy() => false) (period = 1 / symbol = EURJPY_)
[2019.01.14 15:22:59 / ea_44_5.3_2_down-down-buy.mq4:116]new bar (tick = 4600) (period = 1 / symbol = EURJPY_)
[2019.01.14 15:22:59 / lib_ea.mqh:234]
diff_Latest >= 0 (0.009999999999990905) (2019.01.14 08:22)
[2019.01.14 15:22:59 / ea_44_5.3_2_down-down-buy.mq4:138]detect_DownDown_Buy() => false) (period = 1 / symbol = EURJPY_)
[2019.01.14 15:24:01 / ea_44_5.3_2_down-down-buy.mq4:116]new bar (tick = 4712) (period = 1 / symbol = EURJPY_)
[2019.01.14 15:24:01 / lib_ea.mqh:310]
diff_SecondLatest >= 0 (diff = 0.009999999999990905)(2019.01.14 08:22)
[2019.01.14 15:24:01 / ea_44_5.3_2_down-down-buy.mq4:138]detect_DownDown_Buy() => false) (period = 1 / symbol = EURJPY_)
[2019.01.14 15:25:00 / ea_44_5.3_2_down-down-buy.mq4:116]new bar (tick = 4788) (period = 1 / symbol = EURJPY_)
[2019.01.14 15:25:00 / lib_ea.mqh:234]
diff_Latest >= 0 (0.02500000000000568) (2019.01.14 08:24)
[2019.01.14 15:25:00 / ea_44_5.3_2_down-down-buy.mq4:138]detect_DownDown_Buy() => false) (period = 1 / symbol = EURJPY_)
[2019.01.14 15:25:59 / ea_44_5.3_2_down-down-buy.mq4:116]new bar (tick = 4971) (period = 1 / symbol = EURJPY_)
[2019.01.14 15:25:59 / lib_ea.mqh:234]
diff_Latest >= 0 (0) (2019.01.14 08:25)
[2019.01.14 15:25:59 / ea_44_5.3_2_down-down-buy.mq4:138]detect_DownDown_Buy() => false) (period = 1 / symbol = EURJPY_)
[2019.01.14 15:26:59 / ea_44_5.3_2_down-down-buy.mq4:116]new bar (tick = 5116) (period = 1 / symbol = EURJPY_)
[2019.01.14 15:26:59 / lib_ea.mqh:274]
price_Close_Latest >= ibands_1S_Plus (close = 124.008) (BB.-1 = 124.0024709581476) (2019.01.14 08:26)
[2019.01.14 15:26:59 / ea_44_5.3_2_down-down-buy.mq4:138]detect_DownDown_Buy() => false) (period = 1 / symbol = EURJPY_)
[2019.01.14 15:28:01 / ea_44_5.3_2_down-down-buy.mq4:116]new bar (tick = 5229) (period = 1 / symbol = EURJPY_)
[2019.01.14 15:28:01 / lib_ea.mqh:234]
diff_Latest >= 0 (0.009000000000000341) (2019.01.14 08:27)
[2019.01.14 15:28:01 / ea_44_5.3_2_down-down-buy.mq4:138]detect_DownDown_Buy() => false) (period = 1 / symbol = EURJPY_)
[2019.01.14 15:29:01 / ea_44_5.3_2_down-down-buy.mq4:116]new bar (tick = 5315) (period = 1 / symbol = EURJPY_)
[2019.01.14 15:29:01 / lib_ea.mqh:274]
price_Close_Latest >= ibands_1S_Plus (close = 124.007) (BB.-1 = 123.9976326831939) (2019.01.14 08:28)
[2019.01.14 15:29:01 / ea_44_5.3_2_down-down-buy.mq4:138]detect_DownDown_Buy() => false) (period = 1 / symbol = EURJPY_)
[2019.01.14 15:30:00 / ea_44_5.3_2_down-down-buy.mq4:116]new bar (tick = 5431) (period = 1 / symbol = EURJPY_)
[2019.01.14 15:30:00 / lib_ea.mqh:234]
diff_Latest >= 0 (0.01800000000000068) (2019.01.14 08:29)
[2019.01.14 15:30:00 / ea_44_5.3_2_down-down-buy.mq4:138]detect_DownDown_Buy() => false) (period = 1 / symbol = EURJPY_)
[2019.01.14 15:30:59 / ea_44_5.3_2_down-down-buy.mq4:116]new bar (tick = 5517) (period = 1 / symbol = EURJPY_)
[2019.01.14 15:30:59 / lib_ea.mqh:274]
price_Close_Latest >= ibands_1S_Plus (close = 124.018) (BB.-1 = 123.9955870512979) (2019.01.14 08:30)
[2019.01.14 15:30:59 / ea_44_5.3_2_down-down-buy.mq4:138]detect_DownDown_Buy() => false) (period = 1 / symbol = EURJPY_)
[2019.01.14 15:31:59 / ea_44_5.3_2_down-down-buy.mq4:116]new bar (tick = 5607) (period = 1 / symbol = EURJPY_)
[2019.01.14 15:31:59 / lib_ea.mqh:234]
diff_Latest >= 0 (0.009000000000000341) (2019.01.14 08:31)
[2019.01.14 15:31:59 / ea_44_5.3_2_down-down-buy.mq4:138]detect_DownDown_Buy() => false) (period = 1 / symbol = EURJPY_)
[2019.01.14 15:33:01 / ea_44_5.3_2_down-down-buy.mq4:116]new bar (tick = 5723) (period = 1 / symbol = EURJPY_)
[2019.01.14 15:33:01 / lib_ea.mqh:274]
price_Close_Latest >= ibands_1S_Plus (close = 124.025) (BB.-1 = 123.9956856909304) (2019.01.14 08:32)
[2019.01.14 15:33:01 / ea_44_5.3_2_down-down-buy.mq4:138]detect_DownDown_Buy() => false) (period = 1 / symbol = EURJPY_)
[2019.01.14 15:34:02 / ea_44_5.3_2_down-down-buy.mq4:116]new bar (tick = 5795) (period = 1 / symbol = EURJPY_)
[2019.01.14 15:34:02 / lib_ea.mqh:274]
price_Close_Latest >= ibands_1S_Plus (close = 124.018) (BB.-1 = 123.9962265642846) (2019.01.14 08:33)
[2019.01.14 15:34:02 / ea_44_5.3_2_down-down-buy.mq4:138]detect_DownDown_Buy() => false) (period = 1 / symbol = EURJPY_)
[2019.01.14 15:35:00 / ea_44_5.3_2_down-down-buy.mq4:116]new bar (tick = 5953) (period = 1 / symbol = EURJPY_)
[2019.01.14 15:35:00 / lib_ea.mqh:234]
diff_Latest >= 0 (0.001000000000004775) (2019.01.14 08:34)
[2019.01.14 15:35:00 / ea_44_5.3_2_down-down-buy.mq4:138]detect_DownDown_Buy() => false) (period = 1 / symbol = EURJPY_)
[2019.01.14 15:35:59 / ea_44_5.3_2_down-down-buy.mq4:116]new bar (tick = 6199) (period = 1 / symbol = EURJPY_)
[2019.01.14 15:35:59 / lib_ea.mqh:274]
price_Close_Latest >= ibands_1S_Plus (close = 124.014) (BB.-1 = 123.9964459145899) (2019.01.14 08:35)
[2019.01.14 15:35:59 / ea_44_5.3_2_down-down-buy.mq4:138]detect_DownDown_Buy() => false) (period = 1 / symbol = EURJPY_)
[2019.01.14 15:36:59 / ea_44_5.3_2_down-down-buy.mq4:116]new bar (tick = 6326) (period = 1 / symbol = EURJPY_)
[2019.01.14 15:36:59 / lib_ea.mqh:234]
diff_Latest >= 0 (0.009000000000000341) (2019.01.14 08:36)
[2019.01.14 15:36:59 / ea_44_5.3_2_down-down-buy.mq4:138]detect_DownDown_Buy() => false) (period = 1 / symbol = EURJPY_)
[2019.01.14 15:38:00 / ea_44_5.3_2_down-down-buy.mq4:116]new bar (tick = 6386) (period = 1 / symbol = EURJPY_)
[2019.01.14 15:38:00 / lib_ea.mqh:234]
diff_Latest >= 0 (0.007999999999995566) (2019.01.14 08:37)
[2019.01.14 15:38:00 / ea_44_5.3_2_down-down-buy.mq4:138]detect_DownDown_Buy() => false) (period = 1 / symbol = EURJPY_)
[2019.01.14 15:39:00 / ea_44_5.3_2_down-down-buy.mq4:116]new bar (tick = 6440) (period = 1 / symbol = EURJPY_)
[2019.01.14 15:39:00 / lib_ea.mqh:234]
diff_Latest >= 0 (0.01200000000000045) (2019.01.14 08:38)
[2019.01.14 15:39:00 / ea_44_5.3_2_down-down-buy.mq4:138]detect_DownDown_Buy() => false) (period = 1 / symbol = EURJPY_)
[2019.01.14 15:40:06 / ea_44_5.3_2_down-down-buy.mq4:116]new bar (tick = 6500) (period = 1 / symbol = EURJPY_)
[2019.01.14 15:40:06 / lib_ea.mqh:234]
diff_Latest >= 0 (0.001999999999995339) (2019.01.14 08:39)
[2019.01.14 15:40:06 / ea_44_5.3_2_down-down-buy.mq4:138]detect_DownDown_Buy() => false) (period = 1 / symbol = EURJPY_)
[2019.01.14 15:40:59 / ea_44_5.3_2_down-down-buy.mq4:116]new bar (tick = 6566) (period = 1 / symbol = EURJPY_)
[2019.01.14 15:40:59 / lib_ea.mqh:234]
diff_Latest >= 0 (0.004000000000004889) (2019.01.14 08:40)
[2019.01.14 15:40:59 / ea_44_5.3_2_down-down-buy.mq4:138]detect_DownDown_Buy() => false) (period = 1 / symbol = EURJPY_)
[2019.01.14 15:42:05 / ea_44_5.3_2_down-down-buy.mq4:116]new bar (tick = 6633) (period = 1 / symbol = EURJPY_)
[2019.01.14 15:42:05 / lib_ea.mqh:274]
price_Close_Latest >= ibands_1S_Plus (close = 124.044) (BB.-1 = 124.0062361172297) (2019.01.14 08:41)
[2019.01.14 15:42:05 / ea_44_5.3_2_down-down-buy.mq4:138]detect_DownDown_Buy() => false) (period = 1 / symbol = EURJPY_)
[2019.01.14 15:42:59 / ea_44_5.3_2_down-down-buy.mq4:116]new bar (tick = 6760) (period = 1 / symbol = EURJPY_)
[2019.01.14 15:42:59 / lib_ea.mqh:274]
price_Close_Latest >= ibands_1S_Plus (close = 124.026) (BB.-1 = 124.0077611969076) (2019.01.14 08:42)
[2019.01.14 15:42:59 / ea_44_5.3_2_down-down-buy.mq4:138]detect_DownDown_Buy() => false) (period = 1 / symbol = EURJPY_)
[2019.01.14 15:43:59 / ea_44_5.3_2_down-down-buy.mq4:116]new bar (tick = 6987) (period = 1 / symbol = EURJPY_)
[2019.01.14 15:43:59 / lib_ea.mqh:234]
diff_Latest >= 0 (0.004000000000004889) (2019.01.14 08:43)
[2019.01.14 15:43:59 / ea_44_5.3_2_down-down-buy.mq4:138]detect_DownDown_Buy() => false) (period = 1 / symbol = EURJPY_)
[2019.01.14 15:45:00 / ea_44_5.3_2_down-down-buy.mq4:116]new bar (tick = 7195) (period = 1 / symbol = EURJPY_)
[2019.01.14 15:45:00 / lib_ea.mqh:274]
price_Close_Latest >= ibands_1S_Plus (close = 124.028) (BB.-1 = 124.0134461161389) (2019.01.14 08:44)
[2019.01.14 15:45:00 / ea_44_5.3_2_down-down-buy.mq4:138]detect_DownDown_Buy() => false) (period = 1 / symbol = EURJPY_)
[2019.01.14 15:45:59 / ea_44_5.3_2_down-down-buy.mq4:116]new bar (tick = 7297) (period = 1 / symbol = EURJPY_)
[2019.01.14 15:45:59 / lib_ea.mqh:234]
diff_Latest >= 0 (0) (2019.01.14 08:45)
[2019.01.14 15:45:59 / ea_44_5.3_2_down-down-buy.mq4:138]detect_DownDown_Buy() => false) (period = 1 / symbol = EURJPY_)
[2019.01.14 15:47:03 / ea_44_5.3_2_down-down-buy.mq4:116]new bar (tick = 7474) (period = 1 / symbol = EURJPY_)
[2019.01.14 15:47:03 / lib_ea.mqh:274]
price_Close_Latest >= ibands_1S_Plus (close = 124.02) (BB.-1 = 124.0158770971416) (2019.01.14 08:46)
[2019.01.14 15:47:03 / ea_44_5.3_2_down-down-buy.mq4:138]detect_DownDown_Buy() => false) (period = 1 / symbol = EURJPY_)
[2019.01.14 15:48:00 / ea_44_5.3_2_down-down-buy.mq4:116]new bar (tick = 7525) (period = 1 / symbol = EURJPY_)
[2019.01.14 15:48:00 / lib_ea.mqh:274]
price_Close_Latest >= ibands_1S_Plus (close = 124.017) (BB.-1 = 124.0158770971415) (2019.01.14 08:47)
[2019.01.14 15:48:00 / ea_44_5.3_2_down-down-buy.mq4:138]detect_DownDown_Buy() => false) (period = 1 / symbol = EURJPY_)
[2019.01.14 15:49:00 / ea_44_5.3_2_down-down-buy.mq4:116]new bar (tick = 7684) (period = 1 / symbol = EURJPY_)
[2019.01.14 15:49:00 / lib_ea.mqh:234]
diff_Latest >= 0 (0.01700000000001012) (2019.01.14 08:48)
[2019.01.14 15:49:00 / ea_44_5.3_2_down-down-buy.mq4:138]detect_DownDown_Buy() => false) (period = 1 / symbol = EURJPY_)
[2019.01.14 15:49:59 / ea_44_5.3_2_down-down-buy.mq4:116]new bar (tick = 7801) (period = 1 / symbol = EURJPY_)
[2019.01.14 15:49:59 / lib_ea.mqh:274]
price_Close_Latest >= ibands_1S_Plus (close = 124.034) (BB.-1 = 124.0185751477552) (2019.01.14 08:49)
[2019.01.14 15:49:59 / ea_44_5.3_2_down-down-buy.mq4:138]detect_DownDown_Buy() => false) (period = 1 / symbol = EURJPY_)
[2019.01.14 15:50:59 / ea_44_5.3_2_down-down-buy.mq4:116]new bar (tick = 7951) (period = 1 / symbol = EURJPY_)
[2019.01.14 15:50:59 / lib_ea.mqh:234]
diff_Latest >= 0 (0) (2019.01.14 08:50)
[2019.01.14 15:50:59 / ea_44_5.3_2_down-down-buy.mq4:138]detect_DownDown_Buy() => false) (period = 1 / symbol = EURJPY_)
[2019.01.14 15:51:59 / ea_44_5.3_2_down-down-buy.mq4:116]new bar (tick = 8124) (period = 1 / symbol = EURJPY_)
[2019.01.14 15:51:59 / lib_ea.mqh:234]
diff_Latest >= 0 (0) (2019.01.14 08:51)
[2019.01.14 15:51:59 / ea_44_5.3_2_down-down-buy.mq4:138]detect_DownDown_Buy() => false) (period = 1 / symbol = EURJPY_)
[2019.01.14 15:53:01 / ea_44_5.3_2_down-down-buy.mq4:116]new bar (tick = 8227) (period = 1 / symbol = EURJPY_)
[2019.01.14 15:53:01 / lib_ea.mqh:310]
diff_SecondLatest >= 0 (diff = 0)(2019.01.14 08:51)
[2019.01.14 15:53:01 / ea_44_5.3_2_down-down-buy.mq4:138]detect_DownDown_Buy() => false) (period = 1 / symbol = EURJPY_)
[2019.01.14 15:54:00 / ea_44_5.3_2_down-down-buy.mq4:116]new bar (tick = 8289) (period = 1 / symbol = EURJPY_)
[2019.01.14 15:54:00 / lib_ea.mqh:234]
diff_Latest >= 0 (0.01800000000000068) (2019.01.14 08:53)
[2019.01.14 15:54:00 / ea_44_5.3_2_down-down-buy.mq4:138]detect_DownDown_Buy() => false) (period = 1 / symbol = EURJPY_)
[2019.01.14 15:54:59 / ea_44_5.3_2_down-down-buy.mq4:116]new bar (tick = 8403) (period = 1 / symbol = EURJPY_)
[2019.01.14 15:54:59 / lib_ea.mqh:234]
diff_Latest >= 0 (0.01800000000000068) (2019.01.14 08:54)
[2019.01.14 15:54:59 / ea_44_5.3_2_down-down-buy.mq4:138]detect_DownDown_Buy() => false) (period = 1 / symbol = EURJPY_)
[2019.01.14 15:56:00 / ea_44_5.3_2_down-down-buy.mq4:116]new bar (tick = 8505) (period = 1 / symbol = EURJPY_)
[2019.01.14 15:56:00 / lib_ea.mqh:234]
diff_Latest >= 0 (0.01800000000000068) (2019.01.14 08:55)
[2019.01.14 15:56:00 / ea_44_5.3_2_down-down-buy.mq4:138]detect_DownDown_Buy() => false) (period = 1 / symbol = EURJPY_)
[2019.01.14 15:56:59 / ea_44_5.3_2_down-down-buy.mq4:116]new bar (tick = 8575) (period = 1 / symbol = EURJPY_)
[2019.01.14 15:56:59 / lib_ea.mqh:274]
price_Close_Latest >= ibands_1S_Plus (close = 124.068) (BB.-1 = 124.0226135196887) (2019.01.14 08:56)
[2019.01.14 15:56:59 / ea_44_5.3_2_down-down-buy.mq4:138]detect_DownDown_Buy() => false) (period = 1 / symbol = EURJPY_)
[2019.01.14 15:58:00 / ea_44_5.3_2_down-down-buy.mq4:116]new bar (tick = 8716) (period = 1 / symbol = EURJPY_)
[2019.01.14 15:58:00 / lib_ea.mqh:274]
price_Close_Latest >= ibands_1S_Plus (close = 124.066) (BB.-1 = 124.023054766335) (2019.01.14 08:57)
[2019.01.14 15:58:00 / ea_44_5.3_2_down-down-buy.mq4:138]detect_DownDown_Buy() => false) (period = 1 / symbol = EURJPY_)
[2019.01.14 15:58:59 / ea_44_5.3_2_down-down-buy.mq4:116]new bar (tick = 8812) (period = 1 / symbol = EURJPY_)
[2019.01.14 15:58:59 / lib_ea.mqh:234]
diff_Latest >= 0 (0.009000000000000341) (2019.01.14 08:58)
[2019.01.14 15:58:59 / ea_44_5.3_2_down-down-buy.mq4:138]detect_DownDown_Buy() => false) (period = 1 / symbol = EURJPY_)
[2019.01.14 15:59:59 / ea_44_5.3_2_down-down-buy.mq4:116]new bar (tick = 8860) (period = 1 / symbol = EURJPY_)
[2019.01.14 15:59:59 / lib_ea.mqh:274]
price_Close_Latest >= ibands_1S_Plus (close = 124.066) (BB.-1 = 124.0228224733973) (2019.01.14 08:59)
[2019.01.14 15:59:59 / ea_44_5.3_2_down-down-buy.mq4:138]detect_DownDown_Buy() => false) (period = 1 / symbol = EURJPY_)
[2019.01.14 16:00:59 / ea_44_5.3_2_down-down-buy.mq4:116]new bar (tick = 9340) (period = 1 / symbol = EURJPY_)
[2019.01.14 16:00:59 / lib_ea.mqh:234]
diff_Latest >= 0 (0.03700000000000614) (2019.01.14 09:00)
[2019.01.14 16:00:59 / ea_44_5.3_2_down-down-buy.mq4:138]detect_DownDown_Buy() => false) (period = 1 / symbol = EURJPY_)
[2019.01.14 16:01:59 / ea_44_5.3_2_down-down-buy.mq4:116]new bar (tick = 9635) (period = 1 / symbol = EURJPY_)
[2019.01.14 16:01:59 / lib_ea.mqh:274]
price_Close_Latest >= ibands_1S_Plus (close = 124.095) (BB.-1 = 124.0210364335419) (2019.01.14 09:01)
[2019.01.14 16:01:59 / ea_44_5.3_2_down-down-buy.mq4:138]detect_DownDown_Buy() => false) (period = 1 / symbol = EURJPY_)
[2019.01.14 16:02:59 / ea_44_5.3_2_down-down-buy.mq4:116]new bar (tick = 9929) (period = 1 / symbol = EURJPY_)
[2019.01.14 16:02:59 / lib_ea.mqh:274]
price_Close_Latest >= ibands_1S_Plus (close = 124.085) (BB.-1 = 124.0231649288677) (2019.01.14 09:02)
[2019.01.14 16:02:59 / ea_44_5.3_2_down-down-buy.mq4:138]detect_DownDown_Buy() => false) (period = 1 / symbol = EURJPY_)
[2019.01.14 16:03:59 / ea_44_5.3_2_down-down-buy.mq4:116]new bar (tick = 10230) (period = 1 / symbol = EURJPY_)
[2019.01.14 16:03:59 / lib_ea.mqh:234]
diff_Latest >= 0 (0.01099999999999568) (2019.01.14 09:03)
[2019.01.14 16:03:59 / ea_44_5.3_2_down-down-buy.mq4:138]detect_DownDown_Buy() => false) (period = 1 / symbol = EURJPY_)
[2019.01.14 16:04:59 / ea_44_5.3_2_down-down-buy.mq4:116]new bar (tick = 10420) (period = 1 / symbol = EURJPY_)
[2019.01.14 16:04:59 / lib_ea.mqh:234]
diff_Latest >= 0 (0.02000000000001023) (2019.01.14 09:04)
[2019.01.14 16:04:59 / ea_44_5.3_2_down-down-buy.mq4:138]detect_DownDown_Buy() => false) (period = 1 / symbol = EURJPY_)
[2019.01.14 16:05:59 / ea_44_5.3_2_down-down-buy.mq4:116]new bar (tick = 10655) (period = 1 / symbol = EURJPY_)
[2019.01.14 16:05:59 / lib_ea.mqh:234]
diff_Latest >= 0 (0.006999999999990791) (2019.01.14 09:05)
[2019.01.14 16:05:59 / ea_44_5.3_2_down-down-buy.mq4:138]detect_DownDown_Buy() => false) (period = 1 / symbol = EURJPY_)
[2019.01.14 16:06:59 / ea_44_5.3_2_down-down-buy.mq4:116]new bar (tick = 10839) (period = 1 / symbol = EURJPY_)
[2019.01.14 16:06:59 / lib_ea.mqh:234]
diff_Latest >= 0 (0.01500000000000057) (2019.01.14 09:06)
[2019.01.14 16:06:59 / ea_44_5.3_2_down-down-buy.mq4:138]detect_DownDown_Buy() => false) (period = 1 / symbol = EURJPY_)
[2019.01.14 16:08:00 / ea_44_5.3_2_down-down-buy.mq4:116]new bar (tick = 11035) (period = 1 / symbol = EURJPY_)
[2019.01.14 16:08:00 / lib_ea.mqh:274]
price_Close_Latest >= ibands_1S_Plus (close = 124.117) (BB.-1 = 124.0383210476892) (2019.01.14 09:07)
[2019.01.14 16:08:00 / ea_44_5.3_2_down-down-buy.mq4:138]detect_DownDown_Buy() => false) (period = 1 / symbol = EURJPY_)
[2019.01.14 16:09:00 / ea_44_5.3_2_down-down-buy.mq4:116]new bar (tick = 11136) (period = 1 / symbol = EURJPY_)
[2019.01.14 16:09:00 / lib_ea.mqh:234]
diff_Latest >= 0 (0.01800000000000068) (2019.01.14 09:08)
[2019.01.14 16:09:00 / ea_44_5.3_2_down-down-buy.mq4:138]detect_DownDown_Buy() => false) (period = 1 / symbol = EURJPY_)
[2019.01.14 16:10:00 / ea_44_5.3_2_down-down-buy.mq4:116]new bar (tick = 11192) (period = 1 / symbol = EURJPY_)
[2019.01.14 16:10:00 / lib_ea.mqh:274]
price_Close_Latest >= ibands_1S_Plus (close = 124.124) (BB.-1 = 124.04683147982) (2019.01.14 09:09)
[2019.01.14 16:10:00 / ea_44_5.3_2_down-down-buy.mq4:138]detect_DownDown_Buy() => false) (period = 1 / symbol = EURJPY_)
[2019.01.14 16:11:00 / ea_44_5.3_2_down-down-buy.mq4:116]new bar (tick = 11330) (period = 1 / symbol = EURJPY_)
[2019.01.14 16:11:00 / lib_ea.mqh:234]
diff_Latest >= 0 (0.007000000000005002) (2019.01.14 09:10)
[2019.01.14 16:11:00 / ea_44_5.3_2_down-down-buy.mq4:138]detect_DownDown_Buy() => false) (period = 1 / symbol = EURJPY_)
[2019.01.14 16:11:59 / ea_44_5.3_2_down-down-buy.mq4:116]new bar (tick = 11440) (period = 1 / symbol = EURJPY_)
[2019.01.14 16:11:59 / lib_ea.mqh:234]
diff_Latest >= 0 (0.01500000000000057) (2019.01.14 09:11)
[2019.01.14 16:11:59 / ea_44_5.3_2_down-down-buy.mq4:138]detect_DownDown_Buy() => false) (period = 1 / symbol = EURJPY_)
[2019.01.14 16:13:00 / ea_44_5.3_2_down-down-buy.mq4:116]new bar (tick = 11585) (period = 1 / symbol = EURJPY_)
[2019.01.14 16:13:00 / lib_ea.mqh:274]
price_Close_Latest >= ibands_1S_Plus (close = 124.097) (BB.-1 = 124.0664959680043) (2019.01.14 09:12)
[2019.01.14 16:13:00 / ea_44_5.3_2_down-down-buy.mq4:138]detect_DownDown_Buy() => false) (period = 1 / symbol = EURJPY_)
[2019.01.14 16:13:59 / ea_44_5.3_2_down-down-buy.mq4:116]new bar (tick = 11656) (period = 1 / symbol = EURJPY_)
[2019.01.14 16:13:59 / lib_ea.mqh:274]
price_Close_Latest >= ibands_1S_Plus (close = 124.089) (BB.-1 = 124.0727602291752) (2019.01.14 09:13)
[2019.01.14 16:13:59 / ea_44_5.3_2_down-down-buy.mq4:138]detect_DownDown_Buy() => false) (period = 1 / symbol = EURJPY_)
[2019.01.14 16:15:01 / ea_44_5.3_2_down-down-buy.mq4:116]new bar (tick = 11815) (period = 1 / symbol = EURJPY_)
[2019.01.14 16:15:01 / lib_ea.mqh:329]
detect_DownDown_Buy() ==> true (datetime = 2019.01.14 09:14)
[2019.01.14 16:15:01 / ea_44_5.3_2_down-down-buy.mq4:138]detect_DownDown_Buy() => true) (period = 1 / symbol = EURJPY_)
[2019.01.14 16:15:01 / lib_ea.mqh:374][lib_ea.mqh:361] Level_TakeProfit => 124.255 / Level_StopLoss => 123.955
Point = 0.001
Bid = 124.055
[2019.01.14 16:15:59 / ea_44_5.3_2_down-down-buy.mq4:116]new bar (tick = 12263) (period = 1 / symbol = EURJPY_)
[2019.01.14 16:15:59 / lib_ea.mqh:329]
detect_DownDown_Buy() ==> true (datetime = 2019.01.14 09:15)
[2019.01.14 16:15:59 / ea_44_5.3_2_down-down-buy.mq4:138]detect_DownDown_Buy() => true) (period = 1 / symbol = EURJPY_)
[2019.01.14 16:15:59 / lib_ea.mqh:374][lib_ea.mqh:361] Level_TakeProfit => 124.193 / Level_StopLoss => 123.893
Point = 0.001
Bid = 123.993
[2019.01.14 16:16:59 / ea_44_5.3_2_down-down-buy.mq4:116]new bar (tick = 12625) (period = 1 / symbol = EURJPY_)
[2019.01.14 16:16:59 / lib_ea.mqh:329]
detect_DownDown_Buy() ==> true (datetime = 2019.01.14 09:16)
[2019.01.14 16:16:59 / ea_44_5.3_2_down-down-buy.mq4:138]detect_DownDown_Buy() => true) (period = 1 / symbol = EURJPY_)
[2019.01.14 16:16:59 / lib_ea.mqh:374][lib_ea.mqh:361] Level_TakeProfit => 124.169 / Level_StopLoss => 123.869
Point = 0.001
Bid = 123.969
[2019.01.14 16:17:59 / ea_44_5.3_2_down-down-buy.mq4:116]new bar (tick = 13012) (period = 1 / symbol = EURJPY_)
[2019.01.14 16:17:59 / lib_ea.mqh:234]
diff_Latest >= 0 (0) (2019.01.14 09:17)
[2019.01.14 16:17:59 / ea_44_5.3_2_down-down-buy.mq4:138]detect_DownDown_Buy() => false) (period = 1 / symbol = EURJPY_)
[2019.01.14 16:18:58 / ea_44_5.3_2_down-down-buy.mq4:116]new bar (tick = 13509) (period = 1 / symbol = EURJPY_)
[2019.01.14 16:18:58 / lib_ea.mqh:310]
diff_SecondLatest >= 0 (diff = 0)(2019.01.14 09:17)
[2019.01.14 16:18:58 / ea_44_5.3_2_down-down-buy.mq4:138]detect_DownDown_Buy() => false) (period = 1 / symbol = EURJPY_)
[2019.01.14 16:19:59 / ea_44_5.3_2_down-down-buy.mq4:116]new bar (tick = 13855) (period = 1 / symbol = EURJPY_)
[2019.01.14 16:19:59 / lib_ea.mqh:329]
detect_DownDown_Buy() ==> true (datetime = 2019.01.14 09:19)
[2019.01.14 16:19:59 / ea_44_5.3_2_down-down-buy.mq4:138]detect_DownDown_Buy() => true) (period = 1 / symbol = EURJPY_)
[2019.01.14 16:19:59 / lib_ea.mqh:374][lib_ea.mqh:361] Level_TakeProfit => 124.113 / Level_StopLoss => 123.813
Point = 0.001
Bid = 123.913
[2019.01.14 16:21:02 / ea_44_5.3_2_down-down-buy.mq4:116]new bar (tick = 13949) (period = 1 / symbol = EURJPY_)
[2019.01.14 16:21:02 / lib_ea.mqh:329]
detect_DownDown_Buy() ==> true (datetime = 2019.01.14 09:20)
[2019.01.14 16:21:02 / ea_44_5.3_2_down-down-buy.mq4:138]detect_DownDown_Buy() => true) (period = 1 / symbol = EURJPY_)
[2019.01.14 16:21:02 / lib_ea.mqh:374][lib_ea.mqh:361] Level_TakeProfit => 124.088 / Level_StopLoss => 123.788
Point = 0.001
Bid = 123.888
[2019.01.14 16:22:00 / ea_44_5.3_2_down-down-buy.mq4:116]new bar (tick = 14224) (period = 1 / symbol = EURJPY_)
[2019.01.14 16:22:00 / lib_ea.mqh:234]
diff_Latest >= 0 (0.00200000000000955) (2019.01.14 09:21)
[2019.01.14 16:22:00 / ea_44_5.3_2_down-down-buy.mq4:138]detect_DownDown_Buy() => false) (period = 1 / symbol = EURJPY_)
[2019.01.14 16:22:59 / ea_44_5.3_2_down-down-buy.mq4:116]new bar (tick = 14525) (period = 1 / symbol = EURJPY_)
[2019.01.14 16:22:59 / lib_ea.mqh:234]
diff_Latest >= 0 (0.02000000000001023) (2019.01.14 09:22)
[2019.01.14 16:22:59 / ea_44_5.3_2_down-down-buy.mq4:138]detect_DownDown_Buy() => false) (period = 1 / symbol = EURJPY_)
[2019.01.14 16:23:59 / ea_44_5.3_2_down-down-buy.mq4:116]new bar (tick = 14751) (period = 1 / symbol = EURJPY_)
[2019.01.14 16:23:59 / lib_ea.mqh:234]
diff_Latest >= 0 (0.009000000000000341) (2019.01.14 09:23)
[2019.01.14 16:23:59 / ea_44_5.3_2_down-down-buy.mq4:138]detect_DownDown_Buy() => false) (period = 1 / symbol = EURJPY_)
