[2019.01.17 12:39:05 / ea_44_5.3_2_down-down-buy.mq4:295]
Level_TakeProfit => 124.191 / Level_StopLoss => 124.091
Point = 0.001
Bid = 124.121
MyPoint * 10 * _TheTakeProfit = 0.07000000000000001
MyPoint * 10 * _TheStopLoss = 0.03
_TheTakeProfit = 7
_TheStopLoss = 3
[2019.01.17 12:40:01 / ea_44_5.3_2_down-down-buy.mq4:122]
new bar (tick = 27) (period = 1 / symbol = EURJPY_)
[2019.01.17 12:40:01 / lib_ea.mqh:310]
diff_SecondLatest >= 0 (diff = 0)(2019.01.17 05:38)
[2019.01.17 12:40:01 / ea_44_5.3_2_down-down-buy.mq4:144]
detect_DownDown_Buy() => false) (period = 1 / symbol = EURJPY_)
[2019.01.17 12:41:05 / ea_44_5.3_2_down-down-buy.mq4:122]
new bar (tick = 77) (period = 1 / symbol = EURJPY_)
[2019.01.17 12:41:05 / lib_ea.mqh:329]
detect_DownDown_Buy() ==> true (datetime = 2019.01.17 05:40)
[2019.01.17 12:41:05 / ea_44_5.3_2_down-down-buy.mq4:144]
detect_DownDown_Buy() => true) (period = 1 / symbol = EURJPY_)
[2019.01.17 12:41:05 / lib_ea.mqh:393][lib_ea.mqh:370] Level_TakeProfit => 124.183 / Level_StopLoss => 124.083
Point = 0.001
Bid = 124.113
MyPoint * 10 * _TheTakeProfit = 0.07000000000000001
MyPoint * 10 * _TheStopLoss = 0.03
_TheTakeProfit = 7
_TheStopLoss = 3
[2019.01.17 12:41:05 / lib_ea.mqh:421]
-------------------------------- [new order : buy_DownDown_Buy]
order id = 4482474)
[2019.01.17 12:42:02 / ea_44_5.3_2_down-down-buy.mq4:122]
new bar (tick = 139) (period = 1 / symbol = EURJPY_)
[2019.01.17 12:42:02 / lib_ea.mqh:234]
diff_Latest >= 0 (0.004999999999995453) (2019.01.17 05:41)
[2019.01.17 12:42:02 / ea_44_5.3_2_down-down-buy.mq4:144]
detect_DownDown_Buy() => false) (period = 1 / symbol = EURJPY_)
[2019.01.17 12:43:03 / ea_44_5.3_2_down-down-buy.mq4:122]
new bar (tick = 195) (period = 1 / symbol = EURJPY_)
[2019.01.17 12:43:03 / lib_ea.mqh:234]
diff_Latest >= 0 (0.003000000000000114) (2019.01.17 05:42)
[2019.01.17 12:43:03 / ea_44_5.3_2_down-down-buy.mq4:144]
detect_DownDown_Buy() => false) (period = 1 / symbol = EURJPY_)
[2019.01.17 12:44:03 / ea_44_5.3_2_down-down-buy.mq4:122]
new bar (tick = 276) (period = 1 / symbol = EURJPY_)
[2019.01.17 12:44:03 / lib_ea.mqh:234]
diff_Latest >= 0 (0.01200000000000045) (2019.01.17 05:43)
[2019.01.17 12:44:03 / ea_44_5.3_2_down-down-buy.mq4:144]
detect_DownDown_Buy() => false) (period = 1 / symbol = EURJPY_)
[2019.01.17 12:45:01 / ea_44_5.3_2_down-down-buy.mq4:122]
new bar (tick = 318) (period = 1 / symbol = EURJPY_)
[2019.01.17 12:45:01 / lib_ea.mqh:234]
diff_Latest >= 0 (0) (2019.01.17 05:44)
[2019.01.17 12:45:01 / ea_44_5.3_2_down-down-buy.mq4:144]
detect_DownDown_Buy() => false) (period = 1 / symbol = EURJPY_)
[2019.01.17 12:46:01 / ea_44_5.3_2_down-down-buy.mq4:122]
new bar (tick = 438) (period = 1 / symbol = EURJPY_)
[2019.01.17 12:46:01 / lib_ea.mqh:274]
price_Close_Latest >= ibands_1S_Plus (close = 124.125) (BB.-1 = 124.1224065874831) (2019.01.17 05:45)
[2019.01.17 12:46:01 / ea_44_5.3_2_down-down-buy.mq4:144]
detect_DownDown_Buy() => false) (period = 1 / symbol = EURJPY_)
[2019.01.17 12:47:01 / ea_44_5.3_2_down-down-buy.mq4:122]
new bar (tick = 526) (period = 1 / symbol = EURJPY_)
[2019.01.17 12:47:01 / lib_ea.mqh:329]
detect_DownDown_Buy() ==> true (datetime = 2019.01.17 05:46)
[2019.01.17 12:47:01 / ea_44_5.3_2_down-down-buy.mq4:144]
detect_DownDown_Buy() => true) (period = 1 / symbol = EURJPY_)
[2019.01.17 12:47:01 / lib_ea.mqh:393][lib_ea.mqh:370] Level_TakeProfit => 124.181 / Level_StopLoss => 124.081
Point = 0.001
Bid = 124.111
MyPoint * 10 * _TheTakeProfit = 0.07000000000000001
MyPoint * 10 * _TheStopLoss = 0.03
_TheTakeProfit = 7
_TheStopLoss = 3
[2019.01.17 12:47:01 / lib_ea.mqh:421]
-------------------------------- [new order : buy_DownDown_Buy]
order id = 4482492)
[2019.01.17 12:48:02 / ea_44_5.3_2_down-down-buy.mq4:122]
new bar (tick = 651) (period = 1 / symbol = EURJPY_)
[2019.01.17 12:48:02 / lib_ea.mqh:234]
diff_Latest >= 0 (0.007000000000005002) (2019.01.17 05:47)
[2019.01.17 12:48:02 / ea_44_5.3_2_down-down-buy.mq4:144]
detect_DownDown_Buy() => false) (period = 1 / symbol = EURJPY_)
[2019.01.17 12:49:02 / ea_44_5.3_2_down-down-buy.mq4:122]
new bar (tick = 692) (period = 1 / symbol = EURJPY_)
[2019.01.17 12:49:02 / lib_ea.mqh:310]
diff_SecondLatest >= 0 (diff = 0.007000000000005002)(2019.01.17 05:47)
[2019.01.17 12:49:02 / ea_44_5.3_2_down-down-buy.mq4:144]
detect_DownDown_Buy() => false) (period = 1 / symbol = EURJPY_)
[2019.01.17 12:50:02 / ea_44_5.3_2_down-down-buy.mq4:122]
new bar (tick = 734) (period = 1 / symbol = EURJPY_)
[2019.01.17 12:50:02 / lib_ea.mqh:234]
diff_Latest >= 0 (0.006000000000000227) (2019.01.17 05:49)
[2019.01.17 12:50:02 / ea_44_5.3_2_down-down-buy.mq4:144]
detect_DownDown_Buy() => false) (period = 1 / symbol = EURJPY_)
[2019.01.17 12:51:06 / ea_44_5.3_2_down-down-buy.mq4:122]
new bar (tick = 815) (period = 1 / symbol = EURJPY_)
[2019.01.17 12:51:06 / lib_ea.mqh:234]
diff_Latest >= 0 (0) (2019.01.17 05:50)
[2019.01.17 12:51:06 / ea_44_5.3_2_down-down-buy.mq4:144]
detect_DownDown_Buy() => false) (period = 1 / symbol = EURJPY_)
[2019.01.17 12:52:02 / ea_44_5.3_2_down-down-buy.mq4:122]
new bar (tick = 857) (period = 1 / symbol = EURJPY_)
[2019.01.17 12:52:02 / lib_ea.mqh:310]
diff_SecondLatest >= 0 (diff = 0)(2019.01.17 05:50)
[2019.01.17 12:52:02 / ea_44_5.3_2_down-down-buy.mq4:144]
detect_DownDown_Buy() => false) (period = 1 / symbol = EURJPY_)
[2019.01.17 12:53:02 / ea_44_5.3_2_down-down-buy.mq4:122]
new bar (tick = 901) (period = 1 / symbol = EURJPY_)
[2019.01.17 12:53:02 / lib_ea.mqh:329]
detect_DownDown_Buy() ==> true (datetime = 2019.01.17 05:52)
[2019.01.17 12:53:02 / ea_44_5.3_2_down-down-buy.mq4:144]
detect_DownDown_Buy() => true) (period = 1 / symbol = EURJPY_)
[2019.01.17 12:53:02 / lib_ea.mqh:393][lib_ea.mqh:370] Level_TakeProfit => 124.173 / Level_StopLoss => 124.073
Point = 0.001
Bid = 124.103
MyPoint * 10 * _TheTakeProfit = 0.07000000000000001
MyPoint * 10 * _TheStopLoss = 0.03
_TheTakeProfit = 7
_TheStopLoss = 3
[2019.01.17 12:53:02 / lib_ea.mqh:421]
-------------------------------- [new order : buy_DownDown_Buy]
order id = 4482507)
[2019.01.17 12:54:01 / ea_44_5.3_2_down-down-buy.mq4:122]
new bar (tick = 934) (period = 1 / symbol = EURJPY_)
[2019.01.17 12:54:01 / lib_ea.mqh:234]
diff_Latest >= 0 (0.01000000000000512) (2019.01.17 05:53)
[2019.01.17 12:54:01 / ea_44_5.3_2_down-down-buy.mq4:144]
detect_DownDown_Buy() => false) (period = 1 / symbol = EURJPY_)
[2019.01.17 12:55:01 / ea_44_5.3_2_down-down-buy.mq4:122]
new bar (tick = 1019) (period = 1 / symbol = EURJPY_)
[2019.01.17 12:55:01 / lib_ea.mqh:274]
price_Close_Latest >= ibands_1S_Plus (close = 124.112) (BB.-1 = 124.1116147174658) (2019.01.17 05:54)
[2019.01.17 12:55:01 / ea_44_5.3_2_down-down-buy.mq4:144]
detect_DownDown_Buy() => false) (period = 1 / symbol = EURJPY_)
[2019.01.17 12:56:08 / ea_44_5.3_2_down-down-buy.mq4:122]
new bar (tick = 1074) (period = 1 / symbol = EURJPY_)
[2019.01.17 12:56:08 / lib_ea.mqh:234]
diff_Latest >= 0 (0.007999999999995566) (2019.01.17 05:55)
[2019.01.17 12:56:08 / ea_44_5.3_2_down-down-buy.mq4:144]
detect_DownDown_Buy() => false) (period = 1 / symbol = EURJPY_)
