[2019.01.25 11:08:29 / ea_44_5.3_2_down-down-buy.mq4:335]
Level_TakeProfit => 124.186 / Level_StopLoss => 124.086
Point = 0.001
Bid = 124.116
MyPoint * 10 * _TheTakeProfit = 0.07000000000000001
MyPoint * 10 * _TheStopLoss = 0.03
_TheTakeProfit = 7
_TheStopLoss = 3
[2019.01.25 11:09:03 / ea_44_5.3_2_down-down-buy.mq4:125]
new bar (tick = 72) (period = 1 / symbol = EURJPY_)
[2019.01.25 11:09:03 / lib_ea.mqh:86]
diff_Latest >= 0 (0.003000000000000114) (2019.01.25 04:08)
[2019.01.25 11:09:03 / ea_44_5.3_2_down-down-buy.mq4:147]
detect_DownDown_Buy() => false) (period = 1 / symbol = EURJPY_)
[2019.01.25 11:10:04 / ea_44_5.3_2_down-down-buy.mq4:125]
new bar (tick = 213) (period = 1 / symbol = EURJPY_)
[2019.01.25 11:10:04 / lib_ea.mqh:126]
price_Close_Latest >= ibands_1S_Plus (close = 124.123) (BB.-1 = 124.103361123428) (2019.01.25 04:09)
[2019.01.25 11:10:04 / ea_44_5.3_2_down-down-buy.mq4:147]
detect_DownDown_Buy() => false) (period = 1 / symbol = EURJPY_)
[2019.01.25 11:11:04 / ea_44_5.3_2_down-down-buy.mq4:125]
new bar (tick = 323) (period = 1 / symbol = EURJPY_)
[2019.01.25 11:11:04 / lib_ea.mqh:86]
diff_Latest >= 0 (0.003000000000000114) (2019.01.25 04:10)
[2019.01.25 11:11:04 / ea_44_5.3_2_down-down-buy.mq4:147]
detect_DownDown_Buy() => false) (period = 1 / symbol = EURJPY_)
[2019.01.25 11:12:04 / ea_44_5.3_2_down-down-buy.mq4:125]
new bar (tick = 472) (period = 1 / symbol = EURJPY_)
[2019.01.25 11:12:04 / lib_ea.mqh:86]
diff_Latest >= 0 (0.01599999999999113) (2019.01.25 04:11)
[2019.01.25 11:12:04 / ea_44_5.3_2_down-down-buy.mq4:147]
detect_DownDown_Buy() => false) (period = 1 / symbol = EURJPY_)
[2019.01.25 11:13:04 / ea_44_5.3_2_down-down-buy.mq4:125]
new bar (tick = 704) (period = 1 / symbol = EURJPY_)
[2019.01.25 11:13:04 / lib_ea.mqh:86]
diff_Latest >= 0 (0.01100000000000989) (2019.01.25 04:12)
[2019.01.25 11:13:04 / ea_44_5.3_2_down-down-buy.mq4:147]
detect_DownDown_Buy() => false) (period = 1 / symbol = EURJPY_)
[2019.01.25 11:14:04 / ea_44_5.3_2_down-down-buy.mq4:125]
new bar (tick = 882) (period = 1 / symbol = EURJPY_)
[2019.01.25 11:14:04 / lib_ea.mqh:126]
price_Close_Latest >= ibands_1S_Plus (close = 124.127) (BB.-1 = 124.1030725742491) (2019.01.25 04:13)
[2019.01.25 11:14:04 / ea_44_5.3_2_down-down-buy.mq4:147]
detect_DownDown_Buy() => false) (period = 1 / symbol = EURJPY_)
[2019.01.25 11:15:03 / ea_44_5.3_2_down-down-buy.mq4:125]
new bar (tick = 1005) (period = 1 / symbol = EURJPY_)
[2019.01.25 11:15:03 / lib_ea.mqh:86]
diff_Latest >= 0 (0.01500000000000057) (2019.01.25 04:14)
[2019.01.25 11:15:03 / ea_44_5.3_2_down-down-buy.mq4:147]
detect_DownDown_Buy() => false) (period = 1 / symbol = EURJPY_)
[2019.01.25 11:16:03 / ea_44_5.3_2_down-down-buy.mq4:125]
new bar (tick = 1097) (period = 1 / symbol = EURJPY_)
[2019.01.25 11:16:03 / lib_ea.mqh:126]
price_Close_Latest >= ibands_1S_Plus (close = 124.136) (BB.-1 = 124.103228072808) (2019.01.25 04:15)
[2019.01.25 11:16:03 / ea_44_5.3_2_down-down-buy.mq4:147]
detect_DownDown_Buy() => false) (period = 1 / symbol = EURJPY_)
[2019.01.25 11:17:04 / ea_44_5.3_2_down-down-buy.mq4:125]
new bar (tick = 1170) (period = 1 / symbol = EURJPY_)
[2019.01.25 11:17:04 / lib_ea.mqh:126]
price_Close_Latest >= ibands_1S_Plus (close = 124.135) (BB.-1 = 124.1036369063307) (2019.01.25 04:16)
[2019.01.25 11:17:04 / ea_44_5.3_2_down-down-buy.mq4:147]
detect_DownDown_Buy() => false) (period = 1 / symbol = EURJPY_)
[2019.01.25 11:18:04 / ea_44_5.3_2_down-down-buy.mq4:125]
new bar (tick = 1204) (period = 1 / symbol = EURJPY_)
[2019.01.25 11:18:04 / lib_ea.mqh:86]
diff_Latest >= 0 (0.004999999999995453) (2019.01.25 04:17)
[2019.01.25 11:18:04 / ea_44_5.3_2_down-down-buy.mq4:147]
detect_DownDown_Buy() => false) (period = 1 / symbol = EURJPY_)
[2019.01.25 11:19:03 / ea_44_5.3_2_down-down-buy.mq4:125]
new bar (tick = 1299) (period = 1 / symbol = EURJPY_)
[2019.01.25 11:19:03 / lib_ea.mqh:126]
price_Close_Latest >= ibands_1S_Plus (close = 124.132) (BB.-1 = 124.1069063648646) (2019.01.25 04:18)
[2019.01.25 11:19:03 / ea_44_5.3_2_down-down-buy.mq4:147]
detect_DownDown_Buy() => false) (period = 1 / symbol = EURJPY_)
[2019.01.25 11:20:04 / ea_44_5.3_2_down-down-buy.mq4:125]
new bar (tick = 1398) (period = 1 / symbol = EURJPY_)
[2019.01.25 11:20:04 / lib_ea.mqh:86]
diff_Latest >= 0 (0.007000000000005002) (2019.01.25 04:19)
[2019.01.25 11:20:04 / ea_44_5.3_2_down-down-buy.mq4:147]
detect_DownDown_Buy() => false) (period = 1 / symbol = EURJPY_)
[2019.01.25 11:21:04 / ea_44_5.3_2_down-down-buy.mq4:125]
new bar (tick = 1474) (period = 1 / symbol = EURJPY_)
[2019.01.25 11:21:04 / lib_ea.mqh:86]
diff_Latest >= 0 (0.003000000000000114) (2019.01.25 04:20)
[2019.01.25 11:21:04 / ea_44_5.3_2_down-down-buy.mq4:147]
detect_DownDown_Buy() => false) (period = 1 / symbol = EURJPY_)
[2019.01.25 11:22:04 / ea_44_5.3_2_down-down-buy.mq4:125]
new bar (tick = 1548) (period = 1 / symbol = EURJPY_)
[2019.01.25 11:22:04 / lib_ea.mqh:86]
diff_Latest >= 0 (0.001000000000004775) (2019.01.25 04:21)
[2019.01.25 11:22:04 / ea_44_5.3_2_down-down-buy.mq4:147]
detect_DownDown_Buy() => false) (period = 1 / symbol = EURJPY_)
