[2019.01.22 10:59:55 / ea_44_5.3_2_down-down-buy.mq4:300]
Level_TakeProfit => 124.706 / Level_StopLoss => 124.606
Point = 0.001
Bid = 124.636
MyPoint * 10 * _TheTakeProfit = 0.07000000000000001
MyPoint * 10 * _TheStopLoss = 0.03
_TheTakeProfit = 7
_TheStopLoss = 3
[2019.01.22 11:00:01 / ea_44_5.3_2_down-down-buy.mq4:122]
new bar (tick = 27) (period = 1 / symbol = EURJPY_)
[2019.01.22 11:00:01 / lib_ea.mqh:234]
diff_Latest >= 0 (0.02200000000000557) (2019.01.22 03:59)
[2019.01.22 11:00:01 / ea_44_5.3_2_down-down-buy.mq4:144]
detect_DownDown_Buy() => false) (period = 1 / symbol = EURJPY_)
[2019.01.22 11:01:01 / ea_44_5.3_2_down-down-buy.mq4:122]
new bar (tick = 340) (period = 1 / symbol = EURJPY_)
[2019.01.22 11:01:01 / lib_ea.mqh:274]
price_Close_Latest >= ibands_1S_Plus (close = 124.638) (BB.-1 = 124.6295747734781) (2019.01.22 04:00)
[2019.01.22 11:01:01 / ea_44_5.3_2_down-down-buy.mq4:144]
detect_DownDown_Buy() => false) (period = 1 / symbol = EURJPY_)
[2019.01.22 11:02:03 / ea_44_5.3_2_down-down-buy.mq4:122]
new bar (tick = 492) (period = 1 / symbol = EURJPY_)
[2019.01.22 11:02:03 / lib_ea.mqh:234]
diff_Latest >= 0 (0.01899999999999125) (2019.01.22 04:01)
[2019.01.22 11:02:03 / ea_44_5.3_2_down-down-buy.mq4:144]
detect_DownDown_Buy() => false) (period = 1 / symbol = EURJPY_)
[2019.01.22 11:03:02 / ea_44_5.3_2_down-down-buy.mq4:122]
new bar (tick = 568) (period = 1 / symbol = EURJPY_)
[2019.01.22 11:03:02 / lib_ea.mqh:274]
price_Close_Latest >= ibands_1S_Plus (close = 124.648) (BB.-1 = 124.6361711088721) (2019.01.22 04:02)
[2019.01.22 11:03:02 / ea_44_5.3_2_down-down-buy.mq4:144]
detect_DownDown_Buy() => false) (period = 1 / symbol = EURJPY_)
[2019.01.22 11:04:02 / ea_44_5.3_2_down-down-buy.mq4:122]
new bar (tick = 691) (period = 1 / symbol = EURJPY_)
[2019.01.22 11:04:02 / lib_ea.mqh:234]
diff_Latest >= 0 (0.004000000000004889) (2019.01.22 04:03)
[2019.01.22 11:04:02 / ea_44_5.3_2_down-down-buy.mq4:144]
detect_DownDown_Buy() => false) (period = 1 / symbol = EURJPY_)
[2019.01.22 11:05:02 / ea_44_5.3_2_down-down-buy.mq4:122]
new bar (tick = 810) (period = 1 / symbol = EURJPY_)
[2019.01.22 11:05:02 / lib_ea.mqh:274]
price_Close_Latest >= ibands_1S_Plus (close = 124.648) (BB.-1 = 124.6378094866381) (2019.01.22 04:04)
[2019.01.22 11:05:02 / ea_44_5.3_2_down-down-buy.mq4:144]
detect_DownDown_Buy() => false) (period = 1 / symbol = EURJPY_)
[2019.01.22 11:06:02 / ea_44_5.3_2_down-down-buy.mq4:122]
new bar (tick = 926) (period = 1 / symbol = EURJPY_)
[2019.01.22 11:06:02 / lib_ea.mqh:234]
diff_Latest >= 0 (0) (2019.01.22 04:05)
[2019.01.22 11:06:02 / ea_44_5.3_2_down-down-buy.mq4:144]
detect_DownDown_Buy() => false) (period = 1 / symbol = EURJPY_)
[2019.01.22 11:07:04 / ea_44_5.3_2_down-down-buy.mq4:122]
new bar (tick = 1043) (period = 1 / symbol = EURJPY_)
[2019.01.22 11:07:04 / lib_ea.mqh:234]
diff_Latest >= 0 (0.001000000000004775) (2019.01.22 04:06)
[2019.01.22 11:07:04 / ea_44_5.3_2_down-down-buy.mq4:144]
detect_DownDown_Buy() => false) (period = 1 / symbol = EURJPY_)
[2019.01.22 11:08:02 / ea_44_5.3_2_down-down-buy.mq4:122]
new bar (tick = 1178) (period = 1 / symbol = EURJPY_)
[2019.01.22 11:08:02 / lib_ea.mqh:274]
price_Close_Latest >= ibands_1S_Plus (close = 124.645) (BB.-1 = 124.6377217525225) (2019.01.22 04:07)
[2019.01.22 11:08:02 / ea_44_5.3_2_down-down-buy.mq4:144]
detect_DownDown_Buy() => false) (period = 1 / symbol = EURJPY_)
[2019.01.22 11:09:02 / ea_44_5.3_2_down-down-buy.mq4:122]
new bar (tick = 1260) (period = 1 / symbol = EURJPY_)
[2019.01.22 11:09:02 / lib_ea.mqh:329]
detect_DownDown_Buy() ==> true (datetime = 2019.01.22 04:08)
[2019.01.22 11:09:02 / ea_44_5.3_2_down-down-buy.mq4:144]
detect_DownDown_Buy() => true) (period = 1 / symbol = EURJPY_)
[2019.01.22 11:09:02 / lib_ea.mqh:393][lib_ea.mqh:370] Level_TakeProfit => 124.697 / Level_StopLoss => 124.597
Point = 0.001
Bid = 124.627
MyPoint * 10 * _TheTakeProfit = 0.07000000000000001
MyPoint * 10 * _TheStopLoss = 0.03
_TheTakeProfit = 7
_TheStopLoss = 3
[2019.01.22 11:09:02 / lib_ea.mqh:421]
-------------------------------- [new order : buy_DownDown_Buy]
order id = 5205718
[2019.01.22 11:09:02 / lib_ea.mqh:520][lib_ea.mqh:497] Level_TakeProfit => 124.57 / Level_StopLoss => 124.67
Point = 0.001
Bid = 124.64
MyPoint * 10 * _TheTakeProfit = 0.07000000000000001
MyPoint * 10 * _TheStopLoss = 0.03
_TheTakeProfit = 7
_TheStopLoss = 3
[2019.01.22 11:09:02 / lib_ea.mqh:548]
-------------------------------- [new order : buy_DownDown_Sell]
order id = 5205720
[2019.01.22 11:10:02 / ea_44_5.3_2_down-down-buy.mq4:122]
new bar (tick = 1334) (period = 1 / symbol = EURJPY_)
[2019.01.22 11:10:02 / lib_ea.mqh:329]
detect_DownDown_Buy() ==> true (datetime = 2019.01.22 04:09)
[2019.01.22 11:10:02 / ea_44_5.3_2_down-down-buy.mq4:144]
detect_DownDown_Buy() => true) (period = 1 / symbol = EURJPY_)
[2019.01.22 11:10:02 / lib_ea.mqh:393][lib_ea.mqh:370] Level_TakeProfit => 124.681 / Level_StopLoss => 124.581
Point = 0.001
Bid = 124.611
MyPoint * 10 * _TheTakeProfit = 0.07000000000000001
MyPoint * 10 * _TheStopLoss = 0.03
_TheTakeProfit = 7
_TheStopLoss = 3
[2019.01.22 11:10:02 / lib_ea.mqh:421]
-------------------------------- [new order : buy_DownDown_Buy]
order id = 5205723
[2019.01.22 11:10:02 / lib_ea.mqh:520][lib_ea.mqh:497] Level_TakeProfit => 124.554 / Level_StopLoss => 124.654
Point = 0.001
Bid = 124.624
MyPoint * 10 * _TheTakeProfit = 0.07000000000000001
MyPoint * 10 * _TheStopLoss = 0.03
_TheTakeProfit = 7
_TheStopLoss = 3
[2019.01.22 11:10:02 / lib_ea.mqh:548]
-------------------------------- [new order : buy_DownDown_Sell]
order id = 5205725
[2019.01.22 11:11:01 / ea_44_5.3_2_down-down-buy.mq4:122]
new bar (tick = 1510) (period = 1 / symbol = EURJPY_)
[2019.01.22 11:11:01 / lib_ea.mqh:234]
diff_Latest >= 0 (0.006000000000000227) (2019.01.22 04:10)
[2019.01.22 11:11:01 / ea_44_5.3_2_down-down-buy.mq4:144]
detect_DownDown_Buy() => false) (period = 1 / symbol = EURJPY_)
[2019.01.22 11:12:01 / ea_44_5.3_2_down-down-buy.mq4:122]
new bar (tick = 1648) (period = 1 / symbol = EURJPY_)
[2019.01.22 11:12:01 / lib_ea.mqh:310]
diff_SecondLatest >= 0 (diff = 0.006000000000000227)(2019.01.22 04:10)
[2019.01.22 11:12:01 / ea_44_5.3_2_down-down-buy.mq4:144]
detect_DownDown_Buy() => false) (period = 1 / symbol = EURJPY_)
[2019.01.22 11:13:02 / ea_44_5.3_2_down-down-buy.mq4:122]
new bar (tick = 1762) (period = 1 / symbol = EURJPY_)
[2019.01.22 11:13:02 / lib_ea.mqh:234]
diff_Latest >= 0 (0.004000000000004889) (2019.01.22 04:12)
[2019.01.22 11:13:02 / ea_44_5.3_2_down-down-buy.mq4:144]
detect_DownDown_Buy() => false) (period = 1 / symbol = EURJPY_)
[2019.01.22 11:14:02 / ea_44_5.3_2_down-down-buy.mq4:122]
new bar (tick = 1867) (period = 1 / symbol = EURJPY_)
[2019.01.22 11:14:02 / lib_ea.mqh:234]
diff_Latest >= 0 (0.00200000000000955) (2019.01.22 04:13)
[2019.01.22 11:14:02 / ea_44_5.3_2_down-down-buy.mq4:144]
detect_DownDown_Buy() => false) (period = 1 / symbol = EURJPY_)
[2019.01.22 11:15:01 / ea_44_5.3_2_down-down-buy.mq4:122]
new bar (tick = 2015) (period = 1 / symbol = EURJPY_)
[2019.01.22 11:15:01 / lib_ea.mqh:234]
diff_Latest >= 0 (0.003000000000000114) (2019.01.22 04:14)
[2019.01.22 11:15:01 / ea_44_5.3_2_down-down-buy.mq4:144]
detect_DownDown_Buy() => false) (period = 1 / symbol = EURJPY_)
[2019.01.22 11:16:02 / ea_44_5.3_2_down-down-buy.mq4:122]
new bar (tick = 2199) (period = 1 / symbol = EURJPY_)
[2019.01.22 11:16:02 / lib_ea.mqh:234]
diff_Latest >= 0 (0.000999999999990564) (2019.01.22 04:15)
[2019.01.22 11:16:02 / ea_44_5.3_2_down-down-buy.mq4:144]
detect_DownDown_Buy() => false) (period = 1 / symbol = EURJPY_)
[2019.01.22 11:17:01 / ea_44_5.3_2_down-down-buy.mq4:122]
new bar (tick = 2263) (period = 1 / symbol = EURJPY_)
[2019.01.22 11:17:01 / lib_ea.mqh:310]
diff_SecondLatest >= 0 (diff = 0.000999999999990564)(2019.01.22 04:15)
[2019.01.22 11:17:01 / ea_44_5.3_2_down-down-buy.mq4:144]
detect_DownDown_Buy() => false) (period = 1 / symbol = EURJPY_)
[2019.01.22 11:18:02 / ea_44_5.3_2_down-down-buy.mq4:122]
new bar (tick = 2346) (period = 1 / symbol = EURJPY_)
[2019.01.22 11:18:02 / lib_ea.mqh:329]
detect_DownDown_Buy() ==> true (datetime = 2019.01.22 04:17)
[2019.01.22 11:18:02 / ea_44_5.3_2_down-down-buy.mq4:144]
detect_DownDown_Buy() => true) (period = 1 / symbol = EURJPY_)
[2019.01.22 11:18:02 / lib_ea.mqh:393][lib_ea.mqh:370] Level_TakeProfit => 124.67 / Level_StopLoss => 124.57
Point = 0.001
Bid = 124.6
MyPoint * 10 * _TheTakeProfit = 0.07000000000000001
MyPoint * 10 * _TheStopLoss = 0.03
_TheTakeProfit = 7
_TheStopLoss = 3
[2019.01.22 11:18:02 / lib_ea.mqh:421]
-------------------------------- [new order : buy_DownDown_Buy]
order id = 5205738
[2019.01.22 11:18:02 / lib_ea.mqh:520][lib_ea.mqh:497] Level_TakeProfit => 124.543 / Level_StopLoss => 124.643
Point = 0.001
Bid = 124.613
MyPoint * 10 * _TheTakeProfit = 0.07000000000000001
MyPoint * 10 * _TheStopLoss = 0.03
_TheTakeProfit = 7
_TheStopLoss = 3
[2019.01.22 11:18:02 / lib_ea.mqh:548]
-------------------------------- [new order : buy_DownDown_Sell]
order id = 5205740
[2019.01.22 11:19:04 / ea_44_5.3_2_down-down-buy.mq4:122]
new bar (tick = 2467) (period = 1 / symbol = EURJPY_)
[2019.01.22 11:19:04 / lib_ea.mqh:234]
diff_Latest >= 0 (0.007000000000005002) (2019.01.22 04:18)
[2019.01.22 11:19:04 / ea_44_5.3_2_down-down-buy.mq4:144]
detect_DownDown_Buy() => false) (period = 1 / symbol = EURJPY_)
[2019.01.22 11:20:04 / ea_44_5.3_2_down-down-buy.mq4:122]
new bar (tick = 2565) (period = 1 / symbol = EURJPY_)
[2019.01.22 11:20:04 / lib_ea.mqh:234]
diff_Latest >= 0 (0.006000000000000227) (2019.01.22 04:19)
[2019.01.22 11:20:04 / ea_44_5.3_2_down-down-buy.mq4:144]
detect_DownDown_Buy() => false) (period = 1 / symbol = EURJPY_)
[2019.01.22 11:21:01 / ea_44_5.3_2_down-down-buy.mq4:122]
new bar (tick = 2631) (period = 1 / symbol = EURJPY_)
[2019.01.22 11:21:01 / lib_ea.mqh:274]
price_Close_Latest >= ibands_1S_Plus (close = 124.613) (BB.-1 = 124.608316396357) (2019.01.22 04:20)
[2019.01.22 11:21:01 / ea_44_5.3_2_down-down-buy.mq4:144]
detect_DownDown_Buy() => false) (period = 1 / symbol = EURJPY_)
[2019.01.22 11:22:01 / ea_44_5.3_2_down-down-buy.mq4:122]
new bar (tick = 2737) (period = 1 / symbol = EURJPY_)
[2019.01.22 11:22:01 / lib_ea.mqh:274]
price_Close_Latest >= ibands_1S_Plus (close = 124.612) (BB.-1 = 124.6072736028901) (2019.01.22 04:21)
[2019.01.22 11:22:01 / ea_44_5.3_2_down-down-buy.mq4:144]
detect_DownDown_Buy() => false) (period = 1 / symbol = EURJPY_)
[2019.01.22 11:23:02 / ea_44_5.3_2_down-down-buy.mq4:122]
new bar (tick = 2802) (period = 1 / symbol = EURJPY_)
[2019.01.22 11:23:02 / lib_ea.mqh:274]
price_Close_Latest >= ibands_1S_Plus (close = 124.606) (BB.-1 = 124.6056820099582) (2019.01.22 04:22)
[2019.01.22 11:23:02 / ea_44_5.3_2_down-down-buy.mq4:144]
detect_DownDown_Buy() => false) (period = 1 / symbol = EURJPY_)
[2019.01.22 11:24:03 / ea_44_5.3_2_down-down-buy.mq4:122]
new bar (tick = 2917) (period = 1 / symbol = EURJPY_)
[2019.01.22 11:24:03 / lib_ea.mqh:234]
diff_Latest >= 0 (0.01500000000000057) (2019.01.22 04:23)
[2019.01.22 11:24:03 / ea_44_5.3_2_down-down-buy.mq4:144]
detect_DownDown_Buy() => false) (period = 1 / symbol = EURJPY_)
[2019.01.22 11:25:03 / ea_44_5.3_2_down-down-buy.mq4:122]
new bar (tick = 3159) (period = 1 / symbol = EURJPY_)
[2019.01.22 11:25:03 / lib_ea.mqh:274]
price_Close_Latest >= ibands_1S_Plus (close = 124.606) (BB.-1 = 124.6048027475296) (2019.01.22 04:24)
[2019.01.22 11:25:03 / ea_44_5.3_2_down-down-buy.mq4:144]
detect_DownDown_Buy() => false) (period = 1 / symbol = EURJPY_)
[2019.01.22 11:26:02 / ea_44_5.3_2_down-down-buy.mq4:122]
new bar (tick = 3316) (period = 1 / symbol = EURJPY_)
[2019.01.22 11:26:02 / lib_ea.mqh:234]
diff_Latest >= 0 (0.01600000000000534) (2019.01.22 04:25)
[2019.01.22 11:26:02 / ea_44_5.3_2_down-down-buy.mq4:144]
detect_DownDown_Buy() => false) (period = 1 / symbol = EURJPY_)
[2019.01.22 11:27:02 / ea_44_5.3_2_down-down-buy.mq4:122]
new bar (tick = 3427) (period = 1 / symbol = EURJPY_)
[2019.01.22 11:27:02 / lib_ea.mqh:234]
diff_Latest >= 0 (0.007000000000005002) (2019.01.22 04:26)
[2019.01.22 11:27:02 / ea_44_5.3_2_down-down-buy.mq4:144]
detect_DownDown_Buy() => false) (period = 1 / symbol = EURJPY_)
[2019.01.22 11:28:02 / ea_44_5.3_2_down-down-buy.mq4:122]
new bar (tick = 3584) (period = 1 / symbol = EURJPY_)
[2019.01.22 11:28:02 / lib_ea.mqh:274]
price_Close_Latest >= ibands_1S_Plus (close = 124.613) (BB.-1 = 124.6072597668079) (2019.01.22 04:27)
[2019.01.22 11:28:02 / ea_44_5.3_2_down-down-buy.mq4:144]
detect_DownDown_Buy() => false) (period = 1 / symbol = EURJPY_)
[2019.01.22 11:29:01 / ea_44_5.3_2_down-down-buy.mq4:122]
new bar (tick = 3746) (period = 1 / symbol = EURJPY_)
[2019.01.22 11:29:01 / lib_ea.mqh:274]
price_Close_Latest >= ibands_1S_Plus (close = 124.611) (BB.-1 = 124.6072852174821) (2019.01.22 04:28)
[2019.01.22 11:29:01 / ea_44_5.3_2_down-down-buy.mq4:144]
detect_DownDown_Buy() => false) (period = 1 / symbol = EURJPY_)
[2019.01.22 11:30:02 / ea_44_5.3_2_down-down-buy.mq4:122]
new bar (tick = 3857) (period = 1 / symbol = EURJPY_)
[2019.01.22 11:30:02 / lib_ea.mqh:234]
diff_Latest >= 0 (0.003000000000000114) (2019.01.22 04:29)
[2019.01.22 11:30:02 / ea_44_5.3_2_down-down-buy.mq4:144]
detect_DownDown_Buy() => false) (period = 1 / symbol = EURJPY_)
[2019.01.22 11:31:01 / ea_44_5.3_2_down-down-buy.mq4:122]
new bar (tick = 4014) (period = 1 / symbol = EURJPY_)
[2019.01.22 11:31:01 / lib_ea.mqh:234]
diff_Latest >= 0 (0.007999999999995566) (2019.01.22 04:30)
[2019.01.22 11:31:01 / ea_44_5.3_2_down-down-buy.mq4:144]
detect_DownDown_Buy() => false) (period = 1 / symbol = EURJPY_)
[2019.01.22 11:32:02 / ea_44_5.3_2_down-down-buy.mq4:122]
new bar (tick = 4173) (period = 1 / symbol = EURJPY_)
[2019.01.22 11:32:02 / lib_ea.mqh:234]
diff_Latest >= 0 (0.006000000000000227) (2019.01.22 04:31)
[2019.01.22 11:32:02 / ea_44_5.3_2_down-down-buy.mq4:144]
detect_DownDown_Buy() => false) (period = 1 / symbol = EURJPY_)
[2019.01.22 11:33:02 / ea_44_5.3_2_down-down-buy.mq4:122]
new bar (tick = 4267) (period = 1 / symbol = EURJPY_)
[2019.01.22 11:33:02 / lib_ea.mqh:274]
price_Close_Latest >= ibands_1S_Plus (close = 124.624) (BB.-1 = 124.6082646700147) (2019.01.22 04:32)
[2019.01.22 11:33:02 / ea_44_5.3_2_down-down-buy.mq4:144]
detect_DownDown_Buy() => false) (period = 1 / symbol = EURJPY_)
[2019.01.22 11:34:02 / ea_44_5.3_2_down-down-buy.mq4:122]
new bar (tick = 4401) (period = 1 / symbol = EURJPY_)
[2019.01.22 11:34:02 / lib_ea.mqh:234]
diff_Latest >= 0 (0) (2019.01.22 04:33)
[2019.01.22 11:34:02 / ea_44_5.3_2_down-down-buy.mq4:144]
detect_DownDown_Buy() => false) (period = 1 / symbol = EURJPY_)
[2019.01.22 11:35:02 / ea_44_5.3_2_down-down-buy.mq4:122]
new bar (tick = 4470) (period = 1 / symbol = EURJPY_)
[2019.01.22 11:35:02 / lib_ea.mqh:274]
price_Close_Latest >= ibands_1S_Plus (close = 124.623) (BB.-1 = 124.609085114013) (2019.01.22 04:34)
[2019.01.22 11:35:02 / ea_44_5.3_2_down-down-buy.mq4:144]
detect_DownDown_Buy() => false) (period = 1 / symbol = EURJPY_)
[2019.01.22 11:36:01 / ea_44_5.3_2_down-down-buy.mq4:122]
new bar (tick = 4537) (period = 1 / symbol = EURJPY_)
[2019.01.22 11:36:01 / lib_ea.mqh:234]
diff_Latest >= 0 (0.004000000000004889) (2019.01.22 04:35)
[2019.01.22 11:36:01 / ea_44_5.3_2_down-down-buy.mq4:144]
detect_DownDown_Buy() => false) (period = 1 / symbol = EURJPY_)
[2019.01.22 11:37:01 / ea_44_5.3_2_down-down-buy.mq4:122]
new bar (tick = 4604) (period = 1 / symbol = EURJPY_)
[2019.01.22 11:37:01 / lib_ea.mqh:274]
price_Close_Latest >= ibands_1S_Plus (close = 124.627) (BB.-1 = 124.6102275474291) (2019.01.22 04:36)
[2019.01.22 11:37:01 / ea_44_5.3_2_down-down-buy.mq4:144]
detect_DownDown_Buy() => false) (period = 1 / symbol = EURJPY_)
[2019.01.22 11:38:03 / ea_44_5.3_2_down-down-buy.mq4:122]
new bar (tick = 4671) (period = 1 / symbol = EURJPY_)
[2019.01.22 11:38:03 / lib_ea.mqh:274]
price_Close_Latest >= ibands_1S_Plus (close = 124.623) (BB.-1 = 124.6116710027595) (2019.01.22 04:37)
[2019.01.22 11:38:03 / ea_44_5.3_2_down-down-buy.mq4:144]
detect_DownDown_Buy() => false) (period = 1 / symbol = EURJPY_)
[2019.01.22 11:39:06 / ea_44_5.3_2_down-down-buy.mq4:122]
new bar (tick = 4727) (period = 1 / symbol = EURJPY_)
[2019.01.22 11:39:06 / lib_ea.mqh:234]
diff_Latest >= 0 (0) (2019.01.22 04:38)
[2019.01.22 11:39:06 / ea_44_5.3_2_down-down-buy.mq4:144]
detect_DownDown_Buy() => false) (period = 1 / symbol = EURJPY_)
[2019.01.22 11:40:01 / ea_44_5.3_2_down-down-buy.mq4:122]
new bar (tick = 4793) (period = 1 / symbol = EURJPY_)
[2019.01.22 11:40:01 / lib_ea.mqh:274]
price_Close_Latest >= ibands_1S_Plus (close = 124.619) (BB.-1 = 124.6125916714839) (2019.01.22 04:39)
[2019.01.22 11:40:01 / ea_44_5.3_2_down-down-buy.mq4:144]
detect_DownDown_Buy() => false) (period = 1 / symbol = EURJPY_)
[2019.01.22 11:41:01 / ea_44_5.3_2_down-down-buy.mq4:122]
new bar (tick = 4939) (period = 1 / symbol = EURJPY_)
[2019.01.22 11:41:01 / lib_ea.mqh:329]
detect_DownDown_Buy() ==> true (datetime = 2019.01.22 04:40)
[2019.01.22 11:41:01 / ea_44_5.3_2_down-down-buy.mq4:144]
detect_DownDown_Buy() => true) (period = 1 / symbol = EURJPY_)
[2019.01.22 11:41:01 / lib_ea.mqh:393][lib_ea.mqh:370] Level_TakeProfit => 124.671 / Level_StopLoss => 124.571
Point = 0.001
Bid = 124.601
MyPoint * 10 * _TheTakeProfit = 0.07000000000000001
MyPoint * 10 * _TheStopLoss = 0.03
_TheTakeProfit = 7
_TheStopLoss = 3
[2019.01.22 11:41:02 / lib_ea.mqh:421]
-------------------------------- [new order : buy_DownDown_Buy]
order id = 5205773
[2019.01.22 11:41:02 / lib_ea.mqh:520][lib_ea.mqh:497] Level_TakeProfit => 124.543 / Level_StopLoss => 124.643
Point = 0.001
Bid = 124.613
MyPoint * 10 * _TheTakeProfit = 0.07000000000000001
MyPoint * 10 * _TheStopLoss = 0.03
_TheTakeProfit = 7
_TheStopLoss = 3
[2019.01.22 11:41:02 / lib_ea.mqh:548]
-------------------------------- [new order : buy_DownDown_Sell]
order id = 5205775
[2019.01.22 11:42:02 / ea_44_5.3_2_down-down-buy.mq4:122]
new bar (tick = 5034) (period = 1 / symbol = EURJPY_)
[2019.01.22 11:42:02 / lib_ea.mqh:329]
detect_DownDown_Buy() ==> true (datetime = 2019.01.22 04:41)
[2019.01.22 11:42:02 / ea_44_5.3_2_down-down-buy.mq4:144]
detect_DownDown_Buy() => true) (period = 1 / symbol = EURJPY_)
[2019.01.22 11:42:02 / lib_ea.mqh:393][lib_ea.mqh:370] Level_TakeProfit => 124.653 / Level_StopLoss => 124.553
Point = 0.001
Bid = 124.583
MyPoint * 10 * _TheTakeProfit = 0.07000000000000001
MyPoint * 10 * _TheStopLoss = 0.03
_TheTakeProfit = 7
_TheStopLoss = 3
[2019.01.22 11:42:02 / lib_ea.mqh:421]
-------------------------------- [new order : buy_DownDown_Buy]
order id = 5205778
[2019.01.22 11:42:02 / lib_ea.mqh:520][lib_ea.mqh:497] Level_TakeProfit => 124.525 / Level_StopLoss => 124.625
Point = 0.001
Bid = 124.595
MyPoint * 10 * _TheTakeProfit = 0.07000000000000001
MyPoint * 10 * _TheStopLoss = 0.03
_TheTakeProfit = 7
_TheStopLoss = 3
[2019.01.22 11:42:02 / lib_ea.mqh:548]
-------------------------------- [new order : buy_DownDown_Sell]
order id = 5205780
[2019.01.22 11:43:01 / ea_44_5.3_2_down-down-buy.mq4:122]
new bar (tick = 5153) (period = 1 / symbol = EURJPY_)
[2019.01.22 11:43:01 / lib_ea.mqh:329]
detect_DownDown_Buy() ==> true (datetime = 2019.01.22 04:42)
[2019.01.22 11:43:01 / ea_44_5.3_2_down-down-buy.mq4:144]
detect_DownDown_Buy() => true) (period = 1 / symbol = EURJPY_)
[2019.01.22 11:43:01 / lib_ea.mqh:393][lib_ea.mqh:370] Level_TakeProfit => 124.639 / Level_StopLoss => 124.539
Point = 0.001
Bid = 124.569
MyPoint * 10 * _TheTakeProfit = 0.07000000000000001
MyPoint * 10 * _TheStopLoss = 0.03
_TheTakeProfit = 7
_TheStopLoss = 3
[2019.01.22 11:43:01 / lib_ea.mqh:421]
-------------------------------- [new order : buy_DownDown_Buy]
order id = 5205783
[2019.01.22 11:43:01 / lib_ea.mqh:520][lib_ea.mqh:497] Level_TakeProfit => 124.511 / Level_StopLoss => 124.611
Point = 0.001
Bid = 124.581
MyPoint * 10 * _TheTakeProfit = 0.07000000000000001
MyPoint * 10 * _TheStopLoss = 0.03
_TheTakeProfit = 7
_TheStopLoss = 3
[2019.01.22 11:43:02 / lib_ea.mqh:548]
-------------------------------- [new order : buy_DownDown_Sell]
order id = 5205785
[2019.01.22 11:44:02 / ea_44_5.3_2_down-down-buy.mq4:122]
new bar (tick = 5344) (period = 1 / symbol = EURJPY_)
[2019.01.22 11:44:02 / lib_ea.mqh:234]
diff_Latest >= 0 (0.00200000000000955) (2019.01.22 04:43)
[2019.01.22 11:44:02 / ea_44_5.3_2_down-down-buy.mq4:144]
detect_DownDown_Buy() => false) (period = 1 / symbol = EURJPY_)
[2019.01.22 11:45:03 / ea_44_5.3_2_down-down-buy.mq4:122]
new bar (tick = 5431) (period = 1 / symbol = EURJPY_)
[2019.01.22 11:45:03 / lib_ea.mqh:234]
diff_Latest >= 0 (0.001999999999995339) (2019.01.22 04:44)
[2019.01.22 11:45:03 / ea_44_5.3_2_down-down-buy.mq4:144]
detect_DownDown_Buy() => false) (period = 1 / symbol = EURJPY_)
[2019.01.22 11:46:04 / ea_44_5.3_2_down-down-buy.mq4:122]
new bar (tick = 5517) (period = 1 / symbol = EURJPY_)
[2019.01.22 11:46:04 / lib_ea.mqh:234]
diff_Latest >= 0 (0.005000000000009663) (2019.01.22 04:45)
[2019.01.22 11:46:04 / ea_44_5.3_2_down-down-buy.mq4:144]
detect_DownDown_Buy() => false) (period = 1 / symbol = EURJPY_)
[2019.01.22 11:47:04 / ea_44_5.3_2_down-down-buy.mq4:122]
new bar (tick = 5626) (period = 1 / symbol = EURJPY_)
[2019.01.22 11:47:05 / lib_ea.mqh:310]
diff_SecondLatest >= 0 (diff = 0.005000000000009663)(2019.01.22 04:45)
[2019.01.22 11:47:05 / ea_44_5.3_2_down-down-buy.mq4:144]
detect_DownDown_Buy() => false) (period = 1 / symbol = EURJPY_)
[2019.01.22 11:48:01 / ea_44_5.3_2_down-down-buy.mq4:122]
new bar (tick = 5748) (period = 1 / symbol = EURJPY_)
[2019.01.22 11:48:01 / lib_ea.mqh:329]
detect_DownDown_Buy() ==> true (datetime = 2019.01.22 04:47)
[2019.01.22 11:48:01 / ea_44_5.3_2_down-down-buy.mq4:144]
detect_DownDown_Buy() => true) (period = 1 / symbol = EURJPY_)
[2019.01.22 11:48:01 / lib_ea.mqh:393][lib_ea.mqh:370] Level_TakeProfit => 124.618 / Level_StopLoss => 124.518
Point = 0.001
Bid = 124.548
MyPoint * 10 * _TheTakeProfit = 0.07000000000000001
MyPoint * 10 * _TheStopLoss = 0.03
_TheTakeProfit = 7
_TheStopLoss = 3
[2019.01.22 11:48:01 / lib_ea.mqh:421]
-------------------------------- [new order : buy_DownDown_Buy]
order id = 5205798
[2019.01.22 11:48:01 / lib_ea.mqh:520][lib_ea.mqh:497] Level_TakeProfit => 124.49 / Level_StopLoss => 124.59
Point = 0.001
Bid = 124.56
MyPoint * 10 * _TheTakeProfit = 0.07000000000000001
MyPoint * 10 * _TheStopLoss = 0.03
_TheTakeProfit = 7
_TheStopLoss = 3
[2019.01.22 11:48:01 / lib_ea.mqh:548]
-------------------------------- [new order : buy_DownDown_Sell]
order id = 5205800
[2019.01.22 11:49:01 / ea_44_5.3_2_down-down-buy.mq4:122]
new bar (tick = 5914) (period = 1 / symbol = EURJPY_)
[2019.01.22 11:49:01 / lib_ea.mqh:329]
detect_DownDown_Buy() ==> true (datetime = 2019.01.22 04:48)
[2019.01.22 11:49:01 / ea_44_5.3_2_down-down-buy.mq4:144]
detect_DownDown_Buy() => true) (period = 1 / symbol = EURJPY_)
[2019.01.22 11:49:01 / lib_ea.mqh:393][lib_ea.mqh:370] Level_TakeProfit => 124.616 / Level_StopLoss => 124.516
Point = 0.001
Bid = 124.546
MyPoint * 10 * _TheTakeProfit = 0.07000000000000001
MyPoint * 10 * _TheStopLoss = 0.03
_TheTakeProfit = 7
_TheStopLoss = 3
[2019.01.22 11:49:01 / lib_ea.mqh:421]
-------------------------------- [new order : buy_DownDown_Buy]
order id = 5205803
[2019.01.22 11:49:01 / lib_ea.mqh:520][lib_ea.mqh:497] Level_TakeProfit => 124.487 / Level_StopLoss => 124.587
Point = 0.001
Bid = 124.557
MyPoint * 10 * _TheTakeProfit = 0.07000000000000001
MyPoint * 10 * _TheStopLoss = 0.03
_TheTakeProfit = 7
_TheStopLoss = 3
[2019.01.22 11:49:02 / lib_ea.mqh:548]
-------------------------------- [new order : buy_DownDown_Sell]
order id = 5205805
[2019.01.22 11:50:02 / ea_44_5.3_2_down-down-buy.mq4:122]
new bar (tick = 6075) (period = 1 / symbol = EURJPY_)
[2019.01.22 11:50:02 / lib_ea.mqh:329]
detect_DownDown_Buy() ==> true (datetime = 2019.01.22 04:49)
[2019.01.22 11:50:02 / ea_44_5.3_2_down-down-buy.mq4:144]
detect_DownDown_Buy() => true) (period = 1 / symbol = EURJPY_)
[2019.01.22 11:50:02 / lib_ea.mqh:393][lib_ea.mqh:370] Level_TakeProfit => 124.582 / Level_StopLoss => 124.482
Point = 0.001
Bid = 124.512
MyPoint * 10 * _TheTakeProfit = 0.07000000000000001
MyPoint * 10 * _TheStopLoss = 0.03
_TheTakeProfit = 7
_TheStopLoss = 3
[2019.01.22 11:50:02 / lib_ea.mqh:421]
-------------------------------- [new order : buy_DownDown_Buy]
order id = 5205809
[2019.01.22 11:50:02 / lib_ea.mqh:520][lib_ea.mqh:497] Level_TakeProfit => 124.457 / Level_StopLoss => 124.557
Point = 0.001
Bid = 124.527
MyPoint * 10 * _TheTakeProfit = 0.07000000000000001
MyPoint * 10 * _TheStopLoss = 0.03
_TheTakeProfit = 7
_TheStopLoss = 3
[2019.01.22 11:50:02 / lib_ea.mqh:548]
-------------------------------- [new order : buy_DownDown_Sell]
order id = 5205811
[2019.01.22 11:51:03 / ea_44_5.3_2_down-down-buy.mq4:122]
new bar (tick = 6157) (period = 1 / symbol = EURJPY_)
[2019.01.22 11:51:03 / lib_ea.mqh:234]
diff_Latest >= 0 (0.003000000000000114) (2019.01.22 04:50)
[2019.01.22 11:51:03 / ea_44_5.3_2_down-down-buy.mq4:144]
detect_DownDown_Buy() => false) (period = 1 / symbol = EURJPY_)
[2019.01.22 11:52:02 / ea_44_5.3_2_down-down-buy.mq4:122]
new bar (tick = 6317) (period = 1 / symbol = EURJPY_)
[2019.01.22 11:52:02 / lib_ea.mqh:310]
diff_SecondLatest >= 0 (diff = 0.003000000000000114)(2019.01.22 04:50)
[2019.01.22 11:52:02 / ea_44_5.3_2_down-down-buy.mq4:144]
detect_DownDown_Buy() => false) (period = 1 / symbol = EURJPY_)
[2019.01.22 11:53:02 / ea_44_5.3_2_down-down-buy.mq4:122]
new bar (tick = 6469) (period = 1 / symbol = EURJPY_)
[2019.01.22 11:53:02 / lib_ea.mqh:329]
detect_DownDown_Buy() ==> true (datetime = 2019.01.22 04:52)
[2019.01.22 11:53:02 / ea_44_5.3_2_down-down-buy.mq4:144]
detect_DownDown_Buy() => true) (period = 1 / symbol = EURJPY_)
[2019.01.22 11:53:02 / lib_ea.mqh:393][lib_ea.mqh:370] Level_TakeProfit => 124.574 / Level_StopLoss => 124.474
Point = 0.001
Bid = 124.504
MyPoint * 10 * _TheTakeProfit = 0.07000000000000001
MyPoint * 10 * _TheStopLoss = 0.03
_TheTakeProfit = 7
_TheStopLoss = 3
[2019.01.22 11:53:02 / lib_ea.mqh:421]
-------------------------------- [new order : buy_DownDown_Buy]
order id = 5205821
[2019.01.22 11:53:02 / lib_ea.mqh:520][lib_ea.mqh:497] Level_TakeProfit => 124.448 / Level_StopLoss => 124.548
Point = 0.001
Bid = 124.518
MyPoint * 10 * _TheTakeProfit = 0.07000000000000001
MyPoint * 10 * _TheStopLoss = 0.03
_TheTakeProfit = 7
_TheStopLoss = 3
[2019.01.22 11:53:02 / lib_ea.mqh:548]
-------------------------------- [new order : buy_DownDown_Sell]
order id = 5205823
[2019.01.22 11:54:01 / ea_44_5.3_2_down-down-buy.mq4:122]
new bar (tick = 6636) (period = 1 / symbol = EURJPY_)
[2019.01.22 11:54:01 / lib_ea.mqh:329]
detect_DownDown_Buy() ==> true (datetime = 2019.01.22 04:53)
[2019.01.22 11:54:01 / ea_44_5.3_2_down-down-buy.mq4:144]
detect_DownDown_Buy() => true) (period = 1 / symbol = EURJPY_)
[2019.01.22 11:54:01 / lib_ea.mqh:393][lib_ea.mqh:370] Level_TakeProfit => 124.562 / Level_StopLoss => 124.462
Point = 0.001
Bid = 124.492
MyPoint * 10 * _TheTakeProfit = 0.07000000000000001
MyPoint * 10 * _TheStopLoss = 0.03
_TheTakeProfit = 7
_TheStopLoss = 3
[2019.01.22 11:54:01 / lib_ea.mqh:421]
-------------------------------- [new order : buy_DownDown_Buy]
order id = 5205826
[2019.01.22 11:54:01 / lib_ea.mqh:520][lib_ea.mqh:497] Level_TakeProfit => 124.437 / Level_StopLoss => 124.537
Point = 0.001
Bid = 124.507
MyPoint * 10 * _TheTakeProfit = 0.07000000000000001
MyPoint * 10 * _TheStopLoss = 0.03
_TheTakeProfit = 7
_TheStopLoss = 3
[2019.01.22 11:54:01 / lib_ea.mqh:548]
-------------------------------- [new order : buy_DownDown_Sell]
order id = 5205828
[2019.01.22 11:55:06 / ea_44_5.3_2_down-down-buy.mq4:122]
new bar (tick = 6826) (period = 1 / symbol = EURJPY_)
[2019.01.22 11:55:06 / lib_ea.mqh:234]
diff_Latest >= 0 (0.006000000000000227) (2019.01.22 04:54)
[2019.01.22 11:55:06 / ea_44_5.3_2_down-down-buy.mq4:144]
detect_DownDown_Buy() => false) (period = 1 / symbol = EURJPY_)
[2019.01.22 11:56:01 / ea_44_5.3_2_down-down-buy.mq4:122]
new bar (tick = 6989) (period = 1 / symbol = EURJPY_)
[2019.01.22 11:56:01 / lib_ea.mqh:234]
diff_Latest >= 0 (0.004000000000004889) (2019.01.22 04:55)
[2019.01.22 11:56:01 / ea_44_5.3_2_down-down-buy.mq4:144]
detect_DownDown_Buy() => false) (period = 1 / symbol = EURJPY_)
[2019.01.22 11:57:02 / ea_44_5.3_2_down-down-buy.mq4:122]
new bar (tick = 7152) (period = 1 / symbol = EURJPY_)
[2019.01.22 11:57:02 / lib_ea.mqh:234]
diff_Latest >= 0 (0.02299999999999613) (2019.01.22 04:56)
[2019.01.22 11:57:02 / ea_44_5.3_2_down-down-buy.mq4:144]
detect_DownDown_Buy() => false) (period = 1 / symbol = EURJPY_)
[2019.01.22 11:58:01 / ea_44_5.3_2_down-down-buy.mq4:122]
new bar (tick = 7303) (period = 1 / symbol = EURJPY_)
[2019.01.22 11:58:01 / lib_ea.mqh:274]
price_Close_Latest >= ibands_1S_Plus (close = 124.511) (BB.-1 = 124.5101942932084) (2019.01.22 04:57)
[2019.01.22 11:58:01 / ea_44_5.3_2_down-down-buy.mq4:144]
detect_DownDown_Buy() => false) (period = 1 / symbol = EURJPY_)
[2019.01.22 11:59:04 / ea_44_5.3_2_down-down-buy.mq4:122]
new bar (tick = 7492) (period = 1 / symbol = EURJPY_)
[2019.01.22 11:59:04 / lib_ea.mqh:234]
diff_Latest >= 0 (0) (2019.01.22 04:58)
[2019.01.22 11:59:04 / ea_44_5.3_2_down-down-buy.mq4:144]
detect_DownDown_Buy() => false) (period = 1 / symbol = EURJPY_)
[2019.01.22 12:00:02 / ea_44_5.3_2_down-down-buy.mq4:122]
new bar (tick = 7649) (period = 1 / symbol = EURJPY_)
[2019.01.22 12:00:02 / lib_ea.mqh:234]
diff_Latest >= 0 (0.009000000000000341) (2019.01.22 04:59)
[2019.01.22 12:00:02 / ea_44_5.3_2_down-down-buy.mq4:144]
detect_DownDown_Buy() => false) (period = 1 / symbol = EURJPY_)
[2019.01.22 12:01:06 / ea_44_5.3_2_down-down-buy.mq4:122]
new bar (tick = 7822) (period = 1 / symbol = EURJPY_)
[2019.01.22 12:01:06 / lib_ea.mqh:310]
diff_SecondLatest >= 0 (diff = 0.009000000000000341)(2019.01.22 04:59)
[2019.01.22 12:01:06 / ea_44_5.3_2_down-down-buy.mq4:144]
detect_DownDown_Buy() => false) (period = 1 / symbol = EURJPY_)
[2019.01.22 12:02:01 / ea_44_5.3_2_down-down-buy.mq4:122]
new bar (tick = 7978) (period = 1 / symbol = EURJPY_)
[2019.01.22 12:02:02 / lib_ea.mqh:234]
diff_Latest >= 0 (0.01500000000000057) (2019.01.22 05:01)
[2019.01.22 12:02:02 / ea_44_5.3_2_down-down-buy.mq4:144]
detect_DownDown_Buy() => false) (period = 1 / symbol = EURJPY_)
[2019.01.22 12:03:02 / ea_44_5.3_2_down-down-buy.mq4:122]
new bar (tick = 8082) (period = 1 / symbol = EURJPY_)
[2019.01.22 12:03:02 / lib_ea.mqh:234]
diff_Latest >= 0 (0) (2019.01.22 05:02)
[2019.01.22 12:03:02 / ea_44_5.3_2_down-down-buy.mq4:144]
detect_DownDown_Buy() => false) (period = 1 / symbol = EURJPY_)
[2019.01.22 12:04:13 / ea_44_5.3_2_down-down-buy.mq4:122]
new bar (tick = 8196) (period = 1 / symbol = EURJPY_)
[2019.01.22 12:04:13 / lib_ea.mqh:234]
diff_Latest >= 0 (0.01699999999999591) (2019.01.22 05:03)
[2019.01.22 12:04:13 / ea_44_5.3_2_down-down-buy.mq4:144]
detect_DownDown_Buy() => false) (period = 1 / symbol = EURJPY_)
[2019.01.22 12:05:02 / ea_44_5.3_2_down-down-buy.mq4:122]
new bar (tick = 8288) (period = 1 / symbol = EURJPY_)
[2019.01.22 12:05:02 / lib_ea.mqh:234]
diff_Latest >= 0 (0.01300000000000523) (2019.01.22 05:04)
[2019.01.22 12:05:02 / ea_44_5.3_2_down-down-buy.mq4:144]
detect_DownDown_Buy() => false) (period = 1 / symbol = EURJPY_)
[2019.01.22 12:06:02 / ea_44_5.3_2_down-down-buy.mq4:122]
new bar (tick = 8361) (period = 1 / symbol = EURJPY_)
[2019.01.22 12:06:02 / lib_ea.mqh:234]
diff_Latest >= 0 (0.001000000000004775) (2019.01.22 05:05)
[2019.01.22 12:06:02 / ea_44_5.3_2_down-down-buy.mq4:144]
detect_DownDown_Buy() => false) (period = 1 / symbol = EURJPY_)
[2019.01.22 12:07:02 / ea_44_5.3_2_down-down-buy.mq4:122]
new bar (tick = 8432) (period = 1 / symbol = EURJPY_)
[2019.01.22 12:07:02 / lib_ea.mqh:234]
diff_Latest >= 0 (0.009000000000000341) (2019.01.22 05:06)
[2019.01.22 12:07:02 / ea_44_5.3_2_down-down-buy.mq4:144]
detect_DownDown_Buy() => false) (period = 1 / symbol = EURJPY_)
[2019.01.22 12:08:02 / ea_44_5.3_2_down-down-buy.mq4:122]
new bar (tick = 8485) (period = 1 / symbol = EURJPY_)
[2019.01.22 12:08:02 / lib_ea.mqh:274]
price_Close_Latest >= ibands_1S_Plus (close = 124.529) (BB.-1 = 124.4966260084028) (2019.01.22 05:07)
[2019.01.22 12:08:02 / ea_44_5.3_2_down-down-buy.mq4:144]
detect_DownDown_Buy() => false) (period = 1 / symbol = EURJPY_)
[2019.01.22 12:09:06 / ea_44_5.3_2_down-down-buy.mq4:122]
new bar (tick = 8564) (period = 1 / symbol = EURJPY_)
[2019.01.22 12:09:06 / lib_ea.mqh:274]
price_Close_Latest >= ibands_1S_Plus (close = 124.528) (BB.-1 = 124.4974087655269) (2019.01.22 05:08)
[2019.01.22 12:09:06 / ea_44_5.3_2_down-down-buy.mq4:144]
detect_DownDown_Buy() => false) (period = 1 / symbol = EURJPY_)
[2019.01.22 12:10:03 / ea_44_5.3_2_down-down-buy.mq4:122]
new bar (tick = 8668) (period = 1 / symbol = EURJPY_)
[2019.01.22 12:10:03 / lib_ea.mqh:274]
price_Close_Latest >= ibands_1S_Plus (close = 124.526) (BB.-1 = 124.4976092621481) (2019.01.22 05:09)
[2019.01.22 12:10:03 / ea_44_5.3_2_down-down-buy.mq4:144]
detect_DownDown_Buy() => false) (period = 1 / symbol = EURJPY_)
[2019.01.22 12:11:02 / ea_44_5.3_2_down-down-buy.mq4:122]
new bar (tick = 8733) (period = 1 / symbol = EURJPY_)
[2019.01.22 12:11:02 / lib_ea.mqh:234]
diff_Latest >= 0 (0) (2019.01.22 05:10)
[2019.01.22 12:11:02 / ea_44_5.3_2_down-down-buy.mq4:144]
detect_DownDown_Buy() => false) (period = 1 / symbol = EURJPY_)
[2019.01.22 12:12:02 / ea_44_5.3_2_down-down-buy.mq4:122]
new bar (tick = 8815) (period = 1 / symbol = EURJPY_)
[2019.01.22 12:12:02 / lib_ea.mqh:234]
diff_Latest >= 0 (0.007999999999995566) (2019.01.22 05:11)
[2019.01.22 12:12:02 / ea_44_5.3_2_down-down-buy.mq4:144]
detect_DownDown_Buy() => false) (period = 1 / symbol = EURJPY_)
[2019.01.22 12:13:02 / ea_44_5.3_2_down-down-buy.mq4:122]
new bar (tick = 8863) (period = 1 / symbol = EURJPY_)
[2019.01.22 12:13:02 / lib_ea.mqh:274]
price_Close_Latest >= ibands_1S_Plus (close = 124.529) (BB.-1 = 124.4991347251829) (2019.01.22 05:12)
[2019.01.22 12:13:02 / ea_44_5.3_2_down-down-buy.mq4:144]
detect_DownDown_Buy() => false) (period = 1 / symbol = EURJPY_)
[2019.01.22 12:14:01 / ea_44_5.3_2_down-down-buy.mq4:122]
new bar (tick = 8987) (period = 1 / symbol = EURJPY_)
[2019.01.22 12:14:01 / lib_ea.mqh:274]
price_Close_Latest >= ibands_1S_Plus (close = 124.527) (BB.-1 = 124.5011152808204) (2019.01.22 05:13)
[2019.01.22 12:14:01 / ea_44_5.3_2_down-down-buy.mq4:144]
detect_DownDown_Buy() => false) (period = 1 / symbol = EURJPY_)
[2019.01.22 12:15:06 / ea_44_5.3_2_down-down-buy.mq4:122]
new bar (tick = 9091) (period = 1 / symbol = EURJPY_)
[2019.01.22 12:15:06 / lib_ea.mqh:274]
price_Close_Latest >= ibands_1S_Plus (close = 124.524) (BB.-1 = 124.5025155817312) (2019.01.22 05:14)
[2019.01.22 12:15:06 / ea_44_5.3_2_down-down-buy.mq4:144]
detect_DownDown_Buy() => false) (period = 1 / symbol = EURJPY_)
[2019.01.22 12:16:01 / ea_44_5.3_2_down-down-buy.mq4:122]
new bar (tick = 9176) (period = 1 / symbol = EURJPY_)
[2019.01.22 12:16:01 / lib_ea.mqh:274]
price_Close_Latest >= ibands_1S_Plus (close = 124.521) (BB.-1 = 124.5034950008335) (2019.01.22 05:15)
[2019.01.22 12:16:01 / ea_44_5.3_2_down-down-buy.mq4:144]
detect_DownDown_Buy() => false) (period = 1 / symbol = EURJPY_)
[2019.01.22 12:17:05 / ea_44_5.3_2_down-down-buy.mq4:122]
new bar (tick = 9274) (period = 1 / symbol = EURJPY_)
[2019.01.22 12:17:05 / lib_ea.mqh:234]
diff_Latest >= 0 (0) (2019.01.22 05:16)
[2019.01.22 12:17:05 / ea_44_5.3_2_down-down-buy.mq4:144]
detect_DownDown_Buy() => false) (period = 1 / symbol = EURJPY_)
[2019.01.22 12:18:02 / ea_44_5.3_2_down-down-buy.mq4:122]
new bar (tick = 9411) (period = 1 / symbol = EURJPY_)
[2019.01.22 12:18:02 / lib_ea.mqh:234]
diff_Latest >= 0 (0) (2019.01.22 05:17)
[2019.01.22 12:18:02 / ea_44_5.3_2_down-down-buy.mq4:144]
detect_DownDown_Buy() => false) (period = 1 / symbol = EURJPY_)
[2019.01.22 12:19:01 / ea_44_5.3_2_down-down-buy.mq4:122]
new bar (tick = 9586) (period = 1 / symbol = EURJPY_)
[2019.01.22 12:19:01 / lib_ea.mqh:234]
diff_Latest >= 0 (0.004999999999995453) (2019.01.22 05:18)
[2019.01.22 12:19:01 / ea_44_5.3_2_down-down-buy.mq4:144]
detect_DownDown_Buy() => false) (period = 1 / symbol = EURJPY_)
[2019.01.22 12:20:02 / ea_44_5.3_2_down-down-buy.mq4:122]
new bar (tick = 9690) (period = 1 / symbol = EURJPY_)
[2019.01.22 12:20:02 / lib_ea.mqh:234]
diff_Latest >= 0 (0) (2019.01.22 05:19)
[2019.01.22 12:20:02 / ea_44_5.3_2_down-down-buy.mq4:144]
detect_DownDown_Buy() => false) (period = 1 / symbol = EURJPY_)
[2019.01.22 12:21:02 / ea_44_5.3_2_down-down-buy.mq4:122]
new bar (tick = 9801) (period = 1 / symbol = EURJPY_)
[2019.01.22 12:21:02 / lib_ea.mqh:274]
price_Close_Latest >= ibands_1S_Plus (close = 124.526) (BB.-1 = 124.5109812656689) (2019.01.22 05:20)
[2019.01.22 12:21:02 / ea_44_5.3_2_down-down-buy.mq4:144]
detect_DownDown_Buy() => false) (period = 1 / symbol = EURJPY_)
[2019.01.22 12:22:01 / ea_44_5.3_2_down-down-buy.mq4:122]
new bar (tick = 10024) (period = 1 / symbol = EURJPY_)
[2019.01.22 12:22:01 / lib_ea.mqh:274]
price_Close_Latest >= ibands_1S_Plus (close = 124.522) (BB.-1 = 124.5148676730137) (2019.01.22 05:21)
[2019.01.22 12:22:01 / ea_44_5.3_2_down-down-buy.mq4:144]
detect_DownDown_Buy() => false) (period = 1 / symbol = EURJPY_)
[2019.01.22 12:23:01 / ea_44_5.3_2_down-down-buy.mq4:122]
new bar (tick = 10126) (period = 1 / symbol = EURJPY_)
[2019.01.22 12:23:01 / lib_ea.mqh:234]
diff_Latest >= 0 (0.004999999999995453) (2019.01.22 05:22)
[2019.01.22 12:23:01 / ea_44_5.3_2_down-down-buy.mq4:144]
detect_DownDown_Buy() => false) (period = 1 / symbol = EURJPY_)
[2019.01.22 12:24:03 / ea_44_5.3_2_down-down-buy.mq4:122]
new bar (tick = 10374) (period = 1 / symbol = EURJPY_)
[2019.01.22 12:24:03 / lib_ea.mqh:234]
diff_Latest >= 0 (0.01099999999999568) (2019.01.22 05:23)
[2019.01.22 12:24:03 / ea_44_5.3_2_down-down-buy.mq4:144]
detect_DownDown_Buy() => false) (period = 1 / symbol = EURJPY_)
[2019.01.22 12:25:01 / ea_44_5.3_2_down-down-buy.mq4:122]
new bar (tick = 10549) (period = 1 / symbol = EURJPY_)
[2019.01.22 12:25:01 / lib_ea.mqh:274]
price_Close_Latest >= ibands_1S_Plus (close = 124.531) (BB.-1 = 124.5230324770307) (2019.01.22 05:24)
[2019.01.22 12:25:01 / ea_44_5.3_2_down-down-buy.mq4:144]
detect_DownDown_Buy() => false) (period = 1 / symbol = EURJPY_)
[2019.01.22 12:26:06 / ea_44_5.3_2_down-down-buy.mq4:122]
new bar (tick = 10614) (period = 1 / symbol = EURJPY_)
[2019.01.22 12:26:06 / lib_ea.mqh:274]
price_Close_Latest >= ibands_1S_Plus (close = 124.525) (BB.-1 = 124.5230324770303) (2019.01.22 05:25)
[2019.01.22 12:26:06 / ea_44_5.3_2_down-down-buy.mq4:144]
detect_DownDown_Buy() => false) (period = 1 / symbol = EURJPY_)
[2019.01.22 12:27:02 / ea_44_5.3_2_down-down-buy.mq4:122]
new bar (tick = 10727) (period = 1 / symbol = EURJPY_)
[2019.01.22 12:27:02 / lib_ea.mqh:329]
detect_DownDown_Buy() ==> true (datetime = 2019.01.22 05:26)
[2019.01.22 12:27:02 / ea_44_5.3_2_down-down-buy.mq4:144]
detect_DownDown_Buy() => true) (period = 1 / symbol = EURJPY_)
[2019.01.22 12:27:02 / lib_ea.mqh:393][lib_ea.mqh:370] Level_TakeProfit => 124.582 / Level_StopLoss => 124.482
Point = 0.001
Bid = 124.512
MyPoint * 10 * _TheTakeProfit = 0.07000000000000001
MyPoint * 10 * _TheStopLoss = 0.03
_TheTakeProfit = 7
_TheStopLoss = 3
[2019.01.22 12:27:02 / lib_ea.mqh:421]
-------------------------------- [new order : buy_DownDown_Buy]
order id = 5205901
[2019.01.22 12:27:02 / lib_ea.mqh:520][lib_ea.mqh:497] Level_TakeProfit => 124.453 / Level_StopLoss => 124.553
Point = 0.001
Bid = 124.523
MyPoint * 10 * _TheTakeProfit = 0.07000000000000001
MyPoint * 10 * _TheStopLoss = 0.03
_TheTakeProfit = 7
_TheStopLoss = 3
[2019.01.22 12:27:03 / lib_ea.mqh:548]
-------------------------------- [new order : buy_DownDown_Sell]
order id = 5205903
[2019.01.22 12:28:02 / ea_44_5.3_2_down-down-buy.mq4:122]
new bar (tick = 10851) (period = 1 / symbol = EURJPY_)
[2019.01.22 12:28:02 / lib_ea.mqh:234]
diff_Latest >= 0 (0.01299999999999102) (2019.01.22 05:27)
[2019.01.22 12:28:02 / ea_44_5.3_2_down-down-buy.mq4:144]
detect_DownDown_Buy() => false) (period = 1 / symbol = EURJPY_)
[2019.01.22 12:29:03 / ea_44_5.3_2_down-down-buy.mq4:122]
new bar (tick = 10930) (period = 1 / symbol = EURJPY_)
[2019.01.22 12:29:03 / lib_ea.mqh:274]
price_Close_Latest >= ibands_1S_Plus (close = 124.523) (BB.-1 = 124.5214750675684) (2019.01.22 05:28)
[2019.01.22 12:29:03 / ea_44_5.3_2_down-down-buy.mq4:144]
detect_DownDown_Buy() => false) (period = 1 / symbol = EURJPY_)
[2019.01.22 12:30:02 / ea_44_5.3_2_down-down-buy.mq4:122]
new bar (tick = 10974) (period = 1 / symbol = EURJPY_)
[2019.01.22 12:30:02 / lib_ea.mqh:274]
price_Close_Latest >= ibands_1S_Plus (close = 124.523) (BB.-1 = 124.5212758690648) (2019.01.22 05:29)
[2019.01.22 12:30:02 / ea_44_5.3_2_down-down-buy.mq4:144]
detect_DownDown_Buy() => false) (period = 1 / symbol = EURJPY_)
[2019.01.22 12:31:01 / ea_44_5.3_2_down-down-buy.mq4:122]
new bar (tick = 11088) (period = 1 / symbol = EURJPY_)
[2019.01.22 12:31:01 / lib_ea.mqh:329]
detect_DownDown_Buy() ==> true (datetime = 2019.01.22 05:30)
[2019.01.22 12:31:01 / ea_44_5.3_2_down-down-buy.mq4:144]
detect_DownDown_Buy() => true) (period = 1 / symbol = EURJPY_)
[2019.01.22 12:31:01 / lib_ea.mqh:393][lib_ea.mqh:370] Level_TakeProfit => 124.567 / Level_StopLoss => 124.467
Point = 0.001
Bid = 124.497
MyPoint * 10 * _TheTakeProfit = 0.07000000000000001
MyPoint * 10 * _TheStopLoss = 0.03
_TheTakeProfit = 7
_TheStopLoss = 3
[2019.01.22 12:31:01 / lib_ea.mqh:421]
-------------------------------- [new order : buy_DownDown_Buy]
order id = 5205919
[2019.01.22 12:31:01 / lib_ea.mqh:520][lib_ea.mqh:497] Level_TakeProfit => 124.439 / Level_StopLoss => 124.539
Point = 0.001
Bid = 124.509
MyPoint * 10 * _TheTakeProfit = 0.07000000000000001
MyPoint * 10 * _TheStopLoss = 0.03
_TheTakeProfit = 7
_TheStopLoss = 3
[2019.01.22 12:31:02 / lib_ea.mqh:548]
-------------------------------- [new order : buy_DownDown_Sell]
order id = 5205921
[2019.01.22 12:32:01 / ea_44_5.3_2_down-down-buy.mq4:122]
new bar (tick = 11215) (period = 1 / symbol = EURJPY_)
[2019.01.22 12:32:01 / lib_ea.mqh:234]
diff_Latest >= 0 (0.004000000000004889) (2019.01.22 05:31)
[2019.01.22 12:32:01 / ea_44_5.3_2_down-down-buy.mq4:144]
detect_DownDown_Buy() => false) (period = 1 / symbol = EURJPY_)
[2019.01.22 12:33:02 / ea_44_5.3_2_down-down-buy.mq4:122]
new bar (tick = 11364) (period = 1 / symbol = EURJPY_)
[2019.01.22 12:33:02 / lib_ea.mqh:310]
diff_SecondLatest >= 0 (diff = 0.004000000000004889)(2019.01.22 05:31)
[2019.01.22 12:33:02 / ea_44_5.3_2_down-down-buy.mq4:144]
detect_DownDown_Buy() => false) (period = 1 / symbol = EURJPY_)
[2019.01.22 12:34:01 / ea_44_5.3_2_down-down-buy.mq4:122]
new bar (tick = 11571) (period = 1 / symbol = EURJPY_)
[2019.01.22 12:34:01 / lib_ea.mqh:329]
detect_DownDown_Buy() ==> true (datetime = 2019.01.22 05:33)
[2019.01.22 12:34:01 / ea_44_5.3_2_down-down-buy.mq4:144]
detect_DownDown_Buy() => true) (period = 1 / symbol = EURJPY_)
[2019.01.22 12:34:01 / lib_ea.mqh:393][lib_ea.mqh:370] Level_TakeProfit => 124.539 / Level_StopLoss => 124.439
Point = 0.001
Bid = 124.469
MyPoint * 10 * _TheTakeProfit = 0.07000000000000001
MyPoint * 10 * _TheStopLoss = 0.03
_TheTakeProfit = 7
_TheStopLoss = 3
[2019.01.22 12:34:01 / lib_ea.mqh:421]
-------------------------------- [new order : buy_DownDown_Buy]
order id = 5205926
[2019.01.22 12:34:01 / lib_ea.mqh:520][lib_ea.mqh:497] Level_TakeProfit => 124.412 / Level_StopLoss => 124.512
Point = 0.001
Bid = 124.482
MyPoint * 10 * _TheTakeProfit = 0.07000000000000001
MyPoint * 10 * _TheStopLoss = 0.03
_TheTakeProfit = 7
_TheStopLoss = 3
[2019.01.22 12:34:01 / lib_ea.mqh:548]
-------------------------------- [new order : buy_DownDown_Sell]
order id = 5205928
[2019.01.22 12:35:02 / ea_44_5.3_2_down-down-buy.mq4:122]
new bar (tick = 11696) (period = 1 / symbol = EURJPY_)
[2019.01.22 12:35:02 / lib_ea.mqh:329]
detect_DownDown_Buy() ==> true (datetime = 2019.01.22 05:34)
[2019.01.22 12:35:02 / ea_44_5.3_2_down-down-buy.mq4:144]
detect_DownDown_Buy() => true) (period = 1 / symbol = EURJPY_)
[2019.01.22 12:35:02 / lib_ea.mqh:393][lib_ea.mqh:370] Level_TakeProfit => 124.532 / Level_StopLoss => 124.432
Point = 0.001
Bid = 124.462
MyPoint * 10 * _TheTakeProfit = 0.07000000000000001
MyPoint * 10 * _TheStopLoss = 0.03
_TheTakeProfit = 7
_TheStopLoss = 3
[2019.01.22 12:35:02 / lib_ea.mqh:421]
-------------------------------- [new order : buy_DownDown_Buy]
order id = 5205931
[2019.01.22 12:35:02 / lib_ea.mqh:520][lib_ea.mqh:497] Level_TakeProfit => 124.405 / Level_StopLoss => 124.505
Point = 0.001
Bid = 124.475
MyPoint * 10 * _TheTakeProfit = 0.07000000000000001
MyPoint * 10 * _TheStopLoss = 0.03
_TheTakeProfit = 7
_TheStopLoss = 3
[2019.01.22 12:35:02 / lib_ea.mqh:548]
-------------------------------- [new order : buy_DownDown_Sell]
order id = 5205933
[2019.01.22 12:36:02 / ea_44_5.3_2_down-down-buy.mq4:122]
new bar (tick = 11741) (period = 1 / symbol = EURJPY_)
[2019.01.22 12:36:02 / lib_ea.mqh:329]
detect_DownDown_Buy() ==> true (datetime = 2019.01.22 05:35)
[2019.01.22 12:36:02 / ea_44_5.3_2_down-down-buy.mq4:144]
detect_DownDown_Buy() => true) (period = 1 / symbol = EURJPY_)
[2019.01.22 12:36:02 / lib_ea.mqh:393][lib_ea.mqh:370] Level_TakeProfit => 124.527 / Level_StopLoss => 124.427
Point = 0.001
Bid = 124.457
MyPoint * 10 * _TheTakeProfit = 0.07000000000000001
MyPoint * 10 * _TheStopLoss = 0.03
_TheTakeProfit = 7
_TheStopLoss = 3
[2019.01.22 12:36:02 / lib_ea.mqh:421]
-------------------------------- [new order : buy_DownDown_Buy]
order id = 5205936
[2019.01.22 12:36:02 / lib_ea.mqh:520][lib_ea.mqh:497] Level_TakeProfit => 124.4 / Level_StopLoss => 124.5
Point = 0.001
Bid = 124.47
MyPoint * 10 * _TheTakeProfit = 0.07000000000000001
MyPoint * 10 * _TheStopLoss = 0.03
_TheTakeProfit = 7
_TheStopLoss = 3
[2019.01.22 12:36:03 / lib_ea.mqh:548]
-------------------------------- [new order : buy_DownDown_Sell]
order id = 5205938
[2019.01.22 12:37:03 / ea_44_5.3_2_down-down-buy.mq4:122]
new bar (tick = 11823) (period = 1 / symbol = EURJPY_)
[2019.01.22 12:37:03 / lib_ea.mqh:329]
detect_DownDown_Buy() ==> true (datetime = 2019.01.22 05:36)
[2019.01.22 12:37:03 / ea_44_5.3_2_down-down-buy.mq4:144]
detect_DownDown_Buy() => true) (period = 1 / symbol = EURJPY_)
[2019.01.22 12:37:03 / lib_ea.mqh:393][lib_ea.mqh:370] Level_TakeProfit => 124.523 / Level_StopLoss => 124.423
Point = 0.001
Bid = 124.453
MyPoint * 10 * _TheTakeProfit = 0.07000000000000001
MyPoint * 10 * _TheStopLoss = 0.03
_TheTakeProfit = 7
_TheStopLoss = 3
[2019.01.22 12:37:03 / lib_ea.mqh:421]
-------------------------------- [new order : buy_DownDown_Buy]
order id = 5205941
[2019.01.22 12:37:03 / lib_ea.mqh:520][lib_ea.mqh:497] Level_TakeProfit => 124.396 / Level_StopLoss => 124.496
Point = 0.001
Bid = 124.466
MyPoint * 10 * _TheTakeProfit = 0.07000000000000001
MyPoint * 10 * _TheStopLoss = 0.03
_TheTakeProfit = 7
_TheStopLoss = 3
[2019.01.22 12:37:04 / lib_ea.mqh:548]
-------------------------------- [new order : buy_DownDown_Sell]
order id = 5205943
[2019.01.22 12:38:01 / ea_44_5.3_2_down-down-buy.mq4:122]
new bar (tick = 11996) (period = 1 / symbol = EURJPY_)
[2019.01.22 12:38:01 / lib_ea.mqh:329]
detect_DownDown_Buy() ==> true (datetime = 2019.01.22 05:37)
[2019.01.22 12:38:01 / ea_44_5.3_2_down-down-buy.mq4:144]
detect_DownDown_Buy() => true) (period = 1 / symbol = EURJPY_)
[2019.01.22 12:38:01 / lib_ea.mqh:393][lib_ea.mqh:370] Level_TakeProfit => 124.514 / Level_StopLoss => 124.414
Point = 0.001
Bid = 124.444
MyPoint * 10 * _TheTakeProfit = 0.07000000000000001
MyPoint * 10 * _TheStopLoss = 0.03
_TheTakeProfit = 7
_TheStopLoss = 3
[2019.01.22 12:38:01 / lib_ea.mqh:421]
-------------------------------- [new order : buy_DownDown_Buy]
order id = 5205948
[2019.01.22 12:38:01 / lib_ea.mqh:520][lib_ea.mqh:497] Level_TakeProfit => 124.389 / Level_StopLoss => 124.489
Point = 0.001
Bid = 124.459
MyPoint * 10 * _TheTakeProfit = 0.07000000000000001
MyPoint * 10 * _TheStopLoss = 0.03
_TheTakeProfit = 7
_TheStopLoss = 3
[2019.01.22 12:38:02 / lib_ea.mqh:548]
-------------------------------- [new order : buy_DownDown_Sell]
order id = 5205950
[2019.01.22 12:39:02 / ea_44_5.3_2_down-down-buy.mq4:122]
new bar (tick = 12083) (period = 1 / symbol = EURJPY_)
[2019.01.22 12:39:02 / lib_ea.mqh:234]
diff_Latest >= 0 (0) (2019.01.22 05:38)
[2019.01.22 12:39:02 / ea_44_5.3_2_down-down-buy.mq4:144]
detect_DownDown_Buy() => false) (period = 1 / symbol = EURJPY_)
[2019.01.22 12:40:01 / ea_44_5.3_2_down-down-buy.mq4:122]
new bar (tick = 12335) (period = 1 / symbol = EURJPY_)
[2019.01.22 12:40:01 / lib_ea.mqh:310]
diff_SecondLatest >= 0 (diff = 0)(2019.01.22 05:38)
[2019.01.22 12:40:01 / ea_44_5.3_2_down-down-buy.mq4:144]
detect_DownDown_Buy() => false) (period = 1 / symbol = EURJPY_)
[2019.01.22 12:41:03 / ea_44_5.3_2_down-down-buy.mq4:122]
new bar (tick = 12460) (period = 1 / symbol = EURJPY_)
[2019.01.22 12:41:03 / lib_ea.mqh:329]
detect_DownDown_Buy() ==> true (datetime = 2019.01.22 05:40)
[2019.01.22 12:41:03 / ea_44_5.3_2_down-down-buy.mq4:144]
detect_DownDown_Buy() => true) (period = 1 / symbol = EURJPY_)
[2019.01.22 12:41:03 / lib_ea.mqh:393][lib_ea.mqh:370] Level_TakeProfit => 124.484 / Level_StopLoss => 124.384
Point = 0.001
Bid = 124.414
MyPoint * 10 * _TheTakeProfit = 0.07000000000000001
MyPoint * 10 * _TheStopLoss = 0.03
_TheTakeProfit = 7
_TheStopLoss = 3
[2019.01.22 12:41:03 / lib_ea.mqh:421]
-------------------------------- [new order : buy_DownDown_Buy]
order id = 5205957
[2019.01.22 12:41:03 / lib_ea.mqh:520][lib_ea.mqh:497] Level_TakeProfit => 124.357 / Level_StopLoss => 124.457
Point = 0.001
Bid = 124.427
MyPoint * 10 * _TheTakeProfit = 0.07000000000000001
MyPoint * 10 * _TheStopLoss = 0.03
_TheTakeProfit = 7
_TheStopLoss = 3
[2019.01.22 12:41:03 / lib_ea.mqh:548]
-------------------------------- [new order : buy_DownDown_Sell]
order id = 5205959
[2019.01.22 12:42:01 / ea_44_5.3_2_down-down-buy.mq4:122]
new bar (tick = 12671) (period = 1 / symbol = EURJPY_)
[2019.01.22 12:42:01 / lib_ea.mqh:329]
detect_DownDown_Buy() ==> true (datetime = 2019.01.22 05:41)
[2019.01.22 12:42:01 / ea_44_5.3_2_down-down-buy.mq4:144]
detect_DownDown_Buy() => true) (period = 1 / symbol = EURJPY_)
[2019.01.22 12:42:01 / lib_ea.mqh:393][lib_ea.mqh:370] Level_TakeProfit => 124.471 / Level_StopLoss => 124.371
Point = 0.001
Bid = 124.401
MyPoint * 10 * _TheTakeProfit = 0.07000000000000001
MyPoint * 10 * _TheStopLoss = 0.03
_TheTakeProfit = 7
_TheStopLoss = 3
[2019.01.22 12:42:01 / lib_ea.mqh:421]
-------------------------------- [new order : buy_DownDown_Buy]
order id = 5205962
[2019.01.22 12:42:01 / lib_ea.mqh:520][lib_ea.mqh:497] Level_TakeProfit => 124.346 / Level_StopLoss => 124.446
Point = 0.001
Bid = 124.416
MyPoint * 10 * _TheTakeProfit = 0.07000000000000001
MyPoint * 10 * _TheStopLoss = 0.03
_TheTakeProfit = 7
_TheStopLoss = 3
[2019.01.22 12:42:02 / lib_ea.mqh:548]
-------------------------------- [new order : buy_DownDown_Sell]
order id = 5205964
[2019.01.22 12:43:01 / ea_44_5.3_2_down-down-buy.mq4:122]
new bar (tick = 12919) (period = 1 / symbol = EURJPY_)
[2019.01.22 12:43:01 / lib_ea.mqh:329]
detect_DownDown_Buy() ==> true (datetime = 2019.01.22 05:42)
[2019.01.22 12:43:01 / ea_44_5.3_2_down-down-buy.mq4:144]
detect_DownDown_Buy() => true) (period = 1 / symbol = EURJPY_)
[2019.01.22 12:43:01 / lib_ea.mqh:393][lib_ea.mqh:370] Level_TakeProfit => 124.451 / Level_StopLoss => 124.351
Point = 0.001
Bid = 124.381
MyPoint * 10 * _TheTakeProfit = 0.07000000000000001
MyPoint * 10 * _TheStopLoss = 0.03
_TheTakeProfit = 7
_TheStopLoss = 3
[2019.01.22 12:43:02 / lib_ea.mqh:421]
-------------------------------- [new order : buy_DownDown_Buy]
order id = 5205970
[2019.01.22 12:43:02 / lib_ea.mqh:520][lib_ea.mqh:497] Level_TakeProfit => 124.323 / Level_StopLoss => 124.423
Point = 0.001
Bid = 124.393
MyPoint * 10 * _TheTakeProfit = 0.07000000000000001
MyPoint * 10 * _TheStopLoss = 0.03
_TheTakeProfit = 7
_TheStopLoss = 3
[2019.01.22 12:43:02 / lib_ea.mqh:548]
-------------------------------- [new order : buy_DownDown_Sell]
order id = 5205972
[2019.01.22 12:44:01 / ea_44_5.3_2_down-down-buy.mq4:122]
new bar (tick = 13185) (period = 1 / symbol = EURJPY_)
[2019.01.22 12:44:01 / lib_ea.mqh:329]
detect_DownDown_Buy() ==> true (datetime = 2019.01.22 05:43)
[2019.01.22 12:44:01 / ea_44_5.3_2_down-down-buy.mq4:144]
detect_DownDown_Buy() => true) (period = 1 / symbol = EURJPY_)
[2019.01.22 12:44:01 / lib_ea.mqh:393][lib_ea.mqh:370] Level_TakeProfit => 124.419 / Level_StopLoss => 124.319
Point = 0.001
Bid = 124.349
MyPoint * 10 * _TheTakeProfit = 0.07000000000000001
MyPoint * 10 * _TheStopLoss = 0.03
_TheTakeProfit = 7
_TheStopLoss = 3
[2019.01.22 12:44:01 / lib_ea.mqh:421]
-------------------------------- [new order : buy_DownDown_Buy]
order id = 5205977
[2019.01.22 12:44:01 / lib_ea.mqh:520][lib_ea.mqh:497] Level_TakeProfit => 124.293 / Level_StopLoss => 124.393
Point = 0.001
Bid = 124.363
MyPoint * 10 * _TheTakeProfit = 0.07000000000000001
MyPoint * 10 * _TheStopLoss = 0.03
_TheTakeProfit = 7
_TheStopLoss = 3
[2019.01.22 12:44:01 / lib_ea.mqh:548]
-------------------------------- [new order : buy_DownDown_Sell]
order id = 5205979
[2019.01.22 12:45:04 / ea_44_5.3_2_down-down-buy.mq4:122]
new bar (tick = 13494) (period = 1 / symbol = EURJPY_)
[2019.01.22 12:45:04 / lib_ea.mqh:329]
detect_DownDown_Buy() ==> true (datetime = 2019.01.22 05:44)
[2019.01.22 12:45:04 / ea_44_5.3_2_down-down-buy.mq4:144]
detect_DownDown_Buy() => true) (period = 1 / symbol = EURJPY_)
[2019.01.22 12:45:04 / lib_ea.mqh:393][lib_ea.mqh:370] Level_TakeProfit => 124.408 / Level_StopLoss => 124.308
Point = 0.001
Bid = 124.338
MyPoint * 10 * _TheTakeProfit = 0.07000000000000001
MyPoint * 10 * _TheStopLoss = 0.03
_TheTakeProfit = 7
_TheStopLoss = 3
[2019.01.22 12:45:04 / lib_ea.mqh:421]
-------------------------------- [new order : buy_DownDown_Buy]
order id = 5205982
[2019.01.22 12:45:04 / lib_ea.mqh:520][lib_ea.mqh:497] Level_TakeProfit => 124.282 / Level_StopLoss => 124.382
Point = 0.001
Bid = 124.352
MyPoint * 10 * _TheTakeProfit = 0.07000000000000001
MyPoint * 10 * _TheStopLoss = 0.03
_TheTakeProfit = 7
_TheStopLoss = 3
[2019.01.22 12:45:04 / lib_ea.mqh:548]
-------------------------------- [new order : buy_DownDown_Sell]
order id = 5205984
[2019.01.22 12:46:01 / ea_44_5.3_2_down-down-buy.mq4:122]
new bar (tick = 13677) (period = 1 / symbol = EURJPY_)
[2019.01.22 12:46:01 / lib_ea.mqh:234]
diff_Latest >= 0 (0.03100000000000591) (2019.01.22 05:45)
[2019.01.22 12:46:01 / ea_44_5.3_2_down-down-buy.mq4:144]
detect_DownDown_Buy() => false) (period = 1 / symbol = EURJPY_)
[2019.01.22 12:47:01 / ea_44_5.3_2_down-down-buy.mq4:122]
new bar (tick = 13871) (period = 1 / symbol = EURJPY_)
[2019.01.22 12:47:01 / lib_ea.mqh:310]
diff_SecondLatest >= 0 (diff = 0.03100000000000591)(2019.01.22 05:45)
[2019.01.22 12:47:01 / ea_44_5.3_2_down-down-buy.mq4:144]
detect_DownDown_Buy() => false) (period = 1 / symbol = EURJPY_)
[2019.01.22 12:48:03 / ea_44_5.3_2_down-down-buy.mq4:122]
new bar (tick = 14002) (period = 1 / symbol = EURJPY_)
[2019.01.22 12:48:03 / lib_ea.mqh:329]
detect_DownDown_Buy() ==> true (datetime = 2019.01.22 05:47)
[2019.01.22 12:48:03 / ea_44_5.3_2_down-down-buy.mq4:144]
detect_DownDown_Buy() => true) (period = 1 / symbol = EURJPY_)
[2019.01.22 12:48:03 / lib_ea.mqh:393][lib_ea.mqh:370] Level_TakeProfit => 124.414 / Level_StopLoss => 124.314
Point = 0.001
Bid = 124.344
MyPoint * 10 * _TheTakeProfit = 0.07000000000000001
MyPoint * 10 * _TheStopLoss = 0.03
_TheTakeProfit = 7
_TheStopLoss = 3
[2019.01.22 12:48:03 / lib_ea.mqh:421]
-------------------------------- [new order : buy_DownDown_Buy]
order id = 5205997
[2019.01.22 12:48:03 / lib_ea.mqh:520][lib_ea.mqh:497] Level_TakeProfit => 124.29 / Level_StopLoss => 124.39
Point = 0.001
Bid = 124.36
MyPoint * 10 * _TheTakeProfit = 0.07000000000000001
MyPoint * 10 * _TheStopLoss = 0.03
_TheTakeProfit = 7
_TheStopLoss = 3
[2019.01.22 12:48:03 / lib_ea.mqh:548]
-------------------------------- [new order : buy_DownDown_Sell]
order id = 5205999
[2019.01.22 12:49:02 / ea_44_5.3_2_down-down-buy.mq4:122]
new bar (tick = 14115) (period = 1 / symbol = EURJPY_)
[2019.01.22 12:49:02 / lib_ea.mqh:234]
diff_Latest >= 0 (0.01500000000000057) (2019.01.22 05:48)
[2019.01.22 12:49:02 / ea_44_5.3_2_down-down-buy.mq4:144]
detect_DownDown_Buy() => false) (period = 1 / symbol = EURJPY_)
[2019.01.22 12:50:01 / ea_44_5.3_2_down-down-buy.mq4:122]
new bar (tick = 14313) (period = 1 / symbol = EURJPY_)
[2019.01.22 12:50:01 / lib_ea.mqh:234]
diff_Latest >= 0 (0.01500000000000057) (2019.01.22 05:49)
[2019.01.22 12:50:01 / ea_44_5.3_2_down-down-buy.mq4:144]
detect_DownDown_Buy() => false) (period = 1 / symbol = EURJPY_)
[2019.01.22 12:51:02 / ea_44_5.3_2_down-down-buy.mq4:122]
new bar (tick = 14459) (period = 1 / symbol = EURJPY_)
[2019.01.22 12:51:02 / lib_ea.mqh:274]
price_Close_Latest >= ibands_1S_Plus (close = 124.368) (BB.-1 = 124.3624310717986) (2019.01.22 05:50)
[2019.01.22 12:51:02 / ea_44_5.3_2_down-down-buy.mq4:144]
detect_DownDown_Buy() => false) (period = 1 / symbol = EURJPY_)
[2019.01.22 12:52:01 / ea_44_5.3_2_down-down-buy.mq4:122]
new bar (tick = 14663) (period = 1 / symbol = EURJPY_)
[2019.01.22 12:52:02 / lib_ea.mqh:234]
diff_Latest >= 0 (0.01100000000000989) (2019.01.22 05:51)
[2019.01.22 12:52:02 / ea_44_5.3_2_down-down-buy.mq4:144]
detect_DownDown_Buy() => false) (period = 1 / symbol = EURJPY_)
[2019.01.22 12:53:02 / ea_44_5.3_2_down-down-buy.mq4:122]
new bar (tick = 14848) (period = 1 / symbol = EURJPY_)
[2019.01.22 12:53:02 / lib_ea.mqh:234]
diff_Latest >= 0 (0.003999999999990678) (2019.01.22 05:52)
[2019.01.22 12:53:02 / ea_44_5.3_2_down-down-buy.mq4:144]
detect_DownDown_Buy() => false) (period = 1 / symbol = EURJPY_)
[2019.01.22 12:54:03 / ea_44_5.3_2_down-down-buy.mq4:122]
new bar (tick = 14990) (period = 1 / symbol = EURJPY_)
[2019.01.22 12:54:03 / lib_ea.mqh:234]
diff_Latest >= 0 (0.00200000000000955) (2019.01.22 05:53)
[2019.01.22 12:54:03 / ea_44_5.3_2_down-down-buy.mq4:144]
detect_DownDown_Buy() => false) (period = 1 / symbol = EURJPY_)
[2019.01.22 12:55:03 / ea_44_5.3_2_down-down-buy.mq4:122]
new bar (tick = 15162) (period = 1 / symbol = EURJPY_)
[2019.01.22 12:55:03 / lib_ea.mqh:274]
price_Close_Latest >= ibands_1S_Plus (close = 124.366) (BB.-1 = 124.3551132316839) (2019.01.22 05:54)
[2019.01.22 12:55:03 / ea_44_5.3_2_down-down-buy.mq4:144]
detect_DownDown_Buy() => false) (period = 1 / symbol = EURJPY_)
[2019.01.22 12:56:02 / ea_44_5.3_2_down-down-buy.mq4:122]
new bar (tick = 15290) (period = 1 / symbol = EURJPY_)
[2019.01.22 12:56:02 / lib_ea.mqh:234]
diff_Latest >= 0 (0.001999999999995339) (2019.01.22 05:55)
[2019.01.22 12:56:02 / ea_44_5.3_2_down-down-buy.mq4:144]
detect_DownDown_Buy() => false) (period = 1 / symbol = EURJPY_)
[2019.01.22 12:57:02 / ea_44_5.3_2_down-down-buy.mq4:122]
new bar (tick = 15533) (period = 1 / symbol = EURJPY_)
[2019.01.22 12:57:02 / lib_ea.mqh:310]
diff_SecondLatest >= 0 (diff = 0.001999999999995339)(2019.01.22 05:55)
[2019.01.22 12:57:02 / ea_44_5.3_2_down-down-buy.mq4:144]
detect_DownDown_Buy() => false) (period = 1 / symbol = EURJPY_)
[2019.01.22 12:58:01 / ea_44_5.3_2_down-down-buy.mq4:122]
new bar (tick = 15691) (period = 1 / symbol = EURJPY_)
[2019.01.22 12:58:01 / lib_ea.mqh:234]
diff_Latest >= 0 (0.01699999999999591) (2019.01.22 05:57)
[2019.01.22 12:58:01 / ea_44_5.3_2_down-down-buy.mq4:144]
detect_DownDown_Buy() => false) (period = 1 / symbol = EURJPY_)
[2019.01.22 12:59:01 / ea_44_5.3_2_down-down-buy.mq4:122]
new bar (tick = 15871) (period = 1 / symbol = EURJPY_)
[2019.01.22 12:59:01 / lib_ea.mqh:274]
price_Close_Latest >= ibands_1S_Plus (close = 124.351) (BB.-1 = 124.349526395071) (2019.01.22 05:58)
[2019.01.22 12:59:01 / ea_44_5.3_2_down-down-buy.mq4:144]
detect_DownDown_Buy() => false) (period = 1 / symbol = EURJPY_)
[2019.01.22 13:00:01 / ea_44_5.3_2_down-down-buy.mq4:122]
new bar (tick = 16122) (period = 1 / symbol = EURJPY_)
[2019.01.22 13:00:01 / lib_ea.mqh:234]
diff_Latest >= 0 (0.004999999999995453) (2019.01.22 05:59)
[2019.01.22 13:00:01 / ea_44_5.3_2_down-down-buy.mq4:144]
detect_DownDown_Buy() => false) (period = 1 / symbol = EURJPY_)
[2019.01.22 13:01:01 / ea_44_5.3_2_down-down-buy.mq4:122]
new bar (tick = 16307) (period = 1 / symbol = EURJPY_)
[2019.01.22 13:01:01 / lib_ea.mqh:310]
diff_SecondLatest >= 0 (diff = 0.004999999999995453)(2019.01.22 05:59)
[2019.01.22 13:01:01 / ea_44_5.3_2_down-down-buy.mq4:144]
detect_DownDown_Buy() => false) (period = 1 / symbol = EURJPY_)
[2019.01.22 13:02:02 / ea_44_5.3_2_down-down-buy.mq4:122]
new bar (tick = 16428) (period = 1 / symbol = EURJPY_)
[2019.01.22 13:02:02 / lib_ea.mqh:329]
detect_DownDown_Buy() ==> true (datetime = 2019.01.22 06:01)
[2019.01.22 13:02:02 / ea_44_5.3_2_down-down-buy.mq4:144]
detect_DownDown_Buy() => true) (period = 1 / symbol = EURJPY_)
[2019.01.22 13:02:02 / lib_ea.mqh:393][lib_ea.mqh:370] Level_TakeProfit => 124.409 / Level_StopLoss => 124.309
Point = 0.001
Bid = 124.339
MyPoint * 10 * _TheTakeProfit = 0.07000000000000001
MyPoint * 10 * _TheStopLoss = 0.03
_TheTakeProfit = 7
_TheStopLoss = 3
[2019.01.22 13:02:02 / lib_ea.mqh:421]
-------------------------------- [new order : buy_DownDown_Buy]
order id = 5206028
[2019.01.22 13:02:02 / lib_ea.mqh:520][lib_ea.mqh:497] Level_TakeProfit => 124.28 / Level_StopLoss => 124.38
Point = 0.001
Bid = 124.35
MyPoint * 10 * _TheTakeProfit = 0.07000000000000001
MyPoint * 10 * _TheStopLoss = 0.03
_TheTakeProfit = 7
_TheStopLoss = 3
[2019.01.22 13:02:02 / lib_ea.mqh:548]
-------------------------------- [new order : buy_DownDown_Sell]
order id = 5206030
[2019.01.22 13:03:01 / ea_44_5.3_2_down-down-buy.mq4:122]
new bar (tick = 16634) (period = 1 / symbol = EURJPY_)
[2019.01.22 13:03:01 / lib_ea.mqh:329]
detect_DownDown_Buy() ==> true (datetime = 2019.01.22 06:02)
[2019.01.22 13:03:01 / ea_44_5.3_2_down-down-buy.mq4:144]
detect_DownDown_Buy() => true) (period = 1 / symbol = EURJPY_)
[2019.01.22 13:03:01 / lib_ea.mqh:393][lib_ea.mqh:370] Level_TakeProfit => 124.397 / Level_StopLoss => 124.297
Point = 0.001
Bid = 124.327
MyPoint * 10 * _TheTakeProfit = 0.07000000000000001
MyPoint * 10 * _TheStopLoss = 0.03
_TheTakeProfit = 7
_TheStopLoss = 3
[2019.01.22 13:03:01 / lib_ea.mqh:421]
-------------------------------- [new order : buy_DownDown_Buy]
order id = 5206033
[2019.01.22 13:03:01 / lib_ea.mqh:520][lib_ea.mqh:497] Level_TakeProfit => 124.27 / Level_StopLoss => 124.37
Point = 0.001
Bid = 124.34
MyPoint * 10 * _TheTakeProfit = 0.07000000000000001
MyPoint * 10 * _TheStopLoss = 0.03
_TheTakeProfit = 7
_TheStopLoss = 3
[2019.01.22 13:03:02 / lib_ea.mqh:548]
-------------------------------- [new order : buy_DownDown_Sell]
order id = 5206035
[2019.01.22 13:04:02 / ea_44_5.3_2_down-down-buy.mq4:122]
new bar (tick = 16847) (period = 1 / symbol = EURJPY_)
[2019.01.22 13:04:02 / lib_ea.mqh:234]
diff_Latest >= 0 (0.001999999999995339) (2019.01.22 06:03)
[2019.01.22 13:04:02 / ea_44_5.3_2_down-down-buy.mq4:144]
detect_DownDown_Buy() => false) (period = 1 / symbol = EURJPY_)
[2019.01.22 13:05:02 / ea_44_5.3_2_down-down-buy.mq4:122]
new bar (tick = 17026) (period = 1 / symbol = EURJPY_)
[2019.01.22 13:05:02 / lib_ea.mqh:310]
diff_SecondLatest >= 0 (diff = 0.001999999999995339)(2019.01.22 06:03)
[2019.01.22 13:05:02 / ea_44_5.3_2_down-down-buy.mq4:144]
detect_DownDown_Buy() => false) (period = 1 / symbol = EURJPY_)
[2019.01.22 13:06:01 / ea_44_5.3_2_down-down-buy.mq4:122]
new bar (tick = 17264) (period = 1 / symbol = EURJPY_)
[2019.01.22 13:06:01 / lib_ea.mqh:329]
detect_DownDown_Buy() ==> true (datetime = 2019.01.22 06:05)
[2019.01.22 13:06:01 / ea_44_5.3_2_down-down-buy.mq4:144]
detect_DownDown_Buy() => true) (period = 1 / symbol = EURJPY_)
[2019.01.22 13:06:01 / lib_ea.mqh:393][lib_ea.mqh:370] Level_TakeProfit => 124.373 / Level_StopLoss => 124.273
Point = 0.001
Bid = 124.303
MyPoint * 10 * _TheTakeProfit = 0.07000000000000001
MyPoint * 10 * _TheStopLoss = 0.03
_TheTakeProfit = 7
_TheStopLoss = 3
[2019.01.22 13:06:01 / lib_ea.mqh:421]
-------------------------------- [new order : buy_DownDown_Buy]
order id = 5206046
[2019.01.22 13:06:01 / lib_ea.mqh:520][lib_ea.mqh:497] Level_TakeProfit => 124.247 / Level_StopLoss => 124.347
Point = 0.001
Bid = 124.317
MyPoint * 10 * _TheTakeProfit = 0.07000000000000001
MyPoint * 10 * _TheStopLoss = 0.03
_TheTakeProfit = 7
_TheStopLoss = 3
[2019.01.22 13:06:01 / lib_ea.mqh:548]
-------------------------------- [new order : buy_DownDown_Sell]
order id = 5206048
[2019.01.22 13:07:01 / ea_44_5.3_2_down-down-buy.mq4:122]
new bar (tick = 17424) (period = 1 / symbol = EURJPY_)
[2019.01.22 13:07:01 / lib_ea.mqh:329]
detect_DownDown_Buy() ==> true (datetime = 2019.01.22 06:06)
[2019.01.22 13:07:01 / ea_44_5.3_2_down-down-buy.mq4:144]
detect_DownDown_Buy() => true) (period = 1 / symbol = EURJPY_)
[2019.01.22 13:07:01 / lib_ea.mqh:393][lib_ea.mqh:370] Level_TakeProfit => 124.364 / Level_StopLoss => 124.264
Point = 0.001
Bid = 124.294
MyPoint * 10 * _TheTakeProfit = 0.07000000000000001
MyPoint * 10 * _TheStopLoss = 0.03
_TheTakeProfit = 7
_TheStopLoss = 3
[2019.01.22 13:07:01 / lib_ea.mqh:421]
-------------------------------- [new order : buy_DownDown_Buy]
order id = 5206051
[2019.01.22 13:07:01 / lib_ea.mqh:520][lib_ea.mqh:497] Level_TakeProfit => 124.237 / Level_StopLoss => 124.337
Point = 0.001
Bid = 124.307
MyPoint * 10 * _TheTakeProfit = 0.07000000000000001
MyPoint * 10 * _TheStopLoss = 0.03
_TheTakeProfit = 7
_TheStopLoss = 3
[2019.01.22 13:07:02 / lib_ea.mqh:548]
-------------------------------- [new order : buy_DownDown_Sell]
order id = 5206053
[2019.01.22 13:08:02 / ea_44_5.3_2_down-down-buy.mq4:122]
new bar (tick = 17595) (period = 1 / symbol = EURJPY_)
[2019.01.22 13:08:02 / lib_ea.mqh:234]
diff_Latest >= 0 (0.009000000000000341) (2019.01.22 06:07)
[2019.01.22 13:08:02 / ea_44_5.3_2_down-down-buy.mq4:144]
detect_DownDown_Buy() => false) (period = 1 / symbol = EURJPY_)
[2019.01.22 13:09:02 / ea_44_5.3_2_down-down-buy.mq4:122]
new bar (tick = 17710) (period = 1 / symbol = EURJPY_)
[2019.01.22 13:09:02 / lib_ea.mqh:310]
diff_SecondLatest >= 0 (diff = 0.009000000000000341)(2019.01.22 06:07)
[2019.01.22 13:09:02 / ea_44_5.3_2_down-down-buy.mq4:144]
detect_DownDown_Buy() => false) (period = 1 / symbol = EURJPY_)
[2019.01.22 13:10:02 / ea_44_5.3_2_down-down-buy.mq4:122]
new bar (tick = 17835) (period = 1 / symbol = EURJPY_)
[2019.01.22 13:10:02 / lib_ea.mqh:329]
detect_DownDown_Buy() ==> true (datetime = 2019.01.22 06:09)
[2019.01.22 13:10:02 / ea_44_5.3_2_down-down-buy.mq4:144]
detect_DownDown_Buy() => true) (period = 1 / symbol = EURJPY_)
[2019.01.22 13:10:02 / lib_ea.mqh:393][lib_ea.mqh:370] Level_TakeProfit => 124.369 / Level_StopLoss => 124.269
Point = 0.001
Bid = 124.299
MyPoint * 10 * _TheTakeProfit = 0.07000000000000001
MyPoint * 10 * _TheStopLoss = 0.03
_TheTakeProfit = 7
_TheStopLoss = 3
[2019.01.22 13:10:02 / lib_ea.mqh:421]
-------------------------------- [new order : buy_DownDown_Buy]
order id = 5206059
[2019.01.22 13:10:02 / lib_ea.mqh:520][lib_ea.mqh:497] Level_TakeProfit => 124.24 / Level_StopLoss => 124.34
Point = 0.001
Bid = 124.31
MyPoint * 10 * _TheTakeProfit = 0.07000000000000001
MyPoint * 10 * _TheStopLoss = 0.03
_TheTakeProfit = 7
_TheStopLoss = 3
[2019.01.22 13:10:02 / lib_ea.mqh:548]
-------------------------------- [new order : buy_DownDown_Sell]
order id = 5206061
[2019.01.22 13:11:02 / ea_44_5.3_2_down-down-buy.mq4:122]
new bar (tick = 18018) (period = 1 / symbol = EURJPY_)
[2019.01.22 13:11:02 / lib_ea.mqh:329]
detect_DownDown_Buy() ==> true (datetime = 2019.01.22 06:10)
[2019.01.22 13:11:02 / ea_44_5.3_2_down-down-buy.mq4:144]
detect_DownDown_Buy() => true) (period = 1 / symbol = EURJPY_)
[2019.01.22 13:11:02 / lib_ea.mqh:393][lib_ea.mqh:370] Level_TakeProfit => 124.361 / Level_StopLoss => 124.261
Point = 0.001
Bid = 124.291
MyPoint * 10 * _TheTakeProfit = 0.07000000000000001
MyPoint * 10 * _TheStopLoss = 0.03
_TheTakeProfit = 7
_TheStopLoss = 3
[2019.01.22 13:11:02 / lib_ea.mqh:421]
-------------------------------- [new order : buy_DownDown_Buy]
order id = 5206065
[2019.01.22 13:11:02 / lib_ea.mqh:520][lib_ea.mqh:497] Level_TakeProfit => 124.235 / Level_StopLoss => 124.335
Point = 0.001
Bid = 124.305
MyPoint * 10 * _TheTakeProfit = 0.07000000000000001
MyPoint * 10 * _TheStopLoss = 0.03
_TheTakeProfit = 7
_TheStopLoss = 3
[2019.01.22 13:11:02 / lib_ea.mqh:548]
-------------------------------- [new order : buy_DownDown_Sell]
order id = 5206067
[2019.01.22 13:12:01 / ea_44_5.3_2_down-down-buy.mq4:122]
new bar (tick = 18205) (period = 1 / symbol = EURJPY_)
[2019.01.22 13:12:01 / lib_ea.mqh:234]
diff_Latest >= 0 (0.007999999999995566) (2019.01.22 06:11)
[2019.01.22 13:12:01 / ea_44_5.3_2_down-down-buy.mq4:144]
detect_DownDown_Buy() => false) (period = 1 / symbol = EURJPY_)
[2019.01.22 13:13:04 / ea_44_5.3_2_down-down-buy.mq4:122]
new bar (tick = 18415) (period = 1 / symbol = EURJPY_)
[2019.01.22 13:13:04 / lib_ea.mqh:310]
diff_SecondLatest >= 0 (diff = 0.007999999999995566)(2019.01.22 06:11)
[2019.01.22 13:13:04 / ea_44_5.3_2_down-down-buy.mq4:144]
detect_DownDown_Buy() => false) (period = 1 / symbol = EURJPY_)
[2019.01.22 13:14:01 / ea_44_5.3_2_down-down-buy.mq4:122]
new bar (tick = 18510) (period = 1 / symbol = EURJPY_)
[2019.01.22 13:14:01 / lib_ea.mqh:329]
detect_DownDown_Buy() ==> true (datetime = 2019.01.22 06:13)
[2019.01.22 13:14:01 / ea_44_5.3_2_down-down-buy.mq4:144]
detect_DownDown_Buy() => true) (period = 1 / symbol = EURJPY_)
[2019.01.22 13:14:01 / lib_ea.mqh:393][lib_ea.mqh:370] Level_TakeProfit => 124.349 / Level_StopLoss => 124.249
Point = 0.001
Bid = 124.279
MyPoint * 10 * _TheTakeProfit = 0.07000000000000001
MyPoint * 10 * _TheStopLoss = 0.03
_TheTakeProfit = 7
_TheStopLoss = 3
[2019.01.22 13:14:01 / lib_ea.mqh:421]
-------------------------------- [new order : buy_DownDown_Buy]
order id = 5206072
[2019.01.22 13:14:01 / lib_ea.mqh:520][lib_ea.mqh:497] Level_TakeProfit => 124.224 / Level_StopLoss => 124.324
Point = 0.001
Bid = 124.294
MyPoint * 10 * _TheTakeProfit = 0.07000000000000001
MyPoint * 10 * _TheStopLoss = 0.03
_TheTakeProfit = 7
_TheStopLoss = 3
[2019.01.22 13:14:02 / lib_ea.mqh:548]
-------------------------------- [new order : buy_DownDown_Sell]
order id = 5206074
[2019.01.22 13:15:01 / ea_44_5.3_2_down-down-buy.mq4:122]
new bar (tick = 18726) (period = 1 / symbol = EURJPY_)
[2019.01.22 13:15:01 / lib_ea.mqh:234]
diff_Latest >= 0 (0.004000000000004889) (2019.01.22 06:14)
[2019.01.22 13:15:01 / ea_44_5.3_2_down-down-buy.mq4:144]
detect_DownDown_Buy() => false) (period = 1 / symbol = EURJPY_)
[2019.01.22 13:16:01 / ea_44_5.3_2_down-down-buy.mq4:122]
new bar (tick = 18849) (period = 1 / symbol = EURJPY_)
[2019.01.22 13:16:02 / lib_ea.mqh:234]
diff_Latest >= 0 (0.006000000000000227) (2019.01.22 06:15)
[2019.01.22 13:16:02 / ea_44_5.3_2_down-down-buy.mq4:144]
detect_DownDown_Buy() => false) (period = 1 / symbol = EURJPY_)
[2019.01.22 13:17:02 / ea_44_5.3_2_down-down-buy.mq4:122]
new bar (tick = 19086) (period = 1 / symbol = EURJPY_)
[2019.01.22 13:17:02 / lib_ea.mqh:234]
diff_Latest >= 0 (0.01300000000000523) (2019.01.22 06:16)
[2019.01.22 13:17:02 / ea_44_5.3_2_down-down-buy.mq4:144]
detect_DownDown_Buy() => false) (period = 1 / symbol = EURJPY_)
[2019.01.22 13:18:01 / ea_44_5.3_2_down-down-buy.mq4:122]
new bar (tick = 19243) (period = 1 / symbol = EURJPY_)
[2019.01.22 13:18:01 / lib_ea.mqh:234]
diff_Latest >= 0 (0.01099999999999568) (2019.01.22 06:17)
[2019.01.22 13:18:01 / ea_44_5.3_2_down-down-buy.mq4:144]
detect_DownDown_Buy() => false) (period = 1 / symbol = EURJPY_)
[2019.01.22 13:19:02 / ea_44_5.3_2_down-down-buy.mq4:122]
new bar (tick = 19341) (period = 1 / symbol = EURJPY_)
[2019.01.22 13:19:02 / lib_ea.mqh:234]
diff_Latest >= 0 (0.004999999999995453) (2019.01.22 06:18)
[2019.01.22 13:19:02 / ea_44_5.3_2_down-down-buy.mq4:144]
detect_DownDown_Buy() => false) (period = 1 / symbol = EURJPY_)
[2019.01.22 13:20:02 / ea_44_5.3_2_down-down-buy.mq4:122]
new bar (tick = 19392) (period = 1 / symbol = EURJPY_)
[2019.01.22 13:20:02 / lib_ea.mqh:274]
price_Close_Latest >= ibands_1S_Plus (close = 124.319) (BB.-1 = 124.2925377834987) (2019.01.22 06:19)
[2019.01.22 13:20:02 / ea_44_5.3_2_down-down-buy.mq4:144]
detect_DownDown_Buy() => false) (period = 1 / symbol = EURJPY_)
[2019.01.22 13:21:02 / ea_44_5.3_2_down-down-buy.mq4:122]
new bar (tick = 19454) (period = 1 / symbol = EURJPY_)
[2019.01.22 13:21:02 / lib_ea.mqh:234]
diff_Latest >= 0 (0.007999999999995566) (2019.01.22 06:20)
[2019.01.22 13:21:02 / ea_44_5.3_2_down-down-buy.mq4:144]
detect_DownDown_Buy() => false) (period = 1 / symbol = EURJPY_)
[2019.01.22 13:22:02 / ea_44_5.3_2_down-down-buy.mq4:122]
new bar (tick = 19557) (period = 1 / symbol = EURJPY_)
[2019.01.22 13:22:02 / lib_ea.mqh:274]
price_Close_Latest >= ibands_1S_Plus (close = 124.324) (BB.-1 = 124.2935122566303) (2019.01.22 06:21)
[2019.01.22 13:22:02 / ea_44_5.3_2_down-down-buy.mq4:144]
detect_DownDown_Buy() => false) (period = 1 / symbol = EURJPY_)
[2019.01.22 13:23:03 / ea_44_5.3_2_down-down-buy.mq4:122]
new bar (tick = 19672) (period = 1 / symbol = EURJPY_)
[2019.01.22 13:23:03 / lib_ea.mqh:274]
price_Close_Latest >= ibands_1S_Plus (close = 124.308) (BB.-1 = 124.2932989362107) (2019.01.22 06:22)
[2019.01.22 13:23:03 / ea_44_5.3_2_down-down-buy.mq4:144]
detect_DownDown_Buy() => false) (period = 1 / symbol = EURJPY_)
[2019.01.22 13:24:02 / ea_44_5.3_2_down-down-buy.mq4:122]
new bar (tick = 19806) (period = 1 / symbol = EURJPY_)
[2019.01.22 13:24:02 / lib_ea.mqh:234]
diff_Latest >= 0 (0.000999999999990564) (2019.01.22 06:23)
[2019.01.22 13:24:02 / ea_44_5.3_2_down-down-buy.mq4:144]
detect_DownDown_Buy() => false) (period = 1 / symbol = EURJPY_)
[2019.01.22 13:25:01 / ea_44_5.3_2_down-down-buy.mq4:122]
new bar (tick = 19927) (period = 1 / symbol = EURJPY_)
[2019.01.22 13:25:01 / lib_ea.mqh:274]
price_Close_Latest >= ibands_1S_Plus (close = 124.306) (BB.-1 = 124.2930857805773) (2019.01.22 06:24)
[2019.01.22 13:25:01 / ea_44_5.3_2_down-down-buy.mq4:144]
detect_DownDown_Buy() => false) (period = 1 / symbol = EURJPY_)
[2019.01.22 13:26:01 / ea_44_5.3_2_down-down-buy.mq4:122]
new bar (tick = 20128) (period = 1 / symbol = EURJPY_)
[2019.01.22 13:26:01 / lib_ea.mqh:234]
diff_Latest >= 0 (0.009000000000000341) (2019.01.22 06:25)
[2019.01.22 13:26:01 / ea_44_5.3_2_down-down-buy.mq4:144]
detect_DownDown_Buy() => false) (period = 1 / symbol = EURJPY_)
[2019.01.22 13:27:03 / ea_44_5.3_2_down-down-buy.mq4:122]
new bar (tick = 20212) (period = 1 / symbol = EURJPY_)
[2019.01.22 13:27:03 / lib_ea.mqh:234]
diff_Latest >= 0 (0.009000000000000341) (2019.01.22 06:26)
[2019.01.22 13:27:03 / ea_44_5.3_2_down-down-buy.mq4:144]
detect_DownDown_Buy() => false) (period = 1 / symbol = EURJPY_)
[2019.01.22 13:28:09 / ea_44_5.3_2_down-down-buy.mq4:122]
new bar (tick = 20277) (period = 1 / symbol = EURJPY_)
[2019.01.22 13:28:09 / lib_ea.mqh:234]
diff_Latest >= 0 (0) (2019.01.22 06:27)
[2019.01.22 13:28:09 / ea_44_5.3_2_down-down-buy.mq4:144]
detect_DownDown_Buy() => false) (period = 1 / symbol = EURJPY_)
[2019.01.22 13:29:03 / ea_44_5.3_2_down-down-buy.mq4:122]
new bar (tick = 20324) (period = 1 / symbol = EURJPY_)
[2019.01.22 13:29:03 / lib_ea.mqh:274]
price_Close_Latest >= ibands_1S_Plus (close = 124.322) (BB.-1 = 124.2950211842622) (2019.01.22 06:28)
[2019.01.22 13:29:03 / ea_44_5.3_2_down-down-buy.mq4:144]
detect_DownDown_Buy() => false) (period = 1 / symbol = EURJPY_)
[2019.01.22 13:30:02 / ea_44_5.3_2_down-down-buy.mq4:122]
new bar (tick = 20441) (period = 1 / symbol = EURJPY_)
[2019.01.22 13:30:02 / lib_ea.mqh:234]
diff_Latest >= 0 (0.003999999999990678) (2019.01.22 06:29)
[2019.01.22 13:30:02 / ea_44_5.3_2_down-down-buy.mq4:144]
detect_DownDown_Buy() => false) (period = 1 / symbol = EURJPY_)
[2019.01.22 13:31:02 / ea_44_5.3_2_down-down-buy.mq4:122]
new bar (tick = 20547) (period = 1 / symbol = EURJPY_)
[2019.01.22 13:31:02 / lib_ea.mqh:234]
diff_Latest >= 0 (0.004999999999995453) (2019.01.22 06:30)
[2019.01.22 13:31:02 / ea_44_5.3_2_down-down-buy.mq4:144]
detect_DownDown_Buy() => false) (period = 1 / symbol = EURJPY_)
[2019.01.22 13:32:04 / ea_44_5.3_2_down-down-buy.mq4:122]
new bar (tick = 20652) (period = 1 / symbol = EURJPY_)
[2019.01.22 13:32:04 / lib_ea.mqh:234]
diff_Latest >= 0 (0.006000000000000227) (2019.01.22 06:31)
[2019.01.22 13:32:04 / ea_44_5.3_2_down-down-buy.mq4:144]
detect_DownDown_Buy() => false) (period = 1 / symbol = EURJPY_)
[2019.01.22 13:33:01 / ea_44_5.3_2_down-down-buy.mq4:122]
new bar (tick = 20823) (period = 1 / symbol = EURJPY_)
[2019.01.22 13:33:01 / lib_ea.mqh:234]
diff_Latest >= 0 (0.00200000000000955) (2019.01.22 06:32)
[2019.01.22 13:33:01 / ea_44_5.3_2_down-down-buy.mq4:144]
detect_DownDown_Buy() => false) (period = 1 / symbol = EURJPY_)
[2019.01.22 13:34:01 / ea_44_5.3_2_down-down-buy.mq4:122]
new bar (tick = 21060) (period = 1 / symbol = EURJPY_)
[2019.01.22 13:34:01 / lib_ea.mqh:234]
diff_Latest >= 0 (0.006000000000000227) (2019.01.22 06:33)
[2019.01.22 13:34:01 / ea_44_5.3_2_down-down-buy.mq4:144]
detect_DownDown_Buy() => false) (period = 1 / symbol = EURJPY_)
[2019.01.22 13:35:02 / ea_44_5.3_2_down-down-buy.mq4:122]
new bar (tick = 21299) (period = 1 / symbol = EURJPY_)
[2019.01.22 13:35:02 / lib_ea.mqh:274]
price_Close_Latest >= ibands_1S_Plus (close = 124.331) (BB.-1 = 124.3094042742854) (2019.01.22 06:34)
[2019.01.22 13:35:02 / ea_44_5.3_2_down-down-buy.mq4:144]
detect_DownDown_Buy() => false) (period = 1 / symbol = EURJPY_)
[2019.01.22 13:36:01 / ea_44_5.3_2_down-down-buy.mq4:122]
new bar (tick = 21682) (period = 1 / symbol = EURJPY_)
[2019.01.22 13:36:01 / lib_ea.mqh:274]
price_Close_Latest >= ibands_1S_Plus (close = 124.326) (BB.-1 = 124.3127647093655) (2019.01.22 06:35)
[2019.01.22 13:36:01 / ea_44_5.3_2_down-down-buy.mq4:144]
detect_DownDown_Buy() => false) (period = 1 / symbol = EURJPY_)
[2019.01.22 13:37:02 / ea_44_5.3_2_down-down-buy.mq4:122]
new bar (tick = 21942) (period = 1 / symbol = EURJPY_)
[2019.01.22 13:37:02 / lib_ea.mqh:274]
price_Close_Latest >= ibands_1S_Plus (close = 124.324) (BB.-1 = 124.3142900054) (2019.01.22 06:36)
[2019.01.22 13:37:02 / ea_44_5.3_2_down-down-buy.mq4:144]
detect_DownDown_Buy() => false) (period = 1 / symbol = EURJPY_)
[2019.01.22 13:38:02 / ea_44_5.3_2_down-down-buy.mq4:122]
new bar (tick = 22046) (period = 1 / symbol = EURJPY_)
[2019.01.22 13:38:02 / lib_ea.mqh:234]
diff_Latest >= 0 (0.003999999999990678) (2019.01.22 06:37)
[2019.01.22 13:38:02 / ea_44_5.3_2_down-down-buy.mq4:144]
detect_DownDown_Buy() => false) (period = 1 / symbol = EURJPY_)
[2019.01.22 13:39:01 / ea_44_5.3_2_down-down-buy.mq4:122]
new bar (tick = 22188) (period = 1 / symbol = EURJPY_)
[2019.01.22 13:39:01 / lib_ea.mqh:234]
diff_Latest >= 0 (0.000999999999990564) (2019.01.22 06:38)
[2019.01.22 13:39:01 / ea_44_5.3_2_down-down-buy.mq4:144]
detect_DownDown_Buy() => false) (period = 1 / symbol = EURJPY_)
[2019.01.22 13:40:04 / ea_44_5.3_2_down-down-buy.mq4:122]
new bar (tick = 22253) (period = 1 / symbol = EURJPY_)
[2019.01.22 13:40:04 / lib_ea.mqh:274]
price_Close_Latest >= ibands_1S_Plus (close = 124.33) (BB.-1 = 124.3156400318815) (2019.01.22 06:39)
[2019.01.22 13:40:04 / ea_44_5.3_2_down-down-buy.mq4:144]
detect_DownDown_Buy() => false) (period = 1 / symbol = EURJPY_)
[2019.01.22 13:41:01 / ea_44_5.3_2_down-down-buy.mq4:122]
new bar (tick = 22460) (period = 1 / symbol = EURJPY_)
[2019.01.22 13:41:01 / lib_ea.mqh:234]
diff_Latest >= 0 (0.01300000000000523) (2019.01.22 06:40)
[2019.01.22 13:41:01 / ea_44_5.3_2_down-down-buy.mq4:144]
detect_DownDown_Buy() => false) (period = 1 / symbol = EURJPY_)
[2019.01.22 13:42:09 / ea_44_5.3_2_down-down-buy.mq4:122]
new bar (tick = 22530) (period = 1 / symbol = EURJPY_)
[2019.01.22 13:42:09 / lib_ea.mqh:274]
price_Close_Latest >= ibands_1S_Plus (close = 124.33) (BB.-1 = 124.3159310225564) (2019.01.22 06:41)
[2019.01.22 13:42:09 / ea_44_5.3_2_down-down-buy.mq4:144]
detect_DownDown_Buy() => false) (period = 1 / symbol = EURJPY_)
[2019.01.22 13:43:02 / ea_44_5.3_2_down-down-buy.mq4:122]
new bar (tick = 22591) (period = 1 / symbol = EURJPY_)
[2019.01.22 13:43:02 / lib_ea.mqh:234]
diff_Latest >= 0 (0.003000000000000114) (2019.01.22 06:42)
[2019.01.22 13:43:02 / ea_44_5.3_2_down-down-buy.mq4:144]
detect_DownDown_Buy() => false) (period = 1 / symbol = EURJPY_)
[2019.01.22 13:44:02 / ea_44_5.3_2_down-down-buy.mq4:122]
new bar (tick = 22649) (period = 1 / symbol = EURJPY_)
[2019.01.22 13:44:02 / lib_ea.mqh:234]
diff_Latest >= 0 (0.001000000000004775) (2019.01.22 06:43)
[2019.01.22 13:44:02 / ea_44_5.3_2_down-down-buy.mq4:144]
detect_DownDown_Buy() => false) (period = 1 / symbol = EURJPY_)
[2019.01.22 13:45:02 / ea_44_5.3_2_down-down-buy.mq4:122]
new bar (tick = 22750) (period = 1 / symbol = EURJPY_)
[2019.01.22 13:45:03 / lib_ea.mqh:274]
price_Close_Latest >= ibands_1S_Plus (close = 124.329) (BB.-1 = 124.323057596868) (2019.01.22 06:44)
[2019.01.22 13:45:03 / ea_44_5.3_2_down-down-buy.mq4:144]
detect_DownDown_Buy() => false) (period = 1 / symbol = EURJPY_)
[2019.01.22 13:46:01 / ea_44_5.3_2_down-down-buy.mq4:122]
new bar (tick = 22850) (period = 1 / symbol = EURJPY_)
[2019.01.22 13:46:01 / lib_ea.mqh:329]
detect_DownDown_Buy() ==> true (datetime = 2019.01.22 06:45)
[2019.01.22 13:46:01 / ea_44_5.3_2_down-down-buy.mq4:144]
detect_DownDown_Buy() => true) (period = 1 / symbol = EURJPY_)
[2019.01.22 13:46:01 / lib_ea.mqh:393][lib_ea.mqh:370] Level_TakeProfit => 124.381 / Level_StopLoss => 124.281
Point = 0.001
Bid = 124.311
MyPoint * 10 * _TheTakeProfit = 0.07000000000000001
MyPoint * 10 * _TheStopLoss = 0.03
_TheTakeProfit = 7
_TheStopLoss = 3
[2019.01.22 13:46:01 / lib_ea.mqh:421]
-------------------------------- [new order : buy_DownDown_Buy]
order id = 5206115
[2019.01.22 13:46:01 / lib_ea.mqh:520][lib_ea.mqh:497] Level_TakeProfit => 124.254 / Level_StopLoss => 124.354
Point = 0.001
Bid = 124.324
MyPoint * 10 * _TheTakeProfit = 0.07000000000000001
MyPoint * 10 * _TheStopLoss = 0.03
_TheTakeProfit = 7
_TheStopLoss = 3
[2019.01.22 13:46:01 / lib_ea.mqh:548]
-------------------------------- [new order : buy_DownDown_Sell]
order id = 5206117
[2019.01.22 13:47:13 / ea_44_5.3_2_down-down-buy.mq4:122]
new bar (tick = 22884) (period = 1 / symbol = EURJPY_)
[2019.01.22 13:47:13 / lib_ea.mqh:329]
detect_DownDown_Buy() ==> true (datetime = 2019.01.22 06:46)
[2019.01.22 13:47:13 / ea_44_5.3_2_down-down-buy.mq4:144]
detect_DownDown_Buy() => true) (period = 1 / symbol = EURJPY_)
[2019.01.22 13:47:13 / lib_ea.mqh:393][lib_ea.mqh:370] Level_TakeProfit => 124.38 / Level_StopLoss => 124.28
Point = 0.001
Bid = 124.31
MyPoint * 10 * _TheTakeProfit = 0.07000000000000001
MyPoint * 10 * _TheStopLoss = 0.03
_TheTakeProfit = 7
_TheStopLoss = 3
[2019.01.22 13:47:13 / lib_ea.mqh:421]
-------------------------------- [new order : buy_DownDown_Buy]
order id = 5206120
[2019.01.22 13:47:13 / lib_ea.mqh:520][lib_ea.mqh:497] Level_TakeProfit => 124.251 / Level_StopLoss => 124.351
Point = 0.001
Bid = 124.321
MyPoint * 10 * _TheTakeProfit = 0.07000000000000001
MyPoint * 10 * _TheStopLoss = 0.03
_TheTakeProfit = 7
_TheStopLoss = 3
[2019.01.22 13:47:13 / lib_ea.mqh:548]
-------------------------------- [new order : buy_DownDown_Sell]
order id = 5206122
[2019.01.22 13:48:01 / ea_44_5.3_2_down-down-buy.mq4:122]
new bar (tick = 22975) (period = 1 / symbol = EURJPY_)
[2019.01.22 13:48:01 / lib_ea.mqh:329]
detect_DownDown_Buy() ==> true (datetime = 2019.01.22 06:47)
[2019.01.22 13:48:01 / ea_44_5.3_2_down-down-buy.mq4:144]
detect_DownDown_Buy() => true) (period = 1 / symbol = EURJPY_)
[2019.01.22 13:48:01 / lib_ea.mqh:393][lib_ea.mqh:370] Level_TakeProfit => 124.361 / Level_StopLoss => 124.261
Point = 0.001
Bid = 124.291
MyPoint * 10 * _TheTakeProfit = 0.07000000000000001
MyPoint * 10 * _TheStopLoss = 0.03
_TheTakeProfit = 7
_TheStopLoss = 3
[2019.01.22 13:48:01 / lib_ea.mqh:421]
-------------------------------- [new order : buy_DownDown_Buy]
order id = 5206125
[2019.01.22 13:48:01 / lib_ea.mqh:520][lib_ea.mqh:497] Level_TakeProfit => 124.233 / Level_StopLoss => 124.333
Point = 0.001
Bid = 124.303
MyPoint * 10 * _TheTakeProfit = 0.07000000000000001
MyPoint * 10 * _TheStopLoss = 0.03
_TheTakeProfit = 7
_TheStopLoss = 3
[2019.01.22 13:48:01 / lib_ea.mqh:548]
-------------------------------- [new order : buy_DownDown_Sell]
order id = 5206127
[2019.01.22 13:49:04 / ea_44_5.3_2_down-down-buy.mq4:122]
new bar (tick = 23058) (period = 1 / symbol = EURJPY_)
[2019.01.22 13:49:04 / lib_ea.mqh:329]
detect_DownDown_Buy() ==> true (datetime = 2019.01.22 06:48)
[2019.01.22 13:49:04 / ea_44_5.3_2_down-down-buy.mq4:144]
detect_DownDown_Buy() => true) (period = 1 / symbol = EURJPY_)
[2019.01.22 13:49:04 / lib_ea.mqh:393][lib_ea.mqh:370] Level_TakeProfit => 124.357 / Level_StopLoss => 124.257
Point = 0.001
Bid = 124.287
MyPoint * 10 * _TheTakeProfit = 0.07000000000000001
MyPoint * 10 * _TheStopLoss = 0.03
_TheTakeProfit = 7
_TheStopLoss = 3
[2019.01.22 13:49:04 / lib_ea.mqh:421]
-------------------------------- [new order : buy_DownDown_Buy]
order id = 5206130
[2019.01.22 13:49:04 / lib_ea.mqh:520][lib_ea.mqh:497] Level_TakeProfit => 124.23 / Level_StopLoss => 124.33
Point = 0.001
Bid = 124.3
MyPoint * 10 * _TheTakeProfit = 0.07000000000000001
MyPoint * 10 * _TheStopLoss = 0.03
_TheTakeProfit = 7
_TheStopLoss = 3
[2019.01.22 13:49:05 / lib_ea.mqh:548]
-------------------------------- [new order : buy_DownDown_Sell]
order id = 5206132
[2019.01.22 13:50:01 / ea_44_5.3_2_down-down-buy.mq4:122]
new bar (tick = 23182) (period = 1 / symbol = EURJPY_)
[2019.01.22 13:50:01 / lib_ea.mqh:234]
diff_Latest >= 0 (0.01400000000001) (2019.01.22 06:49)
[2019.01.22 13:50:01 / ea_44_5.3_2_down-down-buy.mq4:144]
detect_DownDown_Buy() => false) (period = 1 / symbol = EURJPY_)
[2019.01.22 13:51:03 / ea_44_5.3_2_down-down-buy.mq4:122]
new bar (tick = 23271) (period = 1 / symbol = EURJPY_)
[2019.01.22 13:51:03 / lib_ea.mqh:234]
diff_Latest >= 0 (0.007000000000005002) (2019.01.22 06:50)
[2019.01.22 13:51:03 / ea_44_5.3_2_down-down-buy.mq4:144]
detect_DownDown_Buy() => false) (period = 1 / symbol = EURJPY_)
[2019.01.22 13:52:01 / ea_44_5.3_2_down-down-buy.mq4:122]
new bar (tick = 23397) (period = 1 / symbol = EURJPY_)
[2019.01.22 13:52:01 / lib_ea.mqh:234]
diff_Latest >= 0 (0.005999999999986017) (2019.01.22 06:51)
[2019.01.22 13:52:01 / ea_44_5.3_2_down-down-buy.mq4:144]
detect_DownDown_Buy() => false) (period = 1 / symbol = EURJPY_)
[2019.01.22 13:53:01 / ea_44_5.3_2_down-down-buy.mq4:122]
new bar (tick = 23455) (period = 1 / symbol = EURJPY_)
[2019.01.22 13:53:01 / lib_ea.mqh:234]
diff_Latest >= 0 (0.01000000000000512) (2019.01.22 06:52)
[2019.01.22 13:53:01 / ea_44_5.3_2_down-down-buy.mq4:144]
detect_DownDown_Buy() => false) (period = 1 / symbol = EURJPY_)
[2019.01.22 13:54:01 / ea_44_5.3_2_down-down-buy.mq4:122]
new bar (tick = 23559) (period = 1 / symbol = EURJPY_)
[2019.01.22 13:54:01 / lib_ea.mqh:234]
diff_Latest >= 0 (0.000999999999990564) (2019.01.22 06:53)
[2019.01.22 13:54:01 / ea_44_5.3_2_down-down-buy.mq4:144]
detect_DownDown_Buy() => false) (period = 1 / symbol = EURJPY_)
[2019.01.22 13:55:05 / ea_44_5.3_2_down-down-buy.mq4:122]
new bar (tick = 23628) (period = 1 / symbol = EURJPY_)
[2019.01.22 13:55:05 / lib_ea.mqh:274]
price_Close_Latest >= ibands_1S_Plus (close = 124.323) (BB.-1 = 124.3085482008806) (2019.01.22 06:54)
[2019.01.22 13:55:05 / ea_44_5.3_2_down-down-buy.mq4:144]
detect_DownDown_Buy() => false) (period = 1 / symbol = EURJPY_)
[2019.01.22 13:56:01 / ea_44_5.3_2_down-down-buy.mq4:122]
new bar (tick = 23775) (period = 1 / symbol = EURJPY_)
[2019.01.22 13:56:01 / lib_ea.mqh:274]
price_Close_Latest >= ibands_1S_Plus (close = 124.311) (BB.-1 = 124.3076358689026) (2019.01.22 06:55)
[2019.01.22 13:56:01 / ea_44_5.3_2_down-down-buy.mq4:144]
detect_DownDown_Buy() => false) (period = 1 / symbol = EURJPY_)
[2019.01.22 13:57:01 / ea_44_5.3_2_down-down-buy.mq4:122]
new bar (tick = 23938) (period = 1 / symbol = EURJPY_)
[2019.01.22 13:57:01 / lib_ea.mqh:234]
diff_Latest >= 0 (0.004999999999995453) (2019.01.22 06:56)
[2019.01.22 13:57:01 / ea_44_5.3_2_down-down-buy.mq4:144]
detect_DownDown_Buy() => false) (period = 1 / symbol = EURJPY_)
[2019.01.22 13:58:01 / ea_44_5.3_2_down-down-buy.mq4:122]
new bar (tick = 24100) (period = 1 / symbol = EURJPY_)
[2019.01.22 13:58:01 / lib_ea.mqh:234]
diff_Latest >= 0 (0.004999999999995453) (2019.01.22 06:57)
[2019.01.22 13:58:01 / ea_44_5.3_2_down-down-buy.mq4:144]
detect_DownDown_Buy() => false) (period = 1 / symbol = EURJPY_)
[2019.01.22 13:59:01 / ea_44_5.3_2_down-down-buy.mq4:122]
new bar (tick = 24222) (period = 1 / symbol = EURJPY_)
[2019.01.22 13:59:01 / lib_ea.mqh:234]
diff_Latest >= 0 (0.01000000000000512) (2019.01.22 06:58)
[2019.01.22 13:59:01 / ea_44_5.3_2_down-down-buy.mq4:144]
detect_DownDown_Buy() => false) (period = 1 / symbol = EURJPY_)
[2019.01.22 14:00:01 / ea_44_5.3_2_down-down-buy.mq4:122]
new bar (tick = 24366) (period = 1 / symbol = EURJPY_)
[2019.01.22 14:00:02 / lib_ea.mqh:234]
diff_Latest >= 0 (0.006999999999990791) (2019.01.22 06:59)
[2019.01.22 14:00:02 / ea_44_5.3_2_down-down-buy.mq4:144]
detect_DownDown_Buy() => false) (period = 1 / symbol = EURJPY_)
[2019.01.22 14:01:03 / ea_44_5.3_2_down-down-buy.mq4:122]
new bar (tick = 24538) (period = 1 / symbol = EURJPY_)
[2019.01.22 14:01:03 / lib_ea.mqh:234]
diff_Latest >= 0 (0) (2019.01.22 07:00)
[2019.01.22 14:01:03 / ea_44_5.3_2_down-down-buy.mq4:144]
detect_DownDown_Buy() => false) (period = 1 / symbol = EURJPY_)
[2019.01.22 14:02:02 / ea_44_5.3_2_down-down-buy.mq4:122]
new bar (tick = 24607) (period = 1 / symbol = EURJPY_)
[2019.01.22 14:02:02 / lib_ea.mqh:234]
diff_Latest >= 0 (0) (2019.01.22 07:01)
[2019.01.22 14:02:02 / ea_44_5.3_2_down-down-buy.mq4:144]
detect_DownDown_Buy() => false) (period = 1 / symbol = EURJPY_)
[2019.01.22 14:03:03 / ea_44_5.3_2_down-down-buy.mq4:122]
new bar (tick = 24755) (period = 1 / symbol = EURJPY_)
[2019.01.22 14:03:03 / lib_ea.mqh:274]
price_Close_Latest >= ibands_1S_Plus (close = 124.332) (BB.-1 = 124.3071082480014) (2019.01.22 07:02)
[2019.01.22 14:03:03 / ea_44_5.3_2_down-down-buy.mq4:144]
detect_DownDown_Buy() => false) (period = 1 / symbol = EURJPY_)
[2019.01.22 14:04:01 / ea_44_5.3_2_down-down-buy.mq4:122]
new bar (tick = 24912) (period = 1 / symbol = EURJPY_)
[2019.01.22 14:04:01 / lib_ea.mqh:234]
diff_Latest >= 0 (0.001999999999995339) (2019.01.22 07:03)
[2019.01.22 14:04:01 / ea_44_5.3_2_down-down-buy.mq4:144]
detect_DownDown_Buy() => false) (period = 1 / symbol = EURJPY_)
[2019.01.22 14:05:01 / ea_44_5.3_2_down-down-buy.mq4:122]
new bar (tick = 25210) (period = 1 / symbol = EURJPY_)
[2019.01.22 14:05:01 / lib_ea.mqh:274]
price_Close_Latest >= ibands_1S_Plus (close = 124.328) (BB.-1 = 124.3070871987327) (2019.01.22 07:04)
[2019.01.22 14:05:01 / ea_44_5.3_2_down-down-buy.mq4:144]
detect_DownDown_Buy() => false) (period = 1 / symbol = EURJPY_)
[2019.01.22 14:06:01 / ea_44_5.3_2_down-down-buy.mq4:122]
new bar (tick = 25335) (period = 1 / symbol = EURJPY_)
[2019.01.22 14:06:01 / lib_ea.mqh:234]
diff_Latest >= 0 (0.001999999999995339) (2019.01.22 07:05)
[2019.01.22 14:06:01 / ea_44_5.3_2_down-down-buy.mq4:144]
detect_DownDown_Buy() => false) (period = 1 / symbol = EURJPY_)
