[2019.01.24 22:56:19 / ea_44_5.3_2_down-down-buy.mq4:300]
Level_TakeProfit => 124.273 / Level_StopLoss => 124.173
Point = 0.001
Bid = 124.203
MyPoint * 10 * _TheTakeProfit = 0.07000000000000001
MyPoint * 10 * _TheStopLoss = 0.03
_TheTakeProfit = 7
_TheStopLoss = 3
[2019.01.24 22:57:03 / ea_44_5.3_2_down-down-buy.mq4:122]
new bar (tick = 582) (period = 1 / symbol = EURJPY_)
[2019.01.24 22:57:03 / lib_ea.mqh:234]
diff_Latest >= 0 (0.09999999999999432) (2019.01.24 15:56)
[2019.01.24 22:57:03 / ea_44_5.3_2_down-down-buy.mq4:144]
detect_DownDown_Buy() => false) (period = 1 / symbol = EURJPY_)
[2019.01.24 22:58:04 / ea_44_5.3_2_down-down-buy.mq4:122]
new bar (tick = 1281) (period = 1 / symbol = EURJPY_)
[2019.01.24 22:58:04 / lib_ea.mqh:274]
price_Close_Latest >= ibands_1S_Plus (close = 124.226) (BB.-1 = 124.0866974218657) (2019.01.24 15:57)
[2019.01.24 22:58:04 / ea_44_5.3_2_down-down-buy.mq4:144]
detect_DownDown_Buy() => false) (period = 1 / symbol = EURJPY_)
[2019.01.24 22:59:04 / ea_44_5.3_2_down-down-buy.mq4:122]
new bar (tick = 1740) (period = 1 / symbol = EURJPY_)
[2019.01.24 22:59:04 / lib_ea.mqh:234]
diff_Latest >= 0 (0.007000000000005002) (2019.01.24 15:58)
[2019.01.24 22:59:04 / ea_44_5.3_2_down-down-buy.mq4:144]
detect_DownDown_Buy() => false) (period = 1 / symbol = EURJPY_)
[2019.01.24 23:00:04 / ea_44_5.3_2_down-down-buy.mq4:122]
new bar (tick = 2267) (period = 1 / symbol = EURJPY_)
[2019.01.24 23:00:04 / lib_ea.mqh:274]
price_Close_Latest >= ibands_1S_Plus (close = 124.19) (BB.-1 = 124.0958152843329) (2019.01.24 15:59)
[2019.01.24 23:00:04 / ea_44_5.3_2_down-down-buy.mq4:144]
detect_DownDown_Buy() => false) (period = 1 / symbol = EURJPY_)
[2019.01.24 23:01:03 / ea_44_5.3_2_down-down-buy.mq4:122]
new bar (tick = 2891) (period = 1 / symbol = EURJPY_)
[2019.01.24 23:01:03 / lib_ea.mqh:234]
diff_Latest >= 0 (0.04899999999999238) (2019.01.24 16:00)
[2019.01.24 23:01:03 / ea_44_5.3_2_down-down-buy.mq4:144]
detect_DownDown_Buy() => false) (period = 1 / symbol = EURJPY_)
[2019.01.24 23:02:04 / ea_44_5.3_2_down-down-buy.mq4:122]
new bar (tick = 3566) (period = 1 / symbol = EURJPY_)
[2019.01.24 23:02:04 / lib_ea.mqh:234]
diff_Latest >= 0 (0.05000000000001137) (2019.01.24 16:01)
[2019.01.24 23:02:04 / ea_44_5.3_2_down-down-buy.mq4:144]
detect_DownDown_Buy() => false) (period = 1 / symbol = EURJPY_)
[2019.01.24 23:03:04 / ea_44_5.3_2_down-down-buy.mq4:122]
new bar (tick = 4246) (period = 1 / symbol = EURJPY_)
[2019.01.24 23:03:04 / lib_ea.mqh:274]
price_Close_Latest >= ibands_1S_Plus (close = 124.285) (BB.-1 = 124.0970931708897) (2019.01.24 16:02)
[2019.01.24 23:03:04 / ea_44_5.3_2_down-down-buy.mq4:144]
detect_DownDown_Buy() => false) (period = 1 / symbol = EURJPY_)
[2019.01.24 23:04:03 / ea_44_5.3_2_down-down-buy.mq4:122]
new bar (tick = 4695) (period = 1 / symbol = EURJPY_)
[2019.01.24 23:04:03 / lib_ea.mqh:234]
diff_Latest >= 0 (0.02300000000001035) (2019.01.24 16:03)
[2019.01.24 23:04:03 / ea_44_5.3_2_down-down-buy.mq4:144]
detect_DownDown_Buy() => false) (period = 1 / symbol = EURJPY_)
[2019.01.24 23:05:04 / ea_44_5.3_2_down-down-buy.mq4:122]
new bar (tick = 5107) (period = 1 / symbol = EURJPY_)
[2019.01.24 23:05:04 / lib_ea.mqh:234]
diff_Latest >= 0 (0.007000000000005002) (2019.01.24 16:04)
[2019.01.24 23:05:04 / ea_44_5.3_2_down-down-buy.mq4:144]
detect_DownDown_Buy() => false) (period = 1 / symbol = EURJPY_)
[2019.01.24 23:06:04 / ea_44_5.3_2_down-down-buy.mq4:122]
new bar (tick = 5518) (period = 1 / symbol = EURJPY_)
[2019.01.24 23:06:04 / lib_ea.mqh:274]
price_Close_Latest >= ibands_1S_Plus (close = 124.283) (BB.-1 = 124.1196380194232) (2019.01.24 16:05)
[2019.01.24 23:06:04 / ea_44_5.3_2_down-down-buy.mq4:144]
detect_DownDown_Buy() => false) (period = 1 / symbol = EURJPY_)
[2019.01.24 23:07:03 / ea_44_5.3_2_down-down-buy.mq4:122]
new bar (tick = 6331) (period = 1 / symbol = EURJPY_)
[2019.01.24 23:07:03 / lib_ea.mqh:234]
diff_Latest >= 0 (0.1469999999999914) (2019.01.24 16:06)
[2019.01.24 23:07:03 / ea_44_5.3_2_down-down-buy.mq4:144]
detect_DownDown_Buy() => false) (period = 1 / symbol = EURJPY_)
[2019.01.24 23:08:03 / ea_44_5.3_2_down-down-buy.mq4:122]
new bar (tick = 7145) (period = 1 / symbol = EURJPY_)
[2019.01.24 23:08:03 / lib_ea.mqh:274]
price_Close_Latest >= ibands_1S_Plus (close = 124.414) (BB.-1 = 124.1292430691746) (2019.01.24 16:07)
[2019.01.24 23:08:03 / ea_44_5.3_2_down-down-buy.mq4:144]
detect_DownDown_Buy() => false) (period = 1 / symbol = EURJPY_)
[2019.01.24 23:09:03 / ea_44_5.3_2_down-down-buy.mq4:122]
new bar (tick = 7876) (period = 1 / symbol = EURJPY_)
[2019.01.24 23:09:03 / lib_ea.mqh:274]
price_Close_Latest >= ibands_1S_Plus (close = 124.389) (BB.-1 = 124.1398010596414) (2019.01.24 16:08)
[2019.01.24 23:09:03 / ea_44_5.3_2_down-down-buy.mq4:144]
detect_DownDown_Buy() => false) (period = 1 / symbol = EURJPY_)
[2019.01.24 23:10:03 / ea_44_5.3_2_down-down-buy.mq4:122]
new bar (tick = 8345) (period = 1 / symbol = EURJPY_)
[2019.01.24 23:10:03 / lib_ea.mqh:234]
diff_Latest >= 0 (0.007000000000005002) (2019.01.24 16:09)
[2019.01.24 23:10:03 / ea_44_5.3_2_down-down-buy.mq4:144]
detect_DownDown_Buy() => false) (period = 1 / symbol = EURJPY_)
[2019.01.24 23:11:03 / ea_44_5.3_2_down-down-buy.mq4:122]
new bar (tick = 8860) (period = 1 / symbol = EURJPY_)
[2019.01.24 23:11:03 / lib_ea.mqh:234]
diff_Latest >= 0 (0.00200000000000955) (2019.01.24 16:10)
[2019.01.24 23:11:03 / ea_44_5.3_2_down-down-buy.mq4:144]
detect_DownDown_Buy() => false) (period = 1 / symbol = EURJPY_)
[2019.01.24 23:12:03 / ea_44_5.3_2_down-down-buy.mq4:122]
new bar (tick = 9434) (period = 1 / symbol = EURJPY_)
[2019.01.24 23:12:03 / lib_ea.mqh:234]
diff_Latest >= 0 (0.005000000000009663) (2019.01.24 16:11)
[2019.01.24 23:12:03 / ea_44_5.3_2_down-down-buy.mq4:144]
detect_DownDown_Buy() => false) (period = 1 / symbol = EURJPY_)
[2019.01.24 23:13:03 / ea_44_5.3_2_down-down-buy.mq4:122]
new bar (tick = 9814) (period = 1 / symbol = EURJPY_)
[2019.01.24 23:13:03 / lib_ea.mqh:274]
price_Close_Latest >= ibands_1S_Plus (close = 124.391) (BB.-1 = 124.2166480644435) (2019.01.24 16:12)
[2019.01.24 23:13:03 / ea_44_5.3_2_down-down-buy.mq4:144]
detect_DownDown_Buy() => false) (period = 1 / symbol = EURJPY_)
[2019.01.24 23:14:04 / ea_44_5.3_2_down-down-buy.mq4:122]
new bar (tick = 10172) (period = 1 / symbol = EURJPY_)
[2019.01.24 23:14:04 / lib_ea.mqh:234]
diff_Latest >= 0 (0.03600000000000136) (2019.01.24 16:13)
[2019.01.24 23:14:04 / ea_44_5.3_2_down-down-buy.mq4:144]
detect_DownDown_Buy() => false) (period = 1 / symbol = EURJPY_)
[2019.01.24 23:15:04 / ea_44_5.3_2_down-down-buy.mq4:122]
new bar (tick = 10923) (period = 1 / symbol = EURJPY_)
[2019.01.24 23:15:04 / lib_ea.mqh:234]
diff_Latest >= 0 (0.07900000000000773) (2019.01.24 16:14)
[2019.01.24 23:15:04 / ea_44_5.3_2_down-down-buy.mq4:144]
detect_DownDown_Buy() => false) (period = 1 / symbol = EURJPY_)
[2019.01.24 23:16:04 / ea_44_5.3_2_down-down-buy.mq4:122]
new bar (tick = 11513) (period = 1 / symbol = EURJPY_)
[2019.01.24 23:16:04 / lib_ea.mqh:234]
diff_Latest >= 0 (0) (2019.01.24 16:15)
[2019.01.24 23:16:04 / ea_44_5.3_2_down-down-buy.mq4:144]
detect_DownDown_Buy() => false) (period = 1 / symbol = EURJPY_)
[2019.01.24 23:17:03 / ea_44_5.3_2_down-down-buy.mq4:122]
new bar (tick = 11993) (period = 1 / symbol = EURJPY_)
[2019.01.24 23:17:03 / lib_ea.mqh:274]
price_Close_Latest >= ibands_1S_Plus (close = 124.492) (BB.-1 = 124.2614336211972) (2019.01.24 16:16)
[2019.01.24 23:17:03 / ea_44_5.3_2_down-down-buy.mq4:144]
detect_DownDown_Buy() => false) (period = 1 / symbol = EURJPY_)
[2019.01.24 23:18:04 / ea_44_5.3_2_down-down-buy.mq4:122]
new bar (tick = 12478) (period = 1 / symbol = EURJPY_)
[2019.01.24 23:18:04 / lib_ea.mqh:274]
price_Close_Latest >= ibands_1S_Plus (close = 124.482) (BB.-1 = 124.2753775187662) (2019.01.24 16:17)
[2019.01.24 23:18:04 / ea_44_5.3_2_down-down-buy.mq4:144]
detect_DownDown_Buy() => false) (period = 1 / symbol = EURJPY_)
[2019.01.24 23:19:03 / ea_44_5.3_2_down-down-buy.mq4:122]
new bar (tick = 12815) (period = 1 / symbol = EURJPY_)
[2019.01.24 23:19:03 / lib_ea.mqh:274]
price_Close_Latest >= ibands_1S_Plus (close = 124.476) (BB.-1 = 124.2902160620281) (2019.01.24 16:18)
[2019.01.24 23:19:03 / ea_44_5.3_2_down-down-buy.mq4:144]
detect_DownDown_Buy() => false) (period = 1 / symbol = EURJPY_)
[2019.01.24 23:20:03 / ea_44_5.3_2_down-down-buy.mq4:122]
new bar (tick = 13177) (period = 1 / symbol = EURJPY_)
[2019.01.24 23:20:03 / lib_ea.mqh:234]
diff_Latest >= 0 (0.01000000000000512) (2019.01.24 16:19)
[2019.01.24 23:20:03 / ea_44_5.3_2_down-down-buy.mq4:144]
detect_DownDown_Buy() => false) (period = 1 / symbol = EURJPY_)
[2019.01.24 23:21:03 / ea_44_5.3_2_down-down-buy.mq4:122]
new bar (tick = 13555) (period = 1 / symbol = EURJPY_)
[2019.01.24 23:21:03 / lib_ea.mqh:234]
diff_Latest >= 0 (0.01200000000000045) (2019.01.24 16:20)
[2019.01.24 23:21:03 / ea_44_5.3_2_down-down-buy.mq4:144]
detect_DownDown_Buy() => false) (period = 1 / symbol = EURJPY_)
[2019.01.24 23:22:04 / ea_44_5.3_2_down-down-buy.mq4:122]
new bar (tick = 13884) (period = 1 / symbol = EURJPY_)
[2019.01.24 23:22:04 / lib_ea.mqh:234]
diff_Latest >= 0 (0.03199999999999648) (2019.01.24 16:21)
[2019.01.24 23:22:04 / ea_44_5.3_2_down-down-buy.mq4:144]
detect_DownDown_Buy() => false) (period = 1 / symbol = EURJPY_)
[2019.01.24 23:23:04 / ea_44_5.3_2_down-down-buy.mq4:122]
new bar (tick = 14250) (period = 1 / symbol = EURJPY_)
[2019.01.24 23:23:04 / lib_ea.mqh:234]
diff_Latest >= 0 (0.03199999999999648) (2019.01.24 16:22)
[2019.01.24 23:23:04 / ea_44_5.3_2_down-down-buy.mq4:144]
detect_DownDown_Buy() => false) (period = 1 / symbol = EURJPY_)
