[2019.01.14 12:49:59 / ea_44_5.3_2_down-down-buy.mq4:116]new bar (tick = 35) (period = 1 / symbol = EURJPY_)
[2019.01.14 12:49:59 / lib_ea.mqh:234]
diff_Latest >= 0 (0.007000000000005002) (2019.01.14 05:49)
[2019.01.14 12:49:59 / ea_44_5.3_2_down-down-buy.mq4:138]detect_DownDown_Buy() => false) (period = 1 / symbol = EURJPY_)
[2019.01.14 12:51:04 / ea_44_5.3_2_down-down-buy.mq4:116]new bar (tick = 61) (period = 1 / symbol = EURJPY_)
[2019.01.14 12:51:04 / lib_ea.mqh:234]
diff_Latest >= 0 (0.003000000000000114) (2019.01.14 05:50)
[2019.01.14 12:51:04 / ea_44_5.3_2_down-down-buy.mq4:138]detect_DownDown_Buy() => false) (period = 1 / symbol = EURJPY_)
[2019.01.14 12:52:16 / ea_44_5.3_2_down-down-buy.mq4:116]new bar (tick = 75) (period = 1 / symbol = EURJPY_)
[2019.01.14 12:52:16 / lib_ea.mqh:234]
diff_Latest >= 0 (0) (2019.01.14 05:51)
[2019.01.14 12:52:16 / ea_44_5.3_2_down-down-buy.mq4:138]detect_DownDown_Buy() => false) (period = 1 / symbol = EURJPY_)
[2019.01.14 12:53:00 / ea_44_5.3_2_down-down-buy.mq4:116]new bar (tick = 99) (period = 1 / symbol = EURJPY_)
[2019.01.14 12:53:00 / lib_ea.mqh:274]
price_Close_Latest >= ibands_1S_Plus (close = 124.009) (BB.-1 = 123.9760429097499) (2019.01.14 05:52)
[2019.01.14 12:53:00 / ea_44_5.3_2_down-down-buy.mq4:138]detect_DownDown_Buy() => false) (period = 1 / symbol = EURJPY_)
[2019.01.14 12:54:07 / ea_44_5.3_2_down-down-buy.mq4:116]new bar (tick = 110) (period = 1 / symbol = EURJPY_)
[2019.01.14 12:54:07 / lib_ea.mqh:234]
diff_Latest >= 0 (0.009000000000000341) (2019.01.14 05:53)
[2019.01.14 12:54:07 / ea_44_5.3_2_down-down-buy.mq4:138]detect_DownDown_Buy() => false) (period = 1 / symbol = EURJPY_)
[2019.01.14 12:55:00 / ea_44_5.3_2_down-down-buy.mq4:116]new bar (tick = 150) (period = 1 / symbol = EURJPY_)
[2019.01.14 12:55:00 / lib_ea.mqh:234]
diff_Latest >= 0 (0) (2019.01.14 05:54)
[2019.01.14 12:55:00 / ea_44_5.3_2_down-down-buy.mq4:138]detect_DownDown_Buy() => false) (period = 1 / symbol = EURJPY_)
[2019.01.14 12:55:59 / ea_44_5.3_2_down-down-buy.mq4:116]new bar (tick = 239) (period = 1 / symbol = EURJPY_)
[2019.01.14 12:55:59 / lib_ea.mqh:274]
price_Close_Latest >= ibands_1S_Plus (close = 124.011) (BB.-1 = 123.9860949835697) (2019.01.14 05:55)
[2019.01.14 12:55:59 / ea_44_5.3_2_down-down-buy.mq4:138]detect_DownDown_Buy() => false) (period = 1 / symbol = EURJPY_)
[2019.01.14 12:56:59 / ea_44_5.3_2_down-down-buy.mq4:116]new bar (tick = 280) (period = 1 / symbol = EURJPY_)
[2019.01.14 12:56:59 / lib_ea.mqh:234]
diff_Latest >= 0 (0.001000000000004775) (2019.01.14 05:56)
[2019.01.14 12:56:59 / ea_44_5.3_2_down-down-buy.mq4:138]detect_DownDown_Buy() => false) (period = 1 / symbol = EURJPY_)
[2019.01.14 12:57:59 / ea_44_5.3_2_down-down-buy.mq4:116]new bar (tick = 360) (period = 1 / symbol = EURJPY_)
[2019.01.14 12:57:59 / lib_ea.mqh:234]
diff_Latest >= 0 (0.003999999999990678) (2019.01.14 05:57)
[2019.01.14 12:57:59 / ea_44_5.3_2_down-down-buy.mq4:138]detect_DownDown_Buy() => false) (period = 1 / symbol = EURJPY_)
[2019.01.14 12:59:00 / ea_44_5.3_2_down-down-buy.mq4:116]new bar (tick = 380) (period = 1 / symbol = EURJPY_)
[2019.01.14 12:59:00 / lib_ea.mqh:234]
diff_Latest >= 0 (0) (2019.01.14 05:58)
[2019.01.14 12:59:00 / ea_44_5.3_2_down-down-buy.mq4:138]detect_DownDown_Buy() => false) (period = 1 / symbol = EURJPY_)
[2019.01.14 12:59:59 / ea_44_5.3_2_down-down-buy.mq4:116]new bar (tick = 429) (period = 1 / symbol = EURJPY_)
[2019.01.14 12:59:59 / lib_ea.mqh:234]
diff_Latest >= 0 (0.01400000000001) (2019.01.14 05:59)
[2019.01.14 12:59:59 / ea_44_5.3_2_down-down-buy.mq4:138]detect_DownDown_Buy() => false) (period = 1 / symbol = EURJPY_)
[2019.01.14 13:01:00 / ea_44_5.3_2_down-down-buy.mq4:116]new bar (tick = 487) (period = 1 / symbol = EURJPY_)
[2019.01.14 13:01:00 / lib_ea.mqh:234]
diff_Latest >= 0 (0.003000000000000114) (2019.01.14 06:00)
[2019.01.14 13:01:00 / ea_44_5.3_2_down-down-buy.mq4:138]detect_DownDown_Buy() => false) (period = 1 / symbol = EURJPY_)
[2019.01.14 13:01:58 / ea_44_5.3_2_down-down-buy.mq4:116]new bar (tick = 550) (period = 1 / symbol = EURJPY_)
[2019.01.14 13:01:58 / lib_ea.mqh:274]
price_Close_Latest >= ibands_1S_Plus (close = 124.033) (BB.-1 = 124.0014592832392) (2019.01.14 06:01)
[2019.01.14 13:01:58 / ea_44_5.3_2_down-down-buy.mq4:138]detect_DownDown_Buy() => false) (period = 1 / symbol = EURJPY_)
[2019.01.14 13:03:02 / ea_44_5.3_2_down-down-buy.mq4:116]new bar (tick = 581) (period = 1 / symbol = EURJPY_)
[2019.01.14 13:03:02 / lib_ea.mqh:274]
price_Close_Latest >= ibands_1S_Plus (close = 124.029) (BB.-1 = 124.0035627325278) (2019.01.14 06:02)
[2019.01.14 13:03:02 / ea_44_5.3_2_down-down-buy.mq4:138]detect_DownDown_Buy() => false) (period = 1 / symbol = EURJPY_)
[2019.01.14 13:04:01 / ea_44_5.3_2_down-down-buy.mq4:116]new bar (tick = 624) (period = 1 / symbol = EURJPY_)
[2019.01.14 13:04:01 / lib_ea.mqh:274]
price_Close_Latest >= ibands_1S_Plus (close = 124.027) (BB.-1 = 124.0068521909691) (2019.01.14 06:03)
[2019.01.14 13:04:01 / ea_44_5.3_2_down-down-buy.mq4:138]detect_DownDown_Buy() => false) (period = 1 / symbol = EURJPY_)
[2019.01.14 13:04:59 / ea_44_5.3_2_down-down-buy.mq4:116]new bar (tick = 672) (period = 1 / symbol = EURJPY_)
[2019.01.14 13:04:59 / lib_ea.mqh:274]
price_Close_Latest >= ibands_1S_Plus (close = 124.027) (BB.-1 = 124.00819684263) (2019.01.14 06:04)
[2019.01.14 13:04:59 / ea_44_5.3_2_down-down-buy.mq4:138]detect_DownDown_Buy() => false) (period = 1 / symbol = EURJPY_)
[2019.01.14 13:05:59 / ea_44_5.3_2_down-down-buy.mq4:116]new bar (tick = 721) (period = 1 / symbol = EURJPY_)
[2019.01.14 13:05:59 / lib_ea.mqh:274]
price_Close_Latest >= ibands_1S_Plus (close = 124.015) (BB.-1 = 124.0086833482409) (2019.01.14 06:05)
[2019.01.14 13:05:59 / ea_44_5.3_2_down-down-buy.mq4:138]detect_DownDown_Buy() => false) (period = 1 / symbol = EURJPY_)
[2019.01.14 13:06:59 / ea_44_5.3_2_down-down-buy.mq4:116]new bar (tick = 784) (period = 1 / symbol = EURJPY_)
[2019.01.14 13:06:59 / lib_ea.mqh:234]
diff_Latest >= 0 (0.001999999999995339) (2019.01.14 06:06)
[2019.01.14 13:06:59 / ea_44_5.3_2_down-down-buy.mq4:138]detect_DownDown_Buy() => false) (period = 1 / symbol = EURJPY_)
[2019.01.14 13:08:00 / ea_44_5.3_2_down-down-buy.mq4:116]new bar (tick = 810) (period = 1 / symbol = EURJPY_)
[2019.01.14 13:08:00 / lib_ea.mqh:234]
diff_Latest >= 0 (0) (2019.01.14 06:07)
[2019.01.14 13:08:00 / ea_44_5.3_2_down-down-buy.mq4:138]detect_DownDown_Buy() => false) (period = 1 / symbol = EURJPY_)
[2019.01.14 13:09:07 / ea_44_5.3_2_down-down-buy.mq4:116]new bar (tick = 836) (period = 1 / symbol = EURJPY_)
[2019.01.14 13:09:07 / lib_ea.mqh:274]
price_Close_Latest >= ibands_1S_Plus (close = 124.016) (BB.-1 = 124.0125522112169) (2019.01.14 06:08)
[2019.01.14 13:09:07 / ea_44_5.3_2_down-down-buy.mq4:138]detect_DownDown_Buy() => false) (period = 1 / symbol = EURJPY_)
[2019.01.14 13:09:59 / ea_44_5.3_2_down-down-buy.mq4:116]new bar (tick = 908) (period = 1 / symbol = EURJPY_)
[2019.01.14 13:09:59 / lib_ea.mqh:329]
detect_DownDown_Buy() ==> true (datetime = 2019.01.14 06:09)
[2019.01.14 13:09:59 / ea_44_5.3_2_down-down-buy.mq4:138]detect_DownDown_Buy() => true) (period = 1 / symbol = EURJPY_)
[2019.01.14 13:10:59 / ea_44_5.3_2_down-down-buy.mq4:116]new bar (tick = 941) (period = 1 / symbol = EURJPY_)
[2019.01.14 13:10:59 / lib_ea.mqh:234]
diff_Latest >= 0 (0.006000000000000227) (2019.01.14 06:10)
[2019.01.14 13:10:59 / ea_44_5.3_2_down-down-buy.mq4:138]detect_DownDown_Buy() => false) (period = 1 / symbol = EURJPY_)
[2019.01.14 13:12:17 / ea_44_5.3_2_down-down-buy.mq4:116]new bar (tick = 959) (period = 1 / symbol = EURJPY_)
[2019.01.14 13:12:17 / lib_ea.mqh:234]
diff_Latest >= 0 (0.001000000000004775) (2019.01.14 06:11)
[2019.01.14 13:12:17 / ea_44_5.3_2_down-down-buy.mq4:138]detect_DownDown_Buy() => false) (period = 1 / symbol = EURJPY_)
[2019.01.14 13:12:59 / ea_44_5.3_2_down-down-buy.mq4:116]new bar (tick = 986) (period = 1 / symbol = EURJPY_)
[2019.01.14 13:12:59 / lib_ea.mqh:234]
diff_Latest >= 0 (0.009000000000000341) (2019.01.14 06:12)
[2019.01.14 13:12:59 / ea_44_5.3_2_down-down-buy.mq4:138]detect_DownDown_Buy() => false) (period = 1 / symbol = EURJPY_)
[2019.01.14 13:14:09 / ea_44_5.3_2_down-down-buy.mq4:116]new bar (tick = 1020) (period = 1 / symbol = EURJPY_)
[2019.01.14 13:14:09 / lib_ea.mqh:234]
diff_Latest >= 0 (0.01600000000000534) (2019.01.14 06:13)
[2019.01.14 13:14:09 / ea_44_5.3_2_down-down-buy.mq4:138]detect_DownDown_Buy() => false) (period = 1 / symbol = EURJPY_)
[2019.01.14 13:15:01 / ea_44_5.3_2_down-down-buy.mq4:116]new bar (tick = 1041) (period = 1 / symbol = EURJPY_)
[2019.01.14 13:15:01 / lib_ea.mqh:234]
diff_Latest >= 0 (0.007999999999995566) (2019.01.14 06:14)
[2019.01.14 13:15:01 / ea_44_5.3_2_down-down-buy.mq4:138]detect_DownDown_Buy() => false) (period = 1 / symbol = EURJPY_)
[2019.01.14 13:15:59 / ea_44_5.3_2_down-down-buy.mq4:116]new bar (tick = 1054) (period = 1 / symbol = EURJPY_)
[2019.01.14 13:15:59 / lib_ea.mqh:234]
diff_Latest >= 0 (0) (2019.01.14 06:15)
[2019.01.14 13:15:59 / ea_44_5.3_2_down-down-buy.mq4:138]detect_DownDown_Buy() => false) (period = 1 / symbol = EURJPY_)
[2019.01.14 13:17:02 / ea_44_5.3_2_down-down-buy.mq4:116]new bar (tick = 1077) (period = 1 / symbol = EURJPY_)
[2019.01.14 13:17:02 / lib_ea.mqh:234]
diff_Latest >= 0 (0.008000000000009777) (2019.01.14 06:16)
[2019.01.14 13:17:02 / ea_44_5.3_2_down-down-buy.mq4:138]detect_DownDown_Buy() => false) (period = 1 / symbol = EURJPY_)
