[2019.01.15 14:56:00 / ea_44_5.3_2_down-down-buy.mq4:116]new bar (tick = 56) (period = 1 / symbol = EURJPY_)
[2019.01.15 14:56:00 / lib_ea.mqh:234]
diff_Latest >= 0 (0.003000000000000114) (2019.01.15 07:55)
[2019.01.15 14:56:00 / ea_44_5.3_2_down-down-buy.mq4:138]detect_DownDown_Buy() => false) (period = 1 / symbol = EURJPY_)
[2019.01.15 14:57:00 / ea_44_5.3_2_down-down-buy.mq4:116]new bar (tick = 204) (period = 1 / symbol = EURJPY_)
[2019.01.15 14:57:00 / lib_ea.mqh:234]
diff_Latest >= 0 (0.03399999999999181) (2019.01.15 07:56)
[2019.01.15 14:57:00 / ea_44_5.3_2_down-down-buy.mq4:138]detect_DownDown_Buy() => false) (period = 1 / symbol = EURJPY_)
[2019.01.15 14:58:00 / ea_44_5.3_2_down-down-buy.mq4:116]new bar (tick = 331) (period = 1 / symbol = EURJPY_)
[2019.01.15 14:58:00 / lib_ea.mqh:274]
price_Close_Latest >= ibands_1S_Plus (close = 124.814) (BB.-1 = 124.7482062938129) (2019.01.15 07:57)
[2019.01.15 14:58:00 / ea_44_5.3_2_down-down-buy.mq4:138]detect_DownDown_Buy() => false) (period = 1 / symbol = EURJPY_)
[2019.01.15 14:59:00 / ea_44_5.3_2_down-down-buy.mq4:116]new bar (tick = 493) (period = 1 / symbol = EURJPY_)
[2019.01.15 14:59:00 / lib_ea.mqh:234]
diff_Latest >= 0 (0.02300000000001035) (2019.01.15 07:58)
[2019.01.15 14:59:00 / ea_44_5.3_2_down-down-buy.mq4:138]detect_DownDown_Buy() => false) (period = 1 / symbol = EURJPY_)
[2019.01.15 15:00:00 / ea_44_5.3_2_down-down-buy.mq4:116]new bar (tick = 667) (period = 1 / symbol = EURJPY_)
[2019.01.15 15:00:00 / lib_ea.mqh:274]
price_Close_Latest >= ibands_1S_Plus (close = 124.838) (BB.-1 = 124.7511967025114) (2019.01.15 07:59)
[2019.01.15 15:00:00 / ea_44_5.3_2_down-down-buy.mq4:138]detect_DownDown_Buy() => false) (period = 1 / symbol = EURJPY_)
[2019.01.15 15:01:00 / ea_44_5.3_2_down-down-buy.mq4:116]new bar (tick = 845) (period = 1 / symbol = EURJPY_)
[2019.01.15 15:01:00 / lib_ea.mqh:234]
diff_Latest >= 0 (0.009000000000000341) (2019.01.15 08:00)
[2019.01.15 15:01:00 / ea_44_5.3_2_down-down-buy.mq4:138]detect_DownDown_Buy() => false) (period = 1 / symbol = EURJPY_)
[2019.01.15 15:02:00 / ea_44_5.3_2_down-down-buy.mq4:116]new bar (tick = 1015) (period = 1 / symbol = EURJPY_)
[2019.01.15 15:02:00 / lib_ea.mqh:274]
price_Close_Latest >= ibands_1S_Plus (close = 124.812) (BB.-1 = 124.7585079942845) (2019.01.15 08:01)
[2019.01.15 15:02:00 / ea_44_5.3_2_down-down-buy.mq4:138]detect_DownDown_Buy() => false) (period = 1 / symbol = EURJPY_)
[2019.01.15 15:03:00 / ea_44_5.3_2_down-down-buy.mq4:116]new bar (tick = 1113) (period = 1 / symbol = EURJPY_)
[2019.01.15 15:03:00 / lib_ea.mqh:274]
price_Close_Latest >= ibands_1S_Plus (close = 124.811) (BB.-1 = 124.7616942912216) (2019.01.15 08:02)
[2019.01.15 15:03:00 / ea_44_5.3_2_down-down-buy.mq4:138]detect_DownDown_Buy() => false) (period = 1 / symbol = EURJPY_)
[2019.01.15 15:04:00 / ea_44_5.3_2_down-down-buy.mq4:116]new bar (tick = 1227) (period = 1 / symbol = EURJPY_)
[2019.01.15 15:04:00 / lib_ea.mqh:274]
price_Close_Latest >= ibands_1S_Plus (close = 124.801) (BB.-1 = 124.7641277914) (2019.01.15 08:03)
[2019.01.15 15:04:00 / ea_44_5.3_2_down-down-buy.mq4:138]detect_DownDown_Buy() => false) (period = 1 / symbol = EURJPY_)
[2019.01.15 15:05:04 / ea_44_5.3_2_down-down-buy.mq4:116]new bar (tick = 1356) (period = 1 / symbol = EURJPY_)
[2019.01.15 15:05:04 / lib_ea.mqh:234]
diff_Latest >= 0 (0.001000000000004775) (2019.01.15 08:04)
[2019.01.15 15:05:04 / ea_44_5.3_2_down-down-buy.mq4:138]detect_DownDown_Buy() => false) (period = 1 / symbol = EURJPY_)
[2019.01.15 15:06:00 / ea_44_5.3_2_down-down-buy.mq4:116]new bar (tick = 1444) (period = 1 / symbol = EURJPY_)
[2019.01.15 15:06:00 / lib_ea.mqh:274]
price_Close_Latest >= ibands_1S_Plus (close = 124.792) (BB.-1 = 124.7687980447642) (2019.01.15 08:05)
[2019.01.15 15:06:00 / ea_44_5.3_2_down-down-buy.mq4:138]detect_DownDown_Buy() => false) (period = 1 / symbol = EURJPY_)
[2019.01.15 15:07:00 / ea_44_5.3_2_down-down-buy.mq4:116]new bar (tick = 1579) (period = 1 / symbol = EURJPY_)
[2019.01.15 15:07:00 / lib_ea.mqh:234]
diff_Latest >= 0 (0.001999999999995339) (2019.01.15 08:06)
[2019.01.15 15:07:00 / ea_44_5.3_2_down-down-buy.mq4:138]detect_DownDown_Buy() => false) (period = 1 / symbol = EURJPY_)
[2019.01.15 15:08:05 / ea_44_5.3_2_down-down-buy.mq4:116]new bar (tick = 1661) (period = 1 / symbol = EURJPY_)
[2019.01.15 15:08:05 / lib_ea.mqh:234]
diff_Latest >= 0 (0.01200000000000045) (2019.01.15 08:07)
[2019.01.15 15:08:05 / ea_44_5.3_2_down-down-buy.mq4:138]detect_DownDown_Buy() => false) (period = 1 / symbol = EURJPY_)
[2019.01.15 15:09:01 / ea_44_5.3_2_down-down-buy.mq4:116]new bar (tick = 1757) (period = 1 / symbol = EURJPY_)
[2019.01.15 15:09:01 / lib_ea.mqh:274]
price_Close_Latest >= ibands_1S_Plus (close = 124.797) (BB.-1 = 124.7786139603275) (2019.01.15 08:08)
[2019.01.15 15:09:01 / ea_44_5.3_2_down-down-buy.mq4:138]detect_DownDown_Buy() => false) (period = 1 / symbol = EURJPY_)
[2019.01.15 15:10:01 / ea_44_5.3_2_down-down-buy.mq4:116]new bar (tick = 1859) (period = 1 / symbol = EURJPY_)
[2019.01.15 15:10:01 / lib_ea.mqh:274]
price_Close_Latest >= ibands_1S_Plus (close = 124.785) (BB.-1 = 124.7828555218487) (2019.01.15 08:09)
[2019.01.15 15:10:01 / ea_44_5.3_2_down-down-buy.mq4:138]detect_DownDown_Buy() => false) (period = 1 / symbol = EURJPY_)
[2019.01.15 15:11:01 / ea_44_5.3_2_down-down-buy.mq4:116]new bar (tick = 1967) (period = 1 / symbol = EURJPY_)
[2019.01.15 15:11:01 / lib_ea.mqh:329]
detect_DownDown_Buy() ==> true (datetime = 2019.01.15 08:10)
[2019.01.15 15:11:01 / ea_44_5.3_2_down-down-buy.mq4:138]detect_DownDown_Buy() => true) (period = 1 / symbol = EURJPY_)
[2019.01.15 15:11:01 / lib_ea.mqh:374][lib_ea.mqh:361] Level_TakeProfit => 124.962 / Level_StopLoss => 124.662
Point = 0.001
Bid = 124.762
[2019.01.15 15:12:00 / ea_44_5.3_2_down-down-buy.mq4:116]new bar (tick = 2062) (period = 1 / symbol = EURJPY_)
[2019.01.15 15:12:00 / lib_ea.mqh:234]
diff_Latest >= 0 (0.004999999999995453) (2019.01.15 08:11)
[2019.01.15 15:12:00 / ea_44_5.3_2_down-down-buy.mq4:138]detect_DownDown_Buy() => false) (period = 1 / symbol = EURJPY_)
[2019.01.15 15:13:00 / ea_44_5.3_2_down-down-buy.mq4:116]new bar (tick = 2122) (period = 1 / symbol = EURJPY_)
[2019.01.15 15:13:00 / lib_ea.mqh:310]
diff_SecondLatest >= 0 (diff = 0.004999999999995453)(2019.01.15 08:11)
[2019.01.15 15:13:00 / ea_44_5.3_2_down-down-buy.mq4:138]detect_DownDown_Buy() => false) (period = 1 / symbol = EURJPY_)
[2019.01.15 15:14:08 / ea_44_5.3_2_down-down-buy.mq4:116]new bar (tick = 2169) (period = 1 / symbol = EURJPY_)
[2019.01.15 15:14:08 / lib_ea.mqh:234]
diff_Latest >= 0 (0.006000000000000227) (2019.01.15 08:13)
[2019.01.15 15:14:08 / ea_44_5.3_2_down-down-buy.mq4:138]detect_DownDown_Buy() => false) (period = 1 / symbol = EURJPY_)
[2019.01.15 15:15:01 / ea_44_5.3_2_down-down-buy.mq4:116]new bar (tick = 2290) (period = 1 / symbol = EURJPY_)
[2019.01.15 15:15:01 / lib_ea.mqh:234]
diff_Latest >= 0 (0.009999999999990905) (2019.01.15 08:14)
[2019.01.15 15:15:01 / ea_44_5.3_2_down-down-buy.mq4:138]detect_DownDown_Buy() => false) (period = 1 / symbol = EURJPY_)
[2019.01.15 15:16:02 / ea_44_5.3_2_down-down-buy.mq4:116]new bar (tick = 2390) (period = 1 / symbol = EURJPY_)
[2019.01.15 15:16:02 / lib_ea.mqh:310]
diff_SecondLatest >= 0 (diff = 0.009999999999990905)(2019.01.15 08:14)
[2019.01.15 15:16:02 / ea_44_5.3_2_down-down-buy.mq4:138]detect_DownDown_Buy() => false) (period = 1 / symbol = EURJPY_)
[2019.01.15 15:17:00 / ea_44_5.3_2_down-down-buy.mq4:116]new bar (tick = 2439) (period = 1 / symbol = EURJPY_)
[2019.01.15 15:17:00 / lib_ea.mqh:329]
detect_DownDown_Buy() ==> true (datetime = 2019.01.15 08:16)
[2019.01.15 15:17:00 / ea_44_5.3_2_down-down-buy.mq4:138]detect_DownDown_Buy() => true) (period = 1 / symbol = EURJPY_)
[2019.01.15 15:17:00 / lib_ea.mqh:374][lib_ea.mqh:361] Level_TakeProfit => 124.963 / Level_StopLoss => 124.663
Point = 0.001
Bid = 124.763
