[2019.01.15 07:43:01 / ea_44_5.3_2_down-down-buy.mq4:116]new bar (tick = 105) (period = 1 / symbol = EURJPY_)
[2019.01.15 07:43:01 / lib_ea.mqh:234]
diff_Latest >= 0 (0) (2019.01.15 00:42)
[2019.01.15 07:43:01 / ea_44_5.3_2_down-down-buy.mq4:138]detect_DownDown_Buy() => false) (period = 1 / symbol = EURJPY_)
[2019.01.15 07:44:00 / ea_44_5.3_2_down-down-buy.mq4:116]new bar (tick = 157) (period = 1 / symbol = EURJPY_)
[2019.01.15 07:44:00 / lib_ea.mqh:234]
diff_Latest >= 0 (0.009000000000000341) (2019.01.15 00:43)
[2019.01.15 07:44:00 / ea_44_5.3_2_down-down-buy.mq4:138]detect_DownDown_Buy() => false) (period = 1 / symbol = EURJPY_)
[2019.01.15 07:45:00 / ea_44_5.3_2_down-down-buy.mq4:116]new bar (tick = 270) (period = 1 / symbol = EURJPY_)
[2019.01.15 07:45:00 / lib_ea.mqh:234]
diff_Latest >= 0 (0.01999999999999602) (2019.01.15 00:44)
[2019.01.15 07:45:00 / ea_44_5.3_2_down-down-buy.mq4:138]detect_DownDown_Buy() => false) (period = 1 / symbol = EURJPY_)
[2019.01.15 07:46:00 / ea_44_5.3_2_down-down-buy.mq4:116]new bar (tick = 504) (period = 1 / symbol = EURJPY_)
[2019.01.15 07:46:00 / lib_ea.mqh:274]
price_Close_Latest >= ibands_1S_Plus (close = 124.041) (BB.-1 = 124.0065929318163) (2019.01.15 00:45)
[2019.01.15 07:46:00 / ea_44_5.3_2_down-down-buy.mq4:138]detect_DownDown_Buy() => false) (period = 1 / symbol = EURJPY_)
[2019.01.15 07:47:10 / ea_44_5.3_2_down-down-buy.mq4:116]new bar (tick = 599) (period = 1 / symbol = EURJPY_)
[2019.01.15 07:47:10 / lib_ea.mqh:274]
price_Close_Latest >= ibands_1S_Plus (close = 124.035) (BB.-1 = 124.006702336704) (2019.01.15 00:46)
[2019.01.15 07:47:10 / ea_44_5.3_2_down-down-buy.mq4:138]detect_DownDown_Buy() => false) (period = 1 / symbol = EURJPY_)
[2019.01.15 07:48:00 / ea_44_5.3_2_down-down-buy.mq4:116]new bar (tick = 689) (period = 1 / symbol = EURJPY_)
[2019.01.15 07:48:00 / lib_ea.mqh:234]
diff_Latest >= 0 (0.001000000000004775) (2019.01.15 00:47)
[2019.01.15 07:48:00 / ea_44_5.3_2_down-down-buy.mq4:138]detect_DownDown_Buy() => false) (period = 1 / symbol = EURJPY_)
[2019.01.15 07:49:02 / ea_44_5.3_2_down-down-buy.mq4:116]new bar (tick = 750) (period = 1 / symbol = EURJPY_)
[2019.01.15 07:49:02 / lib_ea.mqh:234]
diff_Latest >= 0 (0.003000000000000114) (2019.01.15 00:48)
[2019.01.15 07:49:02 / ea_44_5.3_2_down-down-buy.mq4:138]detect_DownDown_Buy() => false) (period = 1 / symbol = EURJPY_)
[2019.01.15 07:50:13 / ea_44_5.3_2_down-down-buy.mq4:116]new bar (tick = 785) (period = 1 / symbol = EURJPY_)
[2019.01.15 07:50:13 / lib_ea.mqh:234]
diff_Latest >= 0 (0.001000000000004775) (2019.01.15 00:49)
[2019.01.15 07:50:13 / ea_44_5.3_2_down-down-buy.mq4:138]detect_DownDown_Buy() => false) (period = 1 / symbol = EURJPY_)
[2019.01.15 07:51:05 / ea_44_5.3_2_down-down-buy.mq4:116]new bar (tick = 814) (period = 1 / symbol = EURJPY_)
[2019.01.15 07:51:05 / lib_ea.mqh:234]
diff_Latest >= 0 (0) (2019.01.15 00:50)
[2019.01.15 07:51:05 / ea_44_5.3_2_down-down-buy.mq4:138]detect_DownDown_Buy() => false) (period = 1 / symbol = EURJPY_)
[2019.01.15 07:52:04 / ea_44_5.3_2_down-down-buy.mq4:116]new bar (tick = 846) (period = 1 / symbol = EURJPY_)
[2019.01.15 07:52:04 / lib_ea.mqh:234]
diff_Latest >= 0 (0) (2019.01.15 00:51)
[2019.01.15 07:52:04 / ea_44_5.3_2_down-down-buy.mq4:138]detect_DownDown_Buy() => false) (period = 1 / symbol = EURJPY_)
[2019.01.15 07:53:00 / ea_44_5.3_2_down-down-buy.mq4:116]new bar (tick = 979) (period = 1 / symbol = EURJPY_)
[2019.01.15 07:53:00 / lib_ea.mqh:234]
diff_Latest >= 0 (0.004000000000004889) (2019.01.15 00:52)
[2019.01.15 07:53:00 / ea_44_5.3_2_down-down-buy.mq4:138]detect_DownDown_Buy() => false) (period = 1 / symbol = EURJPY_)
[2019.01.15 07:54:00 / ea_44_5.3_2_down-down-buy.mq4:116]new bar (tick = 1054) (period = 1 / symbol = EURJPY_)
[2019.01.15 07:54:00 / lib_ea.mqh:274]
price_Close_Latest >= ibands_1S_Plus (close = 124.04) (BB.-1 = 124.0136315469894) (2019.01.15 00:53)
[2019.01.15 07:54:00 / ea_44_5.3_2_down-down-buy.mq4:138]detect_DownDown_Buy() => false) (period = 1 / symbol = EURJPY_)
[2019.01.15 07:55:00 / ea_44_5.3_2_down-down-buy.mq4:116]new bar (tick = 1188) (period = 1 / symbol = EURJPY_)
[2019.01.15 07:55:00 / lib_ea.mqh:234]
diff_Latest >= 0 (0) (2019.01.15 00:54)
[2019.01.15 07:55:00 / ea_44_5.3_2_down-down-buy.mq4:138]detect_DownDown_Buy() => false) (period = 1 / symbol = EURJPY_)
[2019.01.15 07:56:00 / ea_44_5.3_2_down-down-buy.mq4:116]new bar (tick = 1346) (period = 1 / symbol = EURJPY_)
[2019.01.15 07:56:00 / lib_ea.mqh:234]
diff_Latest >= 0 (0.007999999999995566) (2019.01.15 00:55)
[2019.01.15 07:56:00 / ea_44_5.3_2_down-down-buy.mq4:138]detect_DownDown_Buy() => false) (period = 1 / symbol = EURJPY_)
[2019.01.15 07:57:00 / ea_44_5.3_2_down-down-buy.mq4:116]new bar (tick = 1673) (period = 1 / symbol = EURJPY_)
[2019.01.15 07:57:00 / lib_ea.mqh:274]
price_Close_Latest >= ibands_1S_Plus (close = 124.045) (BB.-1 = 124.0173582432577) (2019.01.15 00:56)
[2019.01.15 07:57:00 / ea_44_5.3_2_down-down-buy.mq4:138]detect_DownDown_Buy() => false) (period = 1 / symbol = EURJPY_)
[2019.01.15 07:58:04 / ea_44_5.3_2_down-down-buy.mq4:116]new bar (tick = 1924) (period = 1 / symbol = EURJPY_)
[2019.01.15 07:58:04 / lib_ea.mqh:274]
price_Close_Latest >= ibands_1S_Plus (close = 124.029) (BB.-1 = 124.0193069740496) (2019.01.15 00:57)
[2019.01.15 07:58:04 / ea_44_5.3_2_down-down-buy.mq4:138]detect_DownDown_Buy() => false) (period = 1 / symbol = EURJPY_)
[2019.01.15 07:59:03 / ea_44_5.3_2_down-down-buy.mq4:116]new bar (tick = 1953) (period = 1 / symbol = EURJPY_)
[2019.01.15 07:59:03 / lib_ea.mqh:329]
detect_DownDown_Buy() ==> true (datetime = 2019.01.15 00:58)
[2019.01.15 07:59:03 / ea_44_5.3_2_down-down-buy.mq4:138]detect_DownDown_Buy() => true) (period = 1 / symbol = EURJPY_)
[2019.01.15 07:59:03 / lib_ea.mqh:374][lib_ea.mqh:361] Level_TakeProfit => 124.213 / Level_StopLoss => 123.913
Point = 0.001
Bid = 124.013
[2019.01.15 08:00:00 / ea_44_5.3_2_down-down-buy.mq4:116]new bar (tick = 2037) (period = 1 / symbol = EURJPY_)
[2019.01.15 08:00:00 / lib_ea.mqh:329]
detect_DownDown_Buy() ==> true (datetime = 2019.01.15 00:59)
[2019.01.15 08:00:00 / ea_44_5.3_2_down-down-buy.mq4:138]detect_DownDown_Buy() => true) (period = 1 / symbol = EURJPY_)
[2019.01.15 08:00:00 / lib_ea.mqh:374][lib_ea.mqh:361] Level_TakeProfit => 124.207 / Level_StopLoss => 123.907
Point = 0.001
Bid = 124.007
[2019.01.15 08:01:00 / ea_44_5.3_2_down-down-buy.mq4:116]new bar (tick = 2377) (period = 1 / symbol = EURJPY_)
[2019.01.15 08:01:00 / lib_ea.mqh:234]
diff_Latest >= 0 (0.02900000000001057) (2019.01.15 01:00)
[2019.01.15 08:01:00 / ea_44_5.3_2_down-down-buy.mq4:138]detect_DownDown_Buy() => false) (period = 1 / symbol = EURJPY_)
[2019.01.15 08:02:00 / ea_44_5.3_2_down-down-buy.mq4:116]new bar (tick = 2563) (period = 1 / symbol = EURJPY_)
[2019.01.15 08:02:00 / lib_ea.mqh:274]
price_Close_Latest >= ibands_1S_Plus (close = 124.038) (BB.-1 = 124.0242162029782) (2019.01.15 01:01)
[2019.01.15 08:02:00 / ea_44_5.3_2_down-down-buy.mq4:138]detect_DownDown_Buy() => false) (period = 1 / symbol = EURJPY_)
[2019.01.15 08:03:01 / ea_44_5.3_2_down-down-buy.mq4:116]new bar (tick = 2753) (period = 1 / symbol = EURJPY_)
[2019.01.15 08:03:01 / lib_ea.mqh:329]
detect_DownDown_Buy() ==> true (datetime = 2019.01.15 01:02)
[2019.01.15 08:03:01 / ea_44_5.3_2_down-down-buy.mq4:138]detect_DownDown_Buy() => true) (period = 1 / symbol = EURJPY_)
[2019.01.15 08:03:01 / lib_ea.mqh:374][lib_ea.mqh:361] Level_TakeProfit => 124.223 / Level_StopLoss => 123.923
Point = 0.001
Bid = 124.023
[2019.01.15 08:04:11 / ea_44_5.3_2_down-down-buy.mq4:116]new bar (tick = 2808) (period = 1 / symbol = EURJPY_)
[2019.01.15 08:04:11 / lib_ea.mqh:234]
diff_Latest >= 0 (0.009000000000000341) (2019.01.15 01:03)
[2019.01.15 08:04:11 / ea_44_5.3_2_down-down-buy.mq4:138]detect_DownDown_Buy() => false) (period = 1 / symbol = EURJPY_)
[2019.01.15 08:05:00 / ea_44_5.3_2_down-down-buy.mq4:116]new bar (tick = 2836) (period = 1 / symbol = EURJPY_)
[2019.01.15 08:05:00 / lib_ea.mqh:274]
price_Close_Latest >= ibands_1S_Plus (close = 124.032) (BB.-1 = 124.0265919031042) (2019.01.15 01:04)
[2019.01.15 08:05:00 / ea_44_5.3_2_down-down-buy.mq4:138]detect_DownDown_Buy() => false) (period = 1 / symbol = EURJPY_)
[2019.01.15 08:06:06 / ea_44_5.3_2_down-down-buy.mq4:116]new bar (tick = 2872) (period = 1 / symbol = EURJPY_)
[2019.01.15 08:06:06 / lib_ea.mqh:234]
diff_Latest >= 0 (0.01200000000000045) (2019.01.15 01:05)
[2019.01.15 08:06:06 / ea_44_5.3_2_down-down-buy.mq4:138]detect_DownDown_Buy() => false) (period = 1 / symbol = EURJPY_)
[2019.01.15 08:07:04 / ea_44_5.3_2_down-down-buy.mq4:116]new bar (tick = 2888) (period = 1 / symbol = EURJPY_)
[2019.01.15 08:07:04 / lib_ea.mqh:234]
diff_Latest >= 0 (0.01000000000000512) (2019.01.15 01:06)
[2019.01.15 08:07:04 / ea_44_5.3_2_down-down-buy.mq4:138]detect_DownDown_Buy() => false) (period = 1 / symbol = EURJPY_)
[2019.01.15 08:08:03 / ea_44_5.3_2_down-down-buy.mq4:116]new bar (tick = 2896) (period = 1 / symbol = EURJPY_)
[2019.01.15 08:08:03 / lib_ea.mqh:234]
diff_Latest >= 0 (0.001999999999995339) (2019.01.15 01:07)
[2019.01.15 08:08:03 / ea_44_5.3_2_down-down-buy.mq4:138]detect_DownDown_Buy() => false) (period = 1 / symbol = EURJPY_)
[2019.01.15 08:09:28 / ea_44_5.3_2_down-down-buy.mq4:116]new bar (tick = 2918) (period = 1 / symbol = EURJPY_)
[2019.01.15 08:09:28 / lib_ea.mqh:234]
diff_Latest >= 0 (0.000999999999990564) (2019.01.15 01:08)
[2019.01.15 08:09:28 / ea_44_5.3_2_down-down-buy.mq4:138]detect_DownDown_Buy() => false) (period = 1 / symbol = EURJPY_)
[2019.01.15 08:10:06 / ea_44_5.3_2_down-down-buy.mq4:116]new bar (tick = 2948) (period = 1 / symbol = EURJPY_)
[2019.01.15 08:10:06 / lib_ea.mqh:234]
diff_Latest >= 0 (0.003999999999990678) (2019.01.15 01:09)
[2019.01.15 08:10:06 / ea_44_5.3_2_down-down-buy.mq4:138]detect_DownDown_Buy() => false) (period = 1 / symbol = EURJPY_)
[2019.01.15 08:11:02 / ea_44_5.3_2_down-down-buy.mq4:116]new bar (tick = 3047) (period = 1 / symbol = EURJPY_)
[2019.01.15 08:11:02 / lib_ea.mqh:234]
diff_Latest >= 0 (0.006999999999990791) (2019.01.15 01:10)
[2019.01.15 08:11:02 / ea_44_5.3_2_down-down-buy.mq4:138]detect_DownDown_Buy() => false) (period = 1 / symbol = EURJPY_)
[2019.01.15 08:12:02 / ea_44_5.3_2_down-down-buy.mq4:116]new bar (tick = 3159) (period = 1 / symbol = EURJPY_)
[2019.01.15 08:12:02 / lib_ea.mqh:234]
diff_Latest >= 0 (0.009999999999990905) (2019.01.15 01:11)
[2019.01.15 08:12:02 / ea_44_5.3_2_down-down-buy.mq4:138]detect_DownDown_Buy() => false) (period = 1 / symbol = EURJPY_)
[2019.01.15 08:13:03 / ea_44_5.3_2_down-down-buy.mq4:116]new bar (tick = 3217) (period = 1 / symbol = EURJPY_)
[2019.01.15 08:13:03 / lib_ea.mqh:234]
diff_Latest >= 0 (0) (2019.01.15 01:12)
[2019.01.15 08:13:03 / ea_44_5.3_2_down-down-buy.mq4:138]detect_DownDown_Buy() => false) (period = 1 / symbol = EURJPY_)
[2019.01.15 08:14:04 / ea_44_5.3_2_down-down-buy.mq4:116]new bar (tick = 3271) (period = 1 / symbol = EURJPY_)
[2019.01.15 08:14:04 / lib_ea.mqh:274]
price_Close_Latest >= ibands_1S_Plus (close = 124.067) (BB.-1 = 124.0276365479839) (2019.01.15 01:13)
[2019.01.15 08:14:04 / ea_44_5.3_2_down-down-buy.mq4:138]detect_DownDown_Buy() => false) (period = 1 / symbol = EURJPY_)
[2019.01.15 08:15:00 / ea_44_5.3_2_down-down-buy.mq4:116]new bar (tick = 3352) (period = 1 / symbol = EURJPY_)
[2019.01.15 08:15:00 / lib_ea.mqh:234]
diff_Latest >= 0 (0.01700000000001012) (2019.01.15 01:14)
[2019.01.15 08:15:00 / ea_44_5.3_2_down-down-buy.mq4:138]detect_DownDown_Buy() => false) (period = 1 / symbol = EURJPY_)
[2019.01.15 08:16:16 / ea_44_5.3_2_down-down-buy.mq4:116]new bar (tick = 3378) (period = 1 / symbol = EURJPY_)
[2019.01.15 08:16:16 / lib_ea.mqh:234]
diff_Latest >= 0 (0) (2019.01.15 01:15)
[2019.01.15 08:16:16 / ea_44_5.3_2_down-down-buy.mq4:138]detect_DownDown_Buy() => false) (period = 1 / symbol = EURJPY_)
[2019.01.15 08:17:01 / ea_44_5.3_2_down-down-buy.mq4:116]new bar (tick = 3390) (period = 1 / symbol = EURJPY_)
[2019.01.15 08:17:01 / lib_ea.mqh:274]
price_Close_Latest >= ibands_1S_Plus (close = 124.083) (BB.-1 = 124.0299414531841) (2019.01.15 01:16)
[2019.01.15 08:17:01 / ea_44_5.3_2_down-down-buy.mq4:138]detect_DownDown_Buy() => false) (period = 1 / symbol = EURJPY_)
[2019.01.15 08:18:02 / ea_44_5.3_2_down-down-buy.mq4:116]new bar (tick = 3456) (period = 1 / symbol = EURJPY_)
[2019.01.15 08:18:02 / lib_ea.mqh:234]
diff_Latest >= 0 (0.01800000000000068) (2019.01.15 01:17)
[2019.01.15 08:18:02 / ea_44_5.3_2_down-down-buy.mq4:138]detect_DownDown_Buy() => false) (period = 1 / symbol = EURJPY_)
[2019.01.15 08:19:01 / ea_44_5.3_2_down-down-buy.mq4:116]new bar (tick = 3481) (period = 1 / symbol = EURJPY_)
[2019.01.15 08:19:01 / lib_ea.mqh:274]
price_Close_Latest >= ibands_1S_Plus (close = 124.1) (BB.-1 = 124.0362229945315) (2019.01.15 01:18)
[2019.01.15 08:19:01 / ea_44_5.3_2_down-down-buy.mq4:138]detect_DownDown_Buy() => false) (period = 1 / symbol = EURJPY_)
[2019.01.15 08:20:00 / ea_44_5.3_2_down-down-buy.mq4:116]new bar (tick = 3511) (period = 1 / symbol = EURJPY_)
[2019.01.15 08:20:00 / lib_ea.mqh:234]
diff_Latest >= 0 (0.004999999999995453) (2019.01.15 01:19)
[2019.01.15 08:20:00 / ea_44_5.3_2_down-down-buy.mq4:138]detect_DownDown_Buy() => false) (period = 1 / symbol = EURJPY_)
[2019.01.15 08:21:06 / ea_44_5.3_2_down-down-buy.mq4:116]new bar (tick = 3568) (period = 1 / symbol = EURJPY_)
[2019.01.15 08:21:06 / lib_ea.mqh:274]
price_Close_Latest >= ibands_1S_Plus (close = 124.102) (BB.-1 = 124.0446920631547) (2019.01.15 01:20)
[2019.01.15 08:21:06 / ea_44_5.3_2_down-down-buy.mq4:138]detect_DownDown_Buy() => false) (period = 1 / symbol = EURJPY_)
[2019.01.15 08:22:01 / ea_44_5.3_2_down-down-buy.mq4:116]new bar (tick = 3597) (period = 1 / symbol = EURJPY_)
[2019.01.15 08:22:01 / lib_ea.mqh:274]
price_Close_Latest >= ibands_1S_Plus (close = 124.097) (BB.-1 = 124.0480004184137) (2019.01.15 01:21)
[2019.01.15 08:22:01 / ea_44_5.3_2_down-down-buy.mq4:138]detect_DownDown_Buy() => false) (period = 1 / symbol = EURJPY_)
[2019.01.15 08:23:07 / ea_44_5.3_2_down-down-buy.mq4:116]new bar (tick = 3609) (period = 1 / symbol = EURJPY_)
[2019.01.15 08:23:07 / lib_ea.mqh:234]
diff_Latest >= 0 (0) (2019.01.15 01:22)
[2019.01.15 08:23:07 / ea_44_5.3_2_down-down-buy.mq4:138]detect_DownDown_Buy() => false) (period = 1 / symbol = EURJPY_)
[2019.01.15 08:24:08 / ea_44_5.3_2_down-down-buy.mq4:116]new bar (tick = 3618) (period = 1 / symbol = EURJPY_)
[2019.01.15 08:24:08 / lib_ea.mqh:234]
diff_Latest >= 0 (0) (2019.01.15 01:23)
[2019.01.15 08:24:08 / ea_44_5.3_2_down-down-buy.mq4:138]detect_DownDown_Buy() => false) (period = 1 / symbol = EURJPY_)
[2019.01.15 08:25:24 / ea_44_5.3_2_down-down-buy.mq4:116]new bar (tick = 3625) (period = 1 / symbol = EURJPY_)
[2019.01.15 08:25:24 / lib_ea.mqh:234]
diff_Latest >= 0 (0) (2019.01.15 01:24)
[2019.01.15 08:25:24 / ea_44_5.3_2_down-down-buy.mq4:138]detect_DownDown_Buy() => false) (period = 1 / symbol = EURJPY_)
[2019.01.15 08:26:10 / ea_44_5.3_2_down-down-buy.mq4:116]new bar (tick = 3635) (period = 1 / symbol = EURJPY_)
[2019.01.15 08:26:10 / lib_ea.mqh:234]
diff_Latest >= 0 (0.000999999999990564) (2019.01.15 01:25)
[2019.01.15 08:26:10 / ea_44_5.3_2_down-down-buy.mq4:138]detect_DownDown_Buy() => false) (period = 1 / symbol = EURJPY_)
[2019.01.15 08:27:04 / ea_44_5.3_2_down-down-buy.mq4:116]new bar (tick = 3647) (period = 1 / symbol = EURJPY_)
[2019.01.15 08:27:04 / lib_ea.mqh:234]
diff_Latest >= 0 (0.001000000000004775) (2019.01.15 01:26)
[2019.01.15 08:27:04 / ea_44_5.3_2_down-down-buy.mq4:138]detect_DownDown_Buy() => false) (period = 1 / symbol = EURJPY_)
[2019.01.15 08:28:01 / ea_44_5.3_2_down-down-buy.mq4:116]new bar (tick = 3654) (period = 1 / symbol = EURJPY_)
[2019.01.15 08:28:01 / lib_ea.mqh:234]
diff_Latest >= 0 (0) (2019.01.15 01:27)
[2019.01.15 08:28:01 / ea_44_5.3_2_down-down-buy.mq4:138]detect_DownDown_Buy() => false) (period = 1 / symbol = EURJPY_)
[2019.01.15 08:29:04 / ea_44_5.3_2_down-down-buy.mq4:116]new bar (tick = 3676) (period = 1 / symbol = EURJPY_)
[2019.01.15 08:29:04 / lib_ea.mqh:274]
price_Close_Latest >= ibands_1S_Plus (close = 124.097) (BB.-1 = 124.0781363619168) (2019.01.15 01:28)
[2019.01.15 08:29:04 / ea_44_5.3_2_down-down-buy.mq4:138]detect_DownDown_Buy() => false) (period = 1 / symbol = EURJPY_)
[2019.01.15 08:30:01 / ea_44_5.3_2_down-down-buy.mq4:116]new bar (tick = 3776) (period = 1 / symbol = EURJPY_)
[2019.01.15 08:30:01 / lib_ea.mqh:274]
price_Close_Latest >= ibands_1S_Plus (close = 124.097) (BB.-1 = 124.0811439875545) (2019.01.15 01:29)
[2019.01.15 08:30:01 / ea_44_5.3_2_down-down-buy.mq4:138]detect_DownDown_Buy() => false) (period = 1 / symbol = EURJPY_)
[2019.01.15 08:31:01 / ea_44_5.3_2_down-down-buy.mq4:116]new bar (tick = 3832) (period = 1 / symbol = EURJPY_)
[2019.01.15 08:31:01 / lib_ea.mqh:234]
diff_Latest >= 0 (0.004000000000004889) (2019.01.15 01:30)
[2019.01.15 08:31:01 / ea_44_5.3_2_down-down-buy.mq4:138]detect_DownDown_Buy() => false) (period = 1 / symbol = EURJPY_)
[2019.01.15 08:32:01 / ea_44_5.3_2_down-down-buy.mq4:116]new bar (tick = 3875) (period = 1 / symbol = EURJPY_)
[2019.01.15 08:32:01 / lib_ea.mqh:234]
diff_Latest >= 0 (0.004999999999995453) (2019.01.15 01:31)
[2019.01.15 08:32:01 / ea_44_5.3_2_down-down-buy.mq4:138]detect_DownDown_Buy() => false) (period = 1 / symbol = EURJPY_)
[2019.01.15 08:33:00 / ea_44_5.3_2_down-down-buy.mq4:116]new bar (tick = 3990) (period = 1 / symbol = EURJPY_)
[2019.01.15 08:33:00 / lib_ea.mqh:234]
diff_Latest >= 0 (0) (2019.01.15 01:32)
[2019.01.15 08:33:00 / ea_44_5.3_2_down-down-buy.mq4:138]detect_DownDown_Buy() => false) (period = 1 / symbol = EURJPY_)
[2019.01.15 08:34:01 / ea_44_5.3_2_down-down-buy.mq4:116]new bar (tick = 4101) (period = 1 / symbol = EURJPY_)
[2019.01.15 08:34:01 / lib_ea.mqh:234]
diff_Latest >= 0 (0.001000000000004775) (2019.01.15 01:33)
[2019.01.15 08:34:01 / ea_44_5.3_2_down-down-buy.mq4:138]detect_DownDown_Buy() => false) (period = 1 / symbol = EURJPY_)
[2019.01.15 08:35:00 / ea_44_5.3_2_down-down-buy.mq4:116]new bar (tick = 4207) (period = 1 / symbol = EURJPY_)
[2019.01.15 08:35:00 / lib_ea.mqh:234]
diff_Latest >= 0 (0.01200000000000045) (2019.01.15 01:34)
[2019.01.15 08:35:00 / ea_44_5.3_2_down-down-buy.mq4:138]detect_DownDown_Buy() => false) (period = 1 / symbol = EURJPY_)
[2019.01.15 08:36:00 / ea_44_5.3_2_down-down-buy.mq4:116]new bar (tick = 4354) (period = 1 / symbol = EURJPY_)
[2019.01.15 08:36:00 / lib_ea.mqh:234]
diff_Latest >= 0 (0.03300000000000125) (2019.01.15 01:35)
[2019.01.15 08:36:00 / ea_44_5.3_2_down-down-buy.mq4:138]detect_DownDown_Buy() => false) (period = 1 / symbol = EURJPY_)
[2019.01.15 08:37:01 / ea_44_5.3_2_down-down-buy.mq4:116]new bar (tick = 4420) (period = 1 / symbol = EURJPY_)
[2019.01.15 08:37:01 / lib_ea.mqh:274]
price_Close_Latest >= ibands_1S_Plus (close = 124.13) (BB.-1 = 124.0918486163071) (2019.01.15 01:36)
[2019.01.15 08:37:01 / ea_44_5.3_2_down-down-buy.mq4:138]detect_DownDown_Buy() => false) (period = 1 / symbol = EURJPY_)
[2019.01.15 08:38:01 / ea_44_5.3_2_down-down-buy.mq4:116]new bar (tick = 4445) (period = 1 / symbol = EURJPY_)
[2019.01.15 08:38:01 / lib_ea.mqh:234]
diff_Latest >= 0 (0.007999999999995566) (2019.01.15 01:37)
[2019.01.15 08:38:01 / ea_44_5.3_2_down-down-buy.mq4:138]detect_DownDown_Buy() => false) (period = 1 / symbol = EURJPY_)
[2019.01.15 08:39:03 / ea_44_5.3_2_down-down-buy.mq4:116]new bar (tick = 4480) (period = 1 / symbol = EURJPY_)
[2019.01.15 08:39:03 / lib_ea.mqh:234]
diff_Latest >= 0 (0) (2019.01.15 01:38)
[2019.01.15 08:39:03 / ea_44_5.3_2_down-down-buy.mq4:138]detect_DownDown_Buy() => false) (period = 1 / symbol = EURJPY_)
[2019.01.15 08:40:00 / ea_44_5.3_2_down-down-buy.mq4:116]new bar (tick = 4531) (period = 1 / symbol = EURJPY_)
[2019.01.15 08:40:00 / lib_ea.mqh:234]
diff_Latest >= 0 (0.006000000000000227) (2019.01.15 01:39)
[2019.01.15 08:40:00 / ea_44_5.3_2_down-down-buy.mq4:138]detect_DownDown_Buy() => false) (period = 1 / symbol = EURJPY_)
[2019.01.15 08:41:07 / ea_44_5.3_2_down-down-buy.mq4:116]new bar (tick = 4592) (period = 1 / symbol = EURJPY_)
[2019.01.15 08:41:07 / lib_ea.mqh:274]
price_Close_Latest >= ibands_1S_Plus (close = 124.152) (BB.-1 = 124.0931383569652) (2019.01.15 01:40)
[2019.01.15 08:41:07 / ea_44_5.3_2_down-down-buy.mq4:138]detect_DownDown_Buy() => false) (period = 1 / symbol = EURJPY_)
[2019.01.15 08:42:00 / ea_44_5.3_2_down-down-buy.mq4:116]new bar (tick = 4692) (period = 1 / symbol = EURJPY_)
[2019.01.15 08:42:00 / lib_ea.mqh:234]
diff_Latest >= 0 (0.007000000000005002) (2019.01.15 01:41)
[2019.01.15 08:42:00 / ea_44_5.3_2_down-down-buy.mq4:138]detect_DownDown_Buy() => false) (period = 1 / symbol = EURJPY_)
[2019.01.15 08:43:00 / ea_44_5.3_2_down-down-buy.mq4:116]new bar (tick = 4789) (period = 1 / symbol = EURJPY_)
[2019.01.15 08:43:00 / lib_ea.mqh:274]
price_Close_Latest >= ibands_1S_Plus (close = 124.153) (BB.-1 = 124.0963455284485) (2019.01.15 01:42)
[2019.01.15 08:43:00 / ea_44_5.3_2_down-down-buy.mq4:138]detect_DownDown_Buy() => false) (period = 1 / symbol = EURJPY_)
[2019.01.15 08:45:50 / ea_44_5.3_2_down-down-buy.mq4:116]new bar (tick = 4794) (period = 1 / symbol = EURJPY_)
[2019.01.15 08:45:50 / lib_ea.mqh:234]
diff_Latest >= 0 (0) (2019.01.15 01:43)
[2019.01.15 08:45:50 / ea_44_5.3_2_down-down-buy.mq4:138]detect_DownDown_Buy() => false) (period = 1 / symbol = EURJPY_)
[2019.01.15 08:45:59 / ea_44_5.3_2_down-down-buy.mq4:116]new bar (tick = 4821) (period = 1 / symbol = EURJPY_)
[2019.01.15 08:45:59 / lib_ea.mqh:234]
diff_Latest >= 0 (0.003000000000000114) (2019.01.15 01:45)
[2019.01.15 08:45:59 / ea_44_5.3_2_down-down-buy.mq4:138]detect_DownDown_Buy() => false) (period = 1 / symbol = EURJPY_)
[2019.01.15 08:47:01 / ea_44_5.3_2_down-down-buy.mq4:116]new bar (tick = 5003) (period = 1 / symbol = EURJPY_)
[2019.01.15 08:47:01 / lib_ea.mqh:234]
diff_Latest >= 0 (0.01999999999999602) (2019.01.15 01:46)
[2019.01.15 08:47:01 / ea_44_5.3_2_down-down-buy.mq4:138]detect_DownDown_Buy() => false) (period = 1 / symbol = EURJPY_)
[2019.01.15 08:48:01 / ea_44_5.3_2_down-down-buy.mq4:116]new bar (tick = 5088) (period = 1 / symbol = EURJPY_)
[2019.01.15 08:48:01 / lib_ea.mqh:234]
diff_Latest >= 0 (0.01000000000000512) (2019.01.15 01:47)
[2019.01.15 08:48:01 / ea_44_5.3_2_down-down-buy.mq4:138]detect_DownDown_Buy() => false) (period = 1 / symbol = EURJPY_)
[2019.01.15 08:49:03 / ea_44_5.3_2_down-down-buy.mq4:116]new bar (tick = 5130) (period = 1 / symbol = EURJPY_)
[2019.01.15 08:49:03 / lib_ea.mqh:274]
price_Close_Latest >= ibands_1S_Plus (close = 124.177) (BB.-1 = 124.1144392307813) (2019.01.15 01:48)
[2019.01.15 08:49:03 / ea_44_5.3_2_down-down-buy.mq4:138]detect_DownDown_Buy() => false) (period = 1 / symbol = EURJPY_)
[2019.01.15 08:50:20 / ea_44_5.3_2_down-down-buy.mq4:116]new bar (tick = 5169) (period = 1 / symbol = EURJPY_)
[2019.01.15 08:50:20 / lib_ea.mqh:234]
diff_Latest >= 0 (0.004999999999995453) (2019.01.15 01:49)
[2019.01.15 08:50:20 / ea_44_5.3_2_down-down-buy.mq4:138]detect_DownDown_Buy() => false) (period = 1 / symbol = EURJPY_)
[2019.01.15 08:51:00 / ea_44_5.3_2_down-down-buy.mq4:116]new bar (tick = 5182) (period = 1 / symbol = EURJPY_)
[2019.01.15 08:51:00 / lib_ea.mqh:274]
price_Close_Latest >= ibands_1S_Plus (close = 124.18) (BB.-1 = 124.1236764267444) (2019.01.15 01:50)
[2019.01.15 08:51:00 / ea_44_5.3_2_down-down-buy.mq4:138]detect_DownDown_Buy() => false) (period = 1 / symbol = EURJPY_)
[2019.01.15 08:52:00 / ea_44_5.3_2_down-down-buy.mq4:116]new bar (tick = 5207) (period = 1 / symbol = EURJPY_)
[2019.01.15 08:52:00 / lib_ea.mqh:274]
price_Close_Latest >= ibands_1S_Plus (close = 124.181) (BB.-1 = 124.1282285426178) (2019.01.15 01:51)
[2019.01.15 08:52:00 / ea_44_5.3_2_down-down-buy.mq4:138]detect_DownDown_Buy() => false) (period = 1 / symbol = EURJPY_)
[2019.01.15 08:53:03 / ea_44_5.3_2_down-down-buy.mq4:116]new bar (tick = 5220) (period = 1 / symbol = EURJPY_)
[2019.01.15 08:53:03 / lib_ea.mqh:234]
diff_Latest >= 0 (0) (2019.01.15 01:52)
[2019.01.15 08:53:03 / ea_44_5.3_2_down-down-buy.mq4:138]detect_DownDown_Buy() => false) (period = 1 / symbol = EURJPY_)
[2019.01.15 08:53:59 / ea_44_5.3_2_down-down-buy.mq4:116]new bar (tick = 5269) (period = 1 / symbol = EURJPY_)
[2019.01.15 08:53:59 / lib_ea.mqh:274]
price_Close_Latest >= ibands_1S_Plus (close = 124.179) (BB.-1 = 124.1394704417199) (2019.01.15 01:53)
[2019.01.15 08:53:59 / ea_44_5.3_2_down-down-buy.mq4:138]detect_DownDown_Buy() => false) (period = 1 / symbol = EURJPY_)
[2019.01.15 08:54:59 / ea_44_5.3_2_down-down-buy.mq4:116]new bar (tick = 5298) (period = 1 / symbol = EURJPY_)
[2019.01.15 08:54:59 / lib_ea.mqh:274]
price_Close_Latest >= ibands_1S_Plus (close = 124.177) (BB.-1 = 124.1442938964318) (2019.01.15 01:54)
[2019.01.15 08:54:59 / ea_44_5.3_2_down-down-buy.mq4:138]detect_DownDown_Buy() => false) (period = 1 / symbol = EURJPY_)
[2019.01.15 08:56:12 / ea_44_5.3_2_down-down-buy.mq4:116]new bar (tick = 5339) (period = 1 / symbol = EURJPY_)
[2019.01.15 08:56:12 / lib_ea.mqh:234]
diff_Latest >= 0 (0.01099999999999568) (2019.01.15 01:55)
[2019.01.15 08:56:12 / ea_44_5.3_2_down-down-buy.mq4:138]detect_DownDown_Buy() => false) (period = 1 / symbol = EURJPY_)
[2019.01.15 08:57:02 / ea_44_5.3_2_down-down-buy.mq4:116]new bar (tick = 5405) (period = 1 / symbol = EURJPY_)
[2019.01.15 08:57:02 / lib_ea.mqh:274]
price_Close_Latest >= ibands_1S_Plus (close = 124.185) (BB.-1 = 124.1491185231229) (2019.01.15 01:56)
[2019.01.15 08:57:02 / ea_44_5.3_2_down-down-buy.mq4:138]detect_DownDown_Buy() => false) (period = 1 / symbol = EURJPY_)
[2019.01.15 08:58:00 / ea_44_5.3_2_down-down-buy.mq4:116]new bar (tick = 5444) (period = 1 / symbol = EURJPY_)
[2019.01.15 08:58:00 / lib_ea.mqh:234]
diff_Latest >= 0 (0.000999999999990564) (2019.01.15 01:57)
[2019.01.15 08:58:00 / ea_44_5.3_2_down-down-buy.mq4:138]detect_DownDown_Buy() => false) (period = 1 / symbol = EURJPY_)
[2019.01.15 08:59:03 / ea_44_5.3_2_down-down-buy.mq4:116]new bar (tick = 5505) (period = 1 / symbol = EURJPY_)
[2019.01.15 08:59:03 / lib_ea.mqh:274]
price_Close_Latest >= ibands_1S_Plus (close = 124.177) (BB.-1 = 124.1560875479543) (2019.01.15 01:58)
[2019.01.15 08:59:03 / ea_44_5.3_2_down-down-buy.mq4:138]detect_DownDown_Buy() => false) (period = 1 / symbol = EURJPY_)
[2019.01.15 08:59:59 / ea_44_5.3_2_down-down-buy.mq4:116]new bar (tick = 5530) (period = 1 / symbol = EURJPY_)
[2019.01.15 08:59:59 / lib_ea.mqh:274]
price_Close_Latest >= ibands_1S_Plus (close = 124.176) (BB.-1 = 124.1581522483833) (2019.01.15 01:59)
[2019.01.15 08:59:59 / ea_44_5.3_2_down-down-buy.mq4:138]detect_DownDown_Buy() => false) (period = 1 / symbol = EURJPY_)
[2019.01.15 09:01:00 / ea_44_5.3_2_down-down-buy.mq4:116]new bar (tick = 5732) (period = 1 / symbol = EURJPY_)
[2019.01.15 09:01:00 / lib_ea.mqh:234]
diff_Latest >= 0 (0.009999999999990905) (2019.01.15 02:00)
[2019.01.15 09:01:00 / ea_44_5.3_2_down-down-buy.mq4:138]detect_DownDown_Buy() => false) (period = 1 / symbol = EURJPY_)
[2019.01.15 09:02:01 / ea_44_5.3_2_down-down-buy.mq4:116]new bar (tick = 5844) (period = 1 / symbol = EURJPY_)
[2019.01.15 09:02:01 / lib_ea.mqh:310]
diff_SecondLatest >= 0 (diff = 0.009999999999990905)(2019.01.15 02:00)
[2019.01.15 09:02:01 / ea_44_5.3_2_down-down-buy.mq4:138]detect_DownDown_Buy() => false) (period = 1 / symbol = EURJPY_)
[2019.01.15 09:02:59 / ea_44_5.3_2_down-down-buy.mq4:116]new bar (tick = 5964) (period = 1 / symbol = EURJPY_)
[2019.01.15 09:02:59 / lib_ea.mqh:329]
detect_DownDown_Buy() ==> true (datetime = 2019.01.15 02:02)
[2019.01.15 09:02:59 / ea_44_5.3_2_down-down-buy.mq4:138]detect_DownDown_Buy() => true) (period = 1 / symbol = EURJPY_)
[2019.01.15 09:02:59 / lib_ea.mqh:374][lib_ea.mqh:361] Level_TakeProfit => 124.333 / Level_StopLoss => 124.033
Point = 0.001
Bid = 124.133
[2019.01.15 09:04:00 / ea_44_5.3_2_down-down-buy.mq4:116]new bar (tick = 6085) (period = 1 / symbol = EURJPY_)
[2019.01.15 09:04:00 / lib_ea.mqh:329]
detect_DownDown_Buy() ==> true (datetime = 2019.01.15 02:03)
[2019.01.15 09:04:00 / ea_44_5.3_2_down-down-buy.mq4:138]detect_DownDown_Buy() => true) (period = 1 / symbol = EURJPY_)
[2019.01.15 09:04:00 / lib_ea.mqh:374][lib_ea.mqh:361] Level_TakeProfit => 124.331 / Level_StopLoss => 124.031
Point = 0.001
Bid = 124.131
[2019.01.15 09:04:59 / ea_44_5.3_2_down-down-buy.mq4:116]new bar (tick = 6262) (period = 1 / symbol = EURJPY_)
[2019.01.15 09:04:59 / lib_ea.mqh:234]
diff_Latest >= 0 (0.009999999999990905) (2019.01.15 02:04)
[2019.01.15 09:04:59 / ea_44_5.3_2_down-down-buy.mq4:138]detect_DownDown_Buy() => false) (period = 1 / symbol = EURJPY_)
[2019.01.15 09:05:59 / ea_44_5.3_2_down-down-buy.mq4:116]new bar (tick = 6515) (period = 1 / symbol = EURJPY_)
[2019.01.15 09:05:59 / lib_ea.mqh:234]
diff_Latest >= 0 (0.01999999999999602) (2019.01.15 02:05)
[2019.01.15 09:05:59 / ea_44_5.3_2_down-down-buy.mq4:138]detect_DownDown_Buy() => false) (period = 1 / symbol = EURJPY_)
[2019.01.15 09:06:59 / ea_44_5.3_2_down-down-buy.mq4:116]new bar (tick = 6727) (period = 1 / symbol = EURJPY_)
[2019.01.15 09:06:59 / lib_ea.mqh:234]
diff_Latest >= 0 (0.04799999999998761) (2019.01.15 02:06)
[2019.01.15 09:06:59 / ea_44_5.3_2_down-down-buy.mq4:138]detect_DownDown_Buy() => false) (period = 1 / symbol = EURJPY_)
[2019.01.15 09:07:59 / ea_44_5.3_2_down-down-buy.mq4:116]new bar (tick = 7007) (period = 1 / symbol = EURJPY_)
[2019.01.15 09:07:59 / lib_ea.mqh:234]
diff_Latest >= 0 (0.006000000000000227) (2019.01.15 02:07)
[2019.01.15 09:07:59 / ea_44_5.3_2_down-down-buy.mq4:138]detect_DownDown_Buy() => false) (period = 1 / symbol = EURJPY_)
[2019.01.15 09:09:01 / ea_44_5.3_2_down-down-buy.mq4:116]new bar (tick = 7183) (period = 1 / symbol = EURJPY_)
[2019.01.15 09:09:01 / lib_ea.mqh:234]
diff_Latest >= 0 (0.01000000000000512) (2019.01.15 02:08)
[2019.01.15 09:09:01 / ea_44_5.3_2_down-down-buy.mq4:138]detect_DownDown_Buy() => false) (period = 1 / symbol = EURJPY_)
[2019.01.15 09:09:59 / ea_44_5.3_2_down-down-buy.mq4:116]new bar (tick = 7316) (period = 1 / symbol = EURJPY_)
[2019.01.15 09:09:59 / lib_ea.mqh:234]
diff_Latest >= 0 (0.009999999999990905) (2019.01.15 02:09)
[2019.01.15 09:09:59 / ea_44_5.3_2_down-down-buy.mq4:138]detect_DownDown_Buy() => false) (period = 1 / symbol = EURJPY_)
[2019.01.15 09:10:59 / ea_44_5.3_2_down-down-buy.mq4:116]new bar (tick = 7566) (period = 1 / symbol = EURJPY_)
[2019.01.15 09:10:59 / lib_ea.mqh:274]
price_Close_Latest >= ibands_1S_Plus (close = 124.235) (BB.-1 = 124.1530534498688) (2019.01.15 02:10)
[2019.01.15 09:10:59 / ea_44_5.3_2_down-down-buy.mq4:138]detect_DownDown_Buy() => false) (period = 1 / symbol = EURJPY_)
[2019.01.15 09:11:59 / ea_44_5.3_2_down-down-buy.mq4:116]new bar (tick = 7695) (period = 1 / symbol = EURJPY_)
[2019.01.15 09:11:59 / lib_ea.mqh:274]
price_Close_Latest >= ibands_1S_Plus (close = 124.227) (BB.-1 = 124.15396572589) (2019.01.15 02:11)
[2019.01.15 09:11:59 / ea_44_5.3_2_down-down-buy.mq4:138]detect_DownDown_Buy() => false) (period = 1 / symbol = EURJPY_)
[2019.01.15 09:13:00 / ea_44_5.3_2_down-down-buy.mq4:116]new bar (tick = 7775) (period = 1 / symbol = EURJPY_)
[2019.01.15 09:13:00 / lib_ea.mqh:234]
diff_Latest >= 0 (0) (2019.01.15 02:12)
[2019.01.15 09:13:00 / ea_44_5.3_2_down-down-buy.mq4:138]detect_DownDown_Buy() => false) (period = 1 / symbol = EURJPY_)
[2019.01.15 09:14:00 / ea_44_5.3_2_down-down-buy.mq4:116]new bar (tick = 7855) (period = 1 / symbol = EURJPY_)
[2019.01.15 09:14:00 / lib_ea.mqh:234]
diff_Latest >= 0 (0.01600000000000534) (2019.01.15 02:13)
[2019.01.15 09:14:00 / ea_44_5.3_2_down-down-buy.mq4:138]detect_DownDown_Buy() => false) (period = 1 / symbol = EURJPY_)
[2019.01.15 09:15:01 / ea_44_5.3_2_down-down-buy.mq4:116]new bar (tick = 7931) (period = 1 / symbol = EURJPY_)
[2019.01.15 09:15:01 / lib_ea.mqh:234]
diff_Latest >= 0 (0.000999999999990564) (2019.01.15 02:14)
[2019.01.15 09:15:01 / ea_44_5.3_2_down-down-buy.mq4:138]detect_DownDown_Buy() => false) (period = 1 / symbol = EURJPY_)
[2019.01.15 09:15:59 / ea_44_5.3_2_down-down-buy.mq4:116]new bar (tick = 8002) (period = 1 / symbol = EURJPY_)
[2019.01.15 09:15:59 / lib_ea.mqh:234]
diff_Latest >= 0 (0.004000000000004889) (2019.01.15 02:15)
[2019.01.15 09:15:59 / ea_44_5.3_2_down-down-buy.mq4:138]detect_DownDown_Buy() => false) (period = 1 / symbol = EURJPY_)
[2019.01.15 09:16:59 / ea_44_5.3_2_down-down-buy.mq4:116]new bar (tick = 8081) (period = 1 / symbol = EURJPY_)
[2019.01.15 09:16:59 / lib_ea.mqh:234]
diff_Latest >= 0 (0.01600000000000534) (2019.01.15 02:16)
[2019.01.15 09:16:59 / ea_44_5.3_2_down-down-buy.mq4:138]detect_DownDown_Buy() => false) (period = 1 / symbol = EURJPY_)
[2019.01.15 09:17:59 / ea_44_5.3_2_down-down-buy.mq4:116]new bar (tick = 8160) (period = 1 / symbol = EURJPY_)
[2019.01.15 09:17:59 / lib_ea.mqh:234]
diff_Latest >= 0 (0.000999999999990564) (2019.01.15 02:17)
[2019.01.15 09:17:59 / ea_44_5.3_2_down-down-buy.mq4:138]detect_DownDown_Buy() => false) (period = 1 / symbol = EURJPY_)
[2019.01.15 09:18:59 / ea_44_5.3_2_down-down-buy.mq4:116]new bar (tick = 8309) (period = 1 / symbol = EURJPY_)
[2019.01.15 09:18:59 / lib_ea.mqh:274]
price_Close_Latest >= ibands_1S_Plus (close = 124.255) (BB.-1 = 124.1654858705977) (2019.01.15 02:18)
[2019.01.15 09:18:59 / ea_44_5.3_2_down-down-buy.mq4:138]detect_DownDown_Buy() => false) (period = 1 / symbol = EURJPY_)
[2019.01.15 09:20:00 / ea_44_5.3_2_down-down-buy.mq4:116]new bar (tick = 8448) (period = 1 / symbol = EURJPY_)
[2019.01.15 09:20:00 / lib_ea.mqh:234]
diff_Latest >= 0 (0.01099999999999568) (2019.01.15 02:19)
[2019.01.15 09:20:00 / ea_44_5.3_2_down-down-buy.mq4:138]detect_DownDown_Buy() => false) (period = 1 / symbol = EURJPY_)
[2019.01.15 09:21:00 / ea_44_5.3_2_down-down-buy.mq4:116]new bar (tick = 8608) (period = 1 / symbol = EURJPY_)
[2019.01.15 09:21:00 / lib_ea.mqh:234]
diff_Latest >= 0 (0.01900000000000546) (2019.01.15 02:20)
[2019.01.15 09:21:00 / ea_44_5.3_2_down-down-buy.mq4:138]detect_DownDown_Buy() => false) (period = 1 / symbol = EURJPY_)
[2019.01.15 09:22:01 / ea_44_5.3_2_down-down-buy.mq4:116]new bar (tick = 8746) (period = 1 / symbol = EURJPY_)
[2019.01.15 09:22:01 / lib_ea.mqh:274]
price_Close_Latest >= ibands_1S_Plus (close = 124.27) (BB.-1 = 124.1812487907928) (2019.01.15 02:21)
[2019.01.15 09:22:01 / ea_44_5.3_2_down-down-buy.mq4:138]detect_DownDown_Buy() => false) (period = 1 / symbol = EURJPY_)
[2019.01.15 09:22:59 / ea_44_5.3_2_down-down-buy.mq4:116]new bar (tick = 8833) (period = 1 / symbol = EURJPY_)
[2019.01.15 09:22:59 / lib_ea.mqh:234]
diff_Latest >= 0 (0.004999999999995453) (2019.01.15 02:22)
[2019.01.15 09:22:59 / ea_44_5.3_2_down-down-buy.mq4:138]detect_DownDown_Buy() => false) (period = 1 / symbol = EURJPY_)
[2019.01.15 09:24:00 / ea_44_5.3_2_down-down-buy.mq4:116]new bar (tick = 8897) (period = 1 / symbol = EURJPY_)
[2019.01.15 09:24:00 / lib_ea.mqh:234]
diff_Latest >= 0 (0) (2019.01.15 02:23)
[2019.01.15 09:24:00 / ea_44_5.3_2_down-down-buy.mq4:138]detect_DownDown_Buy() => false) (period = 1 / symbol = EURJPY_)
[2019.01.15 09:24:59 / ea_44_5.3_2_down-down-buy.mq4:116]new bar (tick = 8984) (period = 1 / symbol = EURJPY_)
[2019.01.15 09:24:59 / lib_ea.mqh:274]
price_Close_Latest >= ibands_1S_Plus (close = 124.257) (BB.-1 = 124.21817060412) (2019.01.15 02:24)
[2019.01.15 09:24:59 / ea_44_5.3_2_down-down-buy.mq4:138]detect_DownDown_Buy() => false) (period = 1 / symbol = EURJPY_)
[2019.01.15 09:26:00 / ea_44_5.3_2_down-down-buy.mq4:116]new bar (tick = 9095) (period = 1 / symbol = EURJPY_)
[2019.01.15 09:26:00 / lib_ea.mqh:234]
diff_Latest >= 0 (0.01200000000000045) (2019.01.15 02:25)
[2019.01.15 09:26:00 / ea_44_5.3_2_down-down-buy.mq4:138]detect_DownDown_Buy() => false) (period = 1 / symbol = EURJPY_)
[2019.01.15 09:26:59 / ea_44_5.3_2_down-down-buy.mq4:116]new bar (tick = 9187) (period = 1 / symbol = EURJPY_)
[2019.01.15 09:26:59 / lib_ea.mqh:234]
diff_Latest >= 0 (0.02000000000001023) (2019.01.15 02:26)
[2019.01.15 09:26:59 / ea_44_5.3_2_down-down-buy.mq4:138]detect_DownDown_Buy() => false) (period = 1 / symbol = EURJPY_)
[2019.01.15 09:27:59 / ea_44_5.3_2_down-down-buy.mq4:116]new bar (tick = 9345) (period = 1 / symbol = EURJPY_)
[2019.01.15 09:27:59 / lib_ea.mqh:274]
price_Close_Latest >= ibands_1S_Plus (close = 124.288) (BB.-1 = 124.2378018704116) (2019.01.15 02:27)
[2019.01.15 09:27:59 / ea_44_5.3_2_down-down-buy.mq4:138]detect_DownDown_Buy() => false) (period = 1 / symbol = EURJPY_)
[2019.01.15 09:28:59 / ea_44_5.3_2_down-down-buy.mq4:116]new bar (tick = 9464) (period = 1 / symbol = EURJPY_)
[2019.01.15 09:28:59 / lib_ea.mqh:234]
diff_Latest >= 0 (0.009000000000000341) (2019.01.15 02:28)
[2019.01.15 09:28:59 / ea_44_5.3_2_down-down-buy.mq4:138]detect_DownDown_Buy() => false) (period = 1 / symbol = EURJPY_)
[2019.01.15 09:29:59 / ea_44_5.3_2_down-down-buy.mq4:116]new bar (tick = 9590) (period = 1 / symbol = EURJPY_)
[2019.01.15 09:29:59 / lib_ea.mqh:234]
diff_Latest >= 0 (0.01399999999999579) (2019.01.15 02:29)
[2019.01.15 09:29:59 / ea_44_5.3_2_down-down-buy.mq4:138]detect_DownDown_Buy() => false) (period = 1 / symbol = EURJPY_)
[2019.01.15 09:30:59 / ea_44_5.3_2_down-down-buy.mq4:116]new bar (tick = 9722) (period = 1 / symbol = EURJPY_)
[2019.01.15 09:30:59 / lib_ea.mqh:234]
diff_Latest >= 0 (0.006000000000000227) (2019.01.15 02:30)
[2019.01.15 09:30:59 / ea_44_5.3_2_down-down-buy.mq4:138]detect_DownDown_Buy() => false) (period = 1 / symbol = EURJPY_)
[2019.01.15 09:31:59 / ea_44_5.3_2_down-down-buy.mq4:116]new bar (tick = 9832) (period = 1 / symbol = EURJPY_)
[2019.01.15 09:31:59 / lib_ea.mqh:234]
diff_Latest >= 0 (0.001000000000004775) (2019.01.15 02:31)
[2019.01.15 09:31:59 / ea_44_5.3_2_down-down-buy.mq4:138]detect_DownDown_Buy() => false) (period = 1 / symbol = EURJPY_)
[2019.01.15 09:32:59 / ea_44_5.3_2_down-down-buy.mq4:116]new bar (tick = 9968) (period = 1 / symbol = EURJPY_)
[2019.01.15 09:32:59 / lib_ea.mqh:274]
price_Close_Latest >= ibands_1S_Plus (close = 124.313) (BB.-1 = 124.2543686763813) (2019.01.15 02:32)
[2019.01.15 09:32:59 / ea_44_5.3_2_down-down-buy.mq4:138]detect_DownDown_Buy() => false) (period = 1 / symbol = EURJPY_)
[2019.01.15 09:34:04 / ea_44_5.3_2_down-down-buy.mq4:116]new bar (tick = 10084) (period = 1 / symbol = EURJPY_)
[2019.01.15 09:34:04 / lib_ea.mqh:234]
diff_Latest >= 0 (0.01999999999999602) (2019.01.15 02:33)
[2019.01.15 09:34:04 / ea_44_5.3_2_down-down-buy.mq4:138]detect_DownDown_Buy() => false) (period = 1 / symbol = EURJPY_)
[2019.01.15 09:34:59 / ea_44_5.3_2_down-down-buy.mq4:116]new bar (tick = 10222) (period = 1 / symbol = EURJPY_)
[2019.01.15 09:34:59 / lib_ea.mqh:274]
price_Close_Latest >= ibands_1S_Plus (close = 124.3) (BB.-1 = 124.2617085328903) (2019.01.15 02:34)
[2019.01.15 09:34:59 / ea_44_5.3_2_down-down-buy.mq4:138]detect_DownDown_Buy() => false) (period = 1 / symbol = EURJPY_)
[2019.01.15 09:35:59 / ea_44_5.3_2_down-down-buy.mq4:116]new bar (tick = 10360) (period = 1 / symbol = EURJPY_)
[2019.01.15 09:35:59 / lib_ea.mqh:234]
diff_Latest >= 0 (0.006000000000000227) (2019.01.15 02:35)
[2019.01.15 09:35:59 / ea_44_5.3_2_down-down-buy.mq4:138]detect_DownDown_Buy() => false) (period = 1 / symbol = EURJPY_)
[2019.01.15 09:37:01 / ea_44_5.3_2_down-down-buy.mq4:116]new bar (tick = 10516) (period = 1 / symbol = EURJPY_)
[2019.01.15 09:37:01 / lib_ea.mqh:274]
price_Close_Latest >= ibands_1S_Plus (close = 124.296) (BB.-1 = 124.2679172200595) (2019.01.15 02:36)
[2019.01.15 09:37:01 / ea_44_5.3_2_down-down-buy.mq4:138]detect_DownDown_Buy() => false) (period = 1 / symbol = EURJPY_)
[2019.01.15 09:38:00 / ea_44_5.3_2_down-down-buy.mq4:116]new bar (tick = 10663) (period = 1 / symbol = EURJPY_)
[2019.01.15 09:38:00 / lib_ea.mqh:234]
diff_Latest >= 0 (0.01300000000000523) (2019.01.15 02:37)
[2019.01.15 09:38:00 / ea_44_5.3_2_down-down-buy.mq4:138]detect_DownDown_Buy() => false) (period = 1 / symbol = EURJPY_)
[2019.01.15 09:39:01 / ea_44_5.3_2_down-down-buy.mq4:116]new bar (tick = 10738) (period = 1 / symbol = EURJPY_)
[2019.01.15 09:39:01 / lib_ea.mqh:274]
price_Close_Latest >= ibands_1S_Plus (close = 124.297) (BB.-1 = 124.2740340505011) (2019.01.15 02:38)
[2019.01.15 09:39:01 / ea_44_5.3_2_down-down-buy.mq4:138]detect_DownDown_Buy() => false) (period = 1 / symbol = EURJPY_)
[2019.01.15 09:39:59 / ea_44_5.3_2_down-down-buy.mq4:116]new bar (tick = 10857) (period = 1 / symbol = EURJPY_)
[2019.01.15 09:39:59 / lib_ea.mqh:274]
price_Close_Latest >= ibands_1S_Plus (close = 124.294) (BB.-1 = 124.2763546880974) (2019.01.15 02:39)
[2019.01.15 09:39:59 / ea_44_5.3_2_down-down-buy.mq4:138]detect_DownDown_Buy() => false) (period = 1 / symbol = EURJPY_)
[2019.01.15 09:40:59 / ea_44_5.3_2_down-down-buy.mq4:116]new bar (tick = 10972) (period = 1 / symbol = EURJPY_)
[2019.01.15 09:40:59 / lib_ea.mqh:274]
price_Close_Latest >= ibands_1S_Plus (close = 124.287) (BB.-1 = 124.2764271940087) (2019.01.15 02:40)
[2019.01.15 09:40:59 / ea_44_5.3_2_down-down-buy.mq4:138]detect_DownDown_Buy() => false) (period = 1 / symbol = EURJPY_)
[2019.01.15 09:41:59 / ea_44_5.3_2_down-down-buy.mq4:116]new bar (tick = 11096) (period = 1 / symbol = EURJPY_)
[2019.01.15 09:41:59 / lib_ea.mqh:234]
diff_Latest >= 0 (0.007999999999995566) (2019.01.15 02:41)
[2019.01.15 09:41:59 / ea_44_5.3_2_down-down-buy.mq4:138]detect_DownDown_Buy() => false) (period = 1 / symbol = EURJPY_)
