[2019.01.11 17:43:05 / ea_44_5.3_2_up-up-buy.mq4:104]new bar (tick = 39) (period = 1 / symbol = EURJPY_)
[2019.01.11 17:43:05 / ea_44_5.3_2_up-up-buy.mq4:72]
latest close = 124.778
latest open = 124.804
latest diff = -0.026
datetime = 2019.01.11 10:42
[2019.01.11 17:43:05 / ea_44_5.3_2_up-up-buy.mq4:122]is_Up_Bar() ---> false
[2019.01.11 17:44:05 / ea_44_5.3_2_up-up-buy.mq4:104]new bar (tick = 294) (period = 1 / symbol = EURJPY_)
[2019.01.11 17:44:05 / ea_44_5.3_2_up-up-buy.mq4:72]
latest close = 124.734
latest open = 124.778
latest diff = -0.044
datetime = 2019.01.11 10:43
[2019.01.11 17:44:05 / ea_44_5.3_2_up-up-buy.mq4:122]is_Up_Bar() ---> false
[2019.01.11 17:45:05 / ea_44_5.3_2_up-up-buy.mq4:104]new bar (tick = 540) (period = 1 / symbol = EURJPY_)
[2019.01.11 17:45:05 / ea_44_5.3_2_up-up-buy.mq4:72]
latest close = 124.757
latest open = 124.735
latest diff = 0.022
datetime = 2019.01.11 10:44
[2019.01.11 17:45:05 / ea_44_5.3_2_up-up-buy.mq4:137]is_Up_Bar() ---> true
[2019.01.11 17:46:05 / ea_44_5.3_2_up-up-buy.mq4:104]new bar (tick = 885) (period = 1 / symbol = EURJPY_)
[2019.01.11 17:46:05 / ea_44_5.3_2_up-up-buy.mq4:72]
latest close = 124.742
latest open = 124.757
latest diff = -0.01501
datetime = 2019.01.11 10:45
[2019.01.11 17:46:05 / ea_44_5.3_2_up-up-buy.mq4:122]is_Up_Bar() ---> false
[2019.01.11 17:47:05 / ea_44_5.3_2_up-up-buy.mq4:104]new bar (tick = 1197) (period = 1 / symbol = EURJPY_)
[2019.01.11 17:47:05 / ea_44_5.3_2_up-up-buy.mq4:72]
latest close = 124.789
latest open = 124.742
latest diff = 0.047
datetime = 2019.01.11 10:46
[2019.01.11 17:47:05 / ea_44_5.3_2_up-up-buy.mq4:137]is_Up_Bar() ---> true
[2019.01.11 17:48:05 / ea_44_5.3_2_up-up-buy.mq4:104]new bar (tick = 1519) (period = 1 / symbol = EURJPY_)
[2019.01.11 17:48:05 / ea_44_5.3_2_up-up-buy.mq4:72]
latest close = 124.82
latest open = 124.789
latest diff = 0.031
datetime = 2019.01.11 10:47
[2019.01.11 17:48:05 / ea_44_5.3_2_up-up-buy.mq4:137]is_Up_Bar() ---> true
[2019.01.11 17:49:05 / ea_44_5.3_2_up-up-buy.mq4:104]new bar (tick = 1779) (period = 1 / symbol = EURJPY_)
[2019.01.11 17:49:05 / ea_44_5.3_2_up-up-buy.mq4:72]
latest close = 124.821
latest open = 124.82
latest diff = 0.001
datetime = 2019.01.11 10:48
[2019.01.11 17:49:05 / ea_44_5.3_2_up-up-buy.mq4:137]is_Up_Bar() ---> true
[2019.01.11 17:50:05 / ea_44_5.3_2_up-up-buy.mq4:104]new bar (tick = 1979) (period = 1 / symbol = EURJPY_)
[2019.01.11 17:50:05 / ea_44_5.3_2_up-up-buy.mq4:72]
latest close = 124.82
latest open = 124.822
latest diff = -0.002
datetime = 2019.01.11 10:49
[2019.01.11 17:50:05 / ea_44_5.3_2_up-up-buy.mq4:122]is_Up_Bar() ---> false
[2019.01.11 17:51:05 / ea_44_5.3_2_up-up-buy.mq4:104]new bar (tick = 2223) (period = 1 / symbol = EURJPY_)
[2019.01.11 17:51:05 / ea_44_5.3_2_up-up-buy.mq4:72]
latest close = 124.836
latest open = 124.818
latest diff = 0.018
datetime = 2019.01.11 10:50
[2019.01.11 17:51:05 / ea_44_5.3_2_up-up-buy.mq4:137]is_Up_Bar() ---> true
[2019.01.11 17:52:05 / ea_44_5.3_2_up-up-buy.mq4:104]new bar (tick = 2370) (period = 1 / symbol = EURJPY_)
[2019.01.11 17:52:05 / ea_44_5.3_2_up-up-buy.mq4:72]
latest close = 124.832
latest open = 124.837
latest diff = -0.005
datetime = 2019.01.11 10:51
[2019.01.11 17:52:05 / ea_44_5.3_2_up-up-buy.mq4:122]is_Up_Bar() ---> false
[2019.01.11 17:53:07 / ea_44_5.3_2_up-up-buy.mq4:104]new bar (tick = 2580) (period = 1 / symbol = EURJPY_)
[2019.01.11 17:53:07 / ea_44_5.3_2_up-up-buy.mq4:72]
latest close = 124.822
latest open = 124.831
latest diff = -0.009
datetime = 2019.01.11 10:52
[2019.01.11 17:53:07 / ea_44_5.3_2_up-up-buy.mq4:122]is_Up_Bar() ---> false
