[2019.01.28 15:51:23 / ea_44_5.3_2_down-down-buy.mq4:356]
Level_TakeProfit => 124.722 / Level_StopLoss => 124.622
Point = 0.001
Bid = 124.652
MyPoint * 10 * _TheTakeProfit = 0.07000000000000001
MyPoint * 10 * _TheStopLoss = 0.03
_TheTakeProfit = 7
_TheStopLoss = 3
[2019.01.28 15:51:59 / ea_44_5.3_2_down-down-buy.mq4:125]
new bar (tick = 39) (period = 1 / symbol = EURJPY_)
[2019.01.28 15:51:59 / lib_ea.mqh:86]
diff_Latest >= 0 (0.01000000000000512) (2019.01.28 08:51)
[2019.01.28 15:51:59 / ea_44_5.3_2_down-down-buy.mq4:147]
detect_DownDown_Buy() => false) (period = 1 / symbol = EURJPY_)
[2019.01.28 15:52:58 / ea_44_5.3_2_down-down-buy.mq4:125]
new bar (tick = 159) (period = 1 / symbol = EURJPY_)
[2019.01.28 15:52:58 / lib_ea.mqh:86]
diff_Latest >= 0 (0.01000000000000512) (2019.01.28 08:52)
[2019.01.28 15:52:58 / ea_44_5.3_2_down-down-buy.mq4:147]
detect_DownDown_Buy() => false) (period = 1 / symbol = EURJPY_)
[2019.01.28 15:53:59 / ea_44_5.3_2_down-down-buy.mq4:125]
new bar (tick = 314) (period = 1 / symbol = EURJPY_)
[2019.01.28 15:53:59 / lib_ea.mqh:86]
diff_Latest >= 0 (0.01999999999999602) (2019.01.28 08:53)
[2019.01.28 15:53:59 / ea_44_5.3_2_down-down-buy.mq4:147]
detect_DownDown_Buy() => false) (period = 1 / symbol = EURJPY_)
[2019.01.28 15:55:00 / ea_44_5.3_2_down-down-buy.mq4:125]
new bar (tick = 439) (period = 1 / symbol = EURJPY_)
[2019.01.28 15:55:00 / lib_ea.mqh:126]
price_Close_Latest >= ibands_1S_Plus (close = 124.7) (BB.-1 = 124.669603246925) (2019.01.28 08:54)
[2019.01.28 15:55:00 / ea_44_5.3_2_down-down-buy.mq4:147]
detect_DownDown_Buy() => false) (period = 1 / symbol = EURJPY_)
