[2019.01.14 13:27:59 / ea_44_5.3_2_down-down-buy.mq4:116]new bar (tick = 26) (period = 1 / symbol = EURJPY_)
[2019.01.14 13:27:59 / lib_ea.mqh:274]
price_Close_Latest >= ibands_1S_Plus (close = 124.083) (BB.-1 = 124.0187318201224) (2019.01.14 06:27)
[2019.01.14 13:27:59 / ea_44_5.3_2_down-down-buy.mq4:138]detect_DownDown_Buy() => false) (period = 1 / symbol = EURJPY_)
[2019.01.14 13:29:03 / ea_44_5.3_2_down-down-buy.mq4:116]new bar (tick = 53) (period = 1 / symbol = EURJPY_)
[2019.01.14 13:29:03 / lib_ea.mqh:234]
diff_Latest >= 0 (0.00200000000000955) (2019.01.14 06:28)
[2019.01.14 13:29:03 / ea_44_5.3_2_down-down-buy.mq4:138]detect_DownDown_Buy() => false) (period = 1 / symbol = EURJPY_)
[2019.01.14 13:30:01 / ea_44_5.3_2_down-down-buy.mq4:116]new bar (tick = 81) (period = 1 / symbol = EURJPY_)
[2019.01.14 13:30:01 / lib_ea.mqh:274]
price_Close_Latest >= ibands_1S_Plus (close = 124.078) (BB.-1 = 124.0272516272712) (2019.01.14 06:29)
[2019.01.14 13:30:01 / ea_44_5.3_2_down-down-buy.mq4:138]detect_DownDown_Buy() => false) (period = 1 / symbol = EURJPY_)
[2019.01.14 13:30:59 / ea_44_5.3_2_down-down-buy.mq4:116]new bar (tick = 132) (period = 1 / symbol = EURJPY_)
[2019.01.14 13:30:59 / lib_ea.mqh:274]
price_Close_Latest >= ibands_1S_Plus (close = 124.057) (BB.-1 = 124.0320069274457) (2019.01.14 06:30)
[2019.01.14 13:30:59 / ea_44_5.3_2_down-down-buy.mq4:138]detect_DownDown_Buy() => false) (period = 1 / symbol = EURJPY_)
[2019.01.14 13:32:00 / ea_44_5.3_2_down-down-buy.mq4:116]new bar (tick = 186) (period = 1 / symbol = EURJPY_)
[2019.01.14 13:32:00 / lib_ea.mqh:234]
diff_Latest >= 0 (0.006000000000000227) (2019.01.14 06:31)
[2019.01.14 13:32:00 / ea_44_5.3_2_down-down-buy.mq4:138]detect_DownDown_Buy() => false) (period = 1 / symbol = EURJPY_)
[2019.01.14 13:33:01 / ea_44_5.3_2_down-down-buy.mq4:116]new bar (tick = 236) (period = 1 / symbol = EURJPY_)
[2019.01.14 13:33:01 / lib_ea.mqh:274]
price_Close_Latest >= ibands_1S_Plus (close = 124.052) (BB.-1 = 124.0415412314058) (2019.01.14 06:32)
[2019.01.14 13:33:01 / ea_44_5.3_2_down-down-buy.mq4:138]detect_DownDown_Buy() => false) (period = 1 / symbol = EURJPY_)
